[2024-06-17T04:03:31.823+0000] {local_task_job_runner.py:120} INFO - ::group::Pre task execution logs
[2024-06-17T04:03:31.910+0000] {taskinstance.py:2076} INFO - Dependencies all met for dep_context=non-requeueable deps ti=<TaskInstance: Air_pollution_data_pipeline.create_table scheduled__2024-06-16T00:00:00+00:00 [queued]>
[2024-06-17T04:03:31.936+0000] {taskinstance.py:2076} INFO - Dependencies all met for dep_context=requeueable deps ti=<TaskInstance: Air_pollution_data_pipeline.create_table scheduled__2024-06-16T00:00:00+00:00 [queued]>
[2024-06-17T04:03:31.937+0000] {taskinstance.py:2306} INFO - Starting attempt 3 of 6
[2024-06-17T04:03:31.986+0000] {taskinstance.py:2330} INFO - Executing <Task(_PythonDecoratedOperator): create_table> on 2024-06-16 00:00:00+00:00
[2024-06-17T04:03:32.001+0000] {standard_task_runner.py:63} INFO - Started process 468 to run task
[2024-06-17T04:03:32.025+0000] {standard_task_runner.py:90} INFO - Running: ['***', 'tasks', 'run', 'Air_pollution_data_pipeline', 'create_table', 'scheduled__2024-06-16T00:00:00+00:00', '--job-id', '50', '--raw', '--subdir', 'DAGS_FOLDER/main.py', '--cfg-path', '/tmp/tmp6t2tkrh5']
[2024-06-17T04:03:32.035+0000] {standard_task_runner.py:91} INFO - Job 50: Subtask create_table
[2024-06-17T04:03:32.315+0000] {task_command.py:426} INFO - Running <TaskInstance: Air_pollution_data_pipeline.create_table scheduled__2024-06-16T00:00:00+00:00 [running]> on host fa4d239664b0
[2024-06-17T04:03:32.655+0000] {taskinstance.py:2648} INFO - Exporting env vars: AIRFLOW_CTX_DAG_OWNER='khalid' AIRFLOW_CTX_DAG_ID='Air_pollution_data_pipeline' AIRFLOW_CTX_TASK_ID='create_table' AIRFLOW_CTX_EXECUTION_DATE='2024-06-16T00:00:00+00:00' AIRFLOW_CTX_TRY_NUMBER='3' AIRFLOW_CTX_DAG_RUN_ID='scheduled__2024-06-16T00:00:00+00:00'
[2024-06-17T04:03:32.658+0000] {taskinstance.py:430} INFO - ::endgroup::
[2024-06-17T04:03:32.659+0000] {create_table.py:57} INFO - creating table
[2024-06-17T04:03:32.662+0000] {baseoperator.py:400} WARNING - SQLExecuteQueryOperator.execute cannot be called outside TaskInstance!
[2024-06-17T04:03:32.663+0000] {sql.py:276} INFO - Executing: 
        CREATE TABLE IF NOT EXISTS emission (
            Entity VARCHAR(100),
            Code VARCHAR(100),
            Year INT,
            "Nitrogen oxide (NOx)" DECIMAL(10, 5), 
            "Sulphur dioxide (SO) emissions" DECIMAL(10, 5), 
            "Carbon monoxide (CO) emissions" DECIMAL(10, 5), 
            "Organic carbon (OC) emissions" DECIMAL(10, 5), 
            "Non-methane volatile organic compounds (NMVOC) emissions" DECIMAL(10, 5), 
            "Black carbon (BC) emissions" DECIMAL(10, 5),
            "Ammonia (NH3) emissions" DECIMAL(10, 5)
        );

[2024-06-17T04:03:32.680+0000] {create_table.py:68} ERROR - Error creating table
Traceback (most recent call last):
  File "/opt/airflow/dags/database/create_table.py", line 63, in create_table
    create_table_task.execute(context=None)  # Execute the task
  File "/home/airflow/.local/lib/python3.10/site-packages/airflow/models/baseoperator.py", line 401, in wrapper
    return func(self, *args, **kwargs)
  File "/home/airflow/.local/lib/python3.10/site-packages/airflow/providers/common/sql/operators/sql.py", line 277, in execute
    hook = self.get_db_hook()
  File "/home/airflow/.local/lib/python3.10/site-packages/airflow/providers/common/sql/operators/sql.py", line 188, in get_db_hook
    return self._hook
  File "/usr/local/lib/python3.10/functools.py", line 981, in __get__
    val = self.func(instance)
  File "/home/airflow/.local/lib/python3.10/site-packages/airflow/providers/common/sql/operators/sql.py", line 150, in _hook
    conn = BaseHook.get_connection(conn_id)
  File "/home/airflow/.local/lib/python3.10/site-packages/airflow/hooks/base.py", line 83, in get_connection
    conn = Connection.get_connection_from_secrets(conn_id)
  File "/home/airflow/.local/lib/python3.10/site-packages/airflow/models/connection.py", line 519, in get_connection_from_secrets
    raise AirflowNotFoundException(f"The conn_id `{conn_id}` isn't defined")
airflow.exceptions.AirflowNotFoundException: The conn_id `postgres_localhost` isn't defined
[2024-06-17T04:03:32.685+0000] {taskinstance.py:441} INFO - ::group::Post task execution logs
[2024-06-17T04:03:32.702+0000] {taskinstance.py:2905} ERROR - Task failed with exception
Traceback (most recent call last):
  File "/home/airflow/.local/lib/python3.10/site-packages/airflow/models/taskinstance.py", line 465, in _execute_task
    result = _execute_callable(context=context, **execute_callable_kwargs)
  File "/home/airflow/.local/lib/python3.10/site-packages/airflow/models/taskinstance.py", line 432, in _execute_callable
    return execute_callable(context=context, **execute_callable_kwargs)
  File "/home/airflow/.local/lib/python3.10/site-packages/airflow/models/baseoperator.py", line 401, in wrapper
    return func(self, *args, **kwargs)
  File "/home/airflow/.local/lib/python3.10/site-packages/airflow/decorators/base.py", line 265, in execute
    return_value = super().execute(context)
  File "/home/airflow/.local/lib/python3.10/site-packages/airflow/models/baseoperator.py", line 401, in wrapper
    return func(self, *args, **kwargs)
  File "/home/airflow/.local/lib/python3.10/site-packages/airflow/operators/python.py", line 235, in execute
    return_value = self.execute_callable()
  File "/home/airflow/.local/lib/python3.10/site-packages/airflow/operators/python.py", line 252, in execute_callable
    return self.python_callable(*self.op_args, **self.op_kwargs)
  File "/opt/airflow/dags/database/create_table.py", line 63, in create_table
    create_table_task.execute(context=None)  # Execute the task
  File "/home/airflow/.local/lib/python3.10/site-packages/airflow/models/baseoperator.py", line 401, in wrapper
    return func(self, *args, **kwargs)
  File "/home/airflow/.local/lib/python3.10/site-packages/airflow/providers/common/sql/operators/sql.py", line 277, in execute
    hook = self.get_db_hook()
  File "/home/airflow/.local/lib/python3.10/site-packages/airflow/providers/common/sql/operators/sql.py", line 188, in get_db_hook
    return self._hook
  File "/usr/local/lib/python3.10/functools.py", line 981, in __get__
    val = self.func(instance)
  File "/home/airflow/.local/lib/python3.10/site-packages/airflow/providers/common/sql/operators/sql.py", line 150, in _hook
    conn = BaseHook.get_connection(conn_id)
  File "/home/airflow/.local/lib/python3.10/site-packages/airflow/hooks/base.py", line 83, in get_connection
    conn = Connection.get_connection_from_secrets(conn_id)
  File "/home/airflow/.local/lib/python3.10/site-packages/airflow/models/connection.py", line 519, in get_connection_from_secrets
    raise AirflowNotFoundException(f"The conn_id `{conn_id}` isn't defined")
airflow.exceptions.AirflowNotFoundException: The conn_id `postgres_localhost` isn't defined
[2024-06-17T04:03:32.708+0000] {taskinstance.py:1206} INFO - Marking task as UP_FOR_RETRY. dag_id=Air_pollution_data_pipeline, task_id=create_table, run_id=scheduled__2024-06-16T00:00:00+00:00, execution_date=20240616T000000, start_date=20240617T040331, end_date=20240617T040332
[2024-06-17T04:03:32.731+0000] {standard_task_runner.py:110} ERROR - Failed to execute job 50 for task create_table (The conn_id `postgres_localhost` isn't defined; 468)
[2024-06-17T04:03:32.762+0000] {local_task_job_runner.py:240} INFO - Task exited with return code 1
[2024-06-17T04:03:32.828+0000] {taskinstance.py:3503} INFO - 0 downstream tasks scheduled from follow-on schedule check
[2024-06-17T04:03:32.831+0000] {local_task_job_runner.py:222} INFO - ::endgroup::
[2024-06-18T11:54:10.806+0000] {local_task_job_runner.py:120} INFO - ::group::Pre task execution logs
[2024-06-18T11:54:11.043+0000] {taskinstance.py:2076} INFO - Dependencies all met for dep_context=non-requeueable deps ti=<TaskInstance: Air_pollution_data_pipeline.create_table scheduled__2024-06-16T00:00:00+00:00 [queued]>
[2024-06-18T11:54:11.105+0000] {taskinstance.py:2076} INFO - Dependencies all met for dep_context=requeueable deps ti=<TaskInstance: Air_pollution_data_pipeline.create_table scheduled__2024-06-16T00:00:00+00:00 [queued]>
[2024-06-18T11:54:11.107+0000] {taskinstance.py:2306} INFO - Starting attempt 3 of 6
[2024-06-18T11:54:11.219+0000] {taskinstance.py:2330} INFO - Executing <Task(_PythonDecoratedOperator): create_table> on 2024-06-16 00:00:00+00:00
[2024-06-18T11:54:11.258+0000] {standard_task_runner.py:63} INFO - Started process 542 to run task
[2024-06-18T11:54:11.283+0000] {standard_task_runner.py:90} INFO - Running: ['***', 'tasks', 'run', 'Air_pollution_data_pipeline', 'create_table', 'scheduled__2024-06-16T00:00:00+00:00', '--job-id', '36', '--raw', '--subdir', 'DAGS_FOLDER/main.py', '--cfg-path', '/tmp/tmp5u5quqli']
[2024-06-18T11:54:11.309+0000] {standard_task_runner.py:91} INFO - Job 36: Subtask create_table
[2024-06-18T11:54:11.683+0000] {task_command.py:426} INFO - Running <TaskInstance: Air_pollution_data_pipeline.create_table scheduled__2024-06-16T00:00:00+00:00 [running]> on host dc6d39ed067c
[2024-06-18T11:54:12.331+0000] {taskinstance.py:2648} INFO - Exporting env vars: AIRFLOW_CTX_DAG_OWNER='khalid' AIRFLOW_CTX_DAG_ID='Air_pollution_data_pipeline' AIRFLOW_CTX_TASK_ID='create_table' AIRFLOW_CTX_EXECUTION_DATE='2024-06-16T00:00:00+00:00' AIRFLOW_CTX_TRY_NUMBER='3' AIRFLOW_CTX_DAG_RUN_ID='scheduled__2024-06-16T00:00:00+00:00'
[2024-06-18T11:54:12.345+0000] {taskinstance.py:430} INFO - ::endgroup::
[2024-06-18T11:54:12.355+0000] {create_table.py:71} INFO - creating table
[2024-06-18T11:54:12.372+0000] {baseoperator.py:400} WARNING - SQLExecuteQueryOperator.execute cannot be called outside TaskInstance!
[2024-06-18T11:54:12.372+0000] {sql.py:276} INFO - Executing: 
        CREATE TABLE IF NOT EXISTS emission (
            Entity VARCHAR(100),
            Code VARCHAR(100),
            Year INT,
            "Nitrogen_oxide_NOx" FLOAT, 
            "Sulphur_dioxide_SO_emissions" FLOAT, 
            "Carbon_monoxide_CO_emissions" FLOAT, 
            "Organic_carbon_OC_emissions" FLOAT, 
            "Non_methane_volatile_organic_compounds_NMVOC_emissions" FLOAT, 
            "Black_carbon_BC_emissions" FLOAT,
            "Ammonia_NH_emissions" FLOAT
        );

[2024-06-18T11:54:12.501+0000] {base.py:84} INFO - Using connection ID 'postgres_localhost' for task execution.
[2024-06-18T11:54:12.643+0000] {base.py:84} INFO - Using connection ID 'postgres_localhost' for task execution.
[2024-06-18T11:54:12.690+0000] {sql.py:487} INFO - Running statement: 
        CREATE TABLE IF NOT EXISTS emission (
            Entity VARCHAR(100),
            Code VARCHAR(100),
            Year INT,
            "Nitrogen_oxide_NOx" FLOAT, 
            "Sulphur_dioxide_SO_emissions" FLOAT, 
            "Carbon_monoxide_CO_emissions" FLOAT, 
            "Organic_carbon_OC_emissions" FLOAT, 
            "Non_methane_volatile_organic_compounds_NMVOC_emissions" FLOAT, 
            "Black_carbon_BC_emissions" FLOAT,
            "Ammonia_NH_emissions" FLOAT
        );
, parameters: None
[2024-06-18T11:54:12.819+0000] {create_table.py:79} INFO - successfully create table
[2024-06-18T11:54:12.822+0000] {create_table.py:71} INFO - creating table
[2024-06-18T11:54:12.830+0000] {baseoperator.py:400} WARNING - SQLExecuteQueryOperator.execute cannot be called outside TaskInstance!
[2024-06-18T11:54:12.831+0000] {sql.py:276} INFO - Executing: 
        CREATE TABLE IF NOT EXISTS avg_emission (
            Year INT,
            "Nitrogen_oxide_NOx" FLOAT, 
            "Sulphur_dioxide_SO_emissions" FLOAT, 
            "Carbon_monoxide_CO_emissions" FLOAT, 
            "Organic_carbon_OC_emissions" FLOAT, 
            "Non_methane_volatile_organic_compounds_NMVOC_emissions" FLOAT, 
            "Black_carbon_BC_emissions" FLOAT,
            "Ammonia_NH_emissions" FLOAT
        );

[2024-06-18T11:54:12.903+0000] {base.py:84} INFO - Using connection ID 'postgres_localhost' for task execution.
[2024-06-18T11:54:12.939+0000] {base.py:84} INFO - Using connection ID 'postgres_localhost' for task execution.
[2024-06-18T11:54:13.003+0000] {sql.py:487} INFO - Running statement: 
        CREATE TABLE IF NOT EXISTS avg_emission (
            Year INT,
            "Nitrogen_oxide_NOx" FLOAT, 
            "Sulphur_dioxide_SO_emissions" FLOAT, 
            "Carbon_monoxide_CO_emissions" FLOAT, 
            "Organic_carbon_OC_emissions" FLOAT, 
            "Non_methane_volatile_organic_compounds_NMVOC_emissions" FLOAT, 
            "Black_carbon_BC_emissions" FLOAT,
            "Ammonia_NH_emissions" FLOAT
        );
, parameters: None
[2024-06-18T11:54:13.068+0000] {create_table.py:79} INFO - successfully create table
[2024-06-18T11:54:13.078+0000] {create_table.py:71} INFO - creating table
[2024-06-18T11:54:13.081+0000] {baseoperator.py:400} WARNING - SQLExecuteQueryOperator.execute cannot be called outside TaskInstance!
[2024-06-18T11:54:13.084+0000] {sql.py:276} INFO - Executing: 
        CREATE TABLE IF NOT EXISTS emission_summary_stats (
            Year INT,
            summary_stats VARCHAR(100),
            "Nitrogen_oxide_NOx" FLOAT, 
            "Sulphur_dioxide_SO_emissions" FLOAT, 
            "Carbon_monoxide_CO_emissions" FLOAT, 
            "Organic_carbon_OC_emissions" FLOAT, 
            "Non_methane_volatile_organic_compounds_NMVOC_emissions" FLOAT, 
            "Black_carbon_BC_emissions" FLOAT,
            "Ammonia_NH_emissions" FLOAT
        );

[2024-06-18T11:54:13.127+0000] {base.py:84} INFO - Using connection ID 'postgres_localhost' for task execution.
[2024-06-18T11:54:13.221+0000] {base.py:84} INFO - Using connection ID 'postgres_localhost' for task execution.
[2024-06-18T11:54:13.274+0000] {sql.py:487} INFO - Running statement: 
        CREATE TABLE IF NOT EXISTS emission_summary_stats (
            Year INT,
            summary_stats VARCHAR(100),
            "Nitrogen_oxide_NOx" FLOAT, 
            "Sulphur_dioxide_SO_emissions" FLOAT, 
            "Carbon_monoxide_CO_emissions" FLOAT, 
            "Organic_carbon_OC_emissions" FLOAT, 
            "Non_methane_volatile_organic_compounds_NMVOC_emissions" FLOAT, 
            "Black_carbon_BC_emissions" FLOAT,
            "Ammonia_NH_emissions" FLOAT
        );
, parameters: None
[2024-06-18T11:54:13.277+0000] {create_table.py:79} INFO - successfully create table
[2024-06-18T11:54:13.291+0000] {python.py:237} INFO - Done. Returned value was: None
[2024-06-18T11:54:13.293+0000] {taskinstance.py:441} INFO - ::group::Post task execution logs
[2024-06-18T11:54:13.368+0000] {taskinstance.py:1206} INFO - Marking task as SUCCESS. dag_id=Air_pollution_data_pipeline, task_id=create_table, run_id=scheduled__2024-06-16T00:00:00+00:00, execution_date=20240616T000000, start_date=20240618T115411, end_date=20240618T115413
[2024-06-18T11:54:13.558+0000] {local_task_job_runner.py:240} INFO - Task exited with return code 0
[2024-06-18T11:54:13.767+0000] {taskinstance.py:3503} INFO - 3 downstream tasks scheduled from follow-on schedule check
[2024-06-18T11:54:13.803+0000] {local_task_job_runner.py:222} INFO - ::endgroup::
[2024-06-19T20:09:36.478+0000] {local_task_job_runner.py:120} INFO - ::group::Pre task execution logs
[2024-06-19T20:09:36.538+0000] {taskinstance.py:2076} INFO - Dependencies all met for dep_context=non-requeueable deps ti=<TaskInstance: Air_pollution_data_pipeline.create_table scheduled__2024-06-16T00:00:00+00:00 [queued]>
[2024-06-19T20:09:36.559+0000] {taskinstance.py:2076} INFO - Dependencies all met for dep_context=requeueable deps ti=<TaskInstance: Air_pollution_data_pipeline.create_table scheduled__2024-06-16T00:00:00+00:00 [queued]>
[2024-06-19T20:09:36.560+0000] {taskinstance.py:2306} INFO - Starting attempt 3 of 6
[2024-06-19T20:09:36.587+0000] {taskinstance.py:2330} INFO - Executing <Task(_PythonDecoratedOperator): create_table> on 2024-06-16 00:00:00+00:00
[2024-06-19T20:09:36.596+0000] {standard_task_runner.py:63} INFO - Started process 544 to run task
[2024-06-19T20:09:36.603+0000] {standard_task_runner.py:90} INFO - Running: ['***', 'tasks', 'run', 'Air_pollution_data_pipeline', 'create_table', 'scheduled__2024-06-16T00:00:00+00:00', '--job-id', '53', '--raw', '--subdir', 'DAGS_FOLDER/main.py', '--cfg-path', '/tmp/tmp7_khp6eg']
[2024-06-19T20:09:36.608+0000] {standard_task_runner.py:91} INFO - Job 53: Subtask create_table
[2024-06-19T20:09:36.685+0000] {task_command.py:426} INFO - Running <TaskInstance: Air_pollution_data_pipeline.create_table scheduled__2024-06-16T00:00:00+00:00 [running]> on host 0bfb368fa6be
[2024-06-19T20:09:36.815+0000] {taskinstance.py:2648} INFO - Exporting env vars: AIRFLOW_CTX_DAG_OWNER='khalid' AIRFLOW_CTX_DAG_ID='Air_pollution_data_pipeline' AIRFLOW_CTX_TASK_ID='create_table' AIRFLOW_CTX_EXECUTION_DATE='2024-06-16T00:00:00+00:00' AIRFLOW_CTX_TRY_NUMBER='3' AIRFLOW_CTX_DAG_RUN_ID='scheduled__2024-06-16T00:00:00+00:00'
[2024-06-19T20:09:36.817+0000] {taskinstance.py:430} INFO - ::endgroup::
[2024-06-19T20:09:36.818+0000] {create_table.py:71} INFO - creating table
[2024-06-19T20:09:36.820+0000] {baseoperator.py:400} WARNING - SQLExecuteQueryOperator.execute cannot be called outside TaskInstance!
[2024-06-19T20:09:36.820+0000] {sql.py:276} INFO - Executing: 
        CREATE TABLE IF NOT EXISTS emission (
            `Entity` VARCHAR(100),
            `Code` VARCHAR(100),
            `Year` INT,
            `Nitrogen_oxide_NOx` FLOAT, 
            `Sulphur_dioxide_SO_emissions` FLOAT, 
            `Carbon_monoxide_CO_emissions` FLOAT, 
            `Organic_carbon_OC_emissions` FLOAT, 
            `Non_methane_volatile_organic_compounds_NMVOC_emissions` FLOAT, 
            `Black_carbon_BC_emissions` FLOAT,
            `Ammonia_NH_emissions` FLOAT
        );

[2024-06-19T20:09:36.832+0000] {create_table.py:82} ERROR - Error creating table
Traceback (most recent call last):
  File "/opt/airflow/dags/database/create_table.py", line 77, in create_table
    create_table_task.execute(context=None)  # Execute the task
  File "/home/airflow/.local/lib/python3.10/site-packages/airflow/models/baseoperator.py", line 401, in wrapper
    return func(self, *args, **kwargs)
  File "/home/airflow/.local/lib/python3.10/site-packages/airflow/providers/common/sql/operators/sql.py", line 277, in execute
    hook = self.get_db_hook()
  File "/home/airflow/.local/lib/python3.10/site-packages/airflow/providers/common/sql/operators/sql.py", line 188, in get_db_hook
    return self._hook
  File "/usr/local/lib/python3.10/functools.py", line 981, in __get__
    val = self.func(instance)
  File "/home/airflow/.local/lib/python3.10/site-packages/airflow/providers/common/sql/operators/sql.py", line 150, in _hook
    conn = BaseHook.get_connection(conn_id)
  File "/home/airflow/.local/lib/python3.10/site-packages/airflow/hooks/base.py", line 83, in get_connection
    conn = Connection.get_connection_from_secrets(conn_id)
  File "/home/airflow/.local/lib/python3.10/site-packages/airflow/models/connection.py", line 519, in get_connection_from_secrets
    raise AirflowNotFoundException(f"The conn_id `{conn_id}` isn't defined")
airflow.exceptions.AirflowNotFoundException: The conn_id `postgres_localhost` isn't defined
[2024-06-19T20:09:36.835+0000] {taskinstance.py:441} INFO - ::group::Post task execution logs
[2024-06-19T20:09:36.846+0000] {taskinstance.py:2905} ERROR - Task failed with exception
Traceback (most recent call last):
  File "/home/airflow/.local/lib/python3.10/site-packages/airflow/models/taskinstance.py", line 465, in _execute_task
    result = _execute_callable(context=context, **execute_callable_kwargs)
  File "/home/airflow/.local/lib/python3.10/site-packages/airflow/models/taskinstance.py", line 432, in _execute_callable
    return execute_callable(context=context, **execute_callable_kwargs)
  File "/home/airflow/.local/lib/python3.10/site-packages/airflow/models/baseoperator.py", line 401, in wrapper
    return func(self, *args, **kwargs)
  File "/home/airflow/.local/lib/python3.10/site-packages/airflow/decorators/base.py", line 265, in execute
    return_value = super().execute(context)
  File "/home/airflow/.local/lib/python3.10/site-packages/airflow/models/baseoperator.py", line 401, in wrapper
    return func(self, *args, **kwargs)
  File "/home/airflow/.local/lib/python3.10/site-packages/airflow/operators/python.py", line 235, in execute
    return_value = self.execute_callable()
  File "/home/airflow/.local/lib/python3.10/site-packages/airflow/operators/python.py", line 252, in execute_callable
    return self.python_callable(*self.op_args, **self.op_kwargs)
  File "/opt/airflow/dags/database/create_table.py", line 77, in create_table
    create_table_task.execute(context=None)  # Execute the task
  File "/home/airflow/.local/lib/python3.10/site-packages/airflow/models/baseoperator.py", line 401, in wrapper
    return func(self, *args, **kwargs)
  File "/home/airflow/.local/lib/python3.10/site-packages/airflow/providers/common/sql/operators/sql.py", line 277, in execute
    hook = self.get_db_hook()
  File "/home/airflow/.local/lib/python3.10/site-packages/airflow/providers/common/sql/operators/sql.py", line 188, in get_db_hook
    return self._hook
  File "/usr/local/lib/python3.10/functools.py", line 981, in __get__
    val = self.func(instance)
  File "/home/airflow/.local/lib/python3.10/site-packages/airflow/providers/common/sql/operators/sql.py", line 150, in _hook
    conn = BaseHook.get_connection(conn_id)
  File "/home/airflow/.local/lib/python3.10/site-packages/airflow/hooks/base.py", line 83, in get_connection
    conn = Connection.get_connection_from_secrets(conn_id)
  File "/home/airflow/.local/lib/python3.10/site-packages/airflow/models/connection.py", line 519, in get_connection_from_secrets
    raise AirflowNotFoundException(f"The conn_id `{conn_id}` isn't defined")
airflow.exceptions.AirflowNotFoundException: The conn_id `postgres_localhost` isn't defined
[2024-06-19T20:09:36.851+0000] {taskinstance.py:1206} INFO - Marking task as UP_FOR_RETRY. dag_id=Air_pollution_data_pipeline, task_id=create_table, run_id=scheduled__2024-06-16T00:00:00+00:00, execution_date=20240616T000000, start_date=20240619T200936, end_date=20240619T200936
[2024-06-19T20:09:36.868+0000] {standard_task_runner.py:110} ERROR - Failed to execute job 53 for task create_table (The conn_id `postgres_localhost` isn't defined; 544)
[2024-06-19T20:09:36.898+0000] {local_task_job_runner.py:240} INFO - Task exited with return code 1
[2024-06-19T20:09:36.932+0000] {taskinstance.py:3503} INFO - 0 downstream tasks scheduled from follow-on schedule check
[2024-06-19T20:09:36.936+0000] {local_task_job_runner.py:222} INFO - ::endgroup::
