[2024-06-16T20:15:06.246+0000] {local_task_job_runner.py:120} INFO - ::group::Pre task execution logs
[2024-06-16T20:15:06.439+0000] {taskinstance.py:2076} INFO - Dependencies all met for dep_context=non-requeueable deps ti=<TaskInstance: Air_pollution_data_pipeline.visualization manual__2024-06-16T20:10:24+00:00 [queued]>
[2024-06-16T20:15:06.477+0000] {taskinstance.py:2076} INFO - Dependencies all met for dep_context=requeueable deps ti=<TaskInstance: Air_pollution_data_pipeline.visualization manual__2024-06-16T20:10:24+00:00 [queued]>
[2024-06-16T20:15:06.480+0000] {taskinstance.py:2306} INFO - Starting attempt 1 of 6
[2024-06-16T20:15:06.532+0000] {taskinstance.py:2330} INFO - Executing <Task(_PythonDecoratedOperator): visualization> on 2024-06-16 20:10:24+00:00
[2024-06-16T20:15:06.551+0000] {standard_task_runner.py:63} INFO - Started process 7563 to run task
[2024-06-16T20:15:06.604+0000] {standard_task_runner.py:90} INFO - Running: ['***', 'tasks', 'run', 'Air_pollution_data_pipeline', 'visualization', 'manual__2024-06-16T20:10:24+00:00', '--job-id', '706', '--raw', '--subdir', 'DAGS_FOLDER/main.py', '--cfg-path', '/tmp/tmpsg_yrlp1']
[2024-06-16T20:15:06.612+0000] {standard_task_runner.py:91} INFO - Job 706: Subtask visualization
[2024-06-16T20:15:07.206+0000] {task_command.py:426} INFO - Running <TaskInstance: Air_pollution_data_pipeline.visualization manual__2024-06-16T20:10:24+00:00 [running]> on host 333385971b19
[2024-06-16T20:15:08.192+0000] {taskinstance.py:2648} INFO - Exporting env vars: AIRFLOW_CTX_DAG_OWNER='khalid' AIRFLOW_CTX_DAG_ID='Air_pollution_data_pipeline' AIRFLOW_CTX_TASK_ID='visualization' AIRFLOW_CTX_EXECUTION_DATE='2024-06-16T20:10:24+00:00' AIRFLOW_CTX_TRY_NUMBER='1' AIRFLOW_CTX_DAG_RUN_ID='manual__2024-06-16T20:10:24+00:00'
[2024-06-16T20:15:08.195+0000] {taskinstance.py:430} INFO - ::endgroup::
[2024-06-16T20:15:08.197+0000] {visualization.py:12} INFO - starting data visualization
[2024-06-16T20:15:08.210+0000] {visualization.py:31} ERROR - error visualizing data
Traceback (most recent call last):
  File "/opt/airflow/dags/statistical_analysis/visualization.py", line 15, in visualization
    val_data = pd.read_json(val_data)
  File "/home/airflow/.local/lib/python3.10/site-packages/pandas/io/json/_json.py", line 791, in read_json
    json_reader = JsonReader(
  File "/home/airflow/.local/lib/python3.10/site-packages/pandas/io/json/_json.py", line 904, in __init__
    data = self._get_data_from_filepath(filepath_or_buffer)
  File "/home/airflow/.local/lib/python3.10/site-packages/pandas/io/json/_json.py", line 944, in _get_data_from_filepath
    self.handles = get_handle(
  File "/home/airflow/.local/lib/python3.10/site-packages/pandas/io/common.py", line 728, in get_handle
    ioargs = _get_filepath_or_buffer(
  File "/home/airflow/.local/lib/python3.10/site-packages/pandas/io/common.py", line 472, in _get_filepath_or_buffer
    raise ValueError(msg)
ValueError: Invalid file path or buffer object type: <class 'list'>
[2024-06-16T20:15:08.226+0000] {python.py:237} INFO - Done. Returned value was: None
[2024-06-16T20:15:08.227+0000] {taskinstance.py:441} INFO - ::group::Post task execution logs
[2024-06-16T20:15:08.273+0000] {taskinstance.py:1206} INFO - Marking task as SUCCESS. dag_id=Air_pollution_data_pipeline, task_id=visualization, run_id=manual__2024-06-16T20:10:24+00:00, execution_date=20240616T201024, start_date=20240616T201506, end_date=20240616T201508
[2024-06-16T20:15:08.419+0000] {local_task_job_runner.py:240} INFO - Task exited with return code 0
[2024-06-16T20:15:08.512+0000] {taskinstance.py:3503} INFO - 0 downstream tasks scheduled from follow-on schedule check
[2024-06-16T20:15:08.519+0000] {local_task_job_runner.py:222} INFO - ::endgroup::
