[2024-06-16T15:55:20.834+0000] {local_task_job_runner.py:120} INFO - ::group::Pre task execution logs
[2024-06-16T15:55:20.961+0000] {taskinstance.py:2076} INFO - Dependencies all met for dep_context=non-requeueable deps ti=<TaskInstance: Air_pollution_data_pipeline.generate_summary manual__2024-06-16T15:53:52+00:00 [queued]>
[2024-06-16T15:55:20.997+0000] {taskinstance.py:2076} INFO - Dependencies all met for dep_context=requeueable deps ti=<TaskInstance: Air_pollution_data_pipeline.generate_summary manual__2024-06-16T15:53:52+00:00 [queued]>
[2024-06-16T15:55:20.998+0000] {taskinstance.py:2306} INFO - Starting attempt 2 of 7
[2024-06-16T15:55:21.484+0000] {taskinstance.py:2330} INFO - Executing <Task(_PythonDecoratedOperator): generate_summary> on 2024-06-16 15:53:52+00:00
[2024-06-16T15:55:21.564+0000] {standard_task_runner.py:63} INFO - Started process 459 to run task
[2024-06-16T15:55:21.607+0000] {standard_task_runner.py:90} INFO - Running: ['***', 'tasks', 'run', 'Air_pollution_data_pipeline', 'generate_summary', 'manual__2024-06-16T15:53:52+00:00', '--job-id', '39', '--raw', '--subdir', 'DAGS_FOLDER/main.py', '--cfg-path', '/tmp/tmpqz4q0f6z']
[2024-06-16T15:55:21.682+0000] {standard_task_runner.py:91} INFO - Job 39: Subtask generate_summary
[2024-06-16T15:55:22.280+0000] {task_command.py:426} INFO - Running <TaskInstance: Air_pollution_data_pipeline.generate_summary manual__2024-06-16T15:53:52+00:00 [running]> on host 333385971b19
[2024-06-16T15:55:23.485+0000] {taskinstance.py:2648} INFO - Exporting env vars: AIRFLOW_CTX_DAG_OWNER='khalid' AIRFLOW_CTX_DAG_ID='Air_pollution_data_pipeline' AIRFLOW_CTX_TASK_ID='generate_summary' AIRFLOW_CTX_EXECUTION_DATE='2024-06-16T15:53:52+00:00' AIRFLOW_CTX_TRY_NUMBER='2' AIRFLOW_CTX_DAG_RUN_ID='manual__2024-06-16T15:53:52+00:00'
[2024-06-16T15:55:23.489+0000] {taskinstance.py:430} INFO - ::endgroup::
[2024-06-16T15:55:23.492+0000] {summary_analysis.py:13} INFO - starting summary statistics of pollutants emission
[2024-06-16T15:55:23.495+0000] {summary_analysis.py:26} ERROR - error calculating pollutants summary statistics
Traceback (most recent call last):
  File "/opt/airflow/dags/statistical_analysis/summary_analysis.py", line 16, in generate_summary
    val_data = pd.read_json(val_data)
  File "/home/airflow/.local/lib/python3.10/site-packages/pandas/io/json/_json.py", line 791, in read_json
    json_reader = JsonReader(
  File "/home/airflow/.local/lib/python3.10/site-packages/pandas/io/json/_json.py", line 904, in __init__
    data = self._get_data_from_filepath(filepath_or_buffer)
  File "/home/airflow/.local/lib/python3.10/site-packages/pandas/io/json/_json.py", line 944, in _get_data_from_filepath
    self.handles = get_handle(
  File "/home/airflow/.local/lib/python3.10/site-packages/pandas/io/common.py", line 728, in get_handle
    ioargs = _get_filepath_or_buffer(
  File "/home/airflow/.local/lib/python3.10/site-packages/pandas/io/common.py", line 472, in _get_filepath_or_buffer
    raise ValueError(msg)
ValueError: Invalid file path or buffer object type: <class 'NoneType'>
[2024-06-16T15:55:23.498+0000] {taskinstance.py:441} INFO - ::group::Post task execution logs
[2024-06-16T15:55:23.499+0000] {taskinstance.py:2905} ERROR - Task failed with exception
Traceback (most recent call last):
  File "/home/airflow/.local/lib/python3.10/site-packages/airflow/models/taskinstance.py", line 465, in _execute_task
    result = _execute_callable(context=context, **execute_callable_kwargs)
  File "/home/airflow/.local/lib/python3.10/site-packages/airflow/models/taskinstance.py", line 432, in _execute_callable
    return execute_callable(context=context, **execute_callable_kwargs)
  File "/home/airflow/.local/lib/python3.10/site-packages/airflow/models/baseoperator.py", line 401, in wrapper
    return func(self, *args, **kwargs)
  File "/home/airflow/.local/lib/python3.10/site-packages/airflow/decorators/base.py", line 265, in execute
    return_value = super().execute(context)
  File "/home/airflow/.local/lib/python3.10/site-packages/airflow/models/baseoperator.py", line 401, in wrapper
    return func(self, *args, **kwargs)
  File "/home/airflow/.local/lib/python3.10/site-packages/airflow/operators/python.py", line 235, in execute
    return_value = self.execute_callable()
  File "/home/airflow/.local/lib/python3.10/site-packages/airflow/operators/python.py", line 252, in execute_callable
    return self.python_callable(*self.op_args, **self.op_kwargs)
  File "/opt/airflow/dags/statistical_analysis/summary_analysis.py", line 16, in generate_summary
    val_data = pd.read_json(val_data)
  File "/home/airflow/.local/lib/python3.10/site-packages/pandas/io/json/_json.py", line 791, in read_json
    json_reader = JsonReader(
  File "/home/airflow/.local/lib/python3.10/site-packages/pandas/io/json/_json.py", line 904, in __init__
    data = self._get_data_from_filepath(filepath_or_buffer)
  File "/home/airflow/.local/lib/python3.10/site-packages/pandas/io/json/_json.py", line 944, in _get_data_from_filepath
    self.handles = get_handle(
  File "/home/airflow/.local/lib/python3.10/site-packages/pandas/io/common.py", line 728, in get_handle
    ioargs = _get_filepath_or_buffer(
  File "/home/airflow/.local/lib/python3.10/site-packages/pandas/io/common.py", line 472, in _get_filepath_or_buffer
    raise ValueError(msg)
ValueError: Invalid file path or buffer object type: <class 'NoneType'>
[2024-06-16T15:55:23.524+0000] {taskinstance.py:1206} INFO - Marking task as UP_FOR_RETRY. dag_id=Air_pollution_data_pipeline, task_id=generate_summary, run_id=manual__2024-06-16T15:53:52+00:00, execution_date=20240616T155352, start_date=20240616T155520, end_date=20240616T155523
[2024-06-16T15:55:23.570+0000] {standard_task_runner.py:110} ERROR - Failed to execute job 39 for task generate_summary (Invalid file path or buffer object type: <class 'NoneType'>; 459)
[2024-06-16T15:55:23.595+0000] {local_task_job_runner.py:240} INFO - Task exited with return code 1
[2024-06-16T15:55:23.616+0000] {local_task_job_runner.py:222} INFO - ::endgroup::
