[2024-06-16T00:00:20.901+0000] {local_task_job_runner.py:120} INFO - ::group::Pre task execution logs
[2024-06-16T00:00:20.984+0000] {taskinstance.py:2076} INFO - Dependencies all met for dep_context=non-requeueable deps ti=<TaskInstance: Air_pollution_data_pipeline.avg_emission_by_year scheduled__2024-06-15T00:00:00+00:00 [queued]>
[2024-06-16T00:00:21.013+0000] {taskinstance.py:2076} INFO - Dependencies all met for dep_context=requeueable deps ti=<TaskInstance: Air_pollution_data_pipeline.avg_emission_by_year scheduled__2024-06-15T00:00:00+00:00 [queued]>
[2024-06-16T00:00:21.015+0000] {taskinstance.py:2306} INFO - Starting attempt 1 of 6
[2024-06-16T00:00:21.060+0000] {taskinstance.py:2330} INFO - Executing <Task(_PythonDecoratedOperator): avg_emission_by_year> on 2024-06-15 00:00:00+00:00
[2024-06-16T00:00:21.074+0000] {standard_task_runner.py:63} INFO - Started process 3384 to run task
[2024-06-16T00:00:21.086+0000] {standard_task_runner.py:90} INFO - Running: ['***', 'tasks', 'run', 'Air_pollution_data_pipeline', 'avg_emission_by_year', 'scheduled__2024-06-15T00:00:00+00:00', '--job-id', '70', '--raw', '--subdir', 'DAGS_FOLDER/main.py', '--cfg-path', '/tmp/tmpdkola2i3']
[2024-06-16T00:00:21.096+0000] {standard_task_runner.py:91} INFO - Job 70: Subtask avg_emission_by_year
[2024-06-16T00:00:21.418+0000] {task_command.py:426} INFO - Running <TaskInstance: Air_pollution_data_pipeline.avg_emission_by_year scheduled__2024-06-15T00:00:00+00:00 [running]> on host 6e26965f02f1
[2024-06-16T00:00:22.483+0000] {taskinstance.py:2648} INFO - Exporting env vars: AIRFLOW_CTX_DAG_OWNER='khalid' AIRFLOW_CTX_DAG_ID='Air_pollution_data_pipeline' AIRFLOW_CTX_TASK_ID='avg_emission_by_year' AIRFLOW_CTX_EXECUTION_DATE='2024-06-15T00:00:00+00:00' AIRFLOW_CTX_TRY_NUMBER='1' AIRFLOW_CTX_DAG_RUN_ID='scheduled__2024-06-15T00:00:00+00:00'
[2024-06-16T00:00:22.498+0000] {taskinstance.py:430} INFO - ::endgroup::
[2024-06-16T00:00:22.504+0000] {summary_analysis.py:33} INFO - starting average pollutants emission calculation
[2024-06-16T00:00:22.545+0000] {logging_mixin.py:188} WARNING - /opt/***/dags/statistical_analysis/summary_analysis.py:36 FutureWarning: Passing literal json to 'read_json' is deprecated and will be removed in a future version. To read from a literal string, wrap it in a 'StringIO' object.
[2024-06-16T00:00:22.621+0000] {logging_mixin.py:188} WARNING - /opt/***/dags/statistical_analysis/summary_analysis.py:38 FutureWarning: The behavior of obj[i:j] with a float-dtype index is deprecated. In a future version, this will be treated as positional instead of label-based. For label-based slicing, use obj.loc[i:j] instead
[2024-06-16T00:00:22.645+0000] {summary_analysis.py:45} ERROR - error calculating average emission
Traceback (most recent call last):
  File "/opt/airflow/dags/statistical_analysis/summary_analysis.py", line 39, in avg_emission_by_year
    avg_emision = sub_data.groupby('Year').mean().reset_index()
  File "/home/airflow/.local/lib/python3.10/site-packages/pandas/core/frame.py", line 9183, in groupby
    return DataFrameGroupBy(
  File "/home/airflow/.local/lib/python3.10/site-packages/pandas/core/groupby/groupby.py", line 1329, in __init__
    grouper, exclusions, obj = get_grouper(
  File "/home/airflow/.local/lib/python3.10/site-packages/pandas/core/groupby/grouper.py", line 1043, in get_grouper
    raise KeyError(gpr)
KeyError: 'Year'
[2024-06-16T00:00:22.679+0000] {taskinstance.py:441} INFO - ::group::Post task execution logs
[2024-06-16T00:00:22.681+0000] {taskinstance.py:2905} ERROR - Task failed with exception
Traceback (most recent call last):
  File "/home/airflow/.local/lib/python3.10/site-packages/airflow/models/taskinstance.py", line 465, in _execute_task
    result = _execute_callable(context=context, **execute_callable_kwargs)
  File "/home/airflow/.local/lib/python3.10/site-packages/airflow/models/taskinstance.py", line 432, in _execute_callable
    return execute_callable(context=context, **execute_callable_kwargs)
  File "/home/airflow/.local/lib/python3.10/site-packages/airflow/models/baseoperator.py", line 401, in wrapper
    return func(self, *args, **kwargs)
  File "/home/airflow/.local/lib/python3.10/site-packages/airflow/decorators/base.py", line 265, in execute
    return_value = super().execute(context)
  File "/home/airflow/.local/lib/python3.10/site-packages/airflow/models/baseoperator.py", line 401, in wrapper
    return func(self, *args, **kwargs)
  File "/home/airflow/.local/lib/python3.10/site-packages/airflow/operators/python.py", line 235, in execute
    return_value = self.execute_callable()
  File "/home/airflow/.local/lib/python3.10/site-packages/airflow/operators/python.py", line 252, in execute_callable
    return self.python_callable(*self.op_args, **self.op_kwargs)
  File "/opt/airflow/dags/statistical_analysis/summary_analysis.py", line 39, in avg_emission_by_year
    avg_emision = sub_data.groupby('Year').mean().reset_index()
  File "/home/airflow/.local/lib/python3.10/site-packages/pandas/core/frame.py", line 9183, in groupby
    return DataFrameGroupBy(
  File "/home/airflow/.local/lib/python3.10/site-packages/pandas/core/groupby/groupby.py", line 1329, in __init__
    grouper, exclusions, obj = get_grouper(
  File "/home/airflow/.local/lib/python3.10/site-packages/pandas/core/groupby/grouper.py", line 1043, in get_grouper
    raise KeyError(gpr)
KeyError: 'Year'
[2024-06-16T00:00:22.713+0000] {taskinstance.py:1206} INFO - Marking task as UP_FOR_RETRY. dag_id=Air_pollution_data_pipeline, task_id=avg_emission_by_year, run_id=scheduled__2024-06-15T00:00:00+00:00, execution_date=20240615T000000, start_date=20240616T000020, end_date=20240616T000022
[2024-06-16T00:00:22.770+0000] {standard_task_runner.py:110} ERROR - Failed to execute job 70 for task avg_emission_by_year ('Year'; 3384)
[2024-06-16T00:00:22.786+0000] {local_task_job_runner.py:240} INFO - Task exited with return code 1
[2024-06-16T00:00:22.841+0000] {taskinstance.py:3503} INFO - 0 downstream tasks scheduled from follow-on schedule check
[2024-06-16T00:00:22.845+0000] {local_task_job_runner.py:222} INFO - ::endgroup::
[2024-06-16T15:51:46.332+0000] {local_task_job_runner.py:120} INFO - ::group::Pre task execution logs
[2024-06-16T15:51:46.498+0000] {taskinstance.py:2076} INFO - Dependencies all met for dep_context=non-requeueable deps ti=<TaskInstance: Air_pollution_data_pipeline.avg_emission_by_year scheduled__2024-06-15T00:00:00+00:00 [queued]>
[2024-06-16T15:51:46.526+0000] {taskinstance.py:2076} INFO - Dependencies all met for dep_context=requeueable deps ti=<TaskInstance: Air_pollution_data_pipeline.avg_emission_by_year scheduled__2024-06-15T00:00:00+00:00 [queued]>
[2024-06-16T15:51:46.526+0000] {taskinstance.py:2306} INFO - Starting attempt 1 of 6
[2024-06-16T15:51:46.565+0000] {taskinstance.py:2330} INFO - Executing <Task(_PythonDecoratedOperator): avg_emission_by_year> on 2024-06-15 00:00:00+00:00
[2024-06-16T15:51:46.591+0000] {standard_task_runner.py:63} INFO - Started process 308 to run task
[2024-06-16T15:51:46.609+0000] {standard_task_runner.py:90} INFO - Running: ['***', 'tasks', 'run', 'Air_pollution_data_pipeline', 'avg_emission_by_year', 'scheduled__2024-06-15T00:00:00+00:00', '--job-id', '17', '--raw', '--subdir', 'DAGS_FOLDER/main.py', '--cfg-path', '/tmp/tmppclr04vx']
[2024-06-16T15:51:46.616+0000] {standard_task_runner.py:91} INFO - Job 17: Subtask avg_emission_by_year
[2024-06-16T15:51:46.921+0000] {task_command.py:426} INFO - Running <TaskInstance: Air_pollution_data_pipeline.avg_emission_by_year scheduled__2024-06-15T00:00:00+00:00 [running]> on host 333385971b19
[2024-06-16T15:51:47.336+0000] {taskinstance.py:2648} INFO - Exporting env vars: AIRFLOW_CTX_DAG_OWNER='khalid' AIRFLOW_CTX_DAG_ID='Air_pollution_data_pipeline' AIRFLOW_CTX_TASK_ID='avg_emission_by_year' AIRFLOW_CTX_EXECUTION_DATE='2024-06-15T00:00:00+00:00' AIRFLOW_CTX_TRY_NUMBER='1' AIRFLOW_CTX_DAG_RUN_ID='scheduled__2024-06-15T00:00:00+00:00'
[2024-06-16T15:51:47.349+0000] {taskinstance.py:430} INFO - ::endgroup::
[2024-06-16T15:51:47.350+0000] {summary_analysis.py:33} INFO - starting average pollutants emission calculation
[2024-06-16T15:51:47.364+0000] {summary_analysis.py:45} ERROR - error calculating average emission
Traceback (most recent call last):
  File "/opt/airflow/dags/statistical_analysis/summary_analysis.py", line 36, in avg_emission_by_year
    val_data = pd.read_json(val_data)
  File "/home/airflow/.local/lib/python3.10/site-packages/pandas/io/json/_json.py", line 791, in read_json
    json_reader = JsonReader(
  File "/home/airflow/.local/lib/python3.10/site-packages/pandas/io/json/_json.py", line 904, in __init__
    data = self._get_data_from_filepath(filepath_or_buffer)
  File "/home/airflow/.local/lib/python3.10/site-packages/pandas/io/json/_json.py", line 944, in _get_data_from_filepath
    self.handles = get_handle(
  File "/home/airflow/.local/lib/python3.10/site-packages/pandas/io/common.py", line 728, in get_handle
    ioargs = _get_filepath_or_buffer(
  File "/home/airflow/.local/lib/python3.10/site-packages/pandas/io/common.py", line 472, in _get_filepath_or_buffer
    raise ValueError(msg)
ValueError: Invalid file path or buffer object type: <class 'NoneType'>
[2024-06-16T15:51:47.367+0000] {taskinstance.py:441} INFO - ::group::Post task execution logs
[2024-06-16T15:51:47.368+0000] {taskinstance.py:2905} ERROR - Task failed with exception
Traceback (most recent call last):
  File "/home/airflow/.local/lib/python3.10/site-packages/airflow/models/taskinstance.py", line 465, in _execute_task
    result = _execute_callable(context=context, **execute_callable_kwargs)
  File "/home/airflow/.local/lib/python3.10/site-packages/airflow/models/taskinstance.py", line 432, in _execute_callable
    return execute_callable(context=context, **execute_callable_kwargs)
  File "/home/airflow/.local/lib/python3.10/site-packages/airflow/models/baseoperator.py", line 401, in wrapper
    return func(self, *args, **kwargs)
  File "/home/airflow/.local/lib/python3.10/site-packages/airflow/decorators/base.py", line 265, in execute
    return_value = super().execute(context)
  File "/home/airflow/.local/lib/python3.10/site-packages/airflow/models/baseoperator.py", line 401, in wrapper
    return func(self, *args, **kwargs)
  File "/home/airflow/.local/lib/python3.10/site-packages/airflow/operators/python.py", line 235, in execute
    return_value = self.execute_callable()
  File "/home/airflow/.local/lib/python3.10/site-packages/airflow/operators/python.py", line 252, in execute_callable
    return self.python_callable(*self.op_args, **self.op_kwargs)
  File "/opt/airflow/dags/statistical_analysis/summary_analysis.py", line 36, in avg_emission_by_year
    val_data = pd.read_json(val_data)
  File "/home/airflow/.local/lib/python3.10/site-packages/pandas/io/json/_json.py", line 791, in read_json
    json_reader = JsonReader(
  File "/home/airflow/.local/lib/python3.10/site-packages/pandas/io/json/_json.py", line 904, in __init__
    data = self._get_data_from_filepath(filepath_or_buffer)
  File "/home/airflow/.local/lib/python3.10/site-packages/pandas/io/json/_json.py", line 944, in _get_data_from_filepath
    self.handles = get_handle(
  File "/home/airflow/.local/lib/python3.10/site-packages/pandas/io/common.py", line 728, in get_handle
    ioargs = _get_filepath_or_buffer(
  File "/home/airflow/.local/lib/python3.10/site-packages/pandas/io/common.py", line 472, in _get_filepath_or_buffer
    raise ValueError(msg)
ValueError: Invalid file path or buffer object type: <class 'NoneType'>
[2024-06-16T15:51:47.418+0000] {taskinstance.py:1206} INFO - Marking task as UP_FOR_RETRY. dag_id=Air_pollution_data_pipeline, task_id=avg_emission_by_year, run_id=scheduled__2024-06-15T00:00:00+00:00, execution_date=20240615T000000, start_date=20240616T155146, end_date=20240616T155147
[2024-06-16T15:51:47.462+0000] {standard_task_runner.py:110} ERROR - Failed to execute job 17 for task avg_emission_by_year (Invalid file path or buffer object type: <class 'NoneType'>; 308)
[2024-06-16T15:51:47.508+0000] {local_task_job_runner.py:240} INFO - Task exited with return code 1
[2024-06-16T15:51:47.631+0000] {taskinstance.py:3503} INFO - 0 downstream tasks scheduled from follow-on schedule check
[2024-06-16T15:51:47.647+0000] {local_task_job_runner.py:222} INFO - ::endgroup::
[2024-06-16T16:48:28.073+0000] {local_task_job_runner.py:120} INFO - ::group::Pre task execution logs
[2024-06-16T16:48:28.988+0000] {taskinstance.py:2076} INFO - Dependencies all met for dep_context=non-requeueable deps ti=<TaskInstance: Air_pollution_data_pipeline.avg_emission_by_year scheduled__2024-06-15T00:00:00+00:00 [queued]>
[2024-06-16T16:48:29.032+0000] {taskinstance.py:2076} INFO - Dependencies all met for dep_context=requeueable deps ti=<TaskInstance: Air_pollution_data_pipeline.avg_emission_by_year scheduled__2024-06-15T00:00:00+00:00 [queued]>
[2024-06-16T16:48:29.033+0000] {taskinstance.py:2306} INFO - Starting attempt 1 of 6
[2024-06-16T16:48:29.110+0000] {taskinstance.py:2330} INFO - Executing <Task(_PythonDecoratedOperator): avg_emission_by_year> on 2024-06-15 00:00:00+00:00
[2024-06-16T16:48:29.153+0000] {standard_task_runner.py:63} INFO - Started process 3625 to run task
[2024-06-16T16:48:29.207+0000] {standard_task_runner.py:90} INFO - Running: ['***', 'tasks', 'run', 'Air_pollution_data_pipeline', 'avg_emission_by_year', 'scheduled__2024-06-15T00:00:00+00:00', '--job-id', '406', '--raw', '--subdir', 'DAGS_FOLDER/main.py', '--cfg-path', '/tmp/tmp__r42xhw']
[2024-06-16T16:48:29.260+0000] {standard_task_runner.py:91} INFO - Job 406: Subtask avg_emission_by_year
[2024-06-16T16:48:30.211+0000] {task_command.py:426} INFO - Running <TaskInstance: Air_pollution_data_pipeline.avg_emission_by_year scheduled__2024-06-15T00:00:00+00:00 [running]> on host 333385971b19
[2024-06-16T16:48:34.938+0000] {taskinstance.py:2648} INFO - Exporting env vars: AIRFLOW_CTX_DAG_OWNER='khalid' AIRFLOW_CTX_DAG_ID='Air_pollution_data_pipeline' AIRFLOW_CTX_TASK_ID='avg_emission_by_year' AIRFLOW_CTX_EXECUTION_DATE='2024-06-15T00:00:00+00:00' AIRFLOW_CTX_TRY_NUMBER='1' AIRFLOW_CTX_DAG_RUN_ID='scheduled__2024-06-15T00:00:00+00:00'
[2024-06-16T16:48:34.950+0000] {taskinstance.py:430} INFO - ::endgroup::
[2024-06-16T16:48:34.964+0000] {summary_analysis.py:33} INFO - starting average pollutants emission calculation
[2024-06-16T16:48:35.490+0000] {logging_mixin.py:188} WARNING - /opt/***/dags/statistical_analysis/summary_analysis.py:36 FutureWarning: Passing literal json to 'read_json' is deprecated and will be removed in a future version. To read from a literal string, wrap it in a 'StringIO' object.
[2024-06-16T16:48:45.996+0000] {summary_analysis.py:45} ERROR - error calculating average emission
Traceback (most recent call last):
  File "/opt/airflow/dags/statistical_analysis/summary_analysis.py", line 39, in avg_emission_by_year
    avg_emision = sub_data.groupby('Year').mean().reset_index()
  File "/home/airflow/.local/lib/python3.10/site-packages/pandas/core/frame.py", line 9183, in groupby
    return DataFrameGroupBy(
  File "/home/airflow/.local/lib/python3.10/site-packages/pandas/core/groupby/groupby.py", line 1329, in __init__
    grouper, exclusions, obj = get_grouper(
  File "/home/airflow/.local/lib/python3.10/site-packages/pandas/core/groupby/grouper.py", line 1043, in get_grouper
    raise KeyError(gpr)
KeyError: 'Year'
[2024-06-16T16:48:46.169+0000] {taskinstance.py:441} INFO - ::group::Post task execution logs
[2024-06-16T16:48:46.174+0000] {taskinstance.py:2905} ERROR - Task failed with exception
Traceback (most recent call last):
  File "/home/airflow/.local/lib/python3.10/site-packages/airflow/models/taskinstance.py", line 465, in _execute_task
    result = _execute_callable(context=context, **execute_callable_kwargs)
  File "/home/airflow/.local/lib/python3.10/site-packages/airflow/models/taskinstance.py", line 432, in _execute_callable
    return execute_callable(context=context, **execute_callable_kwargs)
  File "/home/airflow/.local/lib/python3.10/site-packages/airflow/models/baseoperator.py", line 401, in wrapper
    return func(self, *args, **kwargs)
  File "/home/airflow/.local/lib/python3.10/site-packages/airflow/decorators/base.py", line 265, in execute
    return_value = super().execute(context)
  File "/home/airflow/.local/lib/python3.10/site-packages/airflow/models/baseoperator.py", line 401, in wrapper
    return func(self, *args, **kwargs)
  File "/home/airflow/.local/lib/python3.10/site-packages/airflow/operators/python.py", line 235, in execute
    return_value = self.execute_callable()
  File "/home/airflow/.local/lib/python3.10/site-packages/airflow/operators/python.py", line 252, in execute_callable
    return self.python_callable(*self.op_args, **self.op_kwargs)
  File "/opt/airflow/dags/statistical_analysis/summary_analysis.py", line 39, in avg_emission_by_year
    avg_emision = sub_data.groupby('Year').mean().reset_index()
  File "/home/airflow/.local/lib/python3.10/site-packages/pandas/core/frame.py", line 9183, in groupby
    return DataFrameGroupBy(
  File "/home/airflow/.local/lib/python3.10/site-packages/pandas/core/groupby/groupby.py", line 1329, in __init__
    grouper, exclusions, obj = get_grouper(
  File "/home/airflow/.local/lib/python3.10/site-packages/pandas/core/groupby/grouper.py", line 1043, in get_grouper
    raise KeyError(gpr)
KeyError: 'Year'
[2024-06-16T16:48:46.347+0000] {taskinstance.py:1206} INFO - Marking task as UP_FOR_RETRY. dag_id=Air_pollution_data_pipeline, task_id=avg_emission_by_year, run_id=scheduled__2024-06-15T00:00:00+00:00, execution_date=20240615T000000, start_date=20240616T164828, end_date=20240616T164846
[2024-06-16T16:48:46.701+0000] {standard_task_runner.py:110} ERROR - Failed to execute job 406 for task avg_emission_by_year ('Year'; 3625)
[2024-06-16T16:48:46.848+0000] {local_task_job_runner.py:240} INFO - Task exited with return code 1
[2024-06-16T16:48:47.120+0000] {taskinstance.py:3503} INFO - 0 downstream tasks scheduled from follow-on schedule check
[2024-06-16T16:48:47.139+0000] {local_task_job_runner.py:222} INFO - ::endgroup::
[2024-06-17T03:59:56.194+0000] {local_task_job_runner.py:120} INFO - ::group::Pre task execution logs
[2024-06-17T03:59:56.305+0000] {taskinstance.py:2076} INFO - Dependencies all met for dep_context=non-requeueable deps ti=<TaskInstance: Air_pollution_data_pipeline.avg_emission_by_year scheduled__2024-06-15T00:00:00+00:00 [queued]>
[2024-06-17T03:59:56.331+0000] {taskinstance.py:2076} INFO - Dependencies all met for dep_context=requeueable deps ti=<TaskInstance: Air_pollution_data_pipeline.avg_emission_by_year scheduled__2024-06-15T00:00:00+00:00 [queued]>
[2024-06-17T03:59:56.333+0000] {taskinstance.py:2306} INFO - Starting attempt 1 of 6
[2024-06-17T03:59:56.369+0000] {taskinstance.py:2330} INFO - Executing <Task(_PythonDecoratedOperator): avg_emission_by_year> on 2024-06-15 00:00:00+00:00
[2024-06-17T03:59:56.382+0000] {standard_task_runner.py:63} INFO - Started process 301 to run task
[2024-06-17T03:59:56.392+0000] {standard_task_runner.py:90} INFO - Running: ['***', 'tasks', 'run', 'Air_pollution_data_pipeline', 'avg_emission_by_year', 'scheduled__2024-06-15T00:00:00+00:00', '--job-id', '22', '--raw', '--subdir', 'DAGS_FOLDER/main.py', '--cfg-path', '/tmp/tmpg_3dib_t']
[2024-06-17T03:59:56.398+0000] {standard_task_runner.py:91} INFO - Job 22: Subtask avg_emission_by_year
[2024-06-17T03:59:56.527+0000] {task_command.py:426} INFO - Running <TaskInstance: Air_pollution_data_pipeline.avg_emission_by_year scheduled__2024-06-15T00:00:00+00:00 [running]> on host fa4d239664b0
[2024-06-17T03:59:56.765+0000] {taskinstance.py:2648} INFO - Exporting env vars: AIRFLOW_CTX_DAG_OWNER='khalid' AIRFLOW_CTX_DAG_ID='Air_pollution_data_pipeline' AIRFLOW_CTX_TASK_ID='avg_emission_by_year' AIRFLOW_CTX_EXECUTION_DATE='2024-06-15T00:00:00+00:00' AIRFLOW_CTX_TRY_NUMBER='1' AIRFLOW_CTX_DAG_RUN_ID='scheduled__2024-06-15T00:00:00+00:00'
[2024-06-17T03:59:56.768+0000] {taskinstance.py:430} INFO - ::endgroup::
[2024-06-17T03:59:56.770+0000] {summary_analysis.py:33} INFO - starting average pollutants emission calculation
[2024-06-17T03:59:56.773+0000] {summary_analysis.py:45} ERROR - error calculating average emission
Traceback (most recent call last):
  File "/opt/airflow/dags/statistical_analysis/summary_analysis.py", line 36, in avg_emission_by_year
    val_data = pd.read_json(val_data)
  File "/home/airflow/.local/lib/python3.10/site-packages/pandas/io/json/_json.py", line 791, in read_json
    json_reader = JsonReader(
  File "/home/airflow/.local/lib/python3.10/site-packages/pandas/io/json/_json.py", line 904, in __init__
    data = self._get_data_from_filepath(filepath_or_buffer)
  File "/home/airflow/.local/lib/python3.10/site-packages/pandas/io/json/_json.py", line 944, in _get_data_from_filepath
    self.handles = get_handle(
  File "/home/airflow/.local/lib/python3.10/site-packages/pandas/io/common.py", line 728, in get_handle
    ioargs = _get_filepath_or_buffer(
  File "/home/airflow/.local/lib/python3.10/site-packages/pandas/io/common.py", line 472, in _get_filepath_or_buffer
    raise ValueError(msg)
ValueError: Invalid file path or buffer object type: <class 'NoneType'>
[2024-06-17T03:59:56.779+0000] {taskinstance.py:441} INFO - ::group::Post task execution logs
[2024-06-17T03:59:56.780+0000] {taskinstance.py:2905} ERROR - Task failed with exception
Traceback (most recent call last):
  File "/home/airflow/.local/lib/python3.10/site-packages/airflow/models/taskinstance.py", line 465, in _execute_task
    result = _execute_callable(context=context, **execute_callable_kwargs)
  File "/home/airflow/.local/lib/python3.10/site-packages/airflow/models/taskinstance.py", line 432, in _execute_callable
    return execute_callable(context=context, **execute_callable_kwargs)
  File "/home/airflow/.local/lib/python3.10/site-packages/airflow/models/baseoperator.py", line 401, in wrapper
    return func(self, *args, **kwargs)
  File "/home/airflow/.local/lib/python3.10/site-packages/airflow/decorators/base.py", line 265, in execute
    return_value = super().execute(context)
  File "/home/airflow/.local/lib/python3.10/site-packages/airflow/models/baseoperator.py", line 401, in wrapper
    return func(self, *args, **kwargs)
  File "/home/airflow/.local/lib/python3.10/site-packages/airflow/operators/python.py", line 235, in execute
    return_value = self.execute_callable()
  File "/home/airflow/.local/lib/python3.10/site-packages/airflow/operators/python.py", line 252, in execute_callable
    return self.python_callable(*self.op_args, **self.op_kwargs)
  File "/opt/airflow/dags/statistical_analysis/summary_analysis.py", line 36, in avg_emission_by_year
    val_data = pd.read_json(val_data)
  File "/home/airflow/.local/lib/python3.10/site-packages/pandas/io/json/_json.py", line 791, in read_json
    json_reader = JsonReader(
  File "/home/airflow/.local/lib/python3.10/site-packages/pandas/io/json/_json.py", line 904, in __init__
    data = self._get_data_from_filepath(filepath_or_buffer)
  File "/home/airflow/.local/lib/python3.10/site-packages/pandas/io/json/_json.py", line 944, in _get_data_from_filepath
    self.handles = get_handle(
  File "/home/airflow/.local/lib/python3.10/site-packages/pandas/io/common.py", line 728, in get_handle
    ioargs = _get_filepath_or_buffer(
  File "/home/airflow/.local/lib/python3.10/site-packages/pandas/io/common.py", line 472, in _get_filepath_or_buffer
    raise ValueError(msg)
ValueError: Invalid file path or buffer object type: <class 'NoneType'>
[2024-06-17T03:59:56.801+0000] {taskinstance.py:1206} INFO - Marking task as UP_FOR_RETRY. dag_id=Air_pollution_data_pipeline, task_id=avg_emission_by_year, run_id=scheduled__2024-06-15T00:00:00+00:00, execution_date=20240615T000000, start_date=20240617T035956, end_date=20240617T035956
[2024-06-17T03:59:56.847+0000] {standard_task_runner.py:110} ERROR - Failed to execute job 22 for task avg_emission_by_year (Invalid file path or buffer object type: <class 'NoneType'>; 301)
[2024-06-17T03:59:56.888+0000] {local_task_job_runner.py:240} INFO - Task exited with return code 1
[2024-06-17T03:59:56.947+0000] {taskinstance.py:3503} INFO - 0 downstream tasks scheduled from follow-on schedule check
[2024-06-17T03:59:56.952+0000] {local_task_job_runner.py:222} INFO - ::endgroup::
