[2024-06-17T03:59:52.255+0000] {local_task_job_runner.py:120} INFO - ::group::Pre task execution logs
[2024-06-17T03:59:52.400+0000] {taskinstance.py:2076} INFO - Dependencies all met for dep_context=non-requeueable deps ti=<TaskInstance: Air_pollution_data_pipeline.visualization scheduled__2024-06-16T00:00:00+00:00 [queued]>
[2024-06-17T03:59:52.471+0000] {taskinstance.py:2076} INFO - Dependencies all met for dep_context=requeueable deps ti=<TaskInstance: Air_pollution_data_pipeline.visualization scheduled__2024-06-16T00:00:00+00:00 [queued]>
[2024-06-17T03:59:52.473+0000] {taskinstance.py:2306} INFO - Starting attempt 1 of 6
[2024-06-17T03:59:52.544+0000] {taskinstance.py:2330} INFO - Executing <Task(_PythonDecoratedOperator): visualization> on 2024-06-16 00:00:00+00:00
[2024-06-17T03:59:52.571+0000] {standard_task_runner.py:63} INFO - Started process 294 to run task
[2024-06-17T03:59:52.649+0000] {standard_task_runner.py:90} INFO - Running: ['***', 'tasks', 'run', 'Air_pollution_data_pipeline', 'visualization', 'scheduled__2024-06-16T00:00:00+00:00', '--job-id', '16', '--raw', '--subdir', 'DAGS_FOLDER/main.py', '--cfg-path', '/tmp/tmp3fd01_o9']
[2024-06-17T03:59:52.677+0000] {standard_task_runner.py:91} INFO - Job 16: Subtask visualization
[2024-06-17T03:59:53.174+0000] {task_command.py:426} INFO - Running <TaskInstance: Air_pollution_data_pipeline.visualization scheduled__2024-06-16T00:00:00+00:00 [running]> on host fa4d239664b0
[2024-06-17T03:59:53.716+0000] {taskinstance.py:2648} INFO - Exporting env vars: AIRFLOW_CTX_DAG_OWNER='khalid' AIRFLOW_CTX_DAG_ID='Air_pollution_data_pipeline' AIRFLOW_CTX_TASK_ID='visualization' AIRFLOW_CTX_EXECUTION_DATE='2024-06-16T00:00:00+00:00' AIRFLOW_CTX_TRY_NUMBER='1' AIRFLOW_CTX_DAG_RUN_ID='scheduled__2024-06-16T00:00:00+00:00'
[2024-06-17T03:59:53.718+0000] {taskinstance.py:430} INFO - ::endgroup::
[2024-06-17T03:59:53.720+0000] {visualization.py:12} INFO - starting data visualization
[2024-06-17T03:59:53.736+0000] {visualization.py:31} ERROR - error visualizing data
Traceback (most recent call last):
  File "/opt/airflow/dags/statistical_analysis/visualization.py", line 15, in visualization
    val_data = pd.read_json(val_data)
  File "/home/airflow/.local/lib/python3.10/site-packages/pandas/io/json/_json.py", line 791, in read_json
    json_reader = JsonReader(
  File "/home/airflow/.local/lib/python3.10/site-packages/pandas/io/json/_json.py", line 904, in __init__
    data = self._get_data_from_filepath(filepath_or_buffer)
  File "/home/airflow/.local/lib/python3.10/site-packages/pandas/io/json/_json.py", line 944, in _get_data_from_filepath
    self.handles = get_handle(
  File "/home/airflow/.local/lib/python3.10/site-packages/pandas/io/common.py", line 728, in get_handle
    ioargs = _get_filepath_or_buffer(
  File "/home/airflow/.local/lib/python3.10/site-packages/pandas/io/common.py", line 472, in _get_filepath_or_buffer
    raise ValueError(msg)
ValueError: Invalid file path or buffer object type: <class 'NoneType'>
[2024-06-17T03:59:53.743+0000] {python.py:237} INFO - Done. Returned value was: None
[2024-06-17T03:59:53.744+0000] {taskinstance.py:441} INFO - ::group::Post task execution logs
[2024-06-17T03:59:53.790+0000] {taskinstance.py:1206} INFO - Marking task as SUCCESS. dag_id=Air_pollution_data_pipeline, task_id=visualization, run_id=scheduled__2024-06-16T00:00:00+00:00, execution_date=20240616T000000, start_date=20240617T035952, end_date=20240617T035953
[2024-06-17T03:59:53.878+0000] {local_task_job_runner.py:240} INFO - Task exited with return code 0
[2024-06-17T03:59:53.947+0000] {taskinstance.py:3503} INFO - 0 downstream tasks scheduled from follow-on schedule check
[2024-06-17T03:59:53.961+0000] {local_task_job_runner.py:222} INFO - ::endgroup::
[2024-06-18T10:47:04.669+0000] {local_task_job_runner.py:120} INFO - ::group::Pre task execution logs
[2024-06-18T10:47:05.157+0000] {taskinstance.py:2076} INFO - Dependencies all met for dep_context=non-requeueable deps ti=<TaskInstance: Air_pollution_data_pipeline.visualization scheduled__2024-06-16T00:00:00+00:00 [queued]>
[2024-06-18T10:47:05.282+0000] {taskinstance.py:2076} INFO - Dependencies all met for dep_context=requeueable deps ti=<TaskInstance: Air_pollution_data_pipeline.visualization scheduled__2024-06-16T00:00:00+00:00 [queued]>
[2024-06-18T10:47:05.284+0000] {taskinstance.py:2306} INFO - Starting attempt 1 of 6
[2024-06-18T10:47:07.283+0000] {taskinstance.py:2330} INFO - Executing <Task(_PythonDecoratedOperator): visualization> on 2024-06-16 00:00:00+00:00
[2024-06-18T10:47:07.388+0000] {standard_task_runner.py:63} INFO - Started process 424 to run task
[2024-06-18T10:47:07.599+0000] {standard_task_runner.py:90} INFO - Running: ['***', 'tasks', 'run', 'Air_pollution_data_pipeline', 'visualization', 'scheduled__2024-06-16T00:00:00+00:00', '--job-id', '30', '--raw', '--subdir', 'DAGS_FOLDER/main.py', '--cfg-path', '/tmp/tmp26rharx3']
[2024-06-18T10:47:07.663+0000] {standard_task_runner.py:91} INFO - Job 30: Subtask visualization
[2024-06-18T10:47:09.141+0000] {task_command.py:426} INFO - Running <TaskInstance: Air_pollution_data_pipeline.visualization scheduled__2024-06-16T00:00:00+00:00 [running]> on host 14ae0373fd5a
[2024-06-18T10:47:20.305+0000] {taskinstance.py:2648} INFO - Exporting env vars: AIRFLOW_CTX_DAG_OWNER='khalid' AIRFLOW_CTX_DAG_ID='Air_pollution_data_pipeline' AIRFLOW_CTX_TASK_ID='visualization' AIRFLOW_CTX_EXECUTION_DATE='2024-06-16T00:00:00+00:00' AIRFLOW_CTX_TRY_NUMBER='1' AIRFLOW_CTX_DAG_RUN_ID='scheduled__2024-06-16T00:00:00+00:00'
[2024-06-18T10:47:20.320+0000] {taskinstance.py:430} INFO - ::endgroup::
[2024-06-18T10:47:20.327+0000] {visualization.py:26} INFO - starting data visualization
[2024-06-18T10:47:20.470+0000] {logging_mixin.py:188} WARNING - /opt/***/dags/statistical_analysis/visualization.py:29 FutureWarning: Passing literal json to 'read_json' is deprecated and will be removed in a future version. To read from a literal string, wrap it in a 'StringIO' object.
[2024-06-18T11:50:45.564+0000] {local_task_job_runner.py:120} INFO - ::group::Pre task execution logs
[2024-06-18T11:50:45.812+0000] {taskinstance.py:2076} INFO - Dependencies all met for dep_context=non-requeueable deps ti=<TaskInstance: Air_pollution_data_pipeline.visualization scheduled__2024-06-16T00:00:00+00:00 [queued]>
[2024-06-18T11:50:45.845+0000] {taskinstance.py:2076} INFO - Dependencies all met for dep_context=requeueable deps ti=<TaskInstance: Air_pollution_data_pipeline.visualization scheduled__2024-06-16T00:00:00+00:00 [queued]>
[2024-06-18T11:50:45.845+0000] {taskinstance.py:2306} INFO - Starting attempt 1 of 6
[2024-06-18T11:50:46.031+0000] {taskinstance.py:2330} INFO - Executing <Task(_PythonDecoratedOperator): visualization> on 2024-06-16 00:00:00+00:00
[2024-06-18T11:50:46.151+0000] {standard_task_runner.py:63} INFO - Started process 407 to run task
[2024-06-18T11:50:46.244+0000] {standard_task_runner.py:90} INFO - Running: ['***', 'tasks', 'run', 'Air_pollution_data_pipeline', 'visualization', 'scheduled__2024-06-16T00:00:00+00:00', '--job-id', '23', '--raw', '--subdir', 'DAGS_FOLDER/main.py', '--cfg-path', '/tmp/tmpr52cx5mw']
[2024-06-18T11:50:46.293+0000] {standard_task_runner.py:91} INFO - Job 23: Subtask visualization
[2024-06-18T11:50:47.053+0000] {task_command.py:426} INFO - Running <TaskInstance: Air_pollution_data_pipeline.visualization scheduled__2024-06-16T00:00:00+00:00 [running]> on host dc6d39ed067c
[2024-06-18T11:50:53.963+0000] {taskinstance.py:2648} INFO - Exporting env vars: AIRFLOW_CTX_DAG_OWNER='khalid' AIRFLOW_CTX_DAG_ID='Air_pollution_data_pipeline' AIRFLOW_CTX_TASK_ID='visualization' AIRFLOW_CTX_EXECUTION_DATE='2024-06-16T00:00:00+00:00' AIRFLOW_CTX_TRY_NUMBER='1' AIRFLOW_CTX_DAG_RUN_ID='scheduled__2024-06-16T00:00:00+00:00'
[2024-06-18T11:50:53.976+0000] {taskinstance.py:430} INFO - ::endgroup::
[2024-06-18T11:50:53.980+0000] {visualization.py:26} INFO - starting data visualization
[2024-06-18T11:50:54.806+0000] {logging_mixin.py:188} WARNING - /opt/***/dags/statistical_analysis/visualization.py:29 FutureWarning: Passing literal json to 'read_json' is deprecated and will be removed in a future version. To read from a literal string, wrap it in a 'StringIO' object.
[2024-06-18T11:51:05.811+0000] {python.py:237} INFO - Done. Returned value was: None
[2024-06-18T11:51:05.829+0000] {taskinstance.py:441} INFO - ::group::Post task execution logs
[2024-06-18T11:51:06.114+0000] {taskinstance.py:1206} INFO - Marking task as SUCCESS. dag_id=Air_pollution_data_pipeline, task_id=visualization, run_id=scheduled__2024-06-16T00:00:00+00:00, execution_date=20240616T000000, start_date=20240618T115045, end_date=20240618T115106
[2024-06-18T11:51:06.623+0000] {local_task_job_runner.py:240} INFO - Task exited with return code 0
[2024-06-18T11:51:06.738+0000] {taskinstance.py:3503} INFO - 0 downstream tasks scheduled from follow-on schedule check
[2024-06-18T11:51:06.743+0000] {local_task_job_runner.py:222} INFO - ::endgroup::
[2024-06-19T20:06:06.509+0000] {local_task_job_runner.py:120} INFO - ::group::Pre task execution logs
[2024-06-19T20:06:06.920+0000] {taskinstance.py:2076} INFO - Dependencies all met for dep_context=non-requeueable deps ti=<TaskInstance: Air_pollution_data_pipeline.visualization scheduled__2024-06-16T00:00:00+00:00 [queued]>
[2024-06-19T20:06:06.977+0000] {taskinstance.py:2076} INFO - Dependencies all met for dep_context=requeueable deps ti=<TaskInstance: Air_pollution_data_pipeline.visualization scheduled__2024-06-16T00:00:00+00:00 [queued]>
[2024-06-19T20:06:06.988+0000] {taskinstance.py:2306} INFO - Starting attempt 1 of 6
[2024-06-19T20:06:07.192+0000] {taskinstance.py:2330} INFO - Executing <Task(_PythonDecoratedOperator): visualization> on 2024-06-16 00:00:00+00:00
[2024-06-19T20:06:07.243+0000] {standard_task_runner.py:63} INFO - Started process 348 to run task
[2024-06-19T20:06:07.515+0000] {standard_task_runner.py:90} INFO - Running: ['***', 'tasks', 'run', 'Air_pollution_data_pipeline', 'visualization', 'scheduled__2024-06-16T00:00:00+00:00', '--job-id', '30', '--raw', '--subdir', 'DAGS_FOLDER/main.py', '--cfg-path', '/tmp/tmpbx48_lyo']
[2024-06-19T20:06:07.550+0000] {standard_task_runner.py:91} INFO - Job 30: Subtask visualization
[2024-06-19T20:06:09.298+0000] {task_command.py:426} INFO - Running <TaskInstance: Air_pollution_data_pipeline.visualization scheduled__2024-06-16T00:00:00+00:00 [running]> on host 0bfb368fa6be
[2024-06-19T20:06:12.992+0000] {taskinstance.py:2648} INFO - Exporting env vars: AIRFLOW_CTX_DAG_OWNER='khalid' AIRFLOW_CTX_DAG_ID='Air_pollution_data_pipeline' AIRFLOW_CTX_TASK_ID='visualization' AIRFLOW_CTX_EXECUTION_DATE='2024-06-16T00:00:00+00:00' AIRFLOW_CTX_TRY_NUMBER='1' AIRFLOW_CTX_DAG_RUN_ID='scheduled__2024-06-16T00:00:00+00:00'
[2024-06-19T20:06:12.996+0000] {taskinstance.py:430} INFO - ::endgroup::
[2024-06-19T20:06:12.998+0000] {visualization.py:26} INFO - starting data visualization
[2024-06-19T20:06:13.120+0000] {logging_mixin.py:188} WARNING - /opt/***/dags/statistical_analysis/visualization.py:29 FutureWarning: Passing literal json to 'read_json' is deprecated and will be removed in a future version. To read from a literal string, wrap it in a 'StringIO' object.
[2024-06-19T20:06:16.308+0000] {python.py:237} INFO - Done. Returned value was: None
[2024-06-19T20:06:16.309+0000] {taskinstance.py:441} INFO - ::group::Post task execution logs
[2024-06-19T20:06:16.436+0000] {taskinstance.py:1206} INFO - Marking task as SUCCESS. dag_id=Air_pollution_data_pipeline, task_id=visualization, run_id=scheduled__2024-06-16T00:00:00+00:00, execution_date=20240616T000000, start_date=20240619T200606, end_date=20240619T200616
[2024-06-19T20:06:16.654+0000] {local_task_job_runner.py:240} INFO - Task exited with return code 0
[2024-06-19T20:06:16.733+0000] {taskinstance.py:3503} INFO - 0 downstream tasks scheduled from follow-on schedule check
[2024-06-19T20:06:16.751+0000] {local_task_job_runner.py:222} INFO - ::endgroup::
