[2024-06-17T15:30:50.545+0000] {local_task_job_runner.py:120} INFO - ::group::Pre task execution logs
[2024-06-17T15:30:50.622+0000] {taskinstance.py:2076} INFO - Dependencies all met for dep_context=non-requeueable deps ti=<TaskInstance: Air_pollution_data_pipeline.generate_summary manual__2024-06-17T15:30:20+00:00 [queued]>
[2024-06-17T15:30:50.643+0000] {taskinstance.py:2076} INFO - Dependencies all met for dep_context=requeueable deps ti=<TaskInstance: Air_pollution_data_pipeline.generate_summary manual__2024-06-17T15:30:20+00:00 [queued]>
[2024-06-17T15:30:50.644+0000] {taskinstance.py:2306} INFO - Starting attempt 1 of 6
[2024-06-17T15:30:50.682+0000] {taskinstance.py:2330} INFO - Executing <Task(_PythonDecoratedOperator): generate_summary> on 2024-06-17 15:30:20+00:00
[2024-06-17T15:30:50.691+0000] {standard_task_runner.py:63} INFO - Started process 4506 to run task
[2024-06-17T15:30:50.705+0000] {standard_task_runner.py:90} INFO - Running: ['***', 'tasks', 'run', 'Air_pollution_data_pipeline', 'generate_summary', 'manual__2024-06-17T15:30:20+00:00', '--job-id', '1016', '--raw', '--subdir', 'DAGS_FOLDER/main.py', '--cfg-path', '/tmp/tmp22xaawpc']
[2024-06-17T15:30:50.712+0000] {standard_task_runner.py:91} INFO - Job 1016: Subtask generate_summary
[2024-06-17T15:30:50.983+0000] {task_command.py:426} INFO - Running <TaskInstance: Air_pollution_data_pipeline.generate_summary manual__2024-06-17T15:30:20+00:00 [running]> on host fa4d239664b0
[2024-06-17T15:30:57.938+0000] {taskinstance.py:2648} INFO - Exporting env vars: AIRFLOW_CTX_DAG_OWNER='khalid' AIRFLOW_CTX_DAG_ID='Air_pollution_data_pipeline' AIRFLOW_CTX_TASK_ID='generate_summary' AIRFLOW_CTX_EXECUTION_DATE='2024-06-17T15:30:20+00:00' AIRFLOW_CTX_TRY_NUMBER='1' AIRFLOW_CTX_DAG_RUN_ID='manual__2024-06-17T15:30:20+00:00'
[2024-06-17T15:30:57.944+0000] {taskinstance.py:430} INFO - ::endgroup::
[2024-06-17T15:30:57.951+0000] {summary_analysis.py:13} INFO - starting summary statistics of pollutants emission
[2024-06-17T15:30:58.079+0000] {logging_mixin.py:188} WARNING - /opt/***/dags/statistical_analysis/summary_analysis.py:16 FutureWarning: Passing literal json to 'read_json' is deprecated and will be removed in a future version. To read from a literal string, wrap it in a 'StringIO' object.
[2024-06-17T15:30:59.196+0000] {summary_analysis.py:26} INFO - successfully calculated pollutants emission summary statistics
[2024-06-17T15:30:59.214+0000] {python.py:237} INFO - Done. Returned value was: {"Year":{"0":45717.0,"1":1911.2044097382,"2":67.6401001473,"3":1750.0,"4":1854.0,"5":1914.0,"6":1970.0,"7":2022.0},"Nitrogen_oxide_NOx":{"0":45717.0,"1":285628.6596008223,"2":3524839.723219105,"3":0.0,"4":137.85605,"5":1403.7751,"6":22905.088,"7":109243090.0},"Sulphur_dioxide_SO_emissions":{"0":45717.0,"1":427054.8537001305,"2":4525329.3834697595,"3":0.0,"4":58.138058,"5":731.89014,"6":21654.107,"7":134596620.0},"Carbon_monoxide_CO_emissions":{"0":45717.0,"1":2578258.2101170714,"2":23246546.9711316563,"3":0.0,"4":12165.899,"5":93669.86,"6":470762.56,"7":599913340.0},"Organic_carbon_OC_emissions":{"0":45717.0,"1":69388.0866882038,"2":553392.1190267598,"3":0.0,"4":519.6276,"5":3824.931,"6":17826.033,"7":13618318.0},"Non_methane_volatile_organic_compounds_NMVOC_emissions":{"0":45717.0,"1":463736.5903423727,"2":4726834.3926842092,"3":0.0,"4":2124.2761,"5":14941.013,"6":90858.164,"7":135481700.0},"Black_carbon_BC_emissions":{"0":45717.0,"1":25006.0574584827,"2":223952.597645769,"3":0.0,"4":131.87717,"5":954.0942,"6":4994.4277,"7":6141969.0},"Ammonia_NH_emissions":{"0":45717.0,"1":185872.8243646251,"2":1898858.4986071649,"3":0.0,"4":1207.5621,"5":8457.144,"6":39316.773,"7":63947644.0},"summary_stats":{"0":"count","1":"mean","2":"std","3":"min","4":"25%","5":"50%","6":"75%","7":"max"}}
[2024-06-17T15:30:59.216+0000] {taskinstance.py:441} INFO - ::group::Post task execution logs
[2024-06-17T15:30:59.338+0000] {taskinstance.py:1206} INFO - Marking task as SUCCESS. dag_id=Air_pollution_data_pipeline, task_id=generate_summary, run_id=manual__2024-06-17T15:30:20+00:00, execution_date=20240617T153020, start_date=20240617T153050, end_date=20240617T153059
[2024-06-17T15:30:59.476+0000] {local_task_job_runner.py:240} INFO - Task exited with return code 0
[2024-06-17T15:30:59.629+0000] {taskinstance.py:3503} INFO - 1 downstream tasks scheduled from follow-on schedule check
[2024-06-17T15:30:59.647+0000] {local_task_job_runner.py:222} INFO - ::endgroup::
