[2024-06-16T16:33:43.100+0000] {local_task_job_runner.py:120} INFO - ::group::Pre task execution logs
[2024-06-16T16:33:43.147+0000] {taskinstance.py:2076} INFO - Dependencies all met for dep_context=non-requeueable deps ti=<TaskInstance: Air_pollution_data_pipeline.data_cleaning manual__2024-06-16T16:33:29+00:00 [queued]>
[2024-06-16T16:33:43.162+0000] {taskinstance.py:2076} INFO - Dependencies all met for dep_context=requeueable deps ti=<TaskInstance: Air_pollution_data_pipeline.data_cleaning manual__2024-06-16T16:33:29+00:00 [queued]>
[2024-06-16T16:33:43.163+0000] {taskinstance.py:2306} INFO - Starting attempt 1 of 6
[2024-06-16T16:33:43.196+0000] {taskinstance.py:2330} INFO - Executing <Task(_PythonDecoratedOperator): data_cleaning> on 2024-06-16 16:33:29+00:00
[2024-06-16T16:33:43.212+0000] {standard_task_runner.py:63} INFO - Started process 2408 to run task
[2024-06-16T16:33:43.221+0000] {standard_task_runner.py:90} INFO - Running: ['***', 'tasks', 'run', 'Air_pollution_data_pipeline', 'data_cleaning', 'manual__2024-06-16T16:33:29+00:00', '--job-id', '275', '--raw', '--subdir', 'DAGS_FOLDER/main.py', '--cfg-path', '/tmp/tmpvooobwqg']
[2024-06-16T16:33:43.235+0000] {standard_task_runner.py:91} INFO - Job 275: Subtask data_cleaning
[2024-06-16T16:33:43.391+0000] {task_command.py:426} INFO - Running <TaskInstance: Air_pollution_data_pipeline.data_cleaning manual__2024-06-16T16:33:29+00:00 [running]> on host 333385971b19
[2024-06-16T16:33:43.970+0000] {taskinstance.py:2648} INFO - Exporting env vars: AIRFLOW_CTX_DAG_OWNER='khalid' AIRFLOW_CTX_DAG_ID='Air_pollution_data_pipeline' AIRFLOW_CTX_TASK_ID='data_cleaning' AIRFLOW_CTX_EXECUTION_DATE='2024-06-16T16:33:29+00:00' AIRFLOW_CTX_TRY_NUMBER='1' AIRFLOW_CTX_DAG_RUN_ID='manual__2024-06-16T16:33:29+00:00'
[2024-06-16T16:33:43.972+0000] {taskinstance.py:430} INFO - ::endgroup::
[2024-06-16T16:33:43.973+0000] {data_clean.py:15} INFO - starting data cleaning process
[2024-06-16T16:33:44.015+0000] {logging_mixin.py:188} WARNING - /opt/***/dags/dataload/processing/data_clean.py:17 FutureWarning: Passing literal json to 'read_json' is deprecated and will be removed in a future version. To read from a literal string, wrap it in a 'StringIO' object.
[2024-06-16T16:33:44.316+0000] {data_clean.py:33} INFO - saving cleaned data to csv
[2024-06-16T16:33:44.320+0000] {data_clean.py:37} INFO - successfully saved data to csv
[2024-06-16T16:33:44.322+0000] {python.py:237} INFO - Done. Returned value was: {"Entity":{},"Year":{},"Nitrogen_oxide_NOx":{},"Sulphur_dioxide_SO_emissions":{},"Carbon_monoxide_CO_emissions":{},"Organic_carbon_OC_emissions":{},"Non_methane_volatile_organic_compounds_NMVOC_emissions":{},"Black_carbon_BC_emissions":{},"Ammonia_NH_emissions":{}}
[2024-06-16T16:33:44.323+0000] {taskinstance.py:441} INFO - ::group::Post task execution logs
[2024-06-16T16:33:44.353+0000] {taskinstance.py:1206} INFO - Marking task as SUCCESS. dag_id=Air_pollution_data_pipeline, task_id=data_cleaning, run_id=manual__2024-06-16T16:33:29+00:00, execution_date=20240616T163329, start_date=20240616T163343, end_date=20240616T163344
[2024-06-16T16:33:44.401+0000] {local_task_job_runner.py:240} INFO - Task exited with return code 0
[2024-06-16T16:33:44.440+0000] {taskinstance.py:3503} INFO - 1 downstream tasks scheduled from follow-on schedule check
[2024-06-16T16:33:44.444+0000] {local_task_job_runner.py:222} INFO - ::endgroup::
