[2024-06-13T23:22:20.722+0000] {local_task_job_runner.py:120} INFO - ::group::Pre task execution logs
[2024-06-13T23:22:20.775+0000] {taskinstance.py:2076} INFO - Dependencies all met for dep_context=non-requeueable deps ti=<TaskInstance: Air_pollution_data_pipeline.load_data scheduled__2024-06-01T00:00:00+00:00 [queued]>
[2024-06-13T23:22:20.792+0000] {taskinstance.py:2076} INFO - Dependencies all met for dep_context=requeueable deps ti=<TaskInstance: Air_pollution_data_pipeline.load_data scheduled__2024-06-01T00:00:00+00:00 [queued]>
[2024-06-13T23:22:20.793+0000] {taskinstance.py:2306} INFO - Starting attempt 6 of 6
[2024-06-13T23:22:20.822+0000] {taskinstance.py:2330} INFO - Executing <Task(_PythonDecoratedOperator): load_data> on 2024-06-01 00:00:00+00:00
[2024-06-13T23:22:20.832+0000] {standard_task_runner.py:63} INFO - Started process 799 to run task
[2024-06-13T23:22:20.840+0000] {standard_task_runner.py:90} INFO - Running: ['***', 'tasks', 'run', 'Air_pollution_data_pipeline', 'load_data', 'scheduled__2024-06-01T00:00:00+00:00', '--job-id', '69', '--raw', '--subdir', 'DAGS_FOLDER/main.py', '--cfg-path', '/tmp/tmp_ny4uz5t']
[2024-06-13T23:22:20.846+0000] {standard_task_runner.py:91} INFO - Job 69: Subtask load_data
[2024-06-13T23:22:20.946+0000] {task_command.py:426} INFO - Running <TaskInstance: Air_pollution_data_pipeline.load_data scheduled__2024-06-01T00:00:00+00:00 [running]> on host 1ebbf628611f
[2024-06-13T23:22:21.096+0000] {taskinstance.py:2648} INFO - Exporting env vars: AIRFLOW_CTX_DAG_OWNER='khalid' AIRFLOW_CTX_DAG_ID='Air_pollution_data_pipeline' AIRFLOW_CTX_TASK_ID='load_data' AIRFLOW_CTX_EXECUTION_DATE='2024-06-01T00:00:00+00:00' AIRFLOW_CTX_TRY_NUMBER='6' AIRFLOW_CTX_DAG_RUN_ID='scheduled__2024-06-01T00:00:00+00:00'
[2024-06-13T23:22:21.097+0000] {taskinstance.py:430} INFO - ::endgroup::
[2024-06-13T23:22:21.099+0000] {data_load.py:11} INFO - starting data extration from source
[2024-06-13T23:22:24.253+0000] {data_load.py:20} ERROR - error loading data to local drive
[2024-06-13T23:22:24.254+0000] {taskinstance.py:441} INFO - ::group::Post task execution logs
[2024-06-13T23:22:24.255+0000] {taskinstance.py:2905} ERROR - Task failed with exception
Traceback (most recent call last):
  File "/home/airflow/.local/lib/python3.10/site-packages/airflow/models/taskinstance.py", line 465, in _execute_task
    result = _execute_callable(context=context, **execute_callable_kwargs)
  File "/home/airflow/.local/lib/python3.10/site-packages/airflow/models/taskinstance.py", line 432, in _execute_callable
    return execute_callable(context=context, **execute_callable_kwargs)
  File "/home/airflow/.local/lib/python3.10/site-packages/airflow/models/baseoperator.py", line 401, in wrapper
    return func(self, *args, **kwargs)
  File "/home/airflow/.local/lib/python3.10/site-packages/airflow/decorators/base.py", line 265, in execute
    return_value = super().execute(context)
  File "/home/airflow/.local/lib/python3.10/site-packages/airflow/models/baseoperator.py", line 401, in wrapper
    return func(self, *args, **kwargs)
  File "/home/airflow/.local/lib/python3.10/site-packages/airflow/operators/python.py", line 235, in execute
    return_value = self.execute_callable()
  File "/home/airflow/.local/lib/python3.10/site-packages/airflow/operators/python.py", line 252, in execute_callable
    return self.python_callable(*self.op_args, **self.op_kwargs)
  File "/opt/airflow/dags/dataload/data_load.py", line 14, in load_data
    datadf.to_csv(f'{save_path}/emission_data.csv', index= False)
  File "/home/airflow/.local/lib/python3.10/site-packages/pandas/util/_decorators.py", line 333, in wrapper
    return func(*args, **kwargs)
  File "/home/airflow/.local/lib/python3.10/site-packages/pandas/core/generic.py", line 3967, in to_csv
    return DataFrameRenderer(formatter).to_csv(
  File "/home/airflow/.local/lib/python3.10/site-packages/pandas/io/formats/format.py", line 1014, in to_csv
    csv_formatter.save()
  File "/home/airflow/.local/lib/python3.10/site-packages/pandas/io/formats/csvs.py", line 251, in save
    with get_handle(
  File "/home/airflow/.local/lib/python3.10/site-packages/pandas/io/common.py", line 873, in get_handle
    handle = open(
PermissionError: [Errno 13] Permission denied: '/opt/airflow/save/emission_data.csv'
[2024-06-13T23:22:24.274+0000] {taskinstance.py:1206} INFO - Marking task as FAILED. dag_id=Air_pollution_data_pipeline, task_id=load_data, run_id=scheduled__2024-06-01T00:00:00+00:00, execution_date=20240601T000000, start_date=20240613T232220, end_date=20240613T232224
[2024-06-13T23:22:24.452+0000] {standard_task_runner.py:110} ERROR - Failed to execute job 69 for task load_data ([Errno 13] Permission denied: '/opt/airflow/save/emission_data.csv'; 799)
[2024-06-13T23:22:24.487+0000] {local_task_job_runner.py:240} INFO - Task exited with return code 1
[2024-06-13T23:22:24.539+0000] {taskinstance.py:3503} INFO - 0 downstream tasks scheduled from follow-on schedule check
[2024-06-13T23:22:24.547+0000] {local_task_job_runner.py:222} INFO - ::endgroup::
[2024-06-14T10:12:57.423+0000] {local_task_job_runner.py:120} INFO - ::group::Pre task execution logs
[2024-06-14T10:12:57.483+0000] {taskinstance.py:2076} INFO - Dependencies all met for dep_context=non-requeueable deps ti=<TaskInstance: Air_pollution_data_pipeline.load_data scheduled__2024-06-01T00:00:00+00:00 [queued]>
[2024-06-14T10:12:57.500+0000] {taskinstance.py:2076} INFO - Dependencies all met for dep_context=requeueable deps ti=<TaskInstance: Air_pollution_data_pipeline.load_data scheduled__2024-06-01T00:00:00+00:00 [queued]>
[2024-06-14T10:12:57.501+0000] {taskinstance.py:2306} INFO - Starting attempt 6 of 6
[2024-06-14T10:12:57.525+0000] {taskinstance.py:2330} INFO - Executing <Task(_PythonDecoratedOperator): load_data> on 2024-06-01 00:00:00+00:00
[2024-06-14T10:12:57.536+0000] {standard_task_runner.py:63} INFO - Started process 715 to run task
[2024-06-14T10:12:57.543+0000] {standard_task_runner.py:90} INFO - Running: ['***', 'tasks', 'run', 'Air_pollution_data_pipeline', 'load_data', 'scheduled__2024-06-01T00:00:00+00:00', '--job-id', '86', '--raw', '--subdir', 'DAGS_FOLDER/main.py', '--cfg-path', '/tmp/tmp0sqjar5p']
[2024-06-14T10:12:57.547+0000] {standard_task_runner.py:91} INFO - Job 86: Subtask load_data
[2024-06-14T10:12:57.629+0000] {task_command.py:426} INFO - Running <TaskInstance: Air_pollution_data_pipeline.load_data scheduled__2024-06-01T00:00:00+00:00 [running]> on host aad58c289bbe
[2024-06-14T10:12:57.768+0000] {taskinstance.py:2648} INFO - Exporting env vars: AIRFLOW_CTX_DAG_OWNER='khalid' AIRFLOW_CTX_DAG_ID='Air_pollution_data_pipeline' AIRFLOW_CTX_TASK_ID='load_data' AIRFLOW_CTX_EXECUTION_DATE='2024-06-01T00:00:00+00:00' AIRFLOW_CTX_TRY_NUMBER='6' AIRFLOW_CTX_DAG_RUN_ID='scheduled__2024-06-01T00:00:00+00:00'
[2024-06-14T10:12:57.770+0000] {taskinstance.py:430} INFO - ::endgroup::
[2024-06-14T10:12:57.772+0000] {data_load.py:11} INFO - starting data extration from source
[2024-06-14T10:12:59.850+0000] {data_load.py:20} ERROR - error loading data to local drive
[2024-06-14T10:12:59.851+0000] {taskinstance.py:441} INFO - ::group::Post task execution logs
[2024-06-14T10:12:59.852+0000] {taskinstance.py:2905} ERROR - Task failed with exception
Traceback (most recent call last):
  File "/home/airflow/.local/lib/python3.10/site-packages/airflow/models/taskinstance.py", line 465, in _execute_task
    result = _execute_callable(context=context, **execute_callable_kwargs)
  File "/home/airflow/.local/lib/python3.10/site-packages/airflow/models/taskinstance.py", line 432, in _execute_callable
    return execute_callable(context=context, **execute_callable_kwargs)
  File "/home/airflow/.local/lib/python3.10/site-packages/airflow/models/baseoperator.py", line 401, in wrapper
    return func(self, *args, **kwargs)
  File "/home/airflow/.local/lib/python3.10/site-packages/airflow/decorators/base.py", line 265, in execute
    return_value = super().execute(context)
  File "/home/airflow/.local/lib/python3.10/site-packages/airflow/models/baseoperator.py", line 401, in wrapper
    return func(self, *args, **kwargs)
  File "/home/airflow/.local/lib/python3.10/site-packages/airflow/operators/python.py", line 235, in execute
    return_value = self.execute_callable()
  File "/home/airflow/.local/lib/python3.10/site-packages/airflow/operators/python.py", line 252, in execute_callable
    return self.python_callable(*self.op_args, **self.op_kwargs)
  File "/opt/airflow/dags/dataload/data_load.py", line 14, in load_data
    datadf.to_csv(f'{save_path}/emission_data.csv', index= False)
  File "/home/airflow/.local/lib/python3.10/site-packages/pandas/util/_decorators.py", line 333, in wrapper
    return func(*args, **kwargs)
  File "/home/airflow/.local/lib/python3.10/site-packages/pandas/core/generic.py", line 3967, in to_csv
    return DataFrameRenderer(formatter).to_csv(
  File "/home/airflow/.local/lib/python3.10/site-packages/pandas/io/formats/format.py", line 1014, in to_csv
    csv_formatter.save()
  File "/home/airflow/.local/lib/python3.10/site-packages/pandas/io/formats/csvs.py", line 251, in save
    with get_handle(
  File "/home/airflow/.local/lib/python3.10/site-packages/pandas/io/common.py", line 873, in get_handle
    handle = open(
PermissionError: [Errno 13] Permission denied: '/opt/airflow/save/emission_data.csv'
[2024-06-14T10:12:59.871+0000] {taskinstance.py:1206} INFO - Marking task as FAILED. dag_id=Air_pollution_data_pipeline, task_id=load_data, run_id=scheduled__2024-06-01T00:00:00+00:00, execution_date=20240601T000000, start_date=20240614T101257, end_date=20240614T101259
[2024-06-14T10:12:59.895+0000] {standard_task_runner.py:110} ERROR - Failed to execute job 86 for task load_data ([Errno 13] Permission denied: '/opt/airflow/save/emission_data.csv'; 715)
[2024-06-14T10:12:59.923+0000] {local_task_job_runner.py:240} INFO - Task exited with return code 1
[2024-06-14T10:12:59.973+0000] {taskinstance.py:3503} INFO - 0 downstream tasks scheduled from follow-on schedule check
[2024-06-14T10:12:59.981+0000] {local_task_job_runner.py:222} INFO - ::endgroup::
[2024-06-14T11:46:56.685+0000] {local_task_job_runner.py:120} INFO - ::group::Pre task execution logs
[2024-06-14T11:46:56.737+0000] {taskinstance.py:2076} INFO - Dependencies all met for dep_context=non-requeueable deps ti=<TaskInstance: Air_pollution_data_pipeline.load_data scheduled__2024-06-01T00:00:00+00:00 [queued]>
[2024-06-14T11:46:56.754+0000] {taskinstance.py:2076} INFO - Dependencies all met for dep_context=requeueable deps ti=<TaskInstance: Air_pollution_data_pipeline.load_data scheduled__2024-06-01T00:00:00+00:00 [queued]>
[2024-06-14T11:46:56.755+0000] {taskinstance.py:2306} INFO - Starting attempt 6 of 6
[2024-06-14T11:46:56.780+0000] {taskinstance.py:2330} INFO - Executing <Task(_PythonDecoratedOperator): load_data> on 2024-06-01 00:00:00+00:00
[2024-06-14T11:46:56.789+0000] {standard_task_runner.py:63} INFO - Started process 744 to run task
[2024-06-14T11:46:56.796+0000] {standard_task_runner.py:90} INFO - Running: ['***', 'tasks', 'run', 'Air_pollution_data_pipeline', 'load_data', 'scheduled__2024-06-01T00:00:00+00:00', '--job-id', '90', '--raw', '--subdir', 'DAGS_FOLDER/main.py', '--cfg-path', '/tmp/tmpicw_hyu8']
[2024-06-14T11:46:56.800+0000] {standard_task_runner.py:91} INFO - Job 90: Subtask load_data
[2024-06-14T11:46:56.906+0000] {task_command.py:426} INFO - Running <TaskInstance: Air_pollution_data_pipeline.load_data scheduled__2024-06-01T00:00:00+00:00 [running]> on host 077b299c21d5
[2024-06-14T11:46:57.448+0000] {taskinstance.py:2648} INFO - Exporting env vars: AIRFLOW_CTX_DAG_OWNER='khalid' AIRFLOW_CTX_DAG_ID='Air_pollution_data_pipeline' AIRFLOW_CTX_TASK_ID='load_data' AIRFLOW_CTX_EXECUTION_DATE='2024-06-01T00:00:00+00:00' AIRFLOW_CTX_TRY_NUMBER='6' AIRFLOW_CTX_DAG_RUN_ID='scheduled__2024-06-01T00:00:00+00:00'
[2024-06-14T11:46:57.450+0000] {taskinstance.py:430} INFO - ::endgroup::
[2024-06-14T11:46:57.452+0000] {data_load.py:11} INFO - starting data extration from source
[2024-06-14T11:47:04.169+0000] {data_load.py:20} ERROR - error loading data to local drive
[2024-06-14T11:47:04.171+0000] {taskinstance.py:441} INFO - ::group::Post task execution logs
[2024-06-14T11:47:04.173+0000] {taskinstance.py:2905} ERROR - Task failed with exception
Traceback (most recent call last):
  File "/home/airflow/.local/lib/python3.10/site-packages/airflow/models/taskinstance.py", line 465, in _execute_task
    result = _execute_callable(context=context, **execute_callable_kwargs)
  File "/home/airflow/.local/lib/python3.10/site-packages/airflow/models/taskinstance.py", line 432, in _execute_callable
    return execute_callable(context=context, **execute_callable_kwargs)
  File "/home/airflow/.local/lib/python3.10/site-packages/airflow/models/baseoperator.py", line 401, in wrapper
    return func(self, *args, **kwargs)
  File "/home/airflow/.local/lib/python3.10/site-packages/airflow/decorators/base.py", line 265, in execute
    return_value = super().execute(context)
  File "/home/airflow/.local/lib/python3.10/site-packages/airflow/models/baseoperator.py", line 401, in wrapper
    return func(self, *args, **kwargs)
  File "/home/airflow/.local/lib/python3.10/site-packages/airflow/operators/python.py", line 235, in execute
    return_value = self.execute_callable()
  File "/home/airflow/.local/lib/python3.10/site-packages/airflow/operators/python.py", line 252, in execute_callable
    return self.python_callable(*self.op_args, **self.op_kwargs)
  File "/opt/airflow/dags/dataload/data_load.py", line 14, in load_data
    datadf.to_csv(f'{save_path}/emission_data.csv', index= False)
  File "/home/airflow/.local/lib/python3.10/site-packages/pandas/util/_decorators.py", line 333, in wrapper
    return func(*args, **kwargs)
  File "/home/airflow/.local/lib/python3.10/site-packages/pandas/core/generic.py", line 3967, in to_csv
    return DataFrameRenderer(formatter).to_csv(
  File "/home/airflow/.local/lib/python3.10/site-packages/pandas/io/formats/format.py", line 1014, in to_csv
    csv_formatter.save()
  File "/home/airflow/.local/lib/python3.10/site-packages/pandas/io/formats/csvs.py", line 251, in save
    with get_handle(
  File "/home/airflow/.local/lib/python3.10/site-packages/pandas/io/common.py", line 873, in get_handle
    handle = open(
PermissionError: [Errno 13] Permission denied: '/opt/airflow/save/emission_data.csv'
[2024-06-14T11:47:04.248+0000] {taskinstance.py:1206} INFO - Marking task as FAILED. dag_id=Air_pollution_data_pipeline, task_id=load_data, run_id=scheduled__2024-06-01T00:00:00+00:00, execution_date=20240601T000000, start_date=20240614T114656, end_date=20240614T114704
[2024-06-14T11:47:04.332+0000] {standard_task_runner.py:110} ERROR - Failed to execute job 90 for task load_data ([Errno 13] Permission denied: '/opt/airflow/save/emission_data.csv'; 744)
[2024-06-14T11:47:04.417+0000] {local_task_job_runner.py:240} INFO - Task exited with return code 1
[2024-06-14T11:47:04.527+0000] {taskinstance.py:3503} INFO - 0 downstream tasks scheduled from follow-on schedule check
[2024-06-14T11:47:04.556+0000] {local_task_job_runner.py:222} INFO - ::endgroup::
