[2024-06-17T04:04:04.395+0000] {local_task_job_runner.py:120} INFO - ::group::Pre task execution logs
[2024-06-17T04:04:04.509+0000] {taskinstance.py:2076} INFO - Dependencies all met for dep_context=non-requeueable deps ti=<TaskInstance: Air_pollution_data_pipeline.generate_summary scheduled__2024-06-16T00:00:00+00:00 [queued]>
[2024-06-17T04:04:04.532+0000] {taskinstance.py:2076} INFO - Dependencies all met for dep_context=requeueable deps ti=<TaskInstance: Air_pollution_data_pipeline.generate_summary scheduled__2024-06-16T00:00:00+00:00 [queued]>
[2024-06-17T04:04:04.536+0000] {taskinstance.py:2306} INFO - Starting attempt 3 of 6
[2024-06-17T04:04:04.621+0000] {taskinstance.py:2330} INFO - Executing <Task(_PythonDecoratedOperator): generate_summary> on 2024-06-16 00:00:00+00:00
[2024-06-17T04:04:04.635+0000] {standard_task_runner.py:63} INFO - Started process 508 to run task
[2024-06-17T04:04:04.656+0000] {standard_task_runner.py:90} INFO - Running: ['***', 'tasks', 'run', 'Air_pollution_data_pipeline', 'generate_summary', 'scheduled__2024-06-16T00:00:00+00:00', '--job-id', '57', '--raw', '--subdir', 'DAGS_FOLDER/main.py', '--cfg-path', '/tmp/tmpiqu1h064']
[2024-06-17T04:04:04.664+0000] {standard_task_runner.py:91} INFO - Job 57: Subtask generate_summary
[2024-06-17T04:04:04.856+0000] {task_command.py:426} INFO - Running <TaskInstance: Air_pollution_data_pipeline.generate_summary scheduled__2024-06-16T00:00:00+00:00 [running]> on host fa4d239664b0
[2024-06-17T04:04:05.165+0000] {taskinstance.py:2648} INFO - Exporting env vars: AIRFLOW_CTX_DAG_OWNER='khalid' AIRFLOW_CTX_DAG_ID='Air_pollution_data_pipeline' AIRFLOW_CTX_TASK_ID='generate_summary' AIRFLOW_CTX_EXECUTION_DATE='2024-06-16T00:00:00+00:00' AIRFLOW_CTX_TRY_NUMBER='3' AIRFLOW_CTX_DAG_RUN_ID='scheduled__2024-06-16T00:00:00+00:00'
[2024-06-17T04:04:05.169+0000] {taskinstance.py:430} INFO - ::endgroup::
[2024-06-17T04:04:05.172+0000] {summary_analysis.py:13} INFO - starting summary statistics of pollutants emission
[2024-06-17T04:04:05.181+0000] {summary_analysis.py:26} ERROR - error calculating pollutants summary statistics
Traceback (most recent call last):
  File "/opt/airflow/dags/statistical_analysis/summary_analysis.py", line 16, in generate_summary
    val_data = pd.read_json(val_data)
  File "/home/airflow/.local/lib/python3.10/site-packages/pandas/io/json/_json.py", line 791, in read_json
    json_reader = JsonReader(
  File "/home/airflow/.local/lib/python3.10/site-packages/pandas/io/json/_json.py", line 904, in __init__
    data = self._get_data_from_filepath(filepath_or_buffer)
  File "/home/airflow/.local/lib/python3.10/site-packages/pandas/io/json/_json.py", line 944, in _get_data_from_filepath
    self.handles = get_handle(
  File "/home/airflow/.local/lib/python3.10/site-packages/pandas/io/common.py", line 728, in get_handle
    ioargs = _get_filepath_or_buffer(
  File "/home/airflow/.local/lib/python3.10/site-packages/pandas/io/common.py", line 472, in _get_filepath_or_buffer
    raise ValueError(msg)
ValueError: Invalid file path or buffer object type: <class 'NoneType'>
[2024-06-17T04:04:05.183+0000] {taskinstance.py:441} INFO - ::group::Post task execution logs
[2024-06-17T04:04:05.184+0000] {taskinstance.py:2905} ERROR - Task failed with exception
Traceback (most recent call last):
  File "/home/airflow/.local/lib/python3.10/site-packages/airflow/models/taskinstance.py", line 465, in _execute_task
    result = _execute_callable(context=context, **execute_callable_kwargs)
  File "/home/airflow/.local/lib/python3.10/site-packages/airflow/models/taskinstance.py", line 432, in _execute_callable
    return execute_callable(context=context, **execute_callable_kwargs)
  File "/home/airflow/.local/lib/python3.10/site-packages/airflow/models/baseoperator.py", line 401, in wrapper
    return func(self, *args, **kwargs)
  File "/home/airflow/.local/lib/python3.10/site-packages/airflow/decorators/base.py", line 265, in execute
    return_value = super().execute(context)
  File "/home/airflow/.local/lib/python3.10/site-packages/airflow/models/baseoperator.py", line 401, in wrapper
    return func(self, *args, **kwargs)
  File "/home/airflow/.local/lib/python3.10/site-packages/airflow/operators/python.py", line 235, in execute
    return_value = self.execute_callable()
  File "/home/airflow/.local/lib/python3.10/site-packages/airflow/operators/python.py", line 252, in execute_callable
    return self.python_callable(*self.op_args, **self.op_kwargs)
  File "/opt/airflow/dags/statistical_analysis/summary_analysis.py", line 16, in generate_summary
    val_data = pd.read_json(val_data)
  File "/home/airflow/.local/lib/python3.10/site-packages/pandas/io/json/_json.py", line 791, in read_json
    json_reader = JsonReader(
  File "/home/airflow/.local/lib/python3.10/site-packages/pandas/io/json/_json.py", line 904, in __init__
    data = self._get_data_from_filepath(filepath_or_buffer)
  File "/home/airflow/.local/lib/python3.10/site-packages/pandas/io/json/_json.py", line 944, in _get_data_from_filepath
    self.handles = get_handle(
  File "/home/airflow/.local/lib/python3.10/site-packages/pandas/io/common.py", line 728, in get_handle
    ioargs = _get_filepath_or_buffer(
  File "/home/airflow/.local/lib/python3.10/site-packages/pandas/io/common.py", line 472, in _get_filepath_or_buffer
    raise ValueError(msg)
ValueError: Invalid file path or buffer object type: <class 'NoneType'>
[2024-06-17T04:04:05.208+0000] {taskinstance.py:1206} INFO - Marking task as UP_FOR_RETRY. dag_id=Air_pollution_data_pipeline, task_id=generate_summary, run_id=scheduled__2024-06-16T00:00:00+00:00, execution_date=20240616T000000, start_date=20240617T040404, end_date=20240617T040405
[2024-06-17T04:04:05.242+0000] {standard_task_runner.py:110} ERROR - Failed to execute job 57 for task generate_summary (Invalid file path or buffer object type: <class 'NoneType'>; 508)
[2024-06-17T04:04:05.286+0000] {local_task_job_runner.py:240} INFO - Task exited with return code 1
[2024-06-17T04:04:05.344+0000] {taskinstance.py:3503} INFO - 0 downstream tasks scheduled from follow-on schedule check
[2024-06-17T04:04:05.347+0000] {local_task_job_runner.py:222} INFO - ::endgroup::
[2024-06-18T11:12:32.951+0000] {local_task_job_runner.py:120} INFO - ::group::Pre task execution logs
[2024-06-18T11:12:33.946+0000] {taskinstance.py:2076} INFO - Dependencies all met for dep_context=non-requeueable deps ti=<TaskInstance: Air_pollution_data_pipeline.generate_summary scheduled__2024-06-16T00:00:00+00:00 [queued]>
[2024-06-18T11:12:34.171+0000] {taskinstance.py:2076} INFO - Dependencies all met for dep_context=requeueable deps ti=<TaskInstance: Air_pollution_data_pipeline.generate_summary scheduled__2024-06-16T00:00:00+00:00 [queued]>
[2024-06-18T11:12:34.172+0000] {taskinstance.py:2306} INFO - Starting attempt 3 of 6
[2024-06-18T11:12:34.822+0000] {taskinstance.py:2330} INFO - Executing <Task(_PythonDecoratedOperator): generate_summary> on 2024-06-16 00:00:00+00:00
[2024-06-18T11:12:35.214+0000] {standard_task_runner.py:63} INFO - Started process 314 to run task
[2024-06-18T11:12:35.640+0000] {standard_task_runner.py:90} INFO - Running: ['***', 'tasks', 'run', 'Air_pollution_data_pipeline', 'generate_summary', 'scheduled__2024-06-16T00:00:00+00:00', '--job-id', '51', '--raw', '--subdir', 'DAGS_FOLDER/main.py', '--cfg-path', '/tmp/tmprpwt35on']
[2024-06-18T11:12:35.646+0000] {standard_task_runner.py:91} INFO - Job 51: Subtask generate_summary
[2024-06-18T11:12:38.655+0000] {task_command.py:426} INFO - Running <TaskInstance: Air_pollution_data_pipeline.generate_summary scheduled__2024-06-16T00:00:00+00:00 [running]> on host 14ae0373fd5a
[2024-06-18T11:12:49.836+0000] {taskinstance.py:2648} INFO - Exporting env vars: AIRFLOW_CTX_DAG_OWNER='khalid' AIRFLOW_CTX_DAG_ID='Air_pollution_data_pipeline' AIRFLOW_CTX_TASK_ID='generate_summary' AIRFLOW_CTX_EXECUTION_DATE='2024-06-16T00:00:00+00:00' AIRFLOW_CTX_TRY_NUMBER='3' AIRFLOW_CTX_DAG_RUN_ID='scheduled__2024-06-16T00:00:00+00:00'
[2024-06-18T11:12:49.839+0000] {taskinstance.py:430} INFO - ::endgroup::
[2024-06-18T11:12:49.853+0000] {summary_analysis.py:26} INFO - starting summary stati