[2024-06-17T03:59:52.643+0000] {local_task_job_runner.py:120} INFO - ::group::Pre task execution logs
[2024-06-17T03:59:52.865+0000] {taskinstance.py:2076} INFO - Dependencies all met for dep_context=non-requeueable deps ti=<TaskInstance: Air_pollution_data_pipeline.generate_summary scheduled__2024-06-16T00:00:00+00:00 [queued]>
[2024-06-17T03:59:52.955+0000] {taskinstance.py:2076} INFO - Dependencies all met for dep_context=requeueable deps ti=<TaskInstance: Air_pollution_data_pipeline.generate_summary scheduled__2024-06-16T00:00:00+00:00 [queued]>
[2024-06-17T03:59:52.956+0000] {taskinstance.py:2306} INFO - Starting attempt 1 of 6
[2024-06-17T03:59:53.047+0000] {taskinstance.py:2330} INFO - Executing <Task(_PythonDecoratedOperator): generate_summary> on 2024-06-16 00:00:00+00:00
[2024-06-17T03:59:53.065+0000] {standard_task_runner.py:63} INFO - Started process 298 to run task
[2024-06-17T03:59:53.148+0000] {standard_task_runner.py:90} INFO - Running: ['***', 'tasks', 'run', 'Air_pollution_data_pipeline', 'generate_summary', 'scheduled__2024-06-16T00:00:00+00:00', '--job-id', '19', '--raw', '--subdir', 'DAGS_FOLDER/main.py', '--cfg-path', '/tmp/tmpwpsw4lh7']
[2024-06-17T03:59:53.165+0000] {standard_task_runner.py:91} INFO - Job 19: Subtask generate_summary
[2024-06-17T03:59:53.541+0000] {task_command.py:426} INFO - Running <TaskInstance: Air_pollution_data_pipeline.generate_summary scheduled__2024-06-16T00:00:00+00:00 [running]> on host fa4d239664b0
[2024-06-17T03:59:54.125+0000] {taskinstance.py:2648} INFO - Exporting env vars: AIRFLOW_CTX_DAG_OWNER='khalid' AIRFLOW_CTX_DAG_ID='Air_pollution_data_pipeline' AIRFLOW_CTX_TASK_ID='generate_summary' AIRFLOW_CTX_EXECUTION_DATE='2024-06-16T00:00:00+00:00' AIRFLOW_CTX_TRY_NUMBER='1' AIRFLOW_CTX_DAG_RUN_ID='scheduled__2024-06-16T00:00:00+00:00'
[2024-06-17T03:59:54.140+0000] {taskinstance.py:430} INFO - ::endgroup::
[2024-06-17T03:59:54.142+0000] {summary_analysis.py:13} INFO - starting summary statistics of pollutants emission
[2024-06-17T03:59:54.165+0000] {summary_analysis.py:26} ERROR - error calculating pollutants summary statistics
Traceback (most recent call last):
  File "/opt/airflow/dags/statistical_analysis/summary_analysis.py", line 16, in generate_summary
    val_data = pd.read_json(val_data)
  File "/home/airflow/.local/lib/python3.10/site-packages/pandas/io/json/_json.py", line 791, in read_json
    json_reader = JsonReader(
  File "/home/airflow/.local/lib/python3.10/site-packages/pandas/io/json/_json.py", line 904, in __init__
    data = self._get_data_from_filepath(filepath_or_buffer)
  File "/home/airflow/.local/lib/python3.10/site-packages/pandas/io/json/_json.py", line 944, in _get_data_from_filepath
    self.handles = get_handle(
  File "/home/airflow/.local/lib/python3.10/site-packages/pandas/io/common.py", line 728, in get_handle
    ioargs = _get_filepath_or_buffer(
  File "/home/airflow/.local/lib/python3.10/site-packages/pandas/io/common.py", line 472, in _get_filepath_or_buffer
    raise ValueError(msg)
ValueError: Invalid file path or buffer object type: <class 'NoneType'>
[2024-06-17T03:59:54.169+0000] {taskinstance.py:441} INFO - ::group::Post task execution logs
[2024-06-17T03:59:54.169+0000] {taskinstance.py:2905} ERROR - Task failed with exception
Traceback (most recent call last):
  File "/home/airflow/.local/lib/python3.10/site-packages/airflow/models/taskinstance.py", line 465, in _execute_task
    result = _execute_callable(context=context, **execute_callable_kwargs)
  File "/home/airflow/.local/lib/python3.10/site-packages/airflow/models/taskinstance.py", line 432, in _execute_callable
    return execute_callable(context=context, **execute_callable_kwargs)
  File "/home/airflow/.local/lib/python3.10/site-packages/airflow/models/baseoperator.py", line 401, in wrapper
    return func(self, *args, **kwargs)
  File "/home/airflow/.local/lib/python3.10/site-packages/airflow/decorators/base.py", line 265, in execute
    return_value = super().execute(context)
  File "/home/airflow/.local/lib/python3.10/site-packages/airflow/models/baseoperator.py", line 401, in wrapper
    return func(self, *args, **kwargs)
  File "/home/airflow/.local/lib/python3.10/site-packages/airflow/operators/python.py", line 235, in execute
    return_value = self.execute_callable()
  File "/home/airflow/.local/lib/python3.10/site-packages/airflow/operators/python.py", line 252, in execute_callable
    return self.python_callable(*self.op_args, **self.op_kwargs)
  File "/opt/airflow/dags/statistical_analysis/summary_analysis.py", line 16, in generate_summary
    val_data = pd.read_json(val_data)
  File "/home/airflow/.local/lib/python3.10/site-packages/pandas/io/json/_json.py", line 791, in read_json
    json_reader = JsonReader(
  File "/home/airflow/.local/lib/python3.10/site-packages/pandas/io/json/_json.py", line 904, in __init__
    data = self._get_data_from_filepath(filepath_or_buffer)
  File "/home/airflow/.local/lib/python3.10/site-packages/pandas/io/json/_json.py", line 944, in _get_data_from_filepath
    self.handles = get_handle(
  File "/home/airflow/.local/lib/python3.10/site-packages/pandas/io/common.py", line 728, in get_handle
    ioargs = _get_filepath_or_buffer(
  File "/home/airflow/.local/lib/python3.10/site-packages/pandas/io/common.py", line 472, in _get_filepath_or_buffer
    raise ValueError(msg)
ValueError: Invalid file path or buffer object type: <class 'NoneType'>
[2024-06-17T03:59:54.219+0000] {taskinstance.py:1206} INFO - Marking task as UP_FOR_RETRY. dag_id=Air_pollution_data_pipeline, task_id=generate_summary, run_id=scheduled__2024-06-16T00:00:00+00:00, execution_date=20240616T000000, start_date=20240617T035952, end_date=20240617T035954
[2024-06-17T03:59:54.266+0000] {standard_task_runner.py:110} ERROR - Failed to execute job 19 for task generate_summary (Invalid file path or buffer object type: <class 'NoneType'>; 298)
[2024-06-17T03:59:54.328+0000] {local_task_job_runner.py:240} INFO - Task exited with return code 1
[2024-06-17T03:59:54.390+0000] {local_task_job_runner.py:222} INFO - ::endgroup::
[2024-06-18T10:47:09.231+0000] {local_task_job_runner.py:120} INFO - ::group::Pre task execution logs
[2024-06-18T10:47:14.136+0000] {taskinstance.py:2076} INFO - Dependencies all met for dep_context=non-requeueable deps ti=<TaskInstance: Air_pollution_data_pipeline.generate_summary scheduled__2024-06-16T00:00:00+00:00 [queued]>
[2024-06-18T10:47:14.737+0000] {taskinstance.py:2076} INFO - Dependencies all met for dep_context=requeueable deps ti=<TaskInstance: Air_pollution_data_pipeline.generate_summary scheduled__2024-06-16T00:00:00+00:00 [queued]>
[2024-06-18T10:47:14.801+0000] {taskinstance.py:2306} INFO - Starting attempt 1 of 6
[2024-06-18T10:47:14.982+0000] {taskinstance.py:2330} INFO - Executing <Task(_PythonDecoratedOperator): generate_summary> on 2024-06-16 00:00:00+00:00
[2024-06-18T10:47:15.004+0000] {standard_task_runner.py:63} INFO - Started process 427 to run task
[2024-06-18T10:47:15.063+0000] {standard_task_runner.py:90} INFO - Running: ['***', 'tasks', 'run', 'Air_pollution_data_pipeline', 'generate_summary', 'scheduled__2024-06-16T00:00:00+00:00', '--job-id', '32', '--raw', '--subdir', 'DAGS_FOLDER/main.py', '--cfg-path', '/tmp/tmp22lpx8ym']
[2024-06-18T10:47:15.228+0000] {standard_task_runner.py:91} INFO - Job 32: Subtask generate_summary
[2024-06-18T10:47:16.577+0000] {task_command.py:426} INFO - Running <TaskInstance: Air_pollution_data_pipeline.generate_summary scheduled__2024-06-16T00:00:00+00:00 [running]> on host 14ae0373fd5a
[2024-06-18T11:50:45.668+0000] {local_task_job_runner.py:120} INFO - ::group::Pre task execution logs
[2024-06-18T11:50:46.220+0000] {taskinstance.py:2076} INFO - Dependencies all met for dep_context=non-requeueable deps ti=<TaskInstance: Air_pollution_data_pipeline.generate_summary scheduled__2024-06-16T00:00:00+00:00 [queued]>
[2024-06-18T11:50:46.248+0000] {taskinstance.py:2076} INFO - Dependencies all met for dep_context=requeueable deps ti=<TaskInstance: Air_pollution_data_pipeline.generate_summary scheduled__2024-06-16T00:00:00+00:00 [queued]>
[2024-06-18T11:50:46.249+0000] {taskinstance.py:2306} INFO - Starting attempt 1 of 6
[2024-06-18T11:50:46.305+0000] {taskinstance.py:2330} INFO - Executing <Task(_PythonDecoratedOperator): generate_summary> on 2024-06-16 00:00:00+00:00
[2024-06-18T11:50:46.358+0000] {standard_task_runner.py:63} INFO - Started process 419 to run task
[2024-06-18T11:50:46.599+0000] {standard_task_runner.py:90} INFO - Running: ['***', 'tasks', 'run', 'Air_pollution_data_pipeline', 'generate_summary', 'scheduled__2024-06-16T00:00:00+00:00', '--job-id', '27', '--raw', '--subdir', 'DAGS_FOLDER/main.py', '--cfg-path', '/tmp/tmpq92v4zlm']
[2024-06-18T11:50:46.637+0000] {standard_task_runner.py:91} INFO - Job 27: Subtask generate_summary
[2024-06-18T11:50:47.495+0000] {task_command.py:426} INFO - Running <TaskInstance: Air_pollution_data_pipeline.generate_summary scheduled__2024-06-16T00:00:00+00:00 [running]> on host dc6d39ed067c
[2024-06-18T11:51:00.491+0000] {taskinstance.py:2648} INFO - Exporting env vars: AIRFLOW_CTX_DAG_OWNER='khalid' AIRFLOW_CTX_DAG_ID='Air_pollution_data_pipeline' AIRFLOW_CTX_TASK_ID='generate_summary' AIRFLOW_CTX_EXECUTION_DATE='2024-06-16T00:00:00+00:00' AIRFLOW_CTX_TRY_NUMBER='1' AIRFLOW_CTX_DAG_RUN_ID='scheduled__2024-06-16T00:00:00+00:00'
[2024-06-18T11:51:00.534+0000] {taskinstance.py:430} INFO - ::endgroup::
[2024-06-18T11:51:00.539+0000] {summary_analysis.py:26} INFO - starting summary statistics of pollutants emission
[2024-06-18T11:51:00.754+0000] {logging_mixin.py:188} WARNING - /opt/***/dags/statistical_analysis/summary_analysis.py:29 FutureWarning: Passing literal json to 'read_json' is deprecated and will be removed in a future version. To read from a literal string, wrap it in a 'StringIO' object.
[2024-06-18T11:51:04.597+0000] {summary_analysis.py:43} INFO - successfully calculated pollutants emission summary statistics
[2024-06-18T11:51:04.611+0000] {python.py:237} INFO - Done. Returned value was: {"Year":{"0":45717.0,"1":1911.2044097382,"2":67.6401001473,"3":1750.0,"4":1854.0,"5":1914.0,"6":1970.0,"7":2022.0},"Nitrogen_oxide_NOx":{"0":45717.0,"1":285628.6596008223,"2":3524839.723219105,"3":0.0,"4":137.85605,"5":1403.7751,"6":22905.088,"7":109243090.0},"Sulphur_dioxide_SO_emissions":{"0":45717.0,"1":427054.8537001305,"2":4525329.3834697595,"3":0.0,"4":58.138058,"5":731.89014,"6":21654.107,"7":134596620.0},"Carbon_monoxide_CO_emissions":{"0":45717.0,"1":2578258.2101170714,"2":23246546.9711316563,"3":0.0,"4":12165.899,"5":93669.86,"6":470762.56,"7":599913340.0},"Organic_carbon_OC_emissions":{"0":45717.0,"1":69388.0866882038,"2":553392.1190267598,"3":0.0,"4":519.6276,"5":3824.931,"6":17826.033,"7":13618318.0},"Non_methane_volatile_organic_compounds_NMVOC_emissions":{"0":45717.0,"1":463736.5903423727,"2":4726834.3926842092,"3":0.0,"4":2124.2761,"5":14941.013,"6":90858.164,"7":135481700.0},"Black_carbon_BC_emissions":{"0":45717.0,"1":25006.0574584827,"2":223952.597645769,"3":0.0,"4":131.87717,"5":954.0942,"6":4994.4277,"7":6141969.0},"Ammonia_NH_emissions":{"0":45717.0,"1":185872.8243646251,"2":1898858.4986071649,"3":0.0,"4":1207.5621,"5":8457.144,"6":39316.773,"7":63947644.0},"summary_stats":{"0":"count","1":"mean","2":"std","3":"min","4":"25%","5":"50%","6":"75%","7":"max"}}
[2024-06-18T11:51:04.614+0000] {taskinstance.py:441} INFO - ::group::Post task execution logs
[2024-06-18T11:51:04.787+0000] {taskinstance.py:1206} INFO - Marking task as SUCCESS. dag_id=Air_pollution_data_pipeline, task_id=generate_summary, run_id=scheduled__2024-06-16T00:00:00+00:00, execution_date=20240616T000000, start_date=20240618T115046, end_date=20240618T115104
[2024-06-18T11:51:05.921+0000] {local_task_job_runner.py:240} INFO - Task exited with return code 0
[2024-06-18T11:51:06.126+0000] {local_task_job_runner.py:222} INFO - ::endgroup::
[2024-06-19T20:06:01.610+0000] {local_task_job_runner.py:120} INFO - ::group::Pre task execution logs
[2024-06-19T20:06:01.858+0000] {taskinstance.py:2076} INFO - Dependencies all met for dep_context=non-requeueable deps ti=<TaskInstance: Air_pollution_data_pipeline.generate_summary scheduled__2024-06-16T00:00:00+00:00 [queued]>
[2024-06-19T20:06:01.910+0000] {taskinstance.py:2076} INFO - Dependencies all met for dep_context=requeueable deps ti=<TaskInstance: Air_pollution_data_pipeline.generate_summary scheduled__2024-06-16T00:00:00+00:00 [queued]>
[2024-06-19T20:06:01.912+0000] {taskinstance.py:2306} INFO - Starting attempt 1 of 6
[2024-06-19T20:06:01.996+0000] {taskinstance.py:2330} INFO - Executing <Task(_PythonDecoratedOperator): generate_summary> on 2024-06-16 00:00:00+00:00
[2024-06-19T20:06:02.040+0000] {standard_task_runner.py:63} INFO - Started process 342 to run task
[2024-06-19T20:06:02.126+0000] {standard_task_runner.py:90} INFO - Running: ['***', 'tasks', 'run', 'Air_pollution_data_pipeline', 'generate_summary', 'scheduled__2024-06-16T00:00:00+00:00', '--job-id', '25', '--raw', '--subdir', 'DAGS_FOLDER/main.py', '--cfg-path', '/tmp/tmpqn9nab8p']
[2024-06-19T20:06:02.855+0000] {standard_task_runner.py:91} INFO - Job 25: Subtask generate_summary
[2024-06-19T20:06:05.967+0000] {task_command.py:426} INFO - Running <TaskInstance: Air_pollution_data_pipeline.generate_summary scheduled__2024-06-16T00:00:00+00:00 [running]> on host 0bfb368fa6be
[2024-06-19T20:06:11.936+0000] {taskinstance.py:2648} INFO - Exporting env vars: AIRFLOW_CTX_DAG_OWNER='khalid' AIRFLOW_CTX_DAG_ID='Air_pollution_data_pipeline' AIRFLOW_CTX_TASK_ID='generate_summary' AIRFLOW_CTX_EXECUTION_DATE='2024-06-16T00:00:00+00:00' AIRFLOW_CTX_TRY_NUMBER='1' AIRFLOW_CTX_DAG_RUN_ID='scheduled__2024-06-16T00:00:00+00:00'
[2024-06-19T20:06:11.945+0000] {taskinstance.py:430} INFO - ::endgroup::
[2024-06-19T20:06:11.947+0000] {summary_analysis.py:26} INFO - starting summary statistics of pollutants emission
[2024-06-19T20:06:12.048+0000] {logging_mixin.py:188} WARNING - /opt/***/dags/statistical_analysis/summary_analysis.py:29 FutureWarning: Passing literal json to 'read_json' is deprecated and will be removed in a future version. To read from a literal string, wrap it in a 'StringIO' object.
[2024-06-19T20:06:13.650+0000] {summary_analysis.py:43} INFO - successfully calculated pollutants emission summary statistics
[2024-06-19T20:06:13.665+0000] {python.py:237} INFO - Done. Returned value was: {"Year":{"0":45717.0,"1":1911.2044097382,"2":67.6401001473,"3":1750.0,"4":1854.0,"5":1914.0,"6":1970.0,"7":2022.0},"Nitrogen_oxide_NOx":{"0":45717.0,"1":285628.6596008223,"2":3524839.723219105,"3":0.0,"4":137.85605,"5":1403.7751,"6":22905.088,"7":109243090.0},"Sulphur_dioxide_SO_emissions":{"0":45717.0,"1":427054.8537001305,"2":4525329.3834697595,"3":0.0,"4":58.138058,"5":731.89014,"6":21654.107,"7":134596620.0},"Carbon_monoxide_CO_emissions":{"0":45717.0,"1":2578258.2101170714,"2":23246546.9711316563,"3":0.0,"4":12165.899,"5":93669.86,"6":470762.56,"7":599913340.0},"Organic_carbon_OC_emissions":{"0":45717.0,"1":69388.0866882038,"2":553392.1190267598,"3":0.0,"4":519.6276,"5":3824.931,"6":17826.033,"7":13618318.0},"Non_methane_volatile_organic_compounds_NMVOC_emissions":{"0":45717.0,"1":463736.5903423727,"2":4726834.3926842092,"3":0.0,"4":2124.2761,"5":14941.013,"6":90858.164,"7":135481700.0},"Black_carbon_BC_emissions":{"0":45717.0,"1":25006.0574584827,"2":223952.597645769,"3":0.0,"4":131.87717,"5":954.0942,"6":4994.4277,"7":6141969.0},"Ammonia_NH_emissions":{"0":45717.0,"1":185872.8243646251,"2":1898858.4986071649,"3":0.0,"4":1207.5621,"5":8457.144,"6":39316.773,"7":63947644.0},"summary_stats":{"0":"count","1":"mean","2":"std","3":"min","4":"25%","5":"50%","6":"75%","7":"max"}}
[2024-06-19T20:06:13.666+0000] {taskinstance.py:441} INFO - ::group::Post task execution logs
[2024-06-19T20:06:13.900+0000] {taskinstance.py:1206} INFO - Marking task as SUCCESS. dag_id=Air_pollution_data_pipeline, task_id=generate_summary, run_id=scheduled__2024-06-16T00:00:00+00:00, execution_date=20240616T000000, start_date=20240619T200601, end_date=20240619T200613
[2024-06-19T20:06:14.140+0000] {local_task_job_runner.py:240} INFO - Task exited with return code 0
[2024-06-19T20:06:14.247+0000] {taskinstance.py:3503} INFO - 0 downstream tasks scheduled from follow-on schedule check
[2024-06-19T20:06:14.277+0000] {local_task_job_runner.py:222} INFO - ::endgroup::
