[2024-06-15T16:27:49.610+0000] {local_task_job_runner.py:120} INFO - ::group::Pre task execution logs
[2024-06-15T16:27:49.688+0000] {taskinstance.py:2076} INFO - Dependencies all met for dep_context=non-requeueable deps ti=<TaskInstance: Air_pollution_data_pipeline.create_table manual__2024-06-15T16:27:40+00:00 [queued]>
[2024-06-15T16:27:49.704+0000] {taskinstance.py:2076} INFO - Dependencies all met for dep_context=requeueable deps ti=<TaskInstance: Air_pollution_data_pipeline.create_table manual__2024-06-15T16:27:40+00:00 [queued]>
[2024-06-15T16:27:49.704+0000] {taskinstance.py:2306} INFO - Starting attempt 1 of 6
[2024-06-15T16:27:49.730+0000] {taskinstance.py:2330} INFO - Executing <Task(_PythonDecoratedOperator): create_table> on 2024-06-15 16:27:40+00:00
[2024-06-15T16:27:49.748+0000] {standard_task_runner.py:63} INFO - Started process 2484 to run task
[2024-06-15T16:27:49.796+0000] {standard_task_runner.py:90} INFO - Running: ['***', 'tasks', 'run', 'Air_pollution_data_pipeline', 'create_table', 'manual__2024-06-15T16:27:40+00:00', '--job-id', '28', '--raw', '--subdir', 'DAGS_FOLDER/main.py', '--cfg-path', '/tmp/tmp2de9092o']
[2024-06-15T16:27:49.823+0000] {standard_task_runner.py:91} INFO - Job 28: Subtask create_table
[2024-06-15T16:27:50.329+0000] {task_command.py:426} INFO - Running <TaskInstance: Air_pollution_data_pipeline.create_table manual__2024-06-15T16:27:40+00:00 [running]> on host 6e26965f02f1
[2024-06-15T16:27:51.003+0000] {taskinstance.py:2648} INFO - Exporting env vars: AIRFLOW_CTX_DAG_OWNER='khalid' AIRFLOW_CTX_DAG_ID='Air_pollution_data_pipeline' AIRFLOW_CTX_TASK_ID='create_table' AIRFLOW_CTX_EXECUTION_DATE='2024-06-15T16:27:40+00:00' AIRFLOW_CTX_TRY_NUMBER='1' AIRFLOW_CTX_DAG_RUN_ID='manual__2024-06-15T16:27:40+00:00'
[2024-06-15T16:27:51.013+0000] {taskinstance.py:430} INFO - ::endgroup::
[2024-06-15T16:27:51.019+0000] {create_table.py:57} INFO - creating table
[2024-06-15T16:27:51.034+0000] {baseoperator.py:400} WARNING - SQLExecuteQueryOperator.execute cannot be called outside TaskInstance!
[2024-06-15T16:27:51.035+0000] {sql.py:276} INFO - Executing: 
        CREATE TABLE IF NOT EXISTS emission (
            Entity VARCHAR(100),
            Code VARCHAR(100),
            Year INT,
            "Nitrogen oxide (NOx)" DECIMAL(10, 5), 
            "Sulphur dioxide (SO) emissions" DECIMAL(10, 5), 
            "Carbon monoxide (CO) emissions" DECIMAL(10, 5), 
            "Organic carbon (OC) emissions" DECIMAL(10, 5), 
            "Non-methane volatile organic compounds (NMVOC) emissions" DECIMAL(10, 5), 
            "Black carbon (BC) emissions" DECIMAL(10, 5),
            "Ammonia (NH3) emissions" DECIMAL(10, 5)
        );

[2024-06-15T16:27:51.062+0000] {base.py:84} INFO - Using connection ID 'postgres_localhost' for task execution.
[2024-06-15T16:27:51.140+0000] {base.py:84} INFO - Using connection ID 'postgres_localhost' for task execution.
[2024-06-15T16:27:51.181+0000] {sql.py:487} INFO - Running statement: 
        CREATE TABLE IF NOT EXISTS emission (
            Entity VARCHAR(100),
            Code VARCHAR(100),
            Year INT,
            "Nitrogen oxide (NOx)" DECIMAL(10, 5), 
            "Sulphur dioxide (SO) emissions" DECIMAL(10, 5), 
            "Carbon monoxide (CO) emissions" DECIMAL(10, 5), 
            "Organic carbon (OC) emissions" DECIMAL(10, 5), 
            "Non-methane volatile organic compounds (NMVOC) emissions" DECIMAL(10, 5), 
            "Black carbon (BC) emissions" DECIMAL(10, 5),
            "Ammonia (NH3) emissions" DECIMAL(10, 5)
        );
, parameters: None
[2024-06-15T16:27:51.195+0000] {create_table.py:65} INFO - successfully create table
[2024-06-15T16:27:51.197+0000] {create_table.py:57} INFO - creating table
[2024-06-15T16:27:51.198+0000] {baseoperator.py:400} WARNING - SQLExecuteQueryOperator.execute cannot be called outside TaskInstance!
[2024-06-15T16:27:51.199+0000] {sql.py:276} INFO - Executing: 
        CREATE TABLE IF NOT EXISTS avg_emission (
            Year INT,
            "Nitrogen oxide (NOx)" DECIMAL(10, 5), 
            "Sulphur dioxide (SO) emissions" DECIMAL(10, 5), 
            "Carbon monoxide (CO) emissions" DECIMAL(10, 5), 
            "Organic carbon (OC) emissions" DECIMAL(10, 5), 
            "Non-methane volatile organic compounds (NMVOC) emissions" DECIMAL(10, 5), 
            "Black carbon (BC) emissions" DECIMAL(10, 5),
            "Ammonia (NH3) emissions" DECIMAL(10, 5)
        );

[2024-06-15T16:27:51.245+0000] {base.py:84} INFO - Using connection ID 'postgres_localhost' for task execution.
[2024-06-15T16:27:51.265+0000] {base.py:84} INFO - Using connection ID 'postgres_localhost' for task execution.
[2024-06-15T16:27:51.275+0000] {sql.py:487} INFO - Running statement: 
        CREATE TABLE IF NOT EXISTS avg_emission (
            Year INT,
            "Nitrogen oxide (NOx)" DECIMAL(10, 5), 
            "Sulphur dioxide (SO) emissions" DECIMAL(10, 5), 
            "Carbon monoxide (CO) emissions" DECIMAL(10, 5), 
            "Organic carbon (OC) emissions" DECIMAL(10, 5), 
            "Non-methane volatile organic compounds (NMVOC) emissions" DECIMAL(10, 5), 
            "Black carbon (BC) emissions" DECIMAL(10, 5),
            "Ammonia (NH3) emissions" DECIMAL(10, 5)
        );
, parameters: None
[2024-06-15T16:27:51.278+0000] {create_table.py:65} INFO - successfully create table
[2024-06-15T16:27:51.279+0000] {create_table.py:57} INFO - creating table
[2024-06-15T16:27:51.280+0000] {baseoperator.py:400} WARNING - SQLExecuteQueryOperator.execute cannot be called outside TaskInstance!
[2024-06-15T16:27:51.281+0000] {sql.py:276} INFO - Executing: 
        CREATE TABLE IF NOT EXISTS emission_summary_stats (
            Year INT,
            summary_stats VARCHAR(100),
            "Nitrogen oxide (NOx)" DECIMAL(10, 5), 
            "Sulphur dioxide (SO) emissions" DECIMAL(10, 5), 
            "Carbon monoxide (CO) emissions" DECIMAL(10, 5), 
            "Organic carbon (OC) emissions" DECIMAL(10, 5), 
            "Non-methane volatile organic compounds (NMVOC) emissions" DECIMAL(10, 5), 
            "Black carbon (BC) emissions" DECIMAL(10, 5),
            "Ammonia (NH3) emissions" DECIMAL(10, 5)
        );

[2024-06-15T16:27:51.298+0000] {base.py:84} INFO - Using connection ID 'postgres_localhost' for task execution.
[2024-06-15T16:27:51.323+0000] {base.py:84} INFO - Using connection ID 'postgres_localhost' for task execution.
[2024-06-15T16:27:51.342+0000] {sql.py:487} INFO - Running statement: 
        CREATE TABLE IF NOT EXISTS emission_summary_stats (
            Year INT,
            summary_stats VARCHAR(100),
            "Nitrogen oxide (NOx)" DECIMAL(10, 5), 
            "Sulphur dioxide (SO) emissions" DECIMAL(10, 5), 
            "Carbon monoxide (CO) emissions" DECIMAL(10, 5), 
            "Organic carbon (OC) emissions" DECIMAL(10, 5), 
            "Non-methane volatile organic compounds (NMVOC) emissions" DECIMAL(10, 5), 
            "Black carbon (BC) emissions" DECIMAL(10, 5),
            "Ammonia (NH3) emissions" DECIMAL(10, 5)
        );
, parameters: None
[2024-06-15T16:27:51.345+0000] {create_table.py:65} INFO - successfully create table
[2024-06-15T16:27:51.346+0000] {python.py:237} INFO - Done. Returned value was: None
[2024-06-15T16:27:51.347+0000] {taskinstance.py:441} INFO - ::group::Post task execution logs
[2024-06-15T16:27:51.384+0000] {taskinstance.py:1206} INFO - Marking task as SUCCESS. dag_id=Air_pollution_data_pipeline, task_id=create_table, run_id=manual__2024-06-15T16:27:40+00:00, execution_date=20240615T162740, start_date=20240615T162749, end_date=20240615T162751
[2024-06-15T16:27:51.451+0000] {local_task_job_runner.py:240} INFO - Task exited with return code 0
[2024-06-15T16:27:51.530+0000] {taskinstance.py:3503} INFO - 0 downstream tasks scheduled from follow-on schedule check
[2024-06-15T16:27:51.547+0000] {local_task_job_runner.py:222} INFO - ::endgroup::
