[2024-06-16T15:56:40.266+0000] {local_task_job_runner.py:120} INFO - ::group::Pre task execution logs
[2024-06-16T15:56:40.359+0000] {taskinstance.py:2076} INFO - Dependencies all met for dep_context=non-requeueable deps ti=<TaskInstance: Air_pollution_data_pipeline.data_cleaning manual__2024-06-16T15:56:25+00:00 [queued]>
[2024-06-16T15:56:40.381+0000] {taskinstance.py:2076} INFO - Dependencies all met for dep_context=requeueable deps ti=<TaskInstance: Air_pollution_data_pipeline.data_cleaning manual__2024-06-16T15:56:25+00:00 [queued]>
[2024-06-16T15:56:40.382+0000] {taskinstance.py:2306} INFO - Starting attempt 1 of 6
[2024-06-16T15:56:40.419+0000] {taskinstance.py:2330} INFO - Executing <Task(_PythonDecoratedOperator): data_cleaning> on 2024-06-16 15:56:25+00:00
[2024-06-16T15:56:40.432+0000] {standard_task_runner.py:63} INFO - Started process 528 to run task
[2024-06-16T15:56:40.440+0000] {standard_task_runner.py:90} INFO - Running: ['***', 'tasks', 'run', 'Air_pollution_data_pipeline', 'data_cleaning', 'manual__2024-06-16T15:56:25+00:00', '--job-id', '54', '--raw', '--subdir', 'DAGS_FOLDER/main.py', '--cfg-path', '/tmp/tmpgfc323xo']
[2024-06-16T15:56:40.448+0000] {standard_task_runner.py:91} INFO - Job 54: Subtask data_cleaning
[2024-06-16T15:56:40.562+0000] {task_command.py:426} INFO - Running <TaskInstance: Air_pollution_data_pipeline.data_cleaning manual__2024-06-16T15:56:25+00:00 [running]> on host 333385971b19
[2024-06-16T15:56:41.133+0000] {taskinstance.py:2648} INFO - Exporting env vars: AIRFLOW_CTX_DAG_OWNER='khalid' AIRFLOW_CTX_DAG_ID='Air_pollution_data_pipeline' AIRFLOW_CTX_TASK_ID='data_cleaning' AIRFLOW_CTX_EXECUTION_DATE='2024-06-16T15:56:25+00:00' AIRFLOW_CTX_TRY_NUMBER='1' AIRFLOW_CTX_DAG_RUN_ID='manual__2024-06-16T15:56:25+00:00'
[2024-06-16T15:56:41.135+0000] {taskinstance.py:430} INFO - ::endgroup::
[2024-06-16T15:56:41.136+0000] {data_clean.py:14} INFO - starting data cleaning process
[2024-06-16T15:56:41.195+0000] {logging_mixin.py:188} WARNING - /opt/***/dags/dataload/processing/data_clean.py:16 FutureWarning: Passing literal json to 'read_json' is deprecated and will be removed in a future version. To read from a literal string, wrap it in a 'StringIO' object.
[2024-06-16T15:56:41.617+0000] {data_clean.py:30} INFO - saving cleaned data to csv
[2024-06-16T15:56:42.433+0000] {data_clean.py:34} INFO - successfully saved data to csv
[2024-06-16T15:56:42.434+0000] {data_clean.py:39} ERROR - error performing data cleaning operation
[2024-06-16T15:56:42.435+0000] {taskinstance.py:441} INFO - ::group::Post task execution logs
[2024-06-16T15:56:42.435+0000] {taskinstance.py:2905} ERROR - Task failed with exception
Traceback (most recent call last):
  File "/home/airflow/.local/lib/python3.10/site-packages/airflow/models/taskinstance.py", line 465, in _execute_task
    result = _execute_callable(context=context, **execute_callable_kwargs)
  File "/home/airflow/.local/lib/python3.10/site-packages/airflow/models/taskinstance.py", line 432, in _execute_callable
    return execute_callable(context=context, **execute_callable_kwargs)
  File "/home/airflow/.local/lib/python3.10/site-packages/airflow/models/baseoperator.py", line 401, in wrapper
    return func(self, *args, **kwargs)
  File "/home/airflow/.local/lib/python3.10/site-packages/airflow/decorators/base.py", line 265, in execute
    return_value = super().execute(context)
  File "/home/airflow/.local/lib/python3.10/site-packages/airflow/models/baseoperator.py", line 401, in wrapper
    return func(self, *args, **kwargs)
  File "/home/airflow/.local/lib/python3.10/site-packages/airflow/operators/python.py", line 235, in execute
    return_value = self.execute_callable()
  File "/home/airflow/.local/lib/python3.10/site-packages/airflow/operators/python.py", line 252, in execute_callable
    return self.python_callable(*self.op_args, **self.op_kwargs)
  File "/opt/airflow/dags/dataload/processing/data_clean.py", line 36, in data_cleaning
    return clean_data.columns.to_json()
AttributeError: 'Index' object has no attribute 'to_json'
[2024-06-16T15:56:42.463+0000] {taskinstance.py:1206} INFO - Marking task as UP_FOR_RETRY. dag_id=Air_pollution_data_pipeline, task_id=data_cleaning, run_id=manual__2024-06-16T15:56:25+00:00, execution_date=20240616T155625, start_date=20240616T155640, end_date=20240616T155642
[2024-06-16T15:56:42.549+0000] {standard_task_runner.py:110} ERROR - Failed to execute job 54 for task data_cleaning ('Index' object has no attribute 'to_json'; 528)
[2024-06-16T15:56:42.605+0000] {local_task_job_runner.py:240} INFO - Task exited with return code 1
[2024-06-16T15:56:42.741+0000] {taskinstance.py:3503} INFO - 0 downstream tasks scheduled from follow-on schedule check
[2024-06-16T15:56:42.746+0000] {local_task_job_runner.py:222} INFO - ::endgroup::
