[2024-06-17T15:30:28.316+0000] {local_task_job_runner.py:120} INFO - ::group::Pre task execution logs
[2024-06-17T15:30:28.487+0000] {taskinstance.py:2076} INFO - Dependencies all met for dep_context=non-requeueable deps ti=<TaskInstance: Air_pollution_data_pipeline.create_table manual__2024-06-17T15:30:20+00:00 [queued]>
[2024-06-17T15:30:28.511+0000] {taskinstance.py:2076} INFO - Dependencies all met for dep_context=requeueable deps ti=<TaskInstance: Air_pollution_data_pipeline.create_table manual__2024-06-17T15:30:20+00:00 [queued]>
[2024-06-17T15:30:28.513+0000] {taskinstance.py:2306} INFO - Starting attempt 1 of 6
[2024-06-17T15:30:28.570+0000] {taskinstance.py:2330} INFO - Executing <Task(_PythonDecoratedOperator): create_table> on 2024-06-17 15:30:20+00:00
[2024-06-17T15:30:28.595+0000] {standard_task_runner.py:63} INFO - Started process 4478 to run task
[2024-06-17T15:30:28.606+0000] {standard_task_runner.py:90} INFO - Running: ['***', 'tasks', 'run', 'Air_pollution_data_pipeline', 'create_table', 'manual__2024-06-17T15:30:20+00:00', '--job-id', '1011', '--raw', '--subdir', 'DAGS_FOLDER/main.py', '--cfg-path', '/tmp/tmp2zpy4dhl']
[2024-06-17T15:30:28.632+0000] {standard_task_runner.py:91} INFO - Job 1011: Subtask create_table
[2024-06-17T15:30:28.891+0000] {task_command.py:426} INFO - Running <TaskInstance: Air_pollution_data_pipeline.create_table manual__2024-06-17T15:30:20+00:00 [running]> on host fa4d239664b0
[2024-06-17T15:30:29.085+0000] {taskinstance.py:2648} INFO - Exporting env vars: AIRFLOW_CTX_DAG_OWNER='khalid' AIRFLOW_CTX_DAG_ID='Air_pollution_data_pipeline' AIRFLOW_CTX_TASK_ID='create_table' AIRFLOW_CTX_EXECUTION_DATE='2024-06-17T15:30:20+00:00' AIRFLOW_CTX_TRY_NUMBER='1' AIRFLOW_CTX_DAG_RUN_ID='manual__2024-06-17T15:30:20+00:00'
[2024-06-17T15:30:29.087+0000] {taskinstance.py:430} INFO - ::endgroup::
[2024-06-17T15:30:29.088+0000] {create_table.py:57} INFO - creating table
[2024-06-17T15:30:29.090+0000] {baseoperator.py:400} WARNING - SQLExecuteQueryOperator.execute cannot be called outside TaskInstance!
[2024-06-17T15:30:29.091+0000] {sql.py:276} INFO - Executing: 
        CREATE TABLE IF NOT EXISTS emission (
            Entity VARCHAR(100),
            Code VARCHAR(100),
            Year INT,
            "Nitrogen_oxide_NOx" DECIMAL(10, 5), 
            "Sulphur_dioxide_SO_emissions" DECIMAL(10, 5), 
            "Carbon_monoxide_CO_emissions" DECIMAL(10, 5), 
            "Organic_carbon_OC_emissions" DECIMAL(10, 5), 
            "Non_methane_volatile_organic_compounds_NMVOC_emissions" DECIMAL(10, 5), 
            "Black_carbon_BC_emissions" DECIMAL(10, 5),
            "Ammonia_NH_emissions" DECIMAL(10, 5)
        );

[2024-06-17T15:30:29.106+0000] {base.py:84} INFO - Using connection ID 'postgres_localhost' for task execution.
[2024-06-17T15:30:29.121+0000] {base.py:84} INFO - Using connection ID 'postgres_localhost' for task execution.
[2024-06-17T15:30:29.127+0000] {sql.py:487} INFO - Running statement: 
        CREATE TABLE IF NOT EXISTS emission (
            Entity VARCHAR(100),
            Code VARCHAR(100),
            Year INT,
            "Nitrogen_oxide_NOx" DECIMAL(10, 5), 
            "Sulphur_dioxide_SO_emissions" DECIMAL(10, 5), 
            "Carbon_monoxide_CO_emissions" DECIMAL(10, 5), 
            "Organic_carbon_OC_emissions" DECIMAL(10, 5), 
            "Non_methane_volatile_organic_compounds_NMVOC_emissions" DECIMAL(10, 5), 
            "Black_carbon_BC_emissions" DECIMAL(10, 5),
            "Ammonia_NH_emissions" DECIMAL(10, 5)
        );
, parameters: None
[2024-06-17T15:30:29.131+0000] {create_table.py:65} INFO - successfully create table
[2024-06-17T15:30:29.132+0000] {create_table.py:57} INFO - creating table
[2024-06-17T15:30:29.133+0000] {baseoperator.py:400} WARNING - SQLExecuteQueryOperator.execute cannot be called outside TaskInstance!
[2024-06-17T15:30:29.133+0000] {sql.py:276} INFO - Executing: 
        CREATE TABLE IF NOT EXISTS avg_emission (
            Year INT,
            "Nitrogen_oxide_NOx" DECIMAL(10, 5), 
            "Sulphur_dioxide_SO_emissions" DECIMAL(10, 5), 
            "Carbon_monoxide_CO_emissions" DECIMAL(10, 5), 
            "Organic_carbon_OC_emissions" DECIMAL(10, 5), 
            "Non_methane_volatile_organic_compounds_NMVOC_emissions" DECIMAL(10, 5), 
            "Black_carbon_BC_emissions" DECIMAL(10, 5),
            "Ammonia_NH_emissions" DECIMAL(10, 5)
        );

[2024-06-17T15:30:29.141+0000] {base.py:84} INFO - Using connection ID 'postgres_localhost' for task execution.
[2024-06-17T15:30:29.150+0000] {base.py:84} INFO - Using connection ID 'postgres_localhost' for task execution.
[2024-06-17T15:30:29.154+0000] {sql.py:487} INFO - Running statement: 
        CREATE TABLE IF NOT EXISTS avg_emission (
            Year INT,
            "Nitrogen_oxide_NOx" DECIMAL(10, 5), 
            "Sulphur_dioxide_SO_emissions" DECIMAL(10, 5), 
            "Carbon_monoxide_CO_emissions" DECIMAL(10, 5), 
            "Organic_carbon_OC_emissions" DECIMAL(10, 5), 
            "Non_methane_volatile_organic_compounds_NMVOC_emissions" DECIMAL(10, 5), 
            "Black_carbon_BC_emissions" DECIMAL(10, 5),
            "Ammonia_NH_emissions" DECIMAL(10, 5)
        );
, parameters: None
[2024-06-17T15:30:29.156+0000] {create_table.py:65} INFO - successfully create table
[2024-06-17T15:30:29.157+0000] {create_table.py:57} INFO - creating table
[2024-06-17T15:30:29.158+0000] {baseoperator.py:400} WARNING - SQLExecuteQueryOperator.execute cannot be called outside TaskInstance!
[2024-06-17T15:30:29.158+0000] {sql.py:276} INFO - Executing: 
        CREATE TABLE IF NOT EXISTS emission_summary_stats (
            Year INT,
            summary_stats VARCHAR(100),
            "Nitrogen_oxide_NOx" DECIMAL(10, 5), 
            "Sulphur_dioxide_SO_emissions" DECIMAL(10, 5), 
            "Carbon_monoxide_CO_emissions" DECIMAL(10, 5), 
            "Organic_carbon_OC_emissions" DECIMAL(10, 5), 
            "Non_methane_volatile_organic_compounds_NMVOC_emissions" DECIMAL(10, 5), 
            "Black_carbon_BC_emissions" DECIMAL(10, 5),
            "Ammonia_NH_emissions" DECIMAL(10, 5)
        );

[2024-06-17T15:30:29.167+0000] {base.py:84} INFO - Using connection ID 'postgres_localhost' for task execution.
[2024-06-17T15:30:29.178+0000] {base.py:84} INFO - Using connection ID 'postgres_localhost' for task execution.
[2024-06-17T15:30:29.184+0000] {sql.py:487} INFO - Running statement: 
        CREATE TABLE IF NOT EXISTS emission_summary_stats (
            Year INT,
            summary_stats VARCHAR(100),
            "Nitrogen_oxide_NOx" DECIMAL(10, 5), 
            "Sulphur_dioxide_SO_emissions" DECIMAL(10, 5), 
            "Carbon_monoxide_CO_emissions" DECIMAL(10, 5), 
            "Organic_carbon_OC_emissions" DECIMAL(10, 5), 
            "Non_methane_volatile_organic_compounds_NMVOC_emissions" DECIMAL(10, 5), 
            "Black_carbon_BC_emissions" DECIMAL(10, 5),
            "Ammonia_NH_emissions" DECIMAL(10, 5)
        );
, parameters: None
[2024-06-17T15:30:29.186+0000] {create_table.py:65} INFO - successfully create table
[2024-06-17T15:30:29.187+0000] {python.py:237} INFO - Done. Returned value was: None
[2024-06-17T15:30:29.188+0000] {taskinstance.py:441} INFO - ::group::Post task execution logs
[2024-06-17T15:30:29.204+0000] {taskinstance.py:1206} INFO - Marking task as SUCCESS. dag_id=Air_pollution_data_pipeline, task_id=create_table, run_id=manual__2024-06-17T15:30:20+00:00, execution_date=20240617T153020, start_date=20240617T153028, end_date=20240617T153029
[2024-06-17T15:30:29.272+0000] {local_task_job_runner.py:240} INFO - Task exited with return code 0
[2024-06-17T15:30:29.314+0000] {taskinstance.py:3503} INFO - 0 downstream tasks scheduled from follow-on schedule check
[2024-06-17T15:30:29.320+0000] {local_task_job_runner.py:222} INFO - ::endgroup::
