[2024-06-16T17:43:15.470+0000] {local_task_job_runner.py:120} INFO - ::group::Pre task execution logs
[2024-06-16T17:43:15.522+0000] {taskinstance.py:2076} INFO - Dependencies all met for dep_context=non-requeueable deps ti=<TaskInstance: Air_pollution_data_pipeline.create_table manual__2024-06-16T17:43:10+00:00 [queued]>
[2024-06-16T17:43:15.545+0000] {taskinstance.py:2076} INFO - Dependencies all met for dep_context=requeueable deps ti=<TaskInstance: Air_pollution_data_pipeline.create_table manual__2024-06-16T17:43:10+00:00 [queued]>
[2024-06-16T17:43:15.546+0000] {taskinstance.py:2306} INFO - Starting attempt 1 of 6
[2024-06-16T17:43:15.590+0000] {taskinstance.py:2330} INFO - Executing <Task(_PythonDecoratedOperator): create_table> on 2024-06-16 17:43:10+00:00
[2024-06-16T17:43:15.609+0000] {standard_task_runner.py:63} INFO - Started process 5039 to run task
[2024-06-16T17:43:15.630+0000] {standard_task_runner.py:90} INFO - Running: ['***', 'tasks', 'run', 'Air_pollution_data_pipeline', 'create_table', 'manual__2024-06-16T17:43:10+00:00', '--job-id', '499', '--raw', '--subdir', 'DAGS_FOLDER/main.py', '--cfg-path', '/tmp/tmp20y9s6tg']
[2024-06-16T17:43:15.641+0000] {standard_task_runner.py:91} INFO - Job 499: Subtask create_table
[2024-06-16T17:43:16.113+0000] {task_command.py:426} INFO - Running <TaskInstance: Air_pollution_data_pipeline.create_table manual__2024-06-16T17:43:10+00:00 [running]> on host 333385971b19
[2024-06-16T17:43:16.453+0000] {taskinstance.py:2648} INFO - Exporting env vars: AIRFLOW_CTX_DAG_OWNER='khalid' AIRFLOW_CTX_DAG_ID='Air_pollution_data_pipeline' AIRFLOW_CTX_TASK_ID='create_table' AIRFLOW_CTX_EXECUTION_DATE='2024-06-16T17:43:10+00:00' AIRFLOW_CTX_TRY_NUMBER='1' AIRFLOW_CTX_DAG_RUN_ID='manual__2024-06-16T17:43:10+00:00'
[2024-06-16T17:43:16.455+0000] {taskinstance.py:430} INFO - ::endgroup::
[2024-06-16T17:43:16.457+0000] {create_table.py:57} INFO - creating table
[2024-06-16T17:43:16.468+0000] {baseoperator.py:400} WARNING - SQLExecuteQueryOperator.execute cannot be called outside TaskInstance!
[2024-06-16T17:43:16.469+0000] {sql.py:276} INFO - Executing: 
        CREATE TABLE IF NOT EXISTS emission (
            Entity VARCHAR(100),
            Code VARCHAR(100),
            Year INT,
            "Nitrogen oxide (NOx)" DECIMAL(10, 5), 
            "Sulphur dioxide (SO) emissions" DECIMAL(10, 5), 
            "Carbon monoxide (CO) emissions" DECIMAL(10, 5), 
            "Organic carbon (OC) emissions" DECIMAL(10, 5), 
            "Non-methane volatile organic compounds (NMVOC) emissions" DECIMAL(10, 5), 
            "Black carbon (BC) emissions" DECIMAL(10, 5),
            "Ammonia (NH3) emissions" DECIMAL(10, 5)
        );

[2024-06-16T17:43:16.488+0000] {base.py:84} INFO - Using connection ID 'postgres_localhost' for task execution.
[2024-06-16T17:43:16.523+0000] {base.py:84} INFO - Using connection ID 'postgres_localhost' for task execution.
[2024-06-16T17:43:16.561+0000] {sql.py:487} INFO - Running statement: 
        CREATE TABLE IF NOT EXISTS emission (
            Entity VARCHAR(100),
            Code VARCHAR(100),
            Year INT,
            "Nitrogen oxide (NOx)" DECIMAL(10, 5), 
            "Sulphur dioxide (SO) emissions" DECIMAL(10, 5), 
            "Carbon monoxide (CO) emissions" DECIMAL(10, 5), 
            "Organic carbon (OC) emissions" DECIMAL(10, 5), 
            "Non-methane volatile organic compounds (NMVOC) emissions" DECIMAL(10, 5), 
            "Black carbon (BC) emissions" DECIMAL(10, 5),
            "Ammonia (NH3) emissions" DECIMAL(10, 5)
        );
, parameters: None
[2024-06-16T17:43:16.567+0000] {create_table.py:65} INFO - successfully create table
[2024-06-16T17:43:16.568+0000] {create_table.py:57} INFO - creating table
[2024-06-16T17:43:16.569+0000] {baseoperator.py:400} WARNING - SQLExecuteQueryOperator.execute cannot be called outside TaskInstance!
[2024-06-16T17:43:16.569+0000] {sql.py:276} INFO - Executing: 
        CREATE TABLE IF NOT EXISTS avg_emission (
            Year INT,
            "Nitrogen oxide (NOx)" DECIMAL(10, 5), 
            "Sulphur dioxide (SO) emissions" DECIMAL(10, 5), 
            "Carbon monoxide (CO) emissions" DECIMAL(10, 5), 
            "Organic carbon (OC) emissions" DECIMAL(10, 5), 
            "Non-methane volatile organic compounds (NMVOC) emissions" DECIMAL(10, 5), 
            "Black carbon (BC) emissions" DECIMAL(10, 5),
            "Ammonia (NH3) emissions" DECIMAL(10, 5)
        );

[2024-06-16T17:43:16.580+0000] {base.py:84} INFO - Using connection ID 'postgres_localhost' for task execution.
[2024-06-16T17:43:16.590+0000] {base.py:84} INFO - Using connection ID 'postgres_localhost' for task execution.
[2024-06-16T17:43:16.596+0000] {sql.py:487} INFO - Running statement: 
        CREATE TABLE IF NOT EXISTS avg_emission (
            Year INT,
            "Nitrogen oxide (NOx)" DECIMAL(10, 5), 
            "Sulphur dioxide (SO) emissions" DECIMAL(10, 5), 
            "Carbon monoxide (CO) emissions" DECIMAL(10, 5), 
            "Organic carbon (OC) emissions" DECIMAL(10, 5), 
            "Non-methane volatile organic compounds (NMVOC) emissions" DECIMAL(10, 5), 
            "Black carbon (BC) emissions" DECIMAL(10, 5),
            "Ammonia (NH3) emissions" DECIMAL(10, 5)
        );
, parameters: None
[2024-06-16T17:43:16.598+0000] {create_table.py:65} INFO - successfully create table
[2024-06-16T17:43:16.599+0000] {create_table.py:57} INFO - creating table
[2024-06-16T17:43:16.600+0000] {baseoperator.py:400} WARNING - SQLExecuteQueryOperator.execute cannot be called outside TaskInstance!
[2024-06-16T17:43:16.600+0000] {sql.py:276} INFO - Executing: 
        CREATE TABLE IF NOT EXISTS emission_summary_stats (
            Year INT,
            summary_stats VARCHAR(100),
            "Nitrogen oxide (NOx)" DECIMAL(10, 5), 
            "Sulphur dioxide (SO) emissions" DECIMAL(10, 5), 
            "Carbon monoxide (CO) emissions" DECIMAL(10, 5), 
            "Organic carbon (OC) emissions" DECIMAL(10, 5), 
            "Non-methane volatile organic compounds (NMVOC) emissions" DECIMAL(10, 5), 
            "Black carbon (BC) emissions" DECIMAL(10, 5),
            "Ammonia (NH3) emissions" DECIMAL(10, 5)
        );

[2024-06-16T17:43:16.610+0000] {base.py:84} INFO - Using connection ID 'postgres_localhost' for task execution.
[2024-06-16T17:43:16.628+0000] {base.py:84} INFO - Using connection ID 'postgres_localhost' for task execution.
[2024-06-16T17:43:16.635+0000] {sql.py:487} INFO - Running statement: 
        CREATE TABLE IF NOT EXISTS emission_summary_stats (
            Year INT,
            summary_stats VARCHAR(100),
            "Nitrogen oxide (NOx)" DECIMAL(10, 5), 
            "Sulphur dioxide (SO) emissions" DECIMAL(10, 5), 
            "Carbon monoxide (CO) emissions" DECIMAL(10, 5), 
            "Organic carbon (OC) emissions" DECIMAL(10, 5), 
            "Non-methane volatile organic compounds (NMVOC) emissions" DECIMAL(10, 5), 
            "Black carbon (BC) emissions" DECIMAL(10, 5),
            "Ammonia (NH3) emissions" DECIMAL(10, 5)
        );
, parameters: None
[2024-06-16T17:43:16.637+0000] {create_table.py:65} INFO - successfully create table
[2024-06-16T17:43:16.638+0000] {python.py:237} INFO - Done. Returned value was: None
[2024-06-16T17:43:16.639+0000] {taskinstance.py:441} INFO - ::group::Post task execution logs
[2024-06-16T17:43:16.691+0000] {taskinstance.py:1206} INFO - Marking task as SUCCESS. dag_id=Air_pollution_data_pipeline, task_id=create_table, run_id=manual__2024-06-16T17:43:10+00:00, execution_date=20240616T174310, start_date=20240616T174315, end_date=20240616T174316
[2024-06-16T17:43:16.768+0000] {local_task_job_runner.py:240} INFO - Task exited with return code 0
[2024-06-16T17:43:16.803+0000] {taskinstance.py:3503} INFO - 0 downstream tasks scheduled from follow-on schedule check
[2024-06-16T17:43:16.806+0000] {local_task_job_runner.py:222} INFO - ::endgroup::
