[2024-06-17T04:13:03.148+0000] {local_task_job_runner.py:120} INFO - ::group::Pre task execution logs
[2024-06-17T04:13:03.232+0000] {taskinstance.py:2076} INFO - Dependencies all met for dep_context=non-requeueable deps ti=<TaskInstance: Air_pollution_data_pipeline.visualization manual__2024-06-17T04:12:37+00:00 [queued]>
[2024-06-17T04:13:03.257+0000] {taskinstance.py:2076} INFO - Dependencies all met for dep_context=requeueable deps ti=<TaskInstance: Air_pollution_data_pipeline.visualization manual__2024-06-17T04:12:37+00:00 [queued]>
[2024-06-17T04:13:03.258+0000] {taskinstance.py:2306} INFO - Starting attempt 1 of 6
[2024-06-17T04:13:03.294+0000] {taskinstance.py:2330} INFO - Executing <Task(_PythonDecoratedOperator): visualization> on 2024-06-17 04:12:37+00:00
[2024-06-17T04:13:03.307+0000] {standard_task_runner.py:63} INFO - Started process 1101 to run task
[2024-06-17T04:13:03.321+0000] {standard_task_runner.py:90} INFO - Running: ['***', 'tasks', 'run', 'Air_pollution_data_pipeline', 'visualization', 'manual__2024-06-17T04:12:37+00:00', '--job-id', '185', '--raw', '--subdir', 'DAGS_FOLDER/main.py', '--cfg-path', '/tmp/tmp5mogsgur']
[2024-06-17T04:13:03.330+0000] {standard_task_runner.py:91} INFO - Job 185: Subtask visualization
[2024-06-17T04:13:03.477+0000] {task_command.py:426} INFO - Running <TaskInstance: Air_pollution_data_pipeline.visualization manual__2024-06-17T04:12:37+00:00 [running]> on host fa4d239664b0
[2024-06-17T04:13:03.744+0000] {taskinstance.py:2648} INFO - Exporting env vars: AIRFLOW_CTX_DAG_OWNER='khalid' AIRFLOW_CTX_DAG_ID='Air_pollution_data_pipeline' AIRFLOW_CTX_TASK_ID='visualization' AIRFLOW_CTX_EXECUTION_DATE='2024-06-17T04:12:37+00:00' AIRFLOW_CTX_TRY_NUMBER='1' AIRFLOW_CTX_DAG_RUN_ID='manual__2024-06-17T04:12:37+00:00'
[2024-06-17T04:13:03.746+0000] {taskinstance.py:430} INFO - ::endgroup::
[2024-06-17T04:13:03.748+0000] {visualization.py:12} INFO - starting data visualization
[2024-06-17T04:13:03.764+0000] {logging_mixin.py:188} WARNING - /opt/***/dags/statistical_analysis/visualization.py:15 FutureWarning: Passing literal json to 'read_json' is deprecated and will be removed in a future version. To read from a literal string, wrap it in a 'StringIO' object.
[2024-06-17T04:13:03.764+0000] {visualization.py:31} ERROR - error visualizing data
Traceback (most recent call last):
  File "/opt/airflow/dags/statistical_analysis/visualization.py", line 15, in visualization
    val_data = pd.read_json(val_data)
  File "/home/airflow/.local/lib/python3.10/site-packages/pandas/io/json/_json.py", line 815, in read_json
    return json_reader.read()
  File "/home/airflow/.local/lib/python3.10/site-packages/pandas/io/json/_json.py", line 1025, in read
    obj = self._get_object_parser(self.data)
  File "/home/airflow/.local/lib/python3.10/site-packages/pandas/io/json/_json.py", line 1051, in _get_object_parser
    obj = FrameParser(json, **kwargs).parse()
  File "/home/airflow/.local/lib/python3.10/site-packages/pandas/io/json/_json.py", line 1187, in parse
    self._parse()
  File "/home/airflow/.local/lib/python3.10/site-packages/pandas/io/json/_json.py", line 1403, in _parse
    ujson_loads(json, precise_float=self.precise_float), dtype=None
ValueError: Expected object or value
[2024-06-17T04:13:03.766+0000] {python.py:237} INFO - Done. Returned value was: None
[2024-06-17T04:13:03.767+0000] {taskinstance.py:441} INFO - ::group::Post task execution logs
[2024-06-17T04:13:03.784+0000] {taskinstance.py:1206} INFO - Marking task as SUCCESS. dag_id=Air_pollution_data_pipeline, task_id=visualization, run_id=manual__2024-06-17T04:12:37+00:00, execution_date=20240617T041237, start_date=20240617T041303, end_date=20240617T041303
[2024-06-17T04:13:03.853+0000] {local_task_job_runner.py:240} INFO - Task exited with return code 0
[2024-06-17T04:13:03.871+0000] {local_task_job_runner.py:222} INFO - ::endgroup::
