[2024-06-13T23:16:03.311+0000] {local_task_job_runner.py:120} INFO - ::group::Pre task execution logs
[2024-06-13T23:16:03.367+0000] {taskinstance.py:2076} INFO - Dependencies all met for dep_context=non-requeueable deps ti=<TaskInstance: Air_pollution_data_pipeline.load_data scheduled__2024-06-02T00:00:00+00:00 [queued]>
[2024-06-13T23:16:03.384+0000] {taskinstance.py:2076} INFO - Dependencies all met for dep_context=requeueable deps ti=<TaskInstance: Air_pollution_data_pipeline.load_data scheduled__2024-06-02T00:00:00+00:00 [queued]>
[2024-06-13T23:16:03.384+0000] {taskinstance.py:2306} INFO - Starting attempt 3 of 6
[2024-06-13T23:16:03.416+0000] {taskinstance.py:2330} INFO - Executing <Task(_PythonDecoratedOperator): load_data> on 2024-06-02 00:00:00+00:00
[2024-06-13T23:16:03.427+0000] {standard_task_runner.py:63} INFO - Started process 520 to run task
[2024-06-13T23:16:03.439+0000] {standard_task_runner.py:90} INFO - Running: ['***', 'tasks', 'run', 'Air_pollution_data_pipeline', 'load_data', 'scheduled__2024-06-02T00:00:00+00:00', '--job-id', '26', '--raw', '--subdir', 'DAGS_FOLDER/main.py', '--cfg-path', '/tmp/tmpyse4h_ml']
[2024-06-13T23:16:03.446+0000] {standard_task_runner.py:91} INFO - Job 26: Subtask load_data
[2024-06-13T23:16:03.586+0000] {task_command.py:426} INFO - Running <TaskInstance: Air_pollution_data_pipeline.load_data scheduled__2024-06-02T00:00:00+00:00 [running]> on host 1ebbf628611f
[2024-06-13T23:16:03.822+0000] {taskinstance.py:2648} INFO - Exporting env vars: AIRFLOW_CTX_DAG_OWNER='khalid' AIRFLOW_CTX_DAG_ID='Air_pollution_data_pipeline' AIRFLOW_CTX_TASK_ID='load_data' AIRFLOW_CTX_EXECUTION_DATE='2024-06-02T00:00:00+00:00' AIRFLOW_CTX_TRY_NUMBER='3' AIRFLOW_CTX_DAG_RUN_ID='scheduled__2024-06-02T00:00:00+00:00'
[2024-06-13T23:16:03.824+0000] {taskinstance.py:430} INFO - ::endgroup::
[2024-06-13T23:16:03.826+0000] {data_load.py:11} INFO - starting data extration from source
[2024-06-13T23:16:16.010+0000] {data_load.py:20} ERROR - error loading data to local drive
[2024-06-13T23:16:16.013+0000] {taskinstance.py:441} INFO - ::group::Post task execution logs
[2024-06-13T23:16:16.016+0000] {taskinstance.py:2905} ERROR - Task failed with exception
Traceback (most recent call last):
  File "/home/airflow/.local/lib/python3.10/site-packages/airflow/models/taskinstance.py", line 465, in _execute_task
    result = _execute_callable(context=context, **execute_callable_kwargs)
  File "/home/airflow/.local/lib/python3.10/site-packages/airflow/models/taskinstance.py", line 432, in _execute_callable
    return execute_callable(context=context, **execute_callable_kwargs)
  File "/home/airflow/.local/lib/python3.10/site-packages/airflow/models/baseoperator.py", line 401, in wrapper
    return func(self, *args, **kwargs)
  File "/home/airflow/.local/lib/python3.10/site-packages/airflow/decorators/base.py", line 265, in execute
    return_value = super().execute(context)
  File "/home/airflow/.local/lib/python3.10/site-packages/airflow/models/baseoperator.py", line 401, in wrapper
    return func(self, *args, **kwargs)
  File "/home/airflow/.local/lib/python3.10/site-packages/airflow/operators/python.py", line 235, in execute
    return_value = self.execute_callable()
  File "/home/airflow/.local/lib/python3.10/site-packages/airflow/operators/python.py", line 252, in execute_callable
    return self.python_callable(*self.op_args, **self.op_kwargs)
  File "/opt/airflow/dags/dataload/data_load.py", line 14, in load_data
    datadf.to_csv(f'{save_path}/emission_data.csv', index= False)
  File "/home/airflow/.local/lib/python3.10/site-packages/pandas/util/_decorators.py", line 333, in wrapper
    return func(*args, **kwargs)
  File "/home/airflow/.local/lib/python3.10/site-packages/pandas/core/generic.py", line 3967, in to_csv
    return DataFrameRenderer(formatter).to_csv(
  File "/home/airflow/.local/lib/python3.10/site-packages/pandas/io/formats/format.py", line 1014, in to_csv
    csv_formatter.save()
  File "/home/airflow/.local/lib/python3.10/site-packages/pandas/io/formats/csvs.py", line 251, in save
    with get_handle(
  File "/home/airflow/.local/lib/python3.10/site-packages/pandas/io/common.py", line 873, in get_handle
    handle = open(
PermissionError: [Errno 13] Permission denied: '/opt/airflow/save/emission_data.csv'
[2024-06-13T23:16:16.051+0000] {taskinstance.py:1206} INFO - Marking task as UP_FOR_RETRY. dag_id=Air_pollution_data_pipeline, task_id=load_data, run_id=scheduled__2024-06-02T00:00:00+00:00, execution_date=20240602T000000, start_date=20240613T231603, end_date=20240613T231616
[2024-06-13T23:16:16.095+0000] {standard_task_runner.py:110} ERROR - Failed to execute job 26 for task load_data ([Errno 13] Permission denied: '/opt/airflow/save/emission_data.csv'; 520)
[2024-06-13T23:16:16.160+0000] {local_task_job_runner.py:240} INFO - Task exited with return code 1
[2024-06-13T23:16:16.228+0000] {taskinstance.py:3503} INFO - 0 downstream tasks scheduled from follow-on schedule check
[2024-06-13T23:16:16.234+0000] {local_task_job_runner.py:222} INFO - ::endgroup::
[2024-06-14T09:56:31.105+0000] {local_task_job_runner.py:120} INFO - ::group::Pre task execution logs
[2024-06-14T09:56:31.202+0000] {taskinstance.py:2076} INFO - Dependencies all met for dep_context=non-requeueable deps ti=<TaskInstance: Air_pollution_data_pipeline.load_data scheduled__2024-06-02T00:00:00+00:00 [queued]>
[2024-06-14T09:56:31.263+0000] {taskinstance.py:2076} INFO - Dependencies all met for dep_context=requeueable deps ti=<TaskInstance: Air_pollution_data_pipeline.load_data scheduled__2024-06-02T00:00:00+00:00 [queued]>
[2024-06-14T09:56:31.272+0000] {taskinstance.py:2306} INFO - Starting attempt 3 of 6
[2024-06-14T09:56:31.389+0000] {taskinstance.py:2330} INFO - Executing <Task(_PythonDecoratedOperator): load_data> on 2024-06-02 00:00:00+00:00
[2024-06-14T09:56:31.437+0000] {standard_task_runner.py:63} INFO - Started process 426 to run task
[2024-06-14T09:56:31.476+0000] {standard_task_runner.py:90} INFO - Running: ['***', 'tasks', 'run', 'Air_pollution_data_pipeline', 'load_data', 'scheduled__2024-06-02T00:00:00+00:00', '--job-id', '39', '--raw', '--subdir', 'DAGS_FOLDER/main.py', '--cfg-path', '/tmp/tmplo1gq1_c']
[2024-06-14T09:56:31.493+0000] {standard_task_runner.py:91} INFO - Job 39: Subtask load_data
[2024-06-14T09:56:31.908+0000] {task_command.py:426} INFO - Running <TaskInstance: Air_pollution_data_pipeline.load_data scheduled__2024-06-02T00:00:00+00:00 [running]> on host 38d417aa145d
[2024-06-14T09:56:32.859+0000] {taskinstance.py:2648} INFO - Exporting env vars: AIRFLOW_CTX_DAG_OWNER='khalid' AIRFLOW_CTX_DAG_ID='Air_pollution_data_pipeline' AIRFLOW_CTX_TASK_ID='load_data' AIRFLOW_CTX_EXECUTION_DATE='2024-06-02T00:00:00+00:00' AIRFLOW_CTX_TRY_NUMBER='3' AIRFLOW_CTX_DAG_RUN_ID='scheduled__2024-06-02T00:00:00+00:00'
[2024-06-14T09:56:32.928+0000] {taskinstance.py:430} INFO - ::endgroup::
[2024-06-14T09:56:32.990+0000] {data_load.py:11} INFO - starting data extration from source
[2024-06-14T09:56:36.113+0000] {data_load.py:20} ERROR - error loading data to local drive
[2024-06-14T09:56:36.116+0000] {taskinstance.py:441} INFO - ::group::Post task execution logs
[2024-06-14T09:56:36.131+0000] {taskinstance.py:2905} ERROR - Task failed with exception
Traceback (most recent call last):
  File "/home/airflow/.local/lib/python3.10/site-packages/airflow/models/taskinstance.py", line 465, in _execute_task
    result = _execute_callable(context=context, **execute_callable_kwargs)
  File "/home/airflow/.local/lib/python3.10/site-packages/airflow/models/taskinstance.py", line 432, in _execute_callable
    return execute_callable(context=context, **execute_callable_kwargs)
  File "/home/airflow/.local/lib/python3.10/site-packages/airflow/models/baseoperator.py", line 401, in wrapper
    return func(self, *args, **kwargs)
  File "/home/airflow/.local/lib/python3.10/site-packages/airflow/decorators/base.py", line 265, in execute
    return_value = super().execute(context)
  File "/home/airflow/.local/lib/python3.10/site-packages/airflow/models/baseoperator.py", line 401, in wrapper
    return func(self, *args, **kwargs)
  File "/home/airflow/.local/lib/python3.10/site-packages/airflow/operators/python.py", line 235, in execute
    return_value = self.execute_callable()
  File "/home/airflow/.local/lib/python3.10/site-packages/airflow/operators/python.py", line 252, in execute_callable
    return self.python_callable(*self.op_args, **self.op_kwargs)
  File "/opt/airflow/dags/dataload/data_load.py", line 14, in load_data
    datadf.to_csv(f'{save_path}/emission_data.csv', index= False)
  File "/home/airflow/.local/lib/python3.10/site-packages/pandas/util/_decorators.py", line 333, in wrapper
    return func(*args, **kwargs)
  File "/home/airflow/.local/lib/python3.10/site-packages/pandas/core/generic.py", line 3967, in to_csv
    return DataFrameRenderer(formatter).to_csv(
  File "/home/airflow/.local/lib/python3.10/site-packages/pandas/io/formats/format.py", line 1014, in to_csv
    csv_formatter.save()
  File "/home/airflow/.local/lib/python3.10/site-packages/pandas/io/formats/csvs.py", line 251, in save
    with get_handle(
  File "/home/airflow/.local/lib/python3.10/site-packages/pandas/io/common.py", line 873, in get_handle
    handle = open(
PermissionError: [Errno 13] Permission denied: '/opt/airflow/save/emission_data.csv'
[2024-06-14T09:56:36.194+0000] {taskinstance.py:1206} INFO - Marking task as UP_FOR_RETRY. dag_id=Air_pollution_data_pipeline, task_id=load_data, run_id=scheduled__2024-06-02T00:00:00+00:00, execution_date=20240602T000000, start_date=20240614T095631, end_date=20240614T095636
[2024-06-14T09:56:36.363+0000] {standard_task_runner.py:110} ERROR - Failed to execute job 39 for task load_data ([Errno 13] Permission denied: '/opt/airflow/save/emission_data.csv'; 426)
[2024-06-14T09:56:36.436+0000] {local_task_job_runner.py:240} INFO - Task exited with return code 1
[2024-06-14T09:56:36.602+0000] {taskinstance.py:3503} INFO - 0 downstream tasks scheduled from follow-on schedule check
[2024-06-14T09:56:36.623+0000] {local_task_job_runner.py:222} INFO - ::endgroup::
[2024-06-14T10:06:36.499+0000] {local_task_job_runner.py:120} INFO - ::group::Pre task execution logs
[2024-06-14T10:06:36.697+0000] {taskinstance.py:2076} INFO - Dependencies all met for dep_context=non-requeueable deps ti=<TaskInstance: Air_pollution_data_pipeline.load_data scheduled__2024-06-02T00:00:00+00:00 [queued]>
[2024-06-14T10:06:36.731+0000] {taskinstance.py:2076} INFO - Dependencies all met for dep_context=requeueable deps ti=<TaskInstance: Air_pollution_data_pipeline.load_data scheduled__2024-06-02T00:00:00+00:00 [queued]>
[2024-06-14T10:06:36.734+0000] {taskinstance.py:2306} INFO - Starting attempt 3 of 6
[2024-06-14T10:06:37.411+0000] {taskinstance.py:2330} INFO - Executing <Task(_PythonDecoratedOperator): load_data> on 2024-06-02 00:00:00+00:00
[2024-06-14T10:06:37.545+0000] {standard_task_runner.py:63} INFO - Started process 428 to run task
[2024-06-14T10:06:37.578+0000] {standard_task_runner.py:90} INFO - Running: ['***', 'tasks', 'run', 'Air_pollution_data_pipeline', 'load_data', 'scheduled__2024-06-02T00:00:00+00:00', '--job-id', '38', '--raw', '--subdir', 'DAGS_FOLDER/main.py', '--cfg-path', '/tmp/tmp3upct9ze']
[2024-06-14T10:06:37.622+0000] {standard_task_runner.py:91} INFO - Job 38: Subtask load_data
[2024-06-14T10:06:38.278+0000] {task_command.py:426} INFO - Running <TaskInstance: Air_pollution_data_pipeline.load_data scheduled__2024-06-02T00:00:00+00:00 [running]> on host aad58c289bbe
[2024-06-14T10:06:39.069+0000] {taskinstance.py:2648} INFO - Exporting env vars: AIRFLOW_CTX_DAG_OWNER='khalid' AIRFLOW_CTX_DAG_ID='Air_pollution_data_pipeline' AIRFLOW_CTX_TASK_ID='load_data' AIRFLOW_CTX_EXECUTION_DATE='2024-06-02T00:00:00+00:00' AIRFLOW_CTX_TRY_NUMBER='3' AIRFLOW_CTX_DAG_RUN_ID='scheduled__2024-06-02T00:00:00+00:00'
[2024-06-14T10:06:39.073+0000] {taskinstance.py:430} INFO - ::endgroup::
[2024-06-14T10:06:39.075+0000] {data_load.py:11} INFO - starting data extration from source
[2024-06-14T10:06:42.937+0000] {data_load.py:20} ERROR - error loading data to local drive
[2024-06-14T10:06:42.938+0000] {taskinstance.py:441} INFO - ::group::Post task execution logs
[2024-06-14T10:06:42.939+0000] {taskinstance.py:2905} ERROR - Task failed with exception
Traceback (most recent call last):
  File "/home/airflow/.local/lib/python3.10/site-packages/airflow/models/taskinstance.py", line 465, in _execute_task
    result = _execute_callable(context=context, **execute_callable_kwargs)
  File "/home/airflow/.local/lib/python3.10/site-packages/airflow/models/taskinstance.py", line 432, in _execute_callable
    return execute_callable(context=context, **execute_callable_kwargs)
  File "/home/airflow/.local/lib/python3.10/site-packages/airflow/models/baseoperator.py", line 401, in wrapper
    return func(self, *args, **kwargs)
  File "/home/airflow/.local/lib/python3.10/site-packages/airflow/decorators/base.py", line 265, in execute
    return_value = super().execute(context)
  File "/home/airflow/.local/lib/python3.10/site-packages/airflow/models/baseoperator.py", line 401, in wrapper
    return func(self, *args, **kwargs)
  File "/home/airflow/.local/lib/python3.10/site-packages/airflow/operators/python.py", line 235, in execute
    return_value = self.execute_callable()
  File "/home/airflow/.local/lib/python3.10/site-packages/airflow/operators/python.py", line 252, in execute_callable
    return self.python_callable(*self.op_args, **self.op_kwargs)
  File "/opt/airflow/dags/dataload/data_load.py", line 14, in load_data
    datadf.to_csv(f'{save_path}/emission_data.csv', index= False)
  File "/home/airflow/.local/lib/python3.10/site-packages/pandas/util/_decorators.py", line 333, in wrapper
    return func(*args, **kwargs)
  File "/home/airflow/.local/lib/python3.10/site-packages/pandas/core/generic.py", line 3967, in to_csv
    return DataFrameRenderer(formatter).to_csv(
  File "/home/airflow/.local/lib/python3.10/site-packages/pandas/io/formats/format.py", line 1014, in to_csv
    csv_formatter.save()
  File "/home/airflow/.local/lib/python3.10/site-packages/pandas/io/formats/csvs.py", line 251, in save
    with get_handle(
  File "/home/airflow/.local/lib/python3.10/site-packages/pandas/io/common.py", line 873, in get_handle
    handle = open(
PermissionError: [Errno 13] Permission denied: '/opt/airflow/save/emission_data.csv'
[2024-06-14T10:06:42.977+0000] {taskinstance.py:1206} INFO - Marking task as UP_FOR_RETRY. dag_id=Air_pollution_data_pipeline, task_id=load_data, run_id=scheduled__2024-06-02T00:00:00+00:00, execution_date=20240602T000000, start_date=20240614T100636, end_date=20240614T100642
[2024-06-14T10:06:43.040+0000] {standard_task_runner.py:110} ERROR - Failed to execute job 38 for task load_data ([Errno 13] Permission denied: '/opt/airflow/save/emission_data.csv'; 428)
[2024-06-14T10:06:43.102+0000] {local_task_job_runner.py:240} INFO - Task exited with return code 1
[2024-06-14T10:06:43.149+0000] {local_task_job_runner.py:222} INFO - ::endgroup::
[2024-06-14T11:40:24.698+0000] {local_task_job_runner.py:120} INFO - ::group::Pre task execution logs
[2024-06-14T11:40:24.763+0000] {taskinstance.py:2076} INFO - Dependencies all met for dep_context=non-requeueable deps ti=<TaskInstance: Air_pollution_data_pipeline.load_data scheduled__2024-06-02T00:00:00+00:00 [queued]>
[2024-06-14T11:40:24.784+0000] {taskinstance.py:2076} INFO - Dependencies all met for dep_context=requeueable deps ti=<TaskInstance: Air_pollution_data_pipeline.load_data scheduled__2024-06-02T00:00:00+00:00 [queued]>
[2024-06-14T11:40:24.785+0000] {taskinstance.py:2306} INFO - Starting attempt 3 of 6
[2024-06-14T11:40:24.813+0000] {taskinstance.py:2330} INFO - Executing <Task(_PythonDecoratedOperator): load_data> on 2024-06-02 00:00:00+00:00
[2024-06-14T11:40:24.823+0000] {standard_task_runner.py:63} INFO - Started process 435 to run task
[2024-06-14T11:40:24.832+0000] {standard_task_runner.py:90} INFO - Running: ['***', 'tasks', 'run', 'Air_pollution_data_pipeline', 'load_data', 'scheduled__2024-06-02T00:00:00+00:00', '--job-id', '36', '--raw', '--subdir', 'DAGS_FOLDER/main.py', '--cfg-path', '/tmp/tmpmsenfwzw']
[2024-06-14T11:40:24.837+0000] {standard_task_runner.py:91} INFO - Job 36: Subtask load_data
[2024-06-14T11:40:25.037+0000] {task_command.py:426} INFO - Running <TaskInstance: Air_pollution_data_pipeline.load_data scheduled__2024-06-02T00:00:00+00:00 [running]> on host 077b299c21d5
[2024-06-14T11:40:25.368+0000] {taskinstance.py:2648} INFO - Exporting env vars: AIRFLOW_CTX_DAG_OWNER='khalid' AIRFLOW_CTX_DAG_ID='Air_pollution_data_pipeline' AIRFLOW_CTX_TASK_ID='load_data' AIRFLOW_CTX_EXECUTION_DATE='2024-06-02T00:00:00+00:00' AIRFLOW_CTX_TRY_NUMBER='3' AIRFLOW_CTX_DAG_RUN_ID='scheduled__2024-06-02T00:00:00+00:00'
[2024-06-14T11:40:25.371+0000] {taskinstance.py:430} INFO - ::endgroup::
[2024-06-14T11:40:25.373+0000] {data_load.py:11} INFO - starting data extration from source
[2024-06-14T11:40:28.363+0000] {data_load.py:20} ERROR - error loading data to local drive
[2024-06-14T11:40:28.369+0000] {taskinstance.py:441} INFO - ::group::Post task execution logs
[2024-06-14T11:40:28.386+0000] {taskinstance.py:2905} ERROR - Task failed with exception
Traceback (most recent call last):
  File "/home/airflow/.local/lib/python3.10/site-packages/airflow/models/taskinstance.py", line 465, in _execute_task
    result = _execute_callable(context=context, **execute_callable_kwargs)
  File "/home/airflow/.local/lib/python3.10/site-packages/airflow/models/taskinstance.py", line 432, in _execute_callable
    return execute_callable(context=context, **execute_callable_kwargs)
  File "/home/airflow/.local/lib/python3.10/site-packages/airflow/models/baseoperator.py", line 401, in wrapper
    return func(self, *args, **kwargs)
  File "/home/airflow/.local/lib/python3.10/site-packages/airflow/decorators/base.py", line 265, in execute
    return_value = super().execute(context)
  File "/home/airflow/.local/lib/python3.10/site-packages/airflow/models/baseoperator.py", line 401, in wrapper
    return func(self, *args, **kwargs)
  File "/home/airflow/.local/lib/python3.10/site-packages/airflow/operators/python.py", line 235, in execute
    return_value = self.execute_callable()
  File "/home/airflow/.local/lib/python3.10/site-packages/airflow/operators/python.py", line 252, in execute_callable
    return self.python_callable(*self.op_args, **self.op_kwargs)
  File "/opt/airflow/dags/dataload/data_load.py", line 14, in load_data
    datadf.to_csv(f'{save_path}/emission_data.csv', index= False)
  File "/home/airflow/.local/lib/python3.10/site-packages/pandas/util/_decorators.py", line 333, in wrapper
    return func(*args, **kwargs)
  File "/home/airflow/.local/lib/python3.10/site-packages/pandas/core/generic.py", line 3967, in to_csv
    return DataFrameRenderer(formatter).to_csv(
  File "/home/airflow/.local/lib/python3.10/site-packages/pandas/io/formats/format.py", line 1014, in to_csv
    csv_formatter.save()
  File "/home/airflow/.local/lib/python3.10/site-packages/pandas/io/formats/csvs.py", line 251, in save
    with get_handle(
  File "/home/airflow/.local/lib/python3.10/site-packages/pandas/io/common.py", line 873, in get_handle
    handle = open(
PermissionError: [Errno 13] Permission denied: '/opt/airflow/save/emission_data.csv'
[2024-06-14T11:40:28.502+0000] {taskinstance.py:1206} INFO - Marking task as UP_FOR_RETRY. dag_id=Air_pollution_data_pipeline, task_id=load_data, run_id=scheduled__2024-06-02T00:00:00+00:00, execution_date=20240602T000000, start_date=20240614T114024, end_date=20240614T114028
[2024-06-14T11:40:29.418+0000] {standard_task_runner.py:110} ERROR - Failed to execute job 36 for task load_data ([Errno 13] Permission denied: '/opt/airflow/save/emission_data.csv'; 435)
[2024-06-14T11:40:29.462+0000] {local_task_job_runner.py:240} INFO - Task exited with return code 1
[2024-06-14T11:40:29.573+0000] {taskinstance.py:3503} INFO - 0 downstream tasks scheduled from follow-on schedule check
[2024-06-14T11:40:29.585+0000] {local_task_job_runner.py:222} INFO - ::endgroup::
