[2024-06-18T16:09:54.183+0000] {local_task_job_runner.py:120} INFO - ::group::Pre task execution logs
[2024-06-18T16:09:54.297+0000] {taskinstance.py:2076} INFO - Dependencies all met for dep_context=non-requeueable deps ti=<TaskInstance: Air_pollution_data_pipeline.create_table manual__2024-06-18T16:09:46+00:00 [queued]>
[2024-06-18T16:09:54.339+0000] {taskinstance.py:2076} INFO - Dependencies all met for dep_context=requeueable deps ti=<TaskInstance: Air_pollution_data_pipeline.create_table manual__2024-06-18T16:09:46+00:00 [queued]>
[2024-06-18T16:09:54.340+0000] {taskinstance.py:2306} INFO - Starting attempt 1 of 6
[2024-06-18T16:09:54.400+0000] {taskinstance.py:2330} INFO - Executing <Task(_PythonDecoratedOperator): create_table> on 2024-06-18 16:09:46+00:00
[2024-06-18T16:09:54.433+0000] {standard_task_runner.py:63} INFO - Started process 4498 to run task
[2024-06-18T16:09:54.464+0000] {standard_task_runner.py:90} INFO - Running: ['***', 'tasks', 'run', 'Air_pollution_data_pipeline', 'create_table', 'manual__2024-06-18T16:09:46+00:00', '--job-id', '118', '--raw', '--subdir', 'DAGS_FOLDER/main.py', '--cfg-path', '/tmp/tmprwc6uyik']
[2024-06-18T16:09:54.469+0000] {standard_task_runner.py:91} INFO - Job 118: Subtask create_table
[2024-06-18T16:09:54.831+0000] {task_command.py:426} INFO - Running <TaskInstance: Air_pollution_data_pipeline.create_table manual__2024-06-18T16:09:46+00:00 [running]> on host dc6d39ed067c
[2024-06-18T16:09:55.205+0000] {taskinstance.py:2648} INFO - Exporting env vars: AIRFLOW_CTX_DAG_OWNER='khalid' AIRFLOW_CTX_DAG_ID='Air_pollution_data_pipeline' AIRFLOW_CTX_TASK_ID='create_table' AIRFLOW_CTX_EXECUTION_DATE='2024-06-18T16:09:46+00:00' AIRFLOW_CTX_TRY_NUMBER='1' AIRFLOW_CTX_DAG_RUN_ID='manual__2024-06-18T16:09:46+00:00'
[2024-06-18T16:09:55.215+0000] {taskinstance.py:430} INFO - ::endgroup::
[2024-06-18T16:09:55.221+0000] {create_table.py:71} INFO - creating table
[2024-06-18T16:09:55.229+0000] {baseoperator.py:400} WARNING - SQLExecuteQueryOperator.execute cannot be called outside TaskInstance!
[2024-06-18T16:09:55.230+0000] {sql.py:276} INFO - Executing: 
        CREATE TABLE IF NOT EXISTS emission (
            Entity VARCHAR(100),
            Code VARCHAR(100),
            Year INT,
            "Nitrogen_oxide_NOx" FLOAT, 
            "Sulphur_dioxide_SO_emissions" FLOAT, 
            "Carbon_monoxide_CO_emissions" FLOAT, 
            "Organic_carbon_OC_emissions" FLOAT, 
            "Non_methane_volatile_organic_compounds_NMVOC_emissions" FLOAT, 
            "Black_carbon_BC_emissions" FLOAT,
            "Ammonia_NH_emissions" FLOAT
        );

[2024-06-18T16:09:55.256+0000] {base.py:84} INFO - Using connection ID 'postgres_localhost' for task execution.
[2024-06-18T16:09:55.301+0000] {base.py:84} INFO - Using connection ID 'postgres_localhost' for task execution.
[2024-06-18T16:09:55.312+0000] {sql.py:487} INFO - Running statement: 
        CREATE TABLE IF NOT EXISTS emission (
            Entity VARCHAR(100),
            Code VARCHAR(100),
            Year INT,
            "Nitrogen_oxide_NOx" FLOAT, 
            "Sulphur_dioxide_SO_emissions" FLOAT, 
            "Carbon_monoxide_CO_emissions" FLOAT, 
            "Organic_carbon_OC_emissions" FLOAT, 
            "Non_methane_volatile_organic_compounds_NMVOC_emissions" FLOAT, 
            "Black_carbon_BC_emissions" FLOAT,
            "Ammonia_NH_emissions" FLOAT
        );
, parameters: None
[2024-06-18T16:09:55.317+0000] {create_table.py:79} INFO - successfully create table
[2024-06-18T16:09:55.317+0000] {create_table.py:71} INFO - creating table
[2024-06-18T16:09:55.319+0000] {baseoperator.py:400} WARNING - SQLExecuteQueryOperator.execute cannot be called outside TaskInstance!
[2024-06-18T16:09:55.320+0000] {sql.py:276} INFO - Executing: 
        CREATE TABLE IF NOT EXISTS avg_emission (
            Year INT,
            "Nitrogen_oxide_NOx" FLOAT, 
            "Sulphur_dioxide_SO_emissions" FLOAT, 
            "Carbon_monoxide_CO_emissions" FLOAT, 
            "Organic_carbon_OC_emissions" FLOAT, 
            "Non_methane_volatile_organic_compounds_NMVOC_emissions" FLOAT, 
            "Black_carbon_BC_emissions" FLOAT,
            "Ammonia_NH_emissions" FLOAT
        );

[2024-06-18T16:09:55.337+0000] {base.py:84} INFO - Using connection ID 'postgres_localhost' for task execution.
[2024-06-18T16:09:55.350+0000] {base.py:84} INFO - Using connection ID 'postgres_localhost' for task execution.
[2024-06-18T16:09:55.358+0000] {sql.py:487} INFO - Running statement: 
        CREATE TABLE IF NOT EXISTS avg_emission (
            Year INT,
            "Nitrogen_oxide_NOx" FLOAT, 
            "Sulphur_dioxide_SO_emissions" FLOAT, 
            "Carbon_monoxide_CO_emissions" FLOAT, 
            "Organic_carbon_OC_emissions" FLOAT, 
            "Non_methane_volatile_organic_compounds_NMVOC_emissions" FLOAT, 
            "Black_carbon_BC_emissions" FLOAT,
            "Ammonia_NH_emissions" FLOAT
        );
, parameters: None
[2024-06-18T16:09:55.359+0000] {create_table.py:79} INFO - successfully create table
[2024-06-18T16:09:55.360+0000] {create_table.py:71} INFO - creating table
[2024-06-18T16:09:55.361+0000] {baseoperator.py:400} WARNING - SQLExecuteQueryOperator.execute cannot be called outside TaskInstance!
[2024-06-18T16:09:55.362+0000] {sql.py:276} INFO - Executing: 
        CREATE TABLE IF NOT EXISTS emission_summary_stats (
            Year INT,
            summary_stats VARCHAR(100),
            "Nitrogen_oxide_NOx" FLOAT, 
            "Sulphur_dioxide_SO_emissions" FLOAT, 
            "Carbon_monoxide_CO_emissions" FLOAT, 
            "Organic_carbon_OC_emissions" FLOAT, 
            "Non_methane_volatile_organic_compounds_NMVOC_emissions" FLOAT, 
            "Black_carbon_BC_emissions" FLOAT,
            "Ammonia_NH_emissions" FLOAT
        );

[2024-06-18T16:09:55.374+0000] {base.py:84} INFO - Using connection ID 'postgres_localhost' for task execution.
[2024-06-18T16:09:55.394+0000] {base.py:84} INFO - Using connection ID 'postgres_localhost' for task execution.
[2024-06-18T16:09:55.401+0000] {sql.py:487} INFO - Running statement: 
        CREATE TABLE IF NOT EXISTS emission_summary_stats (
            Year INT,
            summary_stats VARCHAR(100),
            "Nitrogen_oxide_NOx" FLOAT, 
            "Sulphur_dioxide_SO_emissions" FLOAT, 
            "Carbon_monoxide_CO_emissions" FLOAT, 
            "Organic_carbon_OC_emissions" FLOAT, 
            "Non_methane_volatile_organic_compounds_NMVOC_emissions" FLOAT, 
            "Black_carbon_BC_emissions" FLOAT,
            "Ammonia_NH_emissions" FLOAT
        );
, parameters: None
[2024-06-18T16:09:55.404+0000] {create_table.py:79} INFO - successfully create table
[2024-06-18T16:09:55.405+0000] {python.py:237} INFO - Done. Returned value was: None
[2024-06-18T16:09:55.406+0000] {taskinstance.py:441} INFO - ::group::Post task execution logs
[2024-06-18T16:09:55.426+0000] {taskinstance.py:1206} INFO - Marking task as SUCCESS. dag_id=Air_pollution_data_pipeline, task_id=create_table, run_id=manual__2024-06-18T16:09:46+00:00, execution_date=20240618T160946, start_date=20240618T160954, end_date=20240618T160955
[2024-06-18T16:09:55.475+0000] {local_task_job_runner.py:240} INFO - Task exited with return code 0
[2024-06-18T16:09:55.541+0000] {taskinstance.py:3503} INFO - 0 downstream tasks scheduled from follow-on schedule check
[2024-06-18T16:09:55.548+0000] {local_task_job_runner.py:222} INFO - ::endgroup::
