[2024-06-17T13:24:46.381+0000] {local_task_job_runner.py:120} INFO - ::group::Pre task execution logs
[2024-06-17T13:24:46.443+0000] {taskinstance.py:2076} INFO - Dependencies all met for dep_context=non-requeueable deps ti=<TaskInstance: Air_pollution_data_pipeline.create_table manual__2024-06-17T13:24:40+00:00 [queued]>
[2024-06-17T13:24:46.462+0000] {taskinstance.py:2076} INFO - Dependencies all met for dep_context=requeueable deps ti=<TaskInstance: Air_pollution_data_pipeline.create_table manual__2024-06-17T13:24:40+00:00 [queued]>
[2024-06-17T13:24:46.462+0000] {taskinstance.py:2306} INFO - Starting attempt 1 of 6
[2024-06-17T13:24:46.495+0000] {taskinstance.py:2330} INFO - Executing <Task(_PythonDecoratedOperator): create_table> on 2024-06-17 13:24:40+00:00
[2024-06-17T13:24:46.507+0000] {standard_task_runner.py:63} INFO - Started process 1254 to run task
[2024-06-17T13:24:46.516+0000] {standard_task_runner.py:90} INFO - Running: ['***', 'tasks', 'run', 'Air_pollution_data_pipeline', 'create_table', 'manual__2024-06-17T13:24:40+00:00', '--job-id', '916', '--raw', '--subdir', 'DAGS_FOLDER/main.py', '--cfg-path', '/tmp/tmp0v9bmwvv']
[2024-06-17T13:24:46.526+0000] {standard_task_runner.py:91} INFO - Job 916: Subtask create_table
[2024-06-17T13:24:46.671+0000] {task_command.py:426} INFO - Running <TaskInstance: Air_pollution_data_pipeline.create_table manual__2024-06-17T13:24:40+00:00 [running]> on host fa4d239664b0
[2024-06-17T13:24:46.982+0000] {taskinstance.py:2648} INFO - Exporting env vars: AIRFLOW_CTX_DAG_OWNER='khalid' AIRFLOW_CTX_DAG_ID='Air_pollution_data_pipeline' AIRFLOW_CTX_TASK_ID='create_table' AIRFLOW_CTX_EXECUTION_DATE='2024-06-17T13:24:40+00:00' AIRFLOW_CTX_TRY_NUMBER='1' AIRFLOW_CTX_DAG_RUN_ID='manual__2024-06-17T13:24:40+00:00'
[2024-06-17T13:24:46.985+0000] {taskinstance.py:430} INFO - ::endgroup::
[2024-06-17T13:24:46.987+0000] {create_table.py:57} INFO - creating table
[2024-06-17T13:24:46.990+0000] {baseoperator.py:400} WARNING - SQLExecuteQueryOperator.execute cannot be called outside TaskInstance!
[2024-06-17T13:24:46.992+0000] {sql.py:276} INFO - Executing: 
        CREATE TABLE IF NOT EXISTS emission (
            Entity VARCHAR(100),
            Code VARCHAR(100),
            Year INT,
            "Nitrogen_oxide_NOx" DECIMAL(10, 5), 
            "Sulphur_dioxide_SO_emissions" DECIMAL(10, 5), 
            "Carbon_monoxide_CO_emissions" DECIMAL(10, 5), 
            "Organic_carbon_OC_emissions" DECIMAL(10, 5), 
            "Non_methane_volatile_organic_compounds_NMVOC_emissions" DECIMAL(10, 5), 
            "Black_carbon_BC_emissions" DECIMAL(10, 5),
            "Ammonia_NH_emissions" DECIMAL(10, 5)
        );

[2024-06-17T13:24:47.015+0000] {base.py:84} INFO - Using connection ID 'postgres_localhost' for task execution.
[2024-06-17T13:24:47.033+0000] {base.py:84} INFO - Using connection ID 'postgres_localhost' for task execution.
[2024-06-17T13:24:47.040+0000] {sql.py:487} INFO - Running statement: 
        CREATE TABLE IF NOT EXISTS emission (
            Entity VARCHAR(100),
            Code VARCHAR(100),
            Year INT,
            "Nitrogen_oxide_NOx" DECIMAL(10, 5), 
            "Sulphur_dioxide_SO_emissions" DECIMAL(10, 5), 
            "Carbon_monoxide_CO_emissions" DECIMAL(10, 5), 
            "Organic_carbon_OC_emissions" DECIMAL(10, 5), 
            "Non_methane_volatile_organic_compounds_NMVOC_emissions" DECIMAL(10, 5), 
            "Black_carbon_BC_emissions" DECIMAL(10, 5),
            "Ammonia_NH_emissions" DECIMAL(10, 5)
        );
, parameters: None
[2024-06-17T13:24:47.043+0000] {create_table.py:65} INFO - successfully create table
[2024-06-17T13:24:47.044+0000] {create_table.py:57} INFO - creating table
[2024-06-17T13:24:47.045+0000] {baseoperator.py:400} WARNING - SQLExecuteQueryOperator.execute cannot be called outside TaskInstance!
[2024-06-17T13:24:47.046+0000] {sql.py:276} INFO - Executing: 
        CREATE TABLE IF NOT EXISTS avg_emission (
            Year INT,
            "Nitrogen_oxide_NOx" DECIMAL(10, 5), 
            "Sulphur_dioxide_SO_emissions" DECIMAL(10, 5), 
            "Carbon_monoxide_CO_emissions" DECIMAL(10, 5), 
            "Organic_carbon_OC_emissions" DECIMAL(10, 5), 
            "Non_methane_volatile_organic_compounds_NMVOC_emissions" DECIMAL(10, 5), 
            "Black_carbon_BC_emissions" DECIMAL(10, 5),
            "Ammonia_NH_emissions" DECIMAL(10, 5)
        );

[2024-06-17T13:24:47.057+0000] {base.py:84} INFO - Using connection ID 'postgres_localhost' for task execution.
[2024-06-17T13:24:47.069+0000] {base.py:84} INFO - Using connection ID 'postgres_localhost' for task execution.
[2024-06-17T13:24:47.077+0000] {sql.py:487} INFO - Running statement: 
        CREATE TABLE IF NOT EXISTS avg_emission (
            Year INT,
            "Nitrogen_oxide_NOx" DECIMAL(10, 5), 
            "Sulphur_dioxide_SO_emissions" DECIMAL(10, 5), 
            "Carbon_monoxide_CO_emissions" DECIMAL(10, 5), 
            "Organic_carbon_OC_emissions" DECIMAL(10, 5), 
            "Non_methane_volatile_organic_compounds_NMVOC_emissions" DECIMAL(10, 5), 
            "Black_carbon_BC_emissions" DECIMAL(10, 5),
            "Ammonia_NH_emissions" DECIMAL(10, 5)
        );
, parameters: None
[2024-06-17T13:24:47.079+0000] {create_table.py:65} INFO - successfully create table
[2024-06-17T13:24:47.080+0000] {create_table.py:57} INFO - creating table
[2024-06-17T13:24:47.082+0000] {baseoperator.py:400} WARNING - SQLExecuteQueryOperator.execute cannot be called outside TaskInstance!
[2024-06-17T13:24:47.082+0000] {sql.py:276} INFO - Executing: 
        CREATE TABLE IF NOT EXISTS emission_summary_stats (
            Year INT,
            summary_stats VARCHAR(100),
            "Nitrogen_oxide_NOx" DECIMAL(10, 5), 
            "Sulphur_dioxide_SO_emissions" DECIMAL(10, 5), 
            "Carbon_monoxide_CO_emissions" DECIMAL(10, 5), 
            "Organic_carbon_OC_emissions" DECIMAL(10, 5), 
            "Non_methane_volatile_organic_compounds_NMVOC_emissions" DECIMAL(10, 5), 
            "Black_carbon_BC_emissions" DECIMAL(10, 5),
            "Ammonia_NH_emissions" DECIMAL(10, 5)
        );

[2024-06-17T13:24:47.097+0000] {base.py:84} INFO - Using connection ID 'postgres_localhost' for task execution.
[2024-06-17T13:24:47.114+0000] {base.py:84} INFO - Using connection ID 'postgres_localhost' for task execution.
[2024-06-17T13:24:47.126+0000] {sql.py:487} INFO - Running statement: 
        CREATE TABLE IF NOT EXISTS emission_summary_stats (
            Year INT,
            summary_stats VARCHAR(100),
            "Nitrogen_oxide_NOx" DECIMAL(10, 5), 
            "Sulphur_dioxide_SO_emissions" DECIMAL(10, 5), 
            "Carbon_monoxide_CO_emissions" DECIMAL(10, 5), 
            "Organic_carbon_OC_emissions" DECIMAL(10, 5), 
            "Non_methane_volatile_organic_compounds_NMVOC_emissions" DECIMAL(10, 5), 
            "Black_carbon_BC_emissions" DECIMAL(10, 5),
            "Ammonia_NH_emissions" DECIMAL(10, 5)
        );
, parameters: None
[2024-06-17T13:24:47.128+0000] {create_table.py:65} INFO - successfully create table
[2024-06-17T13:24:47.129+0000] {python.py:237} INFO - Done. Returned value was: None
[2024-06-17T13:24:47.130+0000] {taskinstance.py:441} INFO - ::group::Post task execution logs
[2024-06-17T13:24:47.148+0000] {taskinstance.py:1206} INFO - Marking task as SUCCESS. dag_id=Air_pollution_data_pipeline, task_id=create_table, run_id=manual__2024-06-17T13:24:40+00:00, execution_date=20240617T132440, start_date=20240617T132446, end_date=20240617T132447
[2024-06-17T13:24:47.222+0000] {local_task_job_runner.py:240} INFO - Task exited with return code 0
[2024-06-17T13:24:47.269+0000] {taskinstance.py:3503} INFO - 0 downstream tasks scheduled from follow-on schedule check
[2024-06-17T13:24:47.273+0000] {local_task_job_runner.py:222} INFO - ::endgroup::
