[2024-06-16T20:31:32.431+0000] {local_task_job_runner.py:120} INFO - ::group::Pre task execution logs
[2024-06-16T20:31:32.535+0000] {taskinstance.py:2076} INFO - Dependencies all met for dep_context=non-requeueable deps ti=<TaskInstance: Air_pollution_data_pipeline.data_cleaning manual__2024-06-16T20:31:15+00:00 [queued]>
[2024-06-16T20:31:32.597+0000] {taskinstance.py:2076} INFO - Dependencies all met for dep_context=requeueable deps ti=<TaskInstance: Air_pollution_data_pipeline.data_cleaning manual__2024-06-16T20:31:15+00:00 [queued]>
[2024-06-16T20:31:32.598+0000] {taskinstance.py:2306} INFO - Starting attempt 1 of 6
[2024-06-16T20:31:32.857+0000] {taskinstance.py:2330} INFO - Executing <Task(_PythonDecoratedOperator): data_cleaning> on 2024-06-16 20:31:15+00:00
[2024-06-16T20:31:32.870+0000] {standard_task_runner.py:63} INFO - Started process 8451 to run task
[2024-06-16T20:31:32.885+0000] {standard_task_runner.py:90} INFO - Running: ['***', 'tasks', 'run', 'Air_pollution_data_pipeline', 'data_cleaning', 'manual__2024-06-16T20:31:15+00:00', '--job-id', '879', '--raw', '--subdir', 'DAGS_FOLDER/main.py', '--cfg-path', '/tmp/tmpm_hr7g67']
[2024-06-16T20:31:32.894+0000] {standard_task_runner.py:91} INFO - Job 879: Subtask data_cleaning
[2024-06-16T20:31:33.025+0000] {task_command.py:426} INFO - Running <TaskInstance: Air_pollution_data_pipeline.data_cleaning manual__2024-06-16T20:31:15+00:00 [running]> on host 333385971b19
[2024-06-16T20:31:33.822+0000] {taskinstance.py:2648} INFO - Exporting env vars: AIRFLOW_CTX_DAG_OWNER='khalid' AIRFLOW_CTX_DAG_ID='Air_pollution_data_pipeline' AIRFLOW_CTX_TASK_ID='data_cleaning' AIRFLOW_CTX_EXECUTION_DATE='2024-06-16T20:31:15+00:00' AIRFLOW_CTX_TRY_NUMBER='1' AIRFLOW_CTX_DAG_RUN_ID='manual__2024-06-16T20:31:15+00:00'
[2024-06-16T20:31:33.824+0000] {taskinstance.py:430} INFO - ::endgroup::
[2024-06-16T20:31:33.826+0000] {data_clean.py:15} INFO - starting data cleaning process
[2024-06-16T20:31:33.918+0000] {logging_mixin.py:188} WARNING - /opt/***/dags/dataload/processing/data_clean.py:17 FutureWarning: Passing literal json to 'read_json' is deprecated and will be removed in a future version. To read from a literal string, wrap it in a 'StringIO' object.
[2024-06-16T20:31:34.929+0000] {data_clean.py:34} INFO - saving cleaned data to csv
[2024-06-16T20:31:35.871+0000] {data_clean.py:38} INFO - successfully saved data to csv
[2024-06-16T20:31:35.874+0000] {python.py:237} INFO - Done. Returned value was:             Entity Code  ...  Black_carbon_BC_emissions  Ammonia_NH_emissions
0      Afghanistan  AFG  ...                  1633.0308             7681.0464
1      Afghanistan  AFG  ...                  1699.5359             8000.8574
2      Afghanistan  AFG  ...                  1768.5956             8333.9610
3      Afghanistan  AFG  ...                  1840.2854             8680.9060
4      Afghanistan  AFG  ...                  1914.6805             9042.2660
...            ...  ...  ...                        ...                   ...
48220     Zimbabwe  ZWE  ...                 32050.9020           124543.0160
48221     Zimbabwe  ZWE  ...                 32552.8750           127205.2700
48222     Zimbabwe  ZWE  ...                 32467.2950           129910.9300
48223     Zimbabwe  ZWE  ...                 33174.6050           132651.4800
48224     Zimbabwe  ZWE  ...                 33231.3200           134480.5800

[45717 rows x 10 columns]
[2024-06-16T20:31:35.962+0000] {taskinstance.py:441} INFO - ::group::Post task execution logs
[2024-06-16T20:31:41.754+0000] {taskinstance.py:1206} INFO - Marking task as SUCCESS. dag_id=Air_pollution_data_pipeline, task_id=data_cleaning, run_id=manual__2024-06-16T20:31:15+00:00, execution_date=20240616T203115, start_date=20240616T203132, end_date=20240616T203141
[2024-06-16T20:31:41.813+0000] {local_task_job_runner.py:240} INFO - Task exited with return code 0
[2024-06-16T20:31:41.874+0000] {taskinstance.py:3503} INFO - 1 downstream tasks scheduled from follow-on schedule check
[2024-06-16T20:31:41.879+0000] {local_task_job_runner.py:222} INFO - ::endgroup::
