[2024-06-19T20:13:42.736+0000] {local_task_job_runner.py:120} INFO - ::group::Pre task execution logs
[2024-06-19T20:13:42.902+0000] {taskinstance.py:2076} INFO - Dependencies all met for dep_context=non-requeueable deps ti=<TaskInstance: Air_pollution_data_pipeline.create_table scheduled__2024-06-18T00:00:00+00:00 [queued]>
[2024-06-19T20:13:42.936+0000] {taskinstance.py:2076} INFO - Dependencies all met for dep_context=requeueable deps ti=<TaskInstance: Air_pollution_data_pipeline.create_table scheduled__2024-06-18T00:00:00+00:00 [queued]>
[2024-06-19T20:13:42.938+0000] {taskinstance.py:2306} INFO - Starting attempt 5 of 6
[2024-06-19T20:13:42.974+0000] {taskinstance.py:2330} INFO - Executing <Task(_PythonDecoratedOperator): create_table> on 2024-06-18 00:00:00+00:00
[2024-06-19T20:13:42.998+0000] {standard_task_runner.py:63} INFO - Started process 698 to run task
[2024-06-19T20:13:43.049+0000] {standard_task_runner.py:90} INFO - Running: ['***', 'tasks', 'run', 'Air_pollution_data_pipeline', 'create_table', 'scheduled__2024-06-18T00:00:00+00:00', '--job-id', '67', '--raw', '--subdir', 'DAGS_FOLDER/main.py', '--cfg-path', '/tmp/tmp9aqf4rp3']
[2024-06-19T20:13:43.078+0000] {standard_task_runner.py:91} INFO - Job 67: Subtask create_table
[2024-06-19T20:13:43.788+0000] {task_command.py:426} INFO - Running <TaskInstance: Air_pollution_data_pipeline.create_table scheduled__2024-06-18T00:00:00+00:00 [running]> on host 0bfb368fa6be
[2024-06-19T20:13:45.507+0000] {taskinstance.py:2648} INFO - Exporting env vars: AIRFLOW_CTX_DAG_OWNER='khalid' AIRFLOW_CTX_DAG_ID='Air_pollution_data_pipeline' AIRFLOW_CTX_TASK_ID='create_table' AIRFLOW_CTX_EXECUTION_DATE='2024-06-18T00:00:00+00:00' AIRFLOW_CTX_TRY_NUMBER='5' AIRFLOW_CTX_DAG_RUN_ID='scheduled__2024-06-18T00:00:00+00:00'
[2024-06-19T20:13:45.534+0000] {taskinstance.py:430} INFO - ::endgroup::
[2024-06-19T20:13:45.536+0000] {create_table.py:71} INFO - creating table
[2024-06-19T20:13:45.549+0000] {baseoperator.py:400} WARNING - SQLExecuteQueryOperator.execute cannot be called outside TaskInstance!
[2024-06-19T20:13:45.549+0000] {sql.py:276} INFO - Executing: 
        CREATE TABLE IF NOT EXISTS emission (
            Entity VARCHAR(100),
            Code VARCHAR(100),
            Year INT,
            Nitrogen_oxide_NOx FLOAT, 
            Sulphur_dioxide_SO_emissions FLOAT, 
            Carbon_monoxide_CO_emissions FLOAT, 
            Organic_carbon_OC_emissions FLOAT, 
            Non_methane_volatile_organic_compounds_NMVOC_emissions FLOAT, 
            Black_carbon_BC_emissions FLOAT,
            Ammonia_NH_emissions FLOAT
        );

[2024-06-19T20:13:45.709+0000] {base.py:84} INFO - Using connection ID 'postgres_localhost' for task execution.
[2024-06-19T20:13:45.882+0000] {base.py:84} INFO - Using connection ID 'postgres_localhost' for task execution.
[2024-06-19T20:13:45.919+0000] {sql.py:487} INFO - Running statement: 
        CREATE TABLE IF NOT EXISTS emission (
            Entity VARCHAR(100),
            Code VARCHAR(100),
            Year INT,
            Nitrogen_oxide_NOx FLOAT, 
            Sulphur_dioxide_SO_emissions FLOAT, 
            Carbon_monoxide_CO_emissions FLOAT, 
            Organic_carbon_OC_emissions FLOAT, 
            Non_methane_volatile_organic_compounds_NMVOC_emissions FLOAT, 
            Black_carbon_BC_emissions FLOAT,
            Ammonia_NH_emissions FLOAT
        );
, parameters: None
[2024-06-19T20:13:45.929+0000] {create_table.py:79} INFO - successfully create table
[2024-06-19T20:13:45.931+0000] {create_table.py:71} INFO - creating table
[2024-06-19T20:13:45.933+0000] {baseoperator.py:400} WARNING - SQLExecuteQueryOperator.execute cannot be called outside TaskInstance!
[2024-06-19T20:13:45.938+0000] {sql.py:276} INFO - Executing: 
        CREATE TABLE IF NOT EXISTS avg_emission (
            Year INT,
            Nitrogen_oxide_NOx FLOAT, 
            Sulphur_dioxide_SO_emissions FLOAT, 
            Carbon_monoxide_CO_emissions FLOAT, 
            Organic_carbon_OC_emissions FLOAT, 
            Non_methane_volatile_organic_compounds_NMVOC_emissions FLOAT, 
            Black_carbon_BC_emissions FLOAT,
            Ammonia_NH_emissions FLOAT
        );

[2024-06-19T20:13:45.961+0000] {base.py:84} INFO - Using connection ID 'postgres_localhost' for task execution.
[2024-06-19T20:13:45.992+0000] {base.py:84} INFO - Using connection ID 'postgres_localhost' for task execution.
[2024-06-19T20:13:46.179+0000] {sql.py:487} INFO - Running statement: 
        CREATE TABLE IF NOT EXISTS avg_emission (
            Year INT,
            Nitrogen_oxide_NOx FLOAT, 
            Sulphur_dioxide_SO_emissions FLOAT, 
            Carbon_monoxide_CO_emissions FLOAT, 
            Organic_carbon_OC_emissions FLOAT, 
            Non_methane_volatile_organic_compounds_NMVOC_emissions FLOAT, 
            Black_carbon_BC_emissions FLOAT,
            Ammonia_NH_emissions FLOAT
        );
, parameters: None
[2024-06-19T20:13:46.190+0000] {create_table.py:79} INFO - successfully create table
[2024-06-19T20:13:46.210+0000] {create_table.py:71} INFO - creating table
[2024-06-19T20:13:46.212+0000] {baseoperator.py:400} WARNING - SQLExecuteQueryOperator.execute cannot be called outside TaskInstance!
[2024-06-19T20:13:46.213+0000] {sql.py:276} INFO - Executing: 
        CREATE TABLE IF NOT EXISTS emission_summary_stats (
            Year INT,
            summary_stats VARCHAR(100),
            Nitrogen_oxide_NOx FLOAT, 
            Sulphur_dioxide_SO_emissions FLOAT, 
            Carbon_monoxide_CO_emissions FLOAT, 
            Organic_carbon_OC_emissions FLOAT, 
            Non_methane_volatile_organic_compounds_NMVOC_emissions FLOAT, 
            Black_carbon_BC_emissions FLOAT,
            Ammonia_NH_emissions FLOAT
        );

[2024-06-19T20:13:46.417+0000] {base.py:84} INFO - Using connection ID 'postgres_localhost' for task execution.
[2024-06-19T20:13:46.492+0000] {base.py:84} INFO - Using connection ID 'postgres_localhost' for task execution.
[2024-06-19T20:13:46.658+0000] {sql.py:487} INFO - Running statement: 
        CREATE TABLE IF NOT EXISTS emission_summary_stats (
            Year INT,
            summary_stats VARCHAR(100),
            Nitrogen_oxide_NOx FLOAT, 
            Sulphur_dioxide_SO_emissions FLOAT, 
            Carbon_monoxide_CO_emissions FLOAT, 
            Organic_carbon_OC_emissions FLOAT, 
            Non_methane_volatile_organic_compounds_NMVOC_emissions FLOAT, 
            Black_carbon_BC_emissions FLOAT,
            Ammonia_NH_emissions FLOAT
        );
, parameters: None
[2024-06-19T20:13:46.671+0000] {create_table.py:79} INFO - successfully create table
[2024-06-19T20:13:46.686+0000] {python.py:237} INFO - Done. Returned value was: None
[2024-06-19T20:13:46.695+0000] {taskinstance.py:441} INFO - ::group::Post task execution logs
[2024-06-19T20:13:47.257+0000] {taskinstance.py:1206} INFO - Marking task as SUCCESS. dag_id=Air_pollution_data_pipeline, task_id=create_table, run_id=scheduled__2024-06-18T00:00:00+00:00, execution_date=20240618T000000, start_date=20240619T201342, end_date=20240619T201347
[2024-06-19T20:13:48.055+0000] {local_task_job_runner.py:240} INFO - Task exited with return code 0
[2024-06-19T20:13:48.968+0000] {local_task_job_runner.py:222} INFO - ::endgroup::
