[2024-06-16T00:20:22.933+0000] {local_task_job_runner.py:120} INFO - ::group::Pre task execution logs
[2024-06-16T00:20:23.045+0000] {taskinstance.py:2076} INFO - Dependencies all met for dep_context=non-requeueable deps ti=<TaskInstance: Air_pollution_data_pipeline.insert_into_db_table manual__2024-06-16T00:15:29+00:00 [queued]>
[2024-06-16T00:20:23.082+0000] {taskinstance.py:2076} INFO - Dependencies all met for dep_context=requeueable deps ti=<TaskInstance: Air_pollution_data_pipeline.insert_into_db_table manual__2024-06-16T00:15:29+00:00 [queued]>
[2024-06-16T00:20:23.083+0000] {taskinstance.py:2306} INFO - Starting attempt 3 of 6
[2024-06-16T00:20:23.118+0000] {taskinstance.py:2330} INFO - Executing <Task(_PythonDecoratedOperator): insert_into_db_table> on 2024-06-16 00:15:29+00:00
[2024-06-16T00:20:23.130+0000] {standard_task_runner.py:63} INFO - Started process 3988 to run task
[2024-06-16T00:20:23.137+0000] {standard_task_runner.py:90} INFO - Running: ['***', 'tasks', 'run', 'Air_pollution_data_pipeline', 'insert_into_db_table', 'manual__2024-06-16T00:15:29+00:00', '--job-id', '116', '--raw', '--subdir', 'DAGS_FOLDER/main.py', '--cfg-path', '/tmp/tmp63a3l444']
[2024-06-16T00:20:23.148+0000] {standard_task_runner.py:91} INFO - Job 116: Subtask insert_into_db_table
[2024-06-16T00:20:23.236+0000] {task_command.py:426} INFO - Running <TaskInstance: Air_pollution_data_pipeline.insert_into_db_table manual__2024-06-16T00:15:29+00:00 [running]> on host 6e26965f02f1
[2024-06-16T00:20:23.681+0000] {taskinstance.py:2648} INFO - Exporting env vars: AIRFLOW_CTX_DAG_OWNER='khalid' AIRFLOW_CTX_DAG_ID='Air_pollution_data_pipeline' AIRFLOW_CTX_TASK_ID='insert_into_db_table' AIRFLOW_CTX_EXECUTION_DATE='2024-06-16T00:15:29+00:00' AIRFLOW_CTX_TRY_NUMBER='3' AIRFLOW_CTX_DAG_RUN_ID='manual__2024-06-16T00:15:29+00:00'
[2024-06-16T00:20:23.683+0000] {taskinstance.py:430} INFO - ::endgroup::
[2024-06-16T00:20:23.736+0000] {logging_mixin.py:188} WARNING - /opt/***/dags/database/populate_db.py:26 FutureWarning: Passing literal json to 'read_json' is deprecated and will be removed in a future version. To read from a literal string, wrap it in a 'StringIO' object.
[2024-06-16T00:20:24.216+0000] {populate_db.py:36} INFO - Inserting data into table
[2024-06-16T00:20:24.217+0000] {populate_db.py:48} ERROR - Error inserting data into table
Traceback (most recent call last):
  File "/opt/airflow/dags/database/populate_db.py", line 37, in insert_into_db_table
    insert_data_task = SQLExecuteQueryOperator(
  File "/home/airflow/.local/lib/python3.10/site-packages/airflow/models/baseoperator.py", line 455, in apply_defaults
    default_args, merged_params = get_merged_defaults(
  File "/home/airflow/.local/lib/python3.10/site-packages/airflow/models/baseoperator.py", line 176, in get_merged_defaults
    raise TypeError("params must be a mapping")
TypeError: params must be a mapping
[2024-06-16T00:20:24.219+0000] {taskinstance.py:441} INFO - ::group::Post task execution logs
[2024-06-16T00:20:24.219+0000] {taskinstance.py:2905} ERROR - Task failed with exception
Traceback (most recent call last):
  File "/home/airflow/.local/lib/python3.10/site-packages/airflow/models/taskinstance.py", line 465, in _execute_task
    result = _execute_callable(context=context, **execute_callable_kwargs)
  File "/home/airflow/.local/lib/python3.10/site-packages/airflow/models/taskinstance.py", line 432, in _execute_callable
    return execute_callable(context=context, **execute_callable_kwargs)
  File "/home/airflow/.local/lib/python3.10/site-packages/airflow/models/baseoperator.py", line 401, in wrapper
    return func(self, *args, **kwargs)
  File "/home/airflow/.local/lib/python3.10/site-packages/airflow/decorators/base.py", line 265, in execute
    return_value = super().execute(context)
  File "/home/airflow/.local/lib/python3.10/site-packages/airflow/models/baseoperator.py", line 401, in wrapper
    return func(self, *args, **kwargs)
  File "/home/airflow/.local/lib/python3.10/site-packages/airflow/operators/python.py", line 235, in execute
    return_value = self.execute_callable()
  File "/home/airflow/.local/lib/python3.10/site-packages/airflow/operators/python.py", line 252, in execute_callable
    return self.python_callable(*self.op_args, **self.op_kwargs)
  File "/opt/airflow/dags/database/populate_db.py", line 37, in insert_into_db_table
    insert_data_task = SQLExecuteQueryOperator(
  File "/home/airflow/.local/lib/python3.10/site-packages/airflow/models/baseoperator.py", line 455, in apply_defaults
    default_args, merged_params = get_merged_defaults(
  File "/home/airflow/.local/lib/python3.10/site-packages/airflow/models/baseoperator.py", line 176, in get_merged_defaults
    raise TypeError("params must be a mapping")
TypeError: params must be a mapping
[2024-06-16T00:20:24.230+0000] {taskinstance.py:1206} INFO - Marking task as UP_FOR_RETRY. dag_id=Air_pollution_data_pipeline, task_id=insert_into_db_table, run_id=manual__2024-06-16T00:15:29+00:00, execution_date=20240616T001529, start_date=20240616T002023, end_date=20240616T002024
[2024-06-16T00:20:24.252+0000] {standard_task_runner.py:110} ERROR - Failed to execute job 116 for task insert_into_db_table (params must be a mapping; 3988)
[2024-06-16T00:20:24.273+0000] {local_task_job_runner.py:240} INFO - Task exited with return code 1
[2024-06-16T00:20:24.299+0000] {taskinstance.py:3503} INFO - 0 downstream tasks scheduled from follow-on schedule check
[2024-06-16T00:20:24.305+0000] {local_task_job_runner.py:222} INFO - ::endgroup::
