[2024-06-18T10:47:09.016+0000] {local_task_job_runner.py:120} INFO - ::group::Pre task execution logs
[2024-06-18T10:47:13.702+0000] {taskinstance.py:2076} INFO - Dependencies all met for dep_context=non-requeueable deps ti=<TaskInstance: Air_pollution_data_pipeline.generate_summary scheduled__2024-06-17T00:00:00+00:00 [queued]>
[2024-06-18T10:47:14.082+0000] {taskinstance.py:2076} INFO - Dependencies all met for dep_context=requeueable deps ti=<TaskInstance: Air_pollution_data_pipeline.generate_summary scheduled__2024-06-17T00:00:00+00:00 [queued]>
[2024-06-18T10:47:14.113+0000] {taskinstance.py:2306} INFO - Starting attempt 1 of 6
[2024-06-18T10:47:14.762+0000] {taskinstance.py:2330} INFO - Executing <Task(_PythonDecoratedOperator): generate_summary> on 2024-06-17 00:00:00+00:00
[2024-06-18T10:47:14.826+0000] {standard_task_runner.py:90} INFO - Running: ['***', 'tasks', 'run', 'Air_pollution_data_pipeline', 'generate_summary', 'scheduled__2024-06-17T00:00:00+00:00', '--job-id', '31', '--raw', '--subdir', 'DAGS_FOLDER/main.py', '--cfg-path', '/tmp/tmp9o8xek1p']
[2024-06-18T10:47:14.858+0000] {standard_task_runner.py:91} INFO - Job 31: Subtask generate_summary
[2024-06-18T10:47:14.838+0000] {standard_task_runner.py:63} INFO - Started process 426 to run task
[2024-06-18T10:47:16.500+0000] {task_command.py:426} INFO - Running <TaskInstance: Air_pollution_data_pipeline.generate_summary scheduled__2024-06-17T00:00:00+00:00 [running]> on host 14ae0373fd5a
[2024-06-18T11:50:45.774+0000] {local_task_job_runner.py:120} INFO - ::group::Pre task execution logs
[2024-06-18T11:50:46.306+0000] {taskinstance.py:2076} INFO - Dependencies all met for dep_context=non-requeueable deps ti=<TaskInstance: Air_pollution_data_pipeline.generate_summary scheduled__2024-06-17T00:00:00+00:00 [queued]>
[2024-06-18T11:50:46.540+0000] {taskinstance.py:2076} INFO - Dependencies all met for dep_context=requeueable deps ti=<TaskInstance: Air_pollution_data_pipeline.generate_summary scheduled__2024-06-17T00:00:00+00:00 [queued]>
[2024-06-18T11:50:46.541+0000] {taskinstance.py:2306} INFO - Starting attempt 1 of 6
[2024-06-18T11:50:46.617+0000] {taskinstance.py:2330} INFO - Executing <Task(_PythonDecoratedOperator): generate_summary> on 2024-06-17 00:00:00+00:00
[2024-06-18T11:50:46.712+0000] {standard_task_runner.py:63} INFO - Started process 420 to run task
[2024-06-18T11:50:46.769+0000] {standard_task_runner.py:90} INFO - Running: ['***', 'tasks', 'run', 'Air_pollution_data_pipeline', 'generate_summary', 'scheduled__2024-06-17T00:00:00+00:00', '--job-id', '26', '--raw', '--subdir', 'DAGS_FOLDER/main.py', '--cfg-path', '/tmp/tmp97cl09sh']
[2024-06-18T11:50:46.802+0000] {standard_task_runner.py:91} INFO - Job 26: Subtask generate_summary
[2024-06-18T11:50:47.586+0000] {task_command.py:426} INFO - Running <TaskInstance: Air_pollution_data_pipeline.generate_summary scheduled__2024-06-17T00:00:00+00:00 [running]> on host dc6d39ed067c
[2024-06-18T11:51:02.627+0000] {taskinstance.py:2648} INFO - Exporting env vars: AIRFLOW_CTX_DAG_OWNER='khalid' AIRFLOW_CTX_DAG_ID='Air_pollution_data_pipeline' AIRFLOW_CTX_TASK_ID='generate_summary' AIRFLOW_CTX_EXECUTION_DATE='2024-06-17T00:00:00+00:00' AIRFLOW_CTX_TRY_NUMBER='1' AIRFLOW_CTX_DAG_RUN_ID='scheduled__2024-06-17T00:00:00+00:00'
[2024-06-18T11:51:02.635+0000] {taskinstance.py:430} INFO - ::endgroup::
[2024-06-18T11:51:02.645+0000] {summary_analysis.py:26} INFO - starting summary statistics of pollutants emission
[2024-06-18T11:51:02.912+0000] {logging_mixin.py:188} WARNING - /opt/***/dags/statistical_analysis/summary_analysis.py:29 FutureWarning: Passing literal json to 'read_json' is deprecated and will be removed in a future version. To read from a literal string, wrap it in a 'StringIO' object.
[2024-06-18T11:51:06.699+0000] {summary_analysis.py:43} INFO - successfully calculated pollutants emission summary statistics
[2024-06-18T11:51:06.709+0000] {python.py:237} INFO - Done. Returned value was: {"Year":{"0":45717.0,"1":1911.2044097382,"2":67.6401001473,"3":1750.0,"4":1854.0,"5":1914.0,"6":1970.0,"7":2022.0},"Nitrogen_oxide_NOx":{"0":45717.0,"1":285628.6596008223,"2":3524839.723219105,"3":0.0,"4":137.85605,"5":1403.7751,"6":22905.088,"7":109243090.0},"Sulphur_dioxide_SO_emissions":{"0":45717.0,"1":427054.8537001305,"2":4525329.3834697595,"3":0.0,"4":58.138058,"5":731.89014,"6":21654.107,"7":134596620.0},"Carbon_monoxide_CO_emissions":{"0":45717.0,"1":2578258.2101170714,"2":23246546.9711316563,"3":0.0,"4":12165.899,"5":93669.86,"6":470762.56,"7":599913340.0},"Organic_carbon_OC_emissions":{"0":45717.0,"1":69388.0866882038,"2":553392.1190267598,"3":0.0,"4":519.6276,"5":3824.931,"6":17826.033,"7":13618318.0},"Non_methane_volatile_organic_compounds_NMVOC_emissions":{"0":45717.0,"1":463736.5903423727,"2":4726834.3926842092,"3":0.0,"4":2124.2761,"5":14941.013,"6":90858.164,"7":135481700.0},"Black_carbon_BC_emissions":{"0":45717.0,"1":25006.0574584827,"2":223952.597645769,"3":0.0,"4":131.87717,"5":954.0942,"6":4994.4277,"7":6141969.0},"Ammonia_NH_emissions":{"0":45717.0,"1":185872.8243646251,"2":1898858.4986071649,"3":0.0,"4":1207.5621,"5":8457.144,"6":39316.773,"7":63947644.0},"summary_stats":{"0":"count","1":"mean","2":"std","3":"min","4":"25%","5":"50%","6":"75%","7":"max"}}
[2024-06-18T11:51:06.710+0000] {taskinstance.py:441} INFO - ::group::Post task execution logs
[2024-06-18T11:51:06.813+0000] {taskinstance.py:1206} INFO - Marking task as SUCCESS. dag_id=Air_pollution_data_pipeline, task_id=generate_summary, run_id=scheduled__2024-06-17T00:00:00+00:00, execution_date=20240617T000000, start_date=20240618T115046, end_date=20240618T115106
[2024-06-18T11:51:07.020+0000] {local_task_job_runner.py:240} INFO - Task exited with return code 0
[2024-06-18T11:51:07.156+0000] {taskinstance.py:3503} INFO - 0 downstream tasks scheduled from follow-on schedule check
[2024-06-18T11:51:07.179+0000] {local_task_job_runner.py:222} INFO - ::endgroup::
[2024-06-19T20:06:20.857+0000] {local_task_job_runner.py:120} INFO - ::group::Pre task execution logs
[2024-06-19T20:06:21.029+0000] {taskinstance.py:2076} INFO - Dependencies all met for dep_context=non-requeueable deps ti=<TaskInstance: Air_pollution_data_pipeline.generate_summary scheduled__2024-06-17T00:00:00+00:00 [queued]>
[2024-06-19T20:06:21.094+0000] {taskinstance.py:2076} INFO - Dependencies all met for dep_context=requeueable deps ti=<TaskInstance: Air_pollution_data_pipeline.generate_summary scheduled__2024-06-17T00:00:00+00:00 [queued]>
[2024-06-19T20:06:21.095+0000] {taskinstance.py:2306} INFO - Starting attempt 1 of 6
[2024-06-19T20:06:21.144+0000] {taskinstance.py:2330} INFO - Executing <Task(_PythonDecoratedOperator): generate_summary> on 2024-06-17 00:00:00+00:00
[2024-06-19T20:06:21.169+0000] {standard_task_runner.py:63} INFO - Started process 392 to run task
[2024-06-19T20:06:21.182+0000] {standard_task_runner.py:90} INFO - Running: ['***', 'tasks', 'run', 'Air_pollution_data_pipeline', 'generate_summary', 'scheduled__2024-06-17T00:00:00+00:00', '--job-id', '33', '--raw', '--subdir', 'DAGS_FOLDER/main.py', '--cfg-path', '/tmp/tmp45fond09']
[2024-06-19T20:06:21.206+0000] {standard_task_runner.py:91} INFO - Job 33: Subtask generate_summary
[2024-06-19T20:06:21.452+0000] {task_command.py:426} INFO - Running <TaskInstance: Air_pollution_data_pipeline.generate_summary scheduled__2024-06-17T00:00:00+00:00 [running]> on host 0bfb368fa6be
[2024-06-19T20:06:22.863+0000] {taskinstance.py:2648} INFO - Exporting env vars: AIRFLOW_CTX_DAG_OWNER='khalid' AIRFLOW_CTX_DAG_ID='Air_pollution_data_pipeline' AIRFLOW_CTX_TASK_ID='generate_summary' AIRFLOW_CTX_EXECUTION_DATE='2024-06-17T00:00:00+00:00' AIRFLOW_CTX_TRY_NUMBER='1' AIRFLOW_CTX_DAG_RUN_ID='scheduled__2024-06-17T00:00:00+00:00'
[2024-06-19T20:06:22.866+0000] {taskinstance.py:430} INFO - ::endgroup::
[2024-06-19T20:06:22.870+0000] {summary_analysis.py:26} INFO - starting summary statistics of pollutants emission
[2024-06-19T20:06:22.956+0000] {logging_mixin.py:188} WARNING - /opt/***/dags/statistical_analysis/summary_analysis.py:29 FutureWarning: Passing literal json to 'read_json' is deprecated and will be removed in a future version. To read from a literal string, wrap it in a 'StringIO' object.
[2024-06-19T20:06:23.819+0000] {summary_analysis.py:43} INFO - successfully calculated pollutants emission summary statistics
[2024-06-19T20:06:23.830+0000] {python.py:237} INFO - Done. Returned value was: {"Year":{"0":45717.0,"1":1911.2044097382,"2":67.6401001473,"3":1750.0,"4":1854.0,"5":1914.0,"6":1970.0,"7":2022.0},"Nitrogen_oxide_NOx":{"0":45717.0,"1":285628.6596008223,"2":3524839.723219105,"3":0.0,"4":137.85605,"5":1403.7751,"6":22905.088,"7":109243090.0},"Sulphur_dioxide_SO_emissions":{"0":45717.0,"1":427054.8537001305,"2":4525329.3834697595,"3":0.0,"4":58.138058,"5":731.89014,"6":21654.107,"7":134596620.0},"Carbon_monoxide_CO_emissions":{"0":45717.0,"1":2578258.2101170714,"2":23246546.9711316563,"3":0.0,"4":12165.899,"5":93669.86,"6":470762.56,"7":599913340.0},"Organic_carbon_OC_emissions":{"0":45717.0,"1":69388.0866882038,"2":553392.1190267598,"3":0.0,"4":519.6276,"5":3824.931,"6":17826.033,"7":13618318.0},"Non_methane_volatile_organic_compounds_NMVOC_emissions":{"0":45717.0,"1":463736.5903423727,"2":4726834.3926842092,"3":0.0,"4":2124.2761,"5":14941.013,"6":90858.164,"7":135481700.0},"Black_carbon_BC_emissions":{"0":45717.0,"1":25006.0574584827,"2":223952.597645769,"3":0.0,"4":131.87717,"5":954.0942,"6":4994.4277,"7":6141969.0},"Ammonia_NH_emissions":{"0":45717.0,"1":185872.8243646251,"2":1898858.4986071649,"3":0.0,"4":1207.5621,"5":8457.144,"6":39316.773,"7":63947644.0},"summary_stats":{"0":"count","1":"mean","2":"std","3":"min","4":"25%","5":"50%","6":"75%","7":"max"}}
[2024-06-19T20:06:23.831+0000] {taskinstance.py:441} INFO - ::group::Post task execution logs
[2024-06-19T20:06:23.978+0000] {taskinstance.py:1206} INFO - Marking task as SUCCESS. dag_id=Air_pollution_data_pipeline, task_id=generate_summary, run_id=scheduled__2024-06-17T00:00:00+00:00, execution_date=20240617T000000, start_date=20240619T200621, end_date=20240619T200623
[2024-06-19T20:06:24.057+0000] {local_task_job_runner.py:240} INFO - Task exited with return code 0
[2024-06-19T20:06:24.096+0000] {local_task_job_runner.py:222} INFO - ::endgroup::
