[2024-06-17T04:11:38.032+0000] {local_task_job_runner.py:120} INFO - ::group::Pre task execution logs
[2024-06-17T04:11:38.110+0000] {taskinstance.py:2076} INFO - Dependencies all met for dep_context=non-requeueable deps ti=<TaskInstance: Air_pollution_data_pipeline.visualization manual__2024-06-17T04:09:06+00:00 [queued]>
[2024-06-17T04:11:38.137+0000] {taskinstance.py:2076} INFO - Dependencies all met for dep_context=requeueable deps ti=<TaskInstance: Air_pollution_data_pipeline.visualization manual__2024-06-17T04:09:06+00:00 [queued]>
[2024-06-17T04:11:38.138+0000] {taskinstance.py:2306} INFO - Starting attempt 1 of 6
[2024-06-17T04:11:38.180+0000] {taskinstance.py:2330} INFO - Executing <Task(_PythonDecoratedOperator): visualization> on 2024-06-17 04:09:06+00:00
[2024-06-17T04:11:38.194+0000] {standard_task_runner.py:63} INFO - Started process 983 to run task
[2024-06-17T04:11:38.203+0000] {standard_task_runner.py:90} INFO - Running: ['***', 'tasks', 'run', 'Air_pollution_data_pipeline', 'visualization', 'manual__2024-06-17T04:09:06+00:00', '--job-id', '160', '--raw', '--subdir', 'DAGS_FOLDER/main.py', '--cfg-path', '/tmp/tmprbna0a73']
[2024-06-17T04:11:38.211+0000] {standard_task_runner.py:91} INFO - Job 160: Subtask visualization
[2024-06-17T04:11:38.338+0000] {task_command.py:426} INFO - Running <TaskInstance: Air_pollution_data_pipeline.visualization manual__2024-06-17T04:09:06+00:00 [running]> on host fa4d239664b0
[2024-06-17T04:11:38.752+0000] {taskinstance.py:2648} INFO - Exporting env vars: AIRFLOW_CTX_DAG_OWNER='khalid' AIRFLOW_CTX_DAG_ID='Air_pollution_data_pipeline' AIRFLOW_CTX_TASK_ID='visualization' AIRFLOW_CTX_EXECUTION_DATE='2024-06-17T04:09:06+00:00' AIRFLOW_CTX_TRY_NUMBER='1' AIRFLOW_CTX_DAG_RUN_ID='manual__2024-06-17T04:09:06+00:00'
[2024-06-17T04:11:38.754+0000] {taskinstance.py:430} INFO - ::endgroup::
[2024-06-17T04:11:38.759+0000] {visualization.py:12} INFO - starting data visualization
[2024-06-17T04:11:38.765+0000] {visualization.py:31} ERROR - error visualizing data
Traceback (most recent call last):
  File "/opt/airflow/dags/statistical_analysis/visualization.py", line 15, in visualization
    val_data = pd.read_json(val_data)
  File "/home/airflow/.local/lib/python3.10/site-packages/pandas/io/json/_json.py", line 791, in read_json
    json_reader = JsonReader(
  File "/home/airflow/.local/lib/python3.10/site-packages/pandas/io/json/_json.py", line 904, in __init__
    data = self._get_data_from_filepath(filepath_or_buffer)
  File "/home/airflow/.local/lib/python3.10/site-packages/pandas/io/json/_json.py", line 944, in _get_data_from_filepath
    self.handles = get_handle(
  File "/home/airflow/.local/lib/python3.10/site-packages/pandas/io/common.py", line 728, in get_handle
    ioargs = _get_filepath_or_buffer(
  File "/home/airflow/.local/lib/python3.10/site-packages/pandas/io/common.py", line 472, in _get_filepath_or_buffer
    raise ValueError(msg)
ValueError: Invalid file path or buffer object type: <class 'list'>
[2024-06-17T04:11:38.768+0000] {python.py:237} INFO - Done. Returned value was: None
[2024-06-17T04:11:38.769+0000] {taskinstance.py:441} INFO - ::group::Post task execution logs
[2024-06-17T04:11:38.793+0000] {taskinstance.py:1206} INFO - Marking task as SUCCESS. dag_id=Air_pollution_data_pipeline, task_id=visualization, run_id=manual__2024-06-17T04:09:06+00:00, execution_date=20240617T040906, start_date=20240617T041138, end_date=20240617T041138
[2024-06-17T04:11:38.979+0000] {local_task_job_runner.py:240} INFO - Task exited with return code 0
[2024-06-17T04:11:39.028+0000] {taskinstance.py:3503} INFO - 0 downstream tasks scheduled from follow-on schedule check
[2024-06-17T04:11:39.035+0000] {local_task_job_runner.py:222} INFO - ::endgroup::
