[2024-06-16T00:42:48.106+0000] {local_task_job_runner.py:120} INFO - ::group::Pre task execution logs
[2024-06-16T00:42:48.206+0000] {taskinstance.py:2076} INFO - Dependencies all met for dep_context=non-requeueable deps ti=<TaskInstance: Air_pollution_data_pipeline.visualization manual__2024-06-16T00:42:19+00:00 [queued]>
[2024-06-16T00:42:48.257+0000] {taskinstance.py:2076} INFO - Dependencies all met for dep_context=requeueable deps ti=<TaskInstance: Air_pollution_data_pipeline.visualization manual__2024-06-16T00:42:19+00:00 [queued]>
[2024-06-16T00:42:48.259+0000] {taskinstance.py:2306} INFO - Starting attempt 1 of 6
[2024-06-16T00:42:48.312+0000] {taskinstance.py:2330} INFO - Executing <Task(_PythonDecoratedOperator): visualization> on 2024-06-16 00:42:19+00:00
[2024-06-16T00:42:48.327+0000] {standard_task_runner.py:63} INFO - Started process 4898 to run task
[2024-06-16T00:42:48.338+0000] {standard_task_runner.py:90} INFO - Running: ['***', 'tasks', 'run', 'Air_pollution_data_pipeline', 'visualization', 'manual__2024-06-16T00:42:19+00:00', '--job-id', '240', '--raw', '--subdir', 'DAGS_FOLDER/main.py', '--cfg-path', '/tmp/tmpaq93_cgf']
[2024-06-16T00:42:48.352+0000] {standard_task_runner.py:91} INFO - Job 240: Subtask visualization
[2024-06-16T00:42:48.536+0000] {task_command.py:426} INFO - Running <TaskInstance: Air_pollution_data_pipeline.visualization manual__2024-06-16T00:42:19+00:00 [running]> on host 6e26965f02f1
[2024-06-16T00:42:51.502+0000] {taskinstance.py:2648} INFO - Exporting env vars: AIRFLOW_CTX_DAG_OWNER='khalid' AIRFLOW_CTX_DAG_ID='Air_pollution_data_pipeline' AIRFLOW_CTX_TASK_ID='visualization' AIRFLOW_CTX_EXECUTION_DATE='2024-06-16T00:42:19+00:00' AIRFLOW_CTX_TRY_NUMBER='1' AIRFLOW_CTX_DAG_RUN_ID='manual__2024-06-16T00:42:19+00:00'
[2024-06-16T00:42:51.504+0000] {taskinstance.py:430} INFO - ::endgroup::
[2024-06-16T00:42:51.506+0000] {visualization.py:12} INFO - starting data visualization
[2024-06-16T00:42:51.627+0000] {logging_mixin.py:188} WARNING - /opt/***/dags/statistical_analysis/visualization.py:15 FutureWarning: Passing literal json to 'read_json' is deprecated and will be removed in a future version. To read from a literal string, wrap it in a 'StringIO' object.
[2024-06-16T00:42:58.209+0000] {visualization.py:31} ERROR - error visualizing data
Traceback (most recent call last):
  File "/opt/airflow/dags/statistical_analysis/visualization.py", line 17, in visualization
    data_to_plot = val_data.drop(["Entity", "Code"], axis = 1)
  File "/home/airflow/.local/lib/python3.10/site-packages/pandas/core/frame.py", line 5581, in drop
    return super().drop(
  File "/home/airflow/.local/lib/python3.10/site-packages/pandas/core/generic.py", line 4788, in drop
    obj = obj._drop_axis(labels, axis, level=level, errors=errors)
  File "/home/airflow/.local/lib/python3.10/site-packages/pandas/core/generic.py", line 4830, in _drop_axis
    new_axis = axis.drop(labels, errors=errors)
  File "/home/airflow/.local/lib/python3.10/site-packages/pandas/core/indexes/base.py", line 7070, in drop
    raise KeyError(f"{labels[mask].tolist()} not found in axis")
KeyError: "['Code'] not found in axis"
[2024-06-16T00:42:58.250+0000] {python.py:237} INFO - Done. Returned value was: None
[2024-06-16T00:42:58.264+0000] {taskinstance.py:441} INFO - ::group::Post task execution logs
[2024-06-16T00:42:58.372+0000] {taskinstance.py:1206} INFO - Marking task as SUCCESS. dag_id=Air_pollution_data_pipeline, task_id=visualization, run_id=manual__2024-06-16T00:42:19+00:00, execution_date=20240616T004219, start_date=20240616T004248, end_date=20240616T004258
[2024-06-16T00:42:58.542+0000] {local_task_job_runner.py:240} INFO - Task exited with return code 0
[2024-06-16T00:42:58.593+0000] {local_task_job_runner.py:222} INFO - ::endgroup::
