[2024-06-17T04:11:09.740+0000] {local_task_job_runner.py:120} INFO - ::group::Pre task execution logs
[2024-06-17T04:11:09.840+0000] {taskinstance.py:2076} INFO - Dependencies all met for dep_context=non-requeueable deps ti=<TaskInstance: Air_pollution_data_pipeline.visualization manual__2024-06-17T04:10:45+00:00 [queued]>
[2024-06-17T04:11:09.863+0000] {taskinstance.py:2076} INFO - Dependencies all met for dep_context=requeueable deps ti=<TaskInstance: Air_pollution_data_pipeline.visualization manual__2024-06-17T04:10:45+00:00 [queued]>
[2024-06-17T04:11:09.864+0000] {taskinstance.py:2306} INFO - Starting attempt 1 of 6
[2024-06-17T04:11:09.897+0000] {taskinstance.py:2330} INFO - Executing <Task(_PythonDecoratedOperator): visualization> on 2024-06-17 04:10:45+00:00
[2024-06-17T04:11:09.910+0000] {standard_task_runner.py:63} INFO - Started process 950 to run task
[2024-06-17T04:11:09.917+0000] {standard_task_runner.py:90} INFO - Running: ['***', 'tasks', 'run', 'Air_pollution_data_pipeline', 'visualization', 'manual__2024-06-17T04:10:45+00:00', '--job-id', '152', '--raw', '--subdir', 'DAGS_FOLDER/main.py', '--cfg-path', '/tmp/tmp75x_j11l']
[2024-06-17T04:11:09.925+0000] {standard_task_runner.py:91} INFO - Job 152: Subtask visualization
[2024-06-17T04:11:10.086+0000] {task_command.py:426} INFO - Running <TaskInstance: Air_pollution_data_pipeline.visualization manual__2024-06-17T04:10:45+00:00 [running]> on host fa4d239664b0
[2024-06-17T04:11:10.329+0000] {taskinstance.py:2648} INFO - Exporting env vars: AIRFLOW_CTX_DAG_OWNER='khalid' AIRFLOW_CTX_DAG_ID='Air_pollution_data_pipeline' AIRFLOW_CTX_TASK_ID='visualization' AIRFLOW_CTX_EXECUTION_DATE='2024-06-17T04:10:45+00:00' AIRFLOW_CTX_TRY_NUMBER='1' AIRFLOW_CTX_DAG_RUN_ID='manual__2024-06-17T04:10:45+00:00'
[2024-06-17T04:11:10.332+0000] {taskinstance.py:430} INFO - ::endgroup::
[2024-06-17T04:11:10.334+0000] {visualization.py:12} INFO - starting data visualization
[2024-06-17T04:11:10.337+0000] {visualization.py:31} ERROR - error visualizing data
Traceback (most recent call last):
  File "/opt/airflow/dags/statistical_analysis/visualization.py", line 15, in visualization
    val_data = pd.read_json(val_data)
  File "/home/airflow/.local/lib/python3.10/site-packages/pandas/io/json/_json.py", line 791, in read_json
    json_reader = JsonReader(
  File "/home/airflow/.local/lib/python3.10/site-packages/pandas/io/json/_json.py", line 904, in __init__
    data = self._get_data_from_filepath(filepath_or_buffer)
  File "/home/airflow/.local/lib/python3.10/site-packages/pandas/io/json/_json.py", line 944, in _get_data_from_filepath
    self.handles = get_handle(
  File "/home/airflow/.local/lib/python3.10/site-packages/pandas/io/common.py", line 728, in get_handle
    ioargs = _get_filepath_or_buffer(
  File "/home/airflow/.local/lib/python3.10/site-packages/pandas/io/common.py", line 472, in _get_filepath_or_buffer
    raise ValueError(msg)
ValueError: Invalid file path or buffer object type: <class 'list'>
[2024-06-17T04:11:10.340+0000] {python.py:237} INFO - Done. Returned value was: None
[2024-06-17T04:11:10.342+0000] {taskinstance.py:441} INFO - ::group::Post task execution logs
[2024-06-17T04:11:10.367+0000] {taskinstance.py:1206} INFO - Marking task as SUCCESS. dag_id=Air_pollution_data_pipeline, task_id=visualization, run_id=manual__2024-06-17T04:10:45+00:00, execution_date=20240617T041045, start_date=20240617T041109, end_date=20240617T041110
[2024-06-17T04:11:10.444+0000] {local_task_job_runner.py:240} INFO - Task exited with return code 0
[2024-06-17T04:11:10.509+0000] {taskinstance.py:3503} INFO - 0 downstream tasks scheduled from follow-on schedule check
[2024-06-17T04:11:10.519+0000] {local_task_job_runner.py:222} INFO - ::endgroup::
