[2024-06-14T16:29:18.439+0000] {local_task_job_runner.py:120} INFO - ::group::Pre task execution logs
[2024-06-14T16:29:18.585+0000] {taskinstance.py:2076} INFO - Dependencies all met for dep_context=non-requeueable deps ti=<TaskInstance: Air_pollution_data_pipeline.insert_into_db_table scheduled__2024-05-31T00:00:00+00:00 [queued]>
[2024-06-14T16:29:18.638+0000] {taskinstance.py:2076} INFO - Dependencies all met for dep_context=requeueable deps ti=<TaskInstance: Air_pollution_data_pipeline.insert_into_db_table scheduled__2024-05-31T00:00:00+00:00 [queued]>
[2024-06-14T16:29:18.643+0000] {taskinstance.py:2306} INFO - Starting attempt 5 of 6
[2024-06-14T16:29:18.752+0000] {taskinstance.py:2330} INFO - Executing <Task(_PythonDecoratedOperator): insert_into_db_table> on 2024-05-31 00:00:00+00:00
[2024-06-14T16:29:18.803+0000] {standard_task_runner.py:63} INFO - Started process 1379 to run task
[2024-06-14T16:29:18.848+0000] {standard_task_runner.py:90} INFO - Running: ['***', 'tasks', 'run', 'Air_pollution_data_pipeline', 'insert_into_db_table', 'scheduled__2024-05-31T00:00:00+00:00', '--job-id', '260', '--raw', '--subdir', 'DAGS_FOLDER/main.py', '--cfg-path', '/tmp/tmpt6_ri7p9']
[2024-06-14T16:29:18.867+0000] {standard_task_runner.py:91} INFO - Job 260: Subtask insert_into_db_table
[2024-06-14T16:29:19.265+0000] {task_command.py:426} INFO - Running <TaskInstance: Air_pollution_data_pipeline.insert_into_db_table scheduled__2024-05-31T00:00:00+00:00 [running]> on host 6078ceb33835
[2024-06-14T16:29:20.311+0000] {taskinstance.py:2648} INFO - Exporting env vars: AIRFLOW_CTX_DAG_OWNER='khalid' AIRFLOW_CTX_DAG_ID='Air_pollution_data_pipeline' AIRFLOW_CTX_TASK_ID='insert_into_db_table' AIRFLOW_CTX_EXECUTION_DATE='2024-05-31T00:00:00+00:00' AIRFLOW_CTX_TRY_NUMBER='5' AIRFLOW_CTX_DAG_RUN_ID='scheduled__2024-05-31T00:00:00+00:00'
[2024-06-14T16:29:20.314+0000] {taskinstance.py:430} INFO - ::endgroup::
[2024-06-14T16:29:20.499+0000] {logging_mixin.py:188} WARNING - /opt/***/dags/database/populate_db.py:26 FutureWarning: Passing literal json to 'read_json' is deprecated and will be removed in a future version. To read from a literal string, wrap it in a 'StringIO' object.
[2024-06-14T16:29:20.652+0000] {taskinstance.py:441} INFO - ::group::Post task execution logs
[2024-06-14T16:29:20.655+0000] {taskinstance.py:2905} ERROR - Task failed with exception
Traceback (most recent call last):
  File "/home/airflow/.local/lib/python3.10/site-packages/airflow/models/taskinstance.py", line 465, in _execute_task
    result = _execute_callable(context=context, **execute_callable_kwargs)
  File "/home/airflow/.local/lib/python3.10/site-packages/airflow/models/taskinstance.py", line 432, in _execute_callable
    return execute_callable(context=context, **execute_callable_kwargs)
  File "/home/airflow/.local/lib/python3.10/site-packages/airflow/models/baseoperator.py", line 401, in wrapper
    return func(self, *args, **kwargs)
  File "/home/airflow/.local/lib/python3.10/site-packages/airflow/decorators/base.py", line 265, in execute
    return_value = super().execute(context)
  File "/home/airflow/.local/lib/python3.10/site-packages/airflow/models/baseoperator.py", line 401, in wrapper
    return func(self, *args, **kwargs)
  File "/home/airflow/.local/lib/python3.10/site-packages/airflow/operators/python.py", line 235, in execute
    return_value = self.execute_callable()
  File "/home/airflow/.local/lib/python3.10/site-packages/airflow/operators/python.py", line 252, in execute_callable
    return self.python_callable(*self.op_args, **self.op_kwargs)
  File "/opt/airflow/dags/database/populate_db.py", line 28, in insert_into_db_table
    data = input_clean_data.to_records(index=False).tolist()
AttributeError: 'str' object has no attribute 'to_records'
[2024-06-14T16:29:20.702+0000] {taskinstance.py:1206} INFO - Marking task as UP_FOR_RETRY. dag_id=Air_pollution_data_pipeline, task_id=insert_into_db_table, run_id=scheduled__2024-05-31T00:00:00+00:00, execution_date=20240531T000000, start_date=20240614T162918, end_date=20240614T162920
[2024-06-14T16:29:20.833+0000] {standard_task_runner.py:110} ERROR - Failed to execute job 260 for task insert_into_db_table ('str' object has no attribute 'to_records'; 1379)
[2024-06-14T16:29:20.928+0000] {local_task_job_runner.py:240} INFO - Task exited with return code 1
[2024-06-14T16:29:20.995+0000] {local_task_job_runner.py:222} INFO - ::endgroup::
