[2024-06-16T00:19:38.907+0000] {local_task_job_runner.py:120} INFO - ::group::Pre task execution logs
[2024-06-16T00:19:38.960+0000] {taskinstance.py:2076} INFO - Dependencies all met for dep_context=non-requeueable deps ti=<TaskInstance: Air_pollution_data_pipeline.data_cleaning manual__2024-06-16T00:19:10+00:00 [queued]>
[2024-06-16T00:19:38.979+0000] {taskinstance.py:2076} INFO - Dependencies all met for dep_context=requeueable deps ti=<TaskInstance: Air_pollution_data_pipeline.data_cleaning manual__2024-06-16T00:19:10+00:00 [queued]>
[2024-06-16T00:19:38.980+0000] {taskinstance.py:2306} INFO - Starting attempt 1 of 6
[2024-06-16T00:19:39.009+0000] {taskinstance.py:2330} INFO - Executing <Task(_PythonDecoratedOperator): data_cleaning> on 2024-06-16 00:19:10+00:00
[2024-06-16T00:19:39.025+0000] {standard_task_runner.py:63} INFO - Started process 3945 to run task
[2024-06-16T00:19:39.032+0000] {standard_task_runner.py:90} INFO - Running: ['***', 'tasks', 'run', 'Air_pollution_data_pipeline', 'data_cleaning', 'manual__2024-06-16T00:19:10+00:00', '--job-id', '110', '--raw', '--subdir', 'DAGS_FOLDER/main.py', '--cfg-path', '/tmp/tmp4z6srcqc']
[2024-06-16T00:19:39.038+0000] {standard_task_runner.py:91} INFO - Job 110: Subtask data_cleaning
[2024-06-16T00:19:39.156+0000] {task_command.py:426} INFO - Running <TaskInstance: Air_pollution_data_pipeline.data_cleaning manual__2024-06-16T00:19:10+00:00 [running]> on host 6e26965f02f1
[2024-06-16T00:19:40.123+0000] {taskinstance.py:2648} INFO - Exporting env vars: AIRFLOW_CTX_DAG_OWNER='khalid' AIRFLOW_CTX_DAG_ID='Air_pollution_data_pipeline' AIRFLOW_CTX_TASK_ID='data_cleaning' AIRFLOW_CTX_EXECUTION_DATE='2024-06-16T00:19:10+00:00' AIRFLOW_CTX_TRY_NUMBER='1' AIRFLOW_CTX_DAG_RUN_ID='manual__2024-06-16T00:19:10+00:00'
[2024-06-16T00:19:40.125+0000] {taskinstance.py:430} INFO - ::endgroup::
[2024-06-16T00:19:40.126+0000] {data_clean.py:14} INFO - starting data cleaning process
[2024-06-16T00:19:40.178+0000] {logging_mixin.py:188} WARNING - /opt/***/dags/dataload/processing/data_clean.py:16 FutureWarning: Passing literal json to 'read_json' is deprecated and will be removed in a future version. To read from a literal string, wrap it in a 'StringIO' object.
[2024-06-16T00:19:40.944+0000] {data_clean.py:29} INFO - saving cleaned data to csv
[2024-06-16T00:19:40.953+0000] {data_clean.py:33} INFO - successfully saved data to csv
[2024-06-16T00:19:40.958+0000] {python.py:237} INFO - Done. Returned value was: {"Entity":{},"Code":{},"Year":{},"Nitrogen_oxide_(NOx)":{},"Sulphur_dioxide_(SO\u00e2\u0082\u0082)_emissions":{},"Carbon_monoxide_(CO)_emissions":{},"Organic_carbon_(OC)_emissions":{},"Non_methane_volatile_organic_compounds_(NMVOC)_emissions":{},"Black_carbon_(BC)_emissions":{},"Ammonia_(NH\u00e2\u0082\u0083)_emissions":{},"Unnamed:_10":{}}
[2024-06-16T00:19:40.959+0000] {taskinstance.py:441} INFO - ::group::Post task execution logs
[2024-06-16T00:19:41.004+0000] {taskinstance.py:1206} INFO - Marking task as SUCCESS. dag_id=Air_pollution_data_pipeline, task_id=data_cleaning, run_id=manual__2024-06-16T00:19:10+00:00, execution_date=20240616T001910, start_date=20240616T001938, end_date=20240616T001941
[2024-06-16T00:19:41.058+0000] {local_task_job_runner.py:240} INFO - Task exited with return code 0
[2024-06-16T00:19:41.133+0000] {taskinstance.py:3503} INFO - 2 downstream tasks scheduled from follow-on schedule check
[2024-06-16T00:19:41.138+0000] {local_task_job_runner.py:222} INFO - ::endgroup::
