[2024-06-17T08:52:26.250+0000] {local_task_job_runner.py:120} INFO - ::group::Pre task execution logs
[2024-06-17T08:52:26.526+0000] {taskinstance.py:2076} INFO - Dependencies all met for dep_context=non-requeueable deps ti=<TaskInstance: Air_pollution_data_pipeline.create_table manual__2024-06-17T08:32:23+00:00 [queued]>
[2024-06-17T08:52:26.556+0000] {taskinstance.py:2076} INFO - Dependencies all met for dep_context=requeueable deps ti=<TaskInstance: Air_pollution_data_pipeline.create_table manual__2024-06-17T08:32:23+00:00 [queued]>
[2024-06-17T08:52:26.557+0000] {taskinstance.py:2306} INFO - Starting attempt 6 of 6
[2024-06-17T08:52:26.633+0000] {taskinstance.py:2330} INFO - Executing <Task(_PythonDecoratedOperator): create_table> on 2024-06-17 08:32:23+00:00
[2024-06-17T08:52:26.695+0000] {standard_task_runner.py:63} INFO - Started process 209 to run task
[2024-06-17T08:52:26.775+0000] {standard_task_runner.py:90} INFO - Running: ['***', 'tasks', 'run', 'Air_pollution_data_pipeline', 'create_table', 'manual__2024-06-17T08:32:23+00:00', '--job-id', '760', '--raw', '--subdir', 'DAGS_FOLDER/main.py', '--cfg-path', '/tmp/tmpd4lqlsbj']
[2024-06-17T08:52:26.825+0000] {standard_task_runner.py:91} INFO - Job 760: Subtask create_table
[2024-06-17T08:52:27.723+0000] {task_command.py:426} INFO - Running <TaskInstance: Air_pollution_data_pipeline.create_table manual__2024-06-17T08:32:23+00:00 [running]> on host fa4d239664b0
[2024-06-17T08:52:28.512+0000] {taskinstance.py:2648} INFO - Exporting env vars: AIRFLOW_CTX_DAG_OWNER='khalid' AIRFLOW_CTX_DAG_ID='Air_pollution_data_pipeline' AIRFLOW_CTX_TASK_ID='create_table' AIRFLOW_CTX_EXECUTION_DATE='2024-06-17T08:32:23+00:00' AIRFLOW_CTX_TRY_NUMBER='6' AIRFLOW_CTX_DAG_RUN_ID='manual__2024-06-17T08:32:23+00:00'
[2024-06-17T08:52:28.521+0000] {taskinstance.py:430} INFO - ::endgroup::
[2024-06-17T08:52:28.526+0000] {create_table.py:57} INFO - creating table
[2024-06-17T08:52:28.536+0000] {baseoperator.py:400} WARNING - SQLExecuteQueryOperator.execute cannot be called outside TaskInstance!
[2024-06-17T08:52:28.537+0000] {sql.py:276} INFO - Executing: 
        CREATE TABLE IF NOT EXISTS emission (
            Entity VARCHAR(100),
            Code VARCHAR(100),
            Year INT,
            "Nitrogen oxide (NOx)" DECIMAL(10, 5), 
            "Sulphur dioxide (SO) emissions" DECIMAL(10, 5), 
            "Carbon monoxide (CO) emissions" DECIMAL(10, 5), 
            "Organic carbon (OC) emissions" DECIMAL(10, 5), 
            "Non-methane volatile organic compounds (NMVOC) emissions" DECIMAL(10, 5), 
            "Black carbon (BC) emissions" DECIMAL(10, 5),
            "Ammonia (NH3) emissions" DECIMAL(10, 5)
        );

[2024-06-17T08:52:28.654+0000] {create_table.py:68} ERROR - Error creating table
Traceback (most recent call last):
  File "/opt/airflow/dags/database/create_table.py", line 63, in create_table
    create_table_task.execute(context=None)  # Execute the task
  File "/home/airflow/.local/lib/python3.10/site-packages/airflow/models/baseoperator.py", line 401, in wrapper
    return func(self, *args, **kwargs)
  File "/home/airflow/.local/lib/python3.10/site-packages/airflow/providers/common/sql/operators/sql.py", line 277, in execute
    hook = self.get_db_hook()
  File "/home/airflow/.local/lib/python3.10/site-packages/airflow/providers/common/sql/operators/sql.py", line 188, in get_db_hook
    return self._hook
  File "/usr/local/lib/python3.10/functools.py", line 981, in __get__
    val = self.func(instance)
  File "/home/airflow/.local/lib/python3.10/site-packages/airflow/providers/common/sql/operators/sql.py", line 150, in _hook
    conn = BaseHook.get_connection(conn_id)
  File "/home/airflow/.local/lib/python3.10/site-packages/airflow/hooks/base.py", line 83, in get_connection
    conn = Connection.get_connection_from_secrets(conn_id)
  File "/home/airflow/.local/lib/python3.10/site-packages/airflow/models/connection.py", line 519, in get_connection_from_secrets
    raise AirflowNotFoundException(f"The conn_id `{conn_id}` isn't defined")
airflow.exceptions.AirflowNotFoundException: The conn_id `postgres_localhost` isn't defined
[2024-06-17T08:52:28.716+0000] {taskinstance.py:441} INFO - ::group::Post task execution logs
[2024-06-17T08:52:28.938+0000] {taskinstance.py:2905} ERROR - Task failed with exception
Traceback (most recent call last):
  File "/home/airflow/.local/lib/python3.10/site-packages/airflow/models/taskinstance.py", line 465, in _execute_task
    result = _execute_callable(context=context, **execute_callable_kwargs)
  File "/home/airflow/.local/lib/python3.10/site-packages/airflow/models/taskinstance.py", line 432, in _execute_callable
    return execute_callable(context=context, **execute_callable_kwargs)
  File "/home/airflow/.local/lib/python3.10/site-packages/airflow/models/baseoperator.py", line 401, in wrapper
    return func(self, *args, **kwargs)
  File "/home/airflow/.local/lib/python3.10/site-packages/airflow/decorators/base.py", line 265, in execute
    return_value = super().execute(context)
  File "/home/airflow/.local/lib/python3.10/site-packages/airflow/models/baseoperator.py", line 401, in wrapper
    return func(self, *args, **kwargs)
  File "/home/airflow/.local/lib/python3.10/site-packages/airflow/operators/python.py", line 235, in execute
    return_value = self.execute_callable()
  File "/home/airflow/.local/lib/python3.10/site-packages/airflow/operators/python.py", line 252, in execute_callable
    return self.python_callable(*self.op_args, **self.op_kwargs)
  File "/opt/airflow/dags/database/create_table.py", line 63, in create_table
    create_table_task.execute(context=None)  # Execute the task
  File "/home/airflow/.local/lib/python3.10/site-packages/airflow/models/baseoperator.py", line 401, in wrapper
    return func(self, *args, **kwargs)
  File "/home/airflow/.local/lib/python3.10/site-packages/airflow/providers/common/sql/operators/sql.py", line 277, in execute
    hook = self.get_db_hook()
  File "/home/airflow/.local/lib/python3.10/site-packages/airflow/providers/common/sql/operators/sql.py", line 188, in get_db_hook
    return self._hook
  File "/usr/local/lib/python3.10/functools.py", line 981, in __get__
    val = self.func(instance)
  File "/home/airflow/.local/lib/python3.10/site-packages/airflow/providers/common/sql/operators/sql.py", line 150, in _hook
    conn = BaseHook.get_connection(conn_id)
  File "/home/airflow/.local/lib/python3.10/site-packages/airflow/hooks/base.py", line 83, in get_connection
    conn = Connection.get_connection_from_secrets(conn_id)
  File "/home/airflow/.local/lib/python3.10/site-packages/airflow/models/connection.py", line 519, in get_connection_from_secrets
    raise AirflowNotFoundException(f"The conn_id `{conn_id}` isn't defined")
airflow.exceptions.AirflowNotFoundException: The conn_id `postgres_localhost` isn't defined
[2024-06-17T08:52:29.005+0000] {taskinstance.py:1206} INFO - Marking task as FAILED. dag_id=Air_pollution_data_pipeline, task_id=create_table, run_id=manual__2024-06-17T08:32:23+00:00, execution_date=20240617T083223, start_date=20240617T085226, end_date=20240617T085228
[2024-06-17T08:52:29.100+0000] {standard_task_runner.py:110} ERROR - Failed to execute job 760 for task create_table (The conn_id `postgres_localhost` isn't defined; 209)
[2024-06-17T08:52:29.169+0000] {local_task_job_runner.py:240} INFO - Task exited with return code 1
[2024-06-17T08:52:29.314+0000] {taskinstance.py:3503} INFO - 0 downstream tasks scheduled from follow-on schedule check
[2024-06-17T08:52:29.365+0000] {local_task_job_runner.py:222} INFO - ::endgroup::
