[2024-06-18T16:28:20.463+0000] {local_task_job_runner.py:120} INFO - ::group::Pre task execution logs
[2024-06-18T16:28:20.565+0000] {taskinstance.py:2076} INFO - Dependencies all met for dep_context=non-requeueable deps ti=<TaskInstance: Air_pollution_data_pipeline.insert_into_db_table__2 manual__2024-06-18T16:27:24+00:00 [queued]>
[2024-06-18T16:28:20.592+0000] {taskinstance.py:2076} INFO - Dependencies all met for dep_context=requeueable deps ti=<TaskInstance: Air_pollution_data_pipeline.insert_into_db_table__2 manual__2024-06-18T16:27:24+00:00 [queued]>
[2024-06-18T16:28:20.593+0000] {taskinstance.py:2306} INFO - Starting attempt 1 of 6
[2024-06-18T16:28:20.624+0000] {taskinstance.py:2330} INFO - Executing <Task(_PythonDecoratedOperator): insert_into_db_table__2> on 2024-06-18 16:27:24+00:00
[2024-06-18T16:28:20.641+0000] {standard_task_runner.py:63} INFO - Started process 5081 to run task
[2024-06-18T16:28:20.650+0000] {standard_task_runner.py:90} INFO - Running: ['***', 'tasks', 'run', 'Air_pollution_data_pipeline', 'insert_into_db_table__2', 'manual__2024-06-18T16:27:24+00:00', '--job-id', '164', '--raw', '--subdir', 'DAGS_FOLDER/main.py', '--cfg-path', '/tmp/tmpxqm5u9r5']
[2024-06-18T16:28:20.659+0000] {standard_task_runner.py:91} INFO - Job 164: Subtask insert_into_db_table__2
[2024-06-18T16:28:20.818+0000] {task_command.py:426} INFO - Running <TaskInstance: Air_pollution_data_pipeline.insert_into_db_table__2 manual__2024-06-18T16:27:24+00:00 [running]> on host dc6d39ed067c
[2024-06-18T16:28:21.263+0000] {taskinstance.py:2648} INFO - Exporting env vars: AIRFLOW_CTX_DAG_OWNER='khalid' AIRFLOW_CTX_DAG_ID='Air_pollution_data_pipeline' AIRFLOW_CTX_TASK_ID='insert_into_db_table__2' AIRFLOW_CTX_EXECUTION_DATE='2024-06-18T16:27:24+00:00' AIRFLOW_CTX_TRY_NUMBER='1' AIRFLOW_CTX_DAG_RUN_ID='manual__2024-06-18T16:27:24+00:00'
[2024-06-18T16:28:21.266+0000] {taskinstance.py:430} INFO - ::endgroup::
[2024-06-18T16:28:21.298+0000] {logging_mixin.py:188} WARNING - /opt/***/dags/database/populate_db.py:29 FutureWarning: Passing literal json to 'read_json' is deprecated and will be removed in a future version. To read from a literal string, wrap it in a 'StringIO' object.
[2024-06-18T16:28:21.359+0000] {populate_db.py:48} INFO - Inserting data into table
[2024-06-18T16:28:21.367+0000] {baseoperator.py:400} WARNING - SQLExecuteQueryOperator.execute cannot be called outside TaskInstance!
[2024-06-18T16:28:21.368+0000] {sql.py:276} INFO - Executing: 
            INSERT INTO emission_summary_stats 
            VALUES (45717.0, 45717.0, 45717.0, 45717.0, 45717.0, 45717.0, 45717.0, 45717.0, 'count'),(1911.2044097382, 285628.6596008223, 427054.8537001305, 2578258.2101170714, 69388.0866882038, 463736.5903423727, 25006.0574584827, 185872.8243646251, 'mean'),(67.6401001473, 3524839.723219105, 4525329.3834697595, 23246546.971131656, 553392.1190267598, 4726834.392684209, 223952.597645769, 1898858.498607165, 'std'),(1750.0, 0.0, 0.0, 0.0, 0.0, 0.0, 0.0, 0.0, 'min'),(1854.0, 137.85605, 58.138058, 12165.899, 519.6276, 2124.2761, 131.87717, 1207.5621, '25%'),(1914.0, 1403.7751, 731.89014, 93669.86, 3824.931, 14941.013, 954.0942, 8457.144, '50%'),(1970.0, 22905.088, 21654.107, 470762.56, 17826.033, 90858.164, 4994.4277, 39316.773, '75%'),(2022.0, 109243090.0, 134596620.0, 599913340.0, 13618318.0, 135481700.0, 6141969.0, 63947644.0, 'max')
        
[2024-06-18T16:28:21.412+0000] {base.py:84} INFO - Using connection ID 'postgres_localhost' for task execution.
[2024-06-18T16:28:21.448+0000] {base.py:84} INFO - Using connection ID 'postgres_localhost' for task execution.
[2024-06-18T16:28:21.458+0000] {sql.py:487} INFO - Running statement: 
            INSERT INTO emission_summary_stats 
            VALUES (45717.0, 45717.0, 45717.0, 45717.0, 45717.0, 45717.0, 45717.0, 45717.0, 'count'),(1911.2044097382, 285628.6596008223, 427054.8537001305, 2578258.2101170714, 69388.0866882038, 463736.5903423727, 25006.0574584827, 185872.8243646251, 'mean'),(67.6401001473, 3524839.723219105, 4525329.3834697595, 23246546.971131656, 553392.1190267598, 4726834.392684209, 223952.597645769, 1898858.498607165, 'std'),(1750.0, 0.0, 0.0, 0.0, 0.0, 0.0, 0.0, 0.0, 'min'),(1854.0, 137.85605, 58.138058, 12165.899, 519.6276, 2124.2761, 131.87717, 1207.5621, '25%'),(1914.0, 1403.7751, 731.89014, 93669.86, 3824.931, 14941.013, 954.0942, 8457.144, '50%'),(1970.0, 22905.088, 21654.107, 470762.56, 17826.033, 90858.164, 4994.4277, 39316.773, '75%'),(2022.0, 109243090.0, 134596620.0, 599913340.0, 13618318.0, 135481700.0, 6141969.0, 63947644.0, 'max')
        , parameters: None
[2024-06-18T16:28:21.468+0000] {populate_db.py:59} ERROR - Error inserting data into table
Traceback (most recent call last):
  File "/opt/airflow/dags/database/populate_db.py", line 54, in insert_into_db_table
    insert_data_task.execute(context=None)  # Execute the task
  File "/home/airflow/.local/lib/python3.10/site-packages/airflow/models/baseoperator.py", line 401, in wrapper
    return func(self, *args, **kwargs)
  File "/home/airflow/.local/lib/python3.10/site-packages/airflow/providers/common/sql/operators/sql.py", line 282, in execute
    output = hook.run(
  File "/home/airflow/.local/lib/python3.10/site-packages/airflow/providers/common/sql/hooks/sql.py", line 435, in run
    self._run_command(cur, sql_statement, parameters)
  File "/home/airflow/.local/lib/python3.10/site-packages/airflow/providers/common/sql/hooks/sql.py", line 492, in _run_command
    cur.execute(sql_statement)
psycopg2.errors.InvalidTextRepresentation: invalid input syntax for type double precision: "count"
LINE 3: ...7.0, 45717.0, 45717.0, 45717.0, 45717.0, 45717.0, 'count'),(...
                                                             ^

[2024-06-18T16:28:21.477+0000] {taskinstance.py:441} INFO - ::group::Post task execution logs
[2024-06-18T16:28:21.479+0000] {taskinstance.py:2905} ERROR - Task failed with exception
Traceback (most recent call last):
  File "/home/airflow/.local/lib/python3.10/site-packages/airflow/models/taskinstance.py", line 465, in _execute_task
    result = _execute_callable(context=context, **execute_callable_kwargs)
  File "/home/airflow/.local/lib/python3.10/site-packages/airflow/models/taskinstance.py", line 432, in _execute_callable
    return execute_callable(context=context, **execute_callable_kwargs)
  File "/home/airflow/.local/lib/python3.10/site-packages/airflow/models/baseoperator.py", line 401, in wrapper
    return func(self, *args, **kwargs)
  File "/home/airflow/.local/lib/python3.10/site-packages/airflow/decorators/base.py", line 265, in execute
    return_value = super().execute(context)
  File "/home/airflow/.local/lib/python3.10/site-packages/airflow/models/baseoperator.py", line 401, in wrapper
    return func(self, *args, **kwargs)
  File "/home/airflow/.local/lib/python3.10/site-packages/airflow/operators/python.py", line 235, in execute
    return_value = self.execute_callable()
  File "/home/airflow/.local/lib/python3.10/site-packages/airflow/operators/python.py", line 252, in execute_callable
    return self.python_callable(*self.op_args, **self.op_kwargs)
  File "/opt/airflow/dags/database/populate_db.py", line 54, in insert_into_db_table
    insert_data_task.execute(context=None)  # Execute the task
  File "/home/airflow/.local/lib/python3.10/site-packages/airflow/models/baseoperator.py", line 401, in wrapper
    return func(self, *args, **kwargs)
  File "/home/airflow/.local/lib/python3.10/site-packages/airflow/providers/common/sql/operators/sql.py", line 282, in execute
    output = hook.run(
  File "/home/airflow/.local/lib/python3.10/site-packages/airflow/providers/common/sql/hooks/sql.py", line 435, in run
    self._run_command(cur, sql_statement, parameters)
  File "/home/airflow/.local/lib/python3.10/site-packages/airflow/providers/common/sql/hooks/sql.py", line 492, in _run_command
    cur.execute(sql_statement)
psycopg2.errors.InvalidTextRepresentation: invalid input syntax for type double precision: "count"
LINE 3: ...7.0, 45717.0, 45717.0, 45717.0, 45717.0, 45717.0, 'count'),(...
                                                             ^

[2024-06-18T16:28:21.516+0000] {taskinstance.py:1206} INFO - Marking task as UP_FOR_RETRY. dag_id=Air_pollution_data_pipeline, task_id=insert_into_db_table__2, run_id=manual__2024-06-18T16:27:24+00:00, execution_date=20240618T162724, start_date=20240618T162820, end_date=20240618T162821
[2024-06-18T16:28:21.559+0000] {standard_task_runner.py:110} ERROR - Failed to execute job 164 for task insert_into_db_table__2 (invalid input syntax for type double precision: "count"
LINE 3: ...7.0, 45717.0, 45717.0, 45717.0, 45717.0, 45717.0, 'count'),(...
                                                             ^
; 5081)
[2024-06-18T16:28:21.630+0000] {local_task_job_runner.py:240} INFO - Task exited with return code 1
[2024-06-18T16:28:21.700+0000] {taskinstance.py:3503} INFO - 0 downstream tasks scheduled from follow-on schedule check
[2024-06-18T16:28:21.716+0000] {local_task_job_runner.py:222} INFO - ::endgroup::
