[2024-06-17T13:35:35.815+0000] {local_task_job_runner.py:120} INFO - ::group::Pre task execution logs
[2024-06-17T13:35:35.856+0000] {taskinstance.py:2076} INFO - Dependencies all met for dep_context=non-requeueable deps ti=<TaskInstance: Air_pollution_data_pipeline.insert_into_db_table__2 manual__2024-06-17T13:24:40+00:00 [queued]>
[2024-06-17T13:35:35.868+0000] {taskinstance.py:2076} INFO - Dependencies all met for dep_context=requeueable deps ti=<TaskInstance: Air_pollution_data_pipeline.insert_into_db_table__2 manual__2024-06-17T13:24:40+00:00 [queued]>
[2024-06-17T13:35:35.869+0000] {taskinstance.py:2306} INFO - Starting attempt 5 of 6
[2024-06-17T13:35:35.889+0000] {taskinstance.py:2330} INFO - Executing <Task(_PythonDecoratedOperator): insert_into_db_table__2> on 2024-06-17 13:24:40+00:00
[2024-06-17T13:35:35.895+0000] {standard_task_runner.py:63} INFO - Started process 1703 to run task
[2024-06-17T13:35:35.899+0000] {standard_task_runner.py:90} INFO - Running: ['***', 'tasks', 'run', 'Air_pollution_data_pipeline', 'insert_into_db_table__2', 'manual__2024-06-17T13:24:40+00:00', '--job-id', '977', '--raw', '--subdir', 'DAGS_FOLDER/main.py', '--cfg-path', '/tmp/tmpx2ylwn0r']
[2024-06-17T13:35:35.902+0000] {standard_task_runner.py:91} INFO - Job 977: Subtask insert_into_db_table__2
[2024-06-17T13:35:35.977+0000] {task_command.py:426} INFO - Running <TaskInstance: Air_pollution_data_pipeline.insert_into_db_table__2 manual__2024-06-17T13:24:40+00:00 [running]> on host fa4d239664b0
[2024-06-17T13:35:36.116+0000] {taskinstance.py:2648} INFO - Exporting env vars: AIRFLOW_CTX_DAG_OWNER='khalid' AIRFLOW_CTX_DAG_ID='Air_pollution_data_pipeline' AIRFLOW_CTX_TASK_ID='insert_into_db_table__2' AIRFLOW_CTX_EXECUTION_DATE='2024-06-17T13:24:40+00:00' AIRFLOW_CTX_TRY_NUMBER='5' AIRFLOW_CTX_DAG_RUN_ID='manual__2024-06-17T13:24:40+00:00'
[2024-06-17T13:35:36.118+0000] {taskinstance.py:430} INFO - ::endgroup::
[2024-06-17T13:35:36.126+0000] {logging_mixin.py:188} WARNING - /opt/***/dags/database/populate_db.py:26 FutureWarning: Passing literal json to 'read_json' is deprecated and will be removed in a future version. To read from a literal string, wrap it in a 'StringIO' object.
[2024-06-17T13:35:36.146+0000] {populate_db.py:36} INFO - Inserting data into table
[2024-06-17T13:35:36.147+0000] {populate_db.py:48} ERROR - Error inserting data into table
Traceback (most recent call last):
  File "/opt/airflow/dags/database/populate_db.py", line 37, in insert_into_db_table
    insert_data_task = SQLExecuteQueryOperator(
  File "/home/airflow/.local/lib/python3.10/site-packages/airflow/models/baseoperator.py", line 455, in apply_defaults
    default_args, merged_params = get_merged_defaults(
  File "/home/airflow/.local/lib/python3.10/site-packages/airflow/models/baseoperator.py", line 176, in get_merged_defaults
    raise TypeError("params must be a mapping")
TypeError: params must be a mapping
[2024-06-17T13:35:36.148+0000] {taskinstance.py:441} INFO - ::group::Post task execution logs
[2024-06-17T13:35:36.149+0000] {taskinstance.py:2905} ERROR - Task failed with exception
Traceback (most recent call last):
  File "/home/airflow/.local/lib/python3.10/site-packages/airflow/models/taskinstance.py", line 465, in _execute_task
    result = _execute_callable(context=context, **execute_callable_kwargs)
  File "/home/airflow/.local/lib/python3.10/site-packages/airflow/models/taskinstance.py", line 432, in _execute_callable
    return execute_callable(context=context, **execute_callable_kwargs)
  File "/home/airflow/.local/lib/python3.10/site-packages/airflow/models/baseoperator.py", line 401, in wrapper
    return func(self, *args, **kwargs)
  File "/home/airflow/.local/lib/python3.10/site-packages/airflow/decorators/base.py", line 265, in execute
    return_value = super().execute(context)
  File "/home/airflow/.local/lib/python3.10/site-packages/airflow/models/baseoperator.py", line 401, in wrapper
    return func(self, *args, **kwargs)
  File "/home/airflow/.local/lib/python3.10/site-packages/airflow/operators/python.py", line 235, in execute
    return_value = self.execute_callable()
  File "/home/airflow/.local/lib/python3.10/site-packages/airflow/operators/python.py", line 252, in execute_callable
    return self.python_callable(*self.op_args, **self.op_kwargs)
  File "/opt/airflow/dags/database/populate_db.py", line 37, in insert_into_db_table
    insert_data_task = SQLExecuteQueryOperator(
  File "/home/airflow/.local/lib/python3.10/site-packages/airflow/models/baseoperator.py", line 455, in apply_defaults
    default_args, merged_params = get_merged_defaults(
  File "/home/airflow/.local/lib/python3.10/site-packages/airflow/models/baseoperator.py", line 176, in get_merged_defaults
    raise TypeError("params must be a mapping")
TypeError: params must be a mapping
[2024-06-17T13:35:36.163+0000] {taskinstance.py:1206} INFO - Marking task as UP_FOR_RETRY. dag_id=Air_pollution_data_pipeline, task_id=insert_into_db_table__2, run_id=manual__2024-06-17T13:24:40+00:00, execution_date=20240617T132440, start_date=20240617T133535, end_date=20240617T133536
[2024-06-17T13:35:36.182+0000] {standard_task_runner.py:110} ERROR - Failed to execute job 977 for task insert_into_db_table__2 (params must be a mapping; 1703)
[2024-06-17T13:35:36.192+0000] {local_task_job_runner.py:240} INFO - Task exited with return code 1
[2024-06-17T13:35:36.206+0000] {local_task_job_runner.py:222} INFO - ::endgroup::
