[2024-06-16T20:25:44.686+0000] {local_task_job_runner.py:120} INFO - ::group::Pre task execution logs
[2024-06-16T20:25:44.763+0000] {taskinstance.py:2076} INFO - Dependencies all met for dep_context=non-requeueable deps ti=<TaskInstance: Air_pollution_data_pipeline.avg_emission_by_year manual__2024-06-16T20:06:18+00:00 [queued]>
[2024-06-16T20:25:44.783+0000] {taskinstance.py:2076} INFO - Dependencies all met for dep_context=requeueable deps ti=<TaskInstance: Air_pollution_data_pipeline.avg_emission_by_year manual__2024-06-16T20:06:18+00:00 [queued]>
[2024-06-16T20:25:44.784+0000] {taskinstance.py:2306} INFO - Starting attempt 6 of 6
[2024-06-16T20:25:44.811+0000] {taskinstance.py:2330} INFO - Executing <Task(_PythonDecoratedOperator): avg_emission_by_year> on 2024-06-16 20:06:18+00:00
[2024-06-16T20:25:44.822+0000] {standard_task_runner.py:63} INFO - Started process 8232 to run task
[2024-06-16T20:25:44.835+0000] {standard_task_runner.py:90} INFO - Running: ['***', 'tasks', 'run', 'Air_pollution_data_pipeline', 'avg_emission_by_year', 'manual__2024-06-16T20:06:18+00:00', '--job-id', '850', '--raw', '--subdir', 'DAGS_FOLDER/main.py', '--cfg-path', '/tmp/tmpbo_x_ct5']
[2024-06-16T20:25:44.848+0000] {standard_task_runner.py:91} INFO - Job 850: Subtask avg_emission_by_year
[2024-06-16T20:25:44.962+0000] {task_command.py:426} INFO - Running <TaskInstance: Air_pollution_data_pipeline.avg_emission_by_year manual__2024-06-16T20:06:18+00:00 [running]> on host 333385971b19
[2024-06-16T20:25:45.282+0000] {taskinstance.py:2648} INFO - Exporting env vars: AIRFLOW_CTX_DAG_OWNER='khalid' AIRFLOW_CTX_DAG_ID='Air_pollution_data_pipeline' AIRFLOW_CTX_TASK_ID='avg_emission_by_year' AIRFLOW_CTX_EXECUTION_DATE='2024-06-16T20:06:18+00:00' AIRFLOW_CTX_TRY_NUMBER='6' AIRFLOW_CTX_DAG_RUN_ID='manual__2024-06-16T20:06:18+00:00'
[2024-06-16T20:25:45.284+0000] {taskinstance.py:430} INFO - ::endgroup::
[2024-06-16T20:25:45.286+0000] {summary_analysis.py:33} INFO - starting average pollutants emission calculation
[2024-06-16T20:25:45.293+0000] {summary_analysis.py:45} ERROR - error calculating average emission
Traceback (most recent call last):
  File "/opt/airflow/dags/statistical_analysis/summary_analysis.py", line 36, in avg_emission_by_year
    val_data = pd.read_json(val_data)
  File "/home/airflow/.local/lib/python3.10/site-packages/pandas/io/json/_json.py", line 791, in read_json
    json_reader = JsonReader(
  File "/home/airflow/.local/lib/python3.10/site-packages/pandas/io/json/_json.py", line 904, in __init__
    data = self._get_data_from_filepath(filepath_or_buffer)
  File "/home/airflow/.local/lib/python3.10/site-packages/pandas/io/json/_json.py", line 944, in _get_data_from_filepath
    self.handles = get_handle(
  File "/home/airflow/.local/lib/python3.10/site-packages/pandas/io/common.py", line 728, in get_handle
    ioargs = _get_filepath_or_buffer(
  File "/home/airflow/.local/lib/python3.10/site-packages/pandas/io/common.py", line 472, in _get_filepath_or_buffer
    raise ValueError(msg)
ValueError: Invalid file path or buffer object type: <class 'list'>
[2024-06-16T20:25:45.298+0000] {taskinstance.py:441} INFO - ::group::Post task execution logs
[2024-06-16T20:25:45.299+0000] {taskinstance.py:2905} ERROR - Task failed with exception
Traceback (most recent call last):
  File "/home/airflow/.local/lib/python3.10/site-packages/airflow/models/taskinstance.py", line 465, in _execute_task
    result = _execute_callable(context=context, **execute_callable_kwargs)
  File "/home/airflow/.local/lib/python3.10/site-packages/airflow/models/taskinstance.py", line 432, in _execute_callable
    return execute_callable(context=context, **execute_callable_kwargs)
  File "/home/airflow/.local/lib/python3.10/site-packages/airflow/models/baseoperator.py", line 401, in wrapper
    return func(self, *args, **kwargs)
  File "/home/airflow/.local/lib/python3.10/site-packages/airflow/decorators/base.py", line 265, in execute
    return_value = super().execute(context)
  File "/home/airflow/.local/lib/python3.10/site-packages/airflow/models/baseoperator.py", line 401, in wrapper
    return func(self, *args, **kwargs)
  File "/home/airflow/.local/lib/python3.10/site-packages/airflow/operators/python.py", line 235, in execute
    return_value = self.execute_callable()
  File "/home/airflow/.local/lib/python3.10/site-packages/airflow/operators/python.py", line 252, in execute_callable
    return self.python_callable(*self.op_args, **self.op_kwargs)
  File "/opt/airflow/dags/statistical_analysis/summary_analysis.py", line 36, in avg_emission_by_year
    val_data = pd.read_json(val_data)
  File "/home/airflow/.local/lib/python3.10/site-packages/pandas/io/json/_json.py", line 791, in read_json
    json_reader = JsonReader(
  File "/home/airflow/.local/lib/python3.10/site-packages/pandas/io/json/_json.py", line 904, in __init__
    data = self._get_data_from_filepath(filepath_or_buffer)
  File "/home/airflow/.local/lib/python3.10/site-packages/pandas/io/json/_json.py", line 944, in _get_data_from_filepath
    self.handles = get_handle(
  File "/home/airflow/.local/lib/python3.10/site-packages/pandas/io/common.py", line 728, in get_handle
    ioargs = _get_filepath_or_buffer(
  File "/home/airflow/.local/lib/python3.10/site-packages/pandas/io/common.py", line 472, in _get_filepath_or_buffer
    raise ValueError(msg)
ValueError: Invalid file path or buffer object type: <class 'list'>
[2024-06-16T20:25:45.327+0000] {taskinstance.py:1206} INFO - Marking task as FAILED. dag_id=Air_pollution_data_pipeline, task_id=avg_emission_by_year, run_id=manual__2024-06-16T20:06:18+00:00, execution_date=20240616T200618, start_date=20240616T202544, end_date=20240616T202545
[2024-06-16T20:25:45.397+0000] {standard_task_runner.py:110} ERROR - Failed to execute job 850 for task avg_emission_by_year (Invalid file path or buffer object type: <class 'list'>; 8232)
[2024-06-16T20:25:45.475+0000] {local_task_job_runner.py:240} INFO - Task exited with return code 1
[2024-06-16T20:25:45.527+0000] {taskinstance.py:3503} INFO - 0 downstream tasks scheduled from follow-on schedule check
[2024-06-16T20:25:45.535+0000] {local_task_job_runner.py:222} INFO - ::endgroup::
