[2024-06-16T20:07:46.740+0000] {local_task_job_runner.py:120} INFO - ::group::Pre task execution logs
[2024-06-16T20:07:46.796+0000] {taskinstance.py:2076} INFO - Dependencies all met for dep_context=non-requeueable deps ti=<TaskInstance: Air_pollution_data_pipeline.load_data manual__2024-06-16T20:07:41+00:00 [queued]>
[2024-06-16T20:07:46.822+0000] {taskinstance.py:2076} INFO - Dependencies all met for dep_context=requeueable deps ti=<TaskInstance: Air_pollution_data_pipeline.load_data manual__2024-06-16T20:07:41+00:00 [queued]>
[2024-06-16T20:07:46.823+0000] {taskinstance.py:2306} INFO - Starting attempt 1 of 6
[2024-06-16T20:07:46.864+0000] {taskinstance.py:2330} INFO - Executing <Task(_PythonDecoratedOperator): load_data> on 2024-06-16 20:07:41+00:00
[2024-06-16T20:07:46.884+0000] {standard_task_runner.py:63} INFO - Started process 7202 to run task
[2024-06-16T20:07:46.895+0000] {standard_task_runner.py:90} INFO - Running: ['***', 'tasks', 'run', 'Air_pollution_data_pipeline', 'load_data', 'manual__2024-06-16T20:07:41+00:00', '--job-id', '643', '--raw', '--subdir', 'DAGS_FOLDER/main.py', '--cfg-path', '/tmp/tmp4u0r3rt7']
[2024-06-16T20:07:46.901+0000] {standard_task_runner.py:91} INFO - Job 643: Subtask load_data
[2024-06-16T20:07:47.031+0000] {task_command.py:426} INFO - Running <TaskInstance: Air_pollution_data_pipeline.load_data manual__2024-06-16T20:07:41+00:00 [running]> on host 333385971b19
[2024-06-16T20:07:47.236+0000] {taskinstance.py:2648} INFO - Exporting env vars: AIRFLOW_CTX_DAG_OWNER='khalid' AIRFLOW_CTX_DAG_ID='Air_pollution_data_pipeline' AIRFLOW_CTX_TASK_ID='load_data' AIRFLOW_CTX_EXECUTION_DATE='2024-06-16T20:07:41+00:00' AIRFLOW_CTX_TRY_NUMBER='1' AIRFLOW_CTX_DAG_RUN_ID='manual__2024-06-16T20:07:41+00:00'
[2024-06-16T20:07:47.239+0000] {taskinstance.py:430} INFO - ::endgroup::
[2024-06-16T20:07:47.240+0000] {data_load.py:11} INFO - starting data extration from source
[2024-06-16T20:07:51.046+0000] {data_load.py:16} INFO - successfully completed data extraction, cleaning and loading to local drive
[2024-06-16T20:07:51.048+0000] {python.py:237} INFO - Done. Returned value was: Index(['Entity', 'Code', 'Year', 'Nitrogen oxide (NOx)',
       'Sulphur dioxide (SO₂) emissions', 'Carbon monoxide (CO) emissions',
       'Organic carbon (OC) emissions',
       'Non-methane volatile organic compounds (NMVOC) emissions',
       'Black carbon (BC) emissions', 'Ammonia (NH₃) emissions',
       'Unnamed: 10'],
      dtype='object')
[2024-06-16T20:07:51.053+0000] {taskinstance.py:441} INFO - ::group::Post task execution logs
[2024-06-16T20:07:51.068+0000] {xcom.py:675} ERROR - Object of type Index is not JSON serializable. If you are using pickle instead of JSON for XCom, then you need to enable pickle support for XCom in your *** config or make sure to decorate your object with attr.
[2024-06-16T20:07:51.071+0000] {taskinstance.py:2905} ERROR - Task failed with exception
Traceback (most recent call last):
  File "/home/airflow/.local/lib/python3.10/site-packages/airflow/utils/json.py", line 91, in default
    return serialize(o)
  File "/home/airflow/.local/lib/python3.10/site-packages/airflow/serialization/serde.py", line 189, in serialize
    raise TypeError(f"cannot serialize object of type {cls}")
TypeError: cannot serialize object of type <class 'pandas.core.indexes.base.Index'>

During handling of the above exception, another exception occurred:

Traceback (most recent call last):
  File "/home/airflow/.local/lib/python3.10/site-packages/airflow/models/taskinstance.py", line 486, in _execute_task
    task_instance.xcom_push(key=XCOM_RETURN_KEY, value=xcom_value, session=session)
  File "/home/airflow/.local/lib/python3.10/site-packages/airflow/utils/session.py", line 76, in wrapper
    return func(*args, **kwargs)
  File "/home/airflow/.local/lib/python3.10/site-packages/airflow/models/taskinstance.py", line 3197, in xcom_push
    XCom.set(
  File "/home/airflow/.local/lib/python3.10/site-packages/airflow/utils/session.py", line 76, in wrapper
    return func(*args, **kwargs)
  File "/home/airflow/.local/lib/python3.10/site-packages/airflow/models/xcom.py", line 246, in set
    value = cls.serialize_value(
  File "/home/airflow/.local/lib/python3.10/site-packages/airflow/models/xcom.py", line 673, in serialize_value
    return json.dumps(value, cls=XComEncoder).encode("UTF-8")
  File "/usr/local/lib/python3.10/json/__init__.py", line 238, in dumps
    **kw).encode(obj)
  File "/home/airflow/.local/lib/python3.10/site-packages/airflow/utils/json.py", line 104, in encode
    return super().encode(o)
  File "/usr/local/lib/python3.10/json/encoder.py", line 199, in encode
    chunks = self.iterencode(o, _one_shot=True)
  File "/usr/local/lib/python3.10/json/encoder.py", line 257, in iterencode
    return _iterencode(o, 0)
  File "/home/airflow/.local/lib/python3.10/site-packages/airflow/utils/json.py", line 93, in default
    return super().default(o)
  File "/usr/local/lib/python3.10/json/encoder.py", line 179, in default
    raise TypeError(f'Object of type {o.__class__.__name__} '
TypeError: Object of type Index is not JSON serializable
[2024-06-16T20:07:51.118+0000] {taskinstance.py:1206} INFO - Marking task as UP_FOR_RETRY. dag_id=Air_pollution_data_pipeline, task_id=load_data, run_id=manual__2024-06-16T20:07:41+00:00, execution_date=20240616T200741, start_date=20240616T200746, end_date=20240616T200751
[2024-06-16T20:07:51.200+0000] {standard_task_runner.py:110} ERROR - Failed to execute job 643 for task load_data (Object of type Index is not JSON serializable; 7202)
[2024-06-16T20:07:51.256+0000] {local_task_job_runner.py:240} INFO - Task exited with return code 1
[2024-06-16T20:07:51.314+0000] {taskinstance.py:3503} INFO - 0 downstream tasks scheduled from follow-on schedule check
[2024-06-16T20:07:51.318+0000] {local_task_job_runner.py:222} INFO - ::endgroup::
