[2024-06-16T15:53:17.878+0000] {local_task_job_runner.py:120} INFO - ::group::Pre task execution logs
[2024-06-16T15:53:18.096+0000] {taskinstance.py:2076} INFO - Dependencies all met for dep_context=non-requeueable deps ti=<TaskInstance: Air_pollution_data_pipeline.create_table manual__2024-06-16T15:51:00+00:00 [queued]>
[2024-06-16T15:53:18.136+0000] {taskinstance.py:2076} INFO - Dependencies all met for dep_context=requeueable deps ti=<TaskInstance: Air_pollution_data_pipeline.create_table manual__2024-06-16T15:51:00+00:00 [queued]>
[2024-06-16T15:53:18.141+0000] {taskinstance.py:2306} INFO - Starting attempt 2 of 6
[2024-06-16T15:53:18.209+0000] {taskinstance.py:2330} INFO - Executing <Task(_PythonDecoratedOperator): create_table> on 2024-06-16 15:51:00+00:00
[2024-06-16T15:53:18.229+0000] {standard_task_runner.py:63} INFO - Started process 347 to run task
[2024-06-16T15:53:18.236+0000] {standard_task_runner.py:90} INFO - Running: ['***', 'tasks', 'run', 'Air_pollution_data_pipeline', 'create_table', 'manual__2024-06-16T15:51:00+00:00', '--job-id', '18', '--raw', '--subdir', 'DAGS_FOLDER/main.py', '--cfg-path', '/tmp/tmpeqrof9sj']
[2024-06-16T15:53:18.252+0000] {standard_task_runner.py:91} INFO - Job 18: Subtask create_table
[2024-06-16T15:53:18.549+0000] {task_command.py:426} INFO - Running <TaskInstance: Air_pollution_data_pipeline.create_table manual__2024-06-16T15:51:00+00:00 [running]> on host 333385971b19
[2024-06-16T15:53:18.771+0000] {taskinstance.py:2648} INFO - Exporting env vars: AIRFLOW_CTX_DAG_OWNER='khalid' AIRFLOW_CTX_DAG_ID='Air_pollution_data_pipeline' AIRFLOW_CTX_TASK_ID='create_table' AIRFLOW_CTX_EXECUTION_DATE='2024-06-16T15:51:00+00:00' AIRFLOW_CTX_TRY_NUMBER='2' AIRFLOW_CTX_DAG_RUN_ID='manual__2024-06-16T15:51:00+00:00'
[2024-06-16T15:53:18.775+0000] {taskinstance.py:430} INFO - ::endgroup::
[2024-06-16T15:53:18.777+0000] {create_table.py:57} INFO - creating table
[2024-06-16T15:53:18.781+0000] {baseoperator.py:400} WARNING - SQLExecuteQueryOperator.execute cannot be called outside TaskInstance!
[2024-06-16T15:53:18.782+0000] {sql.py:276} INFO - Executing: 
        CREATE TABLE IF NOT EXISTS emission (
            Entity VARCHAR(100),
            Code VARCHAR(100),
            Year INT,
            "Nitrogen oxide (NOx)" DECIMAL(10, 5), 
            "Sulphur dioxide (SO) emissions" DECIMAL(10, 5), 
            "Carbon monoxide (CO) emissions" DECIMAL(10, 5), 
            "Organic carbon (OC) emissions" DECIMAL(10, 5), 
            "Non-methane volatile organic compounds (NMVOC) emissions" DECIMAL(10, 5), 
            "Black carbon (BC) emissions" DECIMAL(10, 5),
            "Ammonia (NH3) emissions" DECIMAL(10, 5)
        );

[2024-06-16T15:53:18.811+0000] {base.py:84} INFO - Using connection ID 'postgres_localhost' for task execution.
[2024-06-16T15:53:18.856+0000] {base.py:84} INFO - Using connection ID 'postgres_localhost' for task execution.
[2024-06-16T15:53:18.871+0000] {sql.py:487} INFO - Running statement: 
        CREATE TABLE IF NOT EXISTS emission (
            Entity VARCHAR(100),
            Code VARCHAR(100),
            Year INT,
            "Nitrogen oxide (NOx)" DECIMAL(10, 5), 
            "Sulphur dioxide (SO) emissions" DECIMAL(10, 5), 
            "Carbon monoxide (CO) emissions" DECIMAL(10, 5), 
            "Organic carbon (OC) emissions" DECIMAL(10, 5), 
            "Non-methane volatile organic compounds (NMVOC) emissions" DECIMAL(10, 5), 
            "Black carbon (BC) emissions" DECIMAL(10, 5),
            "Ammonia (NH3) emissions" DECIMAL(10, 5)
        );
, parameters: None
[2024-06-16T15:53:18.881+0000] {create_table.py:65} INFO - successfully create table
[2024-06-16T15:53:18.883+0000] {create_table.py:57} INFO - creating table
[2024-06-16T15:53:18.885+0000] {baseoperator.py:400} WARNING - SQLExecuteQueryOperator.execute cannot be called outside TaskInstance!
[2024-06-16T15:53:18.885+0000] {sql.py:276} INFO - Executing: 
        CREATE TABLE IF NOT EXISTS avg_emission (
            Year INT,
            "Nitrogen oxide (NOx)" DECIMAL(10, 5), 
            "Sulphur dioxide (SO) emissions" DECIMAL(10, 5), 
            "Carbon monoxide (CO) emissions" DECIMAL(10, 5), 
            "Organic carbon (OC) emissions" DECIMAL(10, 5), 
            "Non-methane volatile organic compounds (NMVOC) emissions" DECIMAL(10, 5), 
            "Black carbon (BC) emissions" DECIMAL(10, 5),
            "Ammonia (NH3) emissions" DECIMAL(10, 5)
        );

[2024-06-16T15:53:18.917+0000] {base.py:84} INFO - Using connection ID 'postgres_localhost' for task execution.
[2024-06-16T15:53:18.945+0000] {base.py:84} INFO - Using connection ID 'postgres_localhost' for task execution.
[2024-06-16T15:53:18.965+0000] {sql.py:487} INFO - Running statement: 
        CREATE TABLE IF NOT EXISTS avg_emission (
            Year INT,
            "Nitrogen oxide (NOx)" DECIMAL(10, 5), 
            "Sulphur dioxide (SO) emissions" DECIMAL(10, 5), 
            "Carbon monoxide (CO) emissions" DECIMAL(10, 5), 
            "Organic carbon (OC) emissions" DECIMAL(10, 5), 
            "Non-methane volatile organic compounds (NMVOC) emissions" DECIMAL(10, 5), 
            "Black carbon (BC) emissions" DECIMAL(10, 5),
            "Ammonia (NH3) emissions" DECIMAL(10, 5)
        );
, parameters: None
[2024-06-16T15:53:18.969+0000] {create_table.py:65} INFO - successfully create table
[2024-06-16T15:53:18.972+0000] {create_table.py:57} INFO - creating table
[2024-06-16T15:53:18.973+0000] {baseoperator.py:400} WARNING - SQLExecuteQueryOperator.execute cannot be called outside TaskInstance!
[2024-06-16T15:53:18.974+0000] {sql.py:276} INFO - Executing: 
        CREATE TABLE IF NOT EXISTS emission_summary_stats (
            Year INT,
            summary_stats VARCHAR(100),
            "Nitrogen oxide (NOx)" DECIMAL(10, 5), 
            "Sulphur dioxide (SO) emissions" DECIMAL(10, 5), 
            "Carbon monoxide (CO) emissions" DECIMAL(10, 5), 
            "Organic carbon (OC) emissions" DECIMAL(10, 5), 
            "Non-methane volatile organic compounds (NMVOC) emissions" DECIMAL(10, 5), 
            "Black carbon (BC) emissions" DECIMAL(10, 5),
            "Ammonia (NH3) emissions" DECIMAL(10, 5)
        );

[2024-06-16T15:53:18.991+0000] {base.py:84} INFO - Using connection ID 'postgres_localhost' for task execution.
[2024-06-16T15:53:19.007+0000] {base.py:84} INFO - Using connection ID 'postgres_localhost' for task execution.
[2024-06-16T15:53:19.016+0000] {sql.py:487} INFO - Running statement: 
        CREATE TABLE IF NOT EXISTS emission_summary_stats (
            Year INT,
            summary_stats VARCHAR(100),
            "Nitrogen oxide (NOx)" DECIMAL(10, 5), 
            "Sulphur dioxide (SO) emissions" DECIMAL(10, 5), 
            "Carbon monoxide (CO) emissions" DECIMAL(10, 5), 
            "Organic carbon (OC) emissions" DECIMAL(10, 5), 
            "Non-methane volatile organic compounds (NMVOC) emissions" DECIMAL(10, 5), 
            "Black carbon (BC) emissions" DECIMAL(10, 5),
            "Ammonia (NH3) emissions" DECIMAL(10, 5)
        );
, parameters: None
[2024-06-16T15:53:19.018+0000] {create_table.py:65} INFO - successfully create table
[2024-06-16T15:53:19.019+0000] {python.py:237} INFO - Done. Returned value was: None
[2024-06-16T15:53:19.021+0000] {taskinstance.py:441} INFO - ::group::Post task execution logs
[2024-06-16T15:53:19.036+0000] {taskinstance.py:1206} INFO - Marking task as SUCCESS. dag_id=Air_pollution_data_pipeline, task_id=create_table, run_id=manual__2024-06-16T15:51:00+00:00, execution_date=20240616T155100, start_date=20240616T155318, end_date=20240616T155319
[2024-06-16T15:53:19.079+0000] {local_task_job_runner.py:240} INFO - Task exited with return code 0
[2024-06-16T15:53:19.125+0000] {taskinstance.py:3503} INFO - 1 downstream tasks scheduled from follow-on schedule check
[2024-06-16T15:53:19.128+0000] {local_task_job_runner.py:222} INFO - ::endgroup::
