[2024-06-16T16:05:18.156+0000] {local_task_job_runner.py:120} INFO - ::group::Pre task execution logs
[2024-06-16T16:05:18.256+0000] {taskinstance.py:2076} INFO - Dependencies all met for dep_context=non-requeueable deps ti=<TaskInstance: Air_pollution_data_pipeline.insert_into_db_table manual__2024-06-16T15:56:25+00:00 [queued]>
[2024-06-16T16:05:18.280+0000] {taskinstance.py:2076} INFO - Dependencies all met for dep_context=requeueable deps ti=<TaskInstance: Air_pollution_data_pipeline.insert_into_db_table manual__2024-06-16T15:56:25+00:00 [queued]>
[2024-06-16T16:05:18.281+0000] {taskinstance.py:2306} INFO - Starting attempt 4 of 6
[2024-06-16T16:05:18.343+0000] {taskinstance.py:2330} INFO - Executing <Task(_PythonDecoratedOperator): insert_into_db_table> on 2024-06-16 15:56:25+00:00
[2024-06-16T16:05:18.382+0000] {standard_task_runner.py:63} INFO - Started process 1114 to run task
[2024-06-16T16:05:18.381+0000] {standard_task_runner.py:90} INFO - Running: ['***', 'tasks', 'run', 'Air_pollution_data_pipeline', 'insert_into_db_table', 'manual__2024-06-16T15:56:25+00:00', '--job-id', '173', '--raw', '--subdir', 'DAGS_FOLDER/main.py', '--cfg-path', '/tmp/tmpyrw7_pyk']
[2024-06-16T16:05:18.389+0000] {standard_task_runner.py:91} INFO - Job 173: Subtask insert_into_db_table
[2024-06-16T16:05:18.550+0000] {task_command.py:426} INFO - Running <TaskInstance: Air_pollution_data_pipeline.insert_into_db_table manual__2024-06-16T15:56:25+00:00 [running]> on host 333385971b19
[2024-06-16T16:05:18.846+0000] {taskinstance.py:2648} INFO - Exporting env vars: AIRFLOW_CTX_DAG_OWNER='khalid' AIRFLOW_CTX_DAG_ID='Air_pollution_data_pipeline' AIRFLOW_CTX_TASK_ID='insert_into_db_table' AIRFLOW_CTX_EXECUTION_DATE='2024-06-16T15:56:25+00:00' AIRFLOW_CTX_TRY_NUMBER='4' AIRFLOW_CTX_DAG_RUN_ID='manual__2024-06-16T15:56:25+00:00'
[2024-06-16T16:05:18.850+0000] {taskinstance.py:430} INFO - ::endgroup::
[2024-06-16T16:05:18.854+0000] {taskinstance.py:441} INFO - ::group::Post task execution logs
[2024-06-16T16:05:18.855+0000] {taskinstance.py:2905} ERROR - Task failed with exception
Traceback (most recent call last):
  File "/home/airflow/.local/lib/python3.10/site-packages/airflow/models/taskinstance.py", line 465, in _execute_task
    result = _execute_callable(context=context, **execute_callable_kwargs)
  File "/home/airflow/.local/lib/python3.10/site-packages/airflow/models/taskinstance.py", line 432, in _execute_callable
    return execute_callable(context=context, **execute_callable_kwargs)
  File "/home/airflow/.local/lib/python3.10/site-packages/airflow/models/baseoperator.py", line 401, in wrapper
    return func(self, *args, **kwargs)
  File "/home/airflow/.local/lib/python3.10/site-packages/airflow/decorators/base.py", line 265, in execute
    return_value = super().execute(context)
  File "/home/airflow/.local/lib/python3.10/site-packages/airflow/models/baseoperator.py", line 401, in wrapper
    return func(self, *args, **kwargs)
  File "/home/airflow/.local/lib/python3.10/site-packages/airflow/operators/python.py", line 235, in execute
    return_value = self.execute_callable()
  File "/home/airflow/.local/lib/python3.10/site-packages/airflow/operators/python.py", line 252, in execute_callable
    return self.python_callable(*self.op_args, **self.op_kwargs)
  File "/opt/airflow/dags/database/populate_db.py", line 26, in insert_into_db_table
    data = pd.read_json(input_clean_data)
  File "/home/airflow/.local/lib/python3.10/site-packages/pandas/io/json/_json.py", line 791, in read_json
    json_reader = JsonReader(
  File "/home/airflow/.local/lib/python3.10/site-packages/pandas/io/json/_json.py", line 904, in __init__
    data = self._get_data_from_filepath(filepath_or_buffer)
  File "/home/airflow/.local/lib/python3.10/site-packages/pandas/io/json/_json.py", line 944, in _get_data_from_filepath
    self.handles = get_handle(
  File "/home/airflow/.local/lib/python3.10/site-packages/pandas/io/common.py", line 728, in get_handle
    ioargs = _get_filepath_or_buffer(
  File "/home/airflow/.local/lib/python3.10/site-packages/pandas/io/common.py", line 472, in _get_filepath_or_buffer
    raise ValueError(msg)
ValueError: Invalid file path or buffer object type: <class 'NoneType'>
[2024-06-16T16:05:18.878+0000] {taskinstance.py:1206} INFO - Marking task as UP_FOR_RETRY. dag_id=Air_pollution_data_pipeline, task_id=insert_into_db_table, run_id=manual__2024-06-16T15:56:25+00:00, execution_date=20240616T155625, start_date=20240616T160518, end_date=20240616T160518
[2024-06-16T16:05:18.909+0000] {standard_task_runner.py:110} ERROR - Failed to execute job 173 for task insert_into_db_table (Invalid file path or buffer object type: <class 'NoneType'>; 1114)
[2024-06-16T16:05:18.959+0000] {local_task_job_runner.py:240} INFO - Task exited with return code 1
[2024-06-16T16:05:18.998+0000] {taskinstance.py:3503} INFO - 0 downstream tasks scheduled from follow-on schedule check
[2024-06-16T16:05:19.003+0000] {local_task_job_runner.py:222} INFO - ::endgroup::
