[2024-06-16T16:03:32.916+0000] {local_task_job_runner.py:120} INFO - ::group::Pre task execution logs
[2024-06-16T16:03:32.989+0000] {taskinstance.py:2076} INFO - Dependencies all met for dep_context=non-requeueable deps ti=<TaskInstance: Air_pollution_data_pipeline.data_cleaning manual__2024-06-16T16:03:14+00:00 [queued]>
[2024-06-16T16:03:33.016+0000] {taskinstance.py:2076} INFO - Dependencies all met for dep_context=requeueable deps ti=<TaskInstance: Air_pollution_data_pipeline.data_cleaning manual__2024-06-16T16:03:14+00:00 [queued]>
[2024-06-16T16:03:33.017+0000] {taskinstance.py:2306} INFO - Starting attempt 1 of 6
[2024-06-16T16:03:33.051+0000] {taskinstance.py:2330} INFO - Executing <Task(_PythonDecoratedOperator): data_cleaning> on 2024-06-16 16:03:14+00:00
[2024-06-16T16:03:33.063+0000] {standard_task_runner.py:63} INFO - Started process 970 to run task
[2024-06-16T16:03:33.070+0000] {standard_task_runner.py:90} INFO - Running: ['***', 'tasks', 'run', 'Air_pollution_data_pipeline', 'data_cleaning', 'manual__2024-06-16T16:03:14+00:00', '--job-id', '148', '--raw', '--subdir', 'DAGS_FOLDER/main.py', '--cfg-path', '/tmp/tmp6gqngv_k']
[2024-06-16T16:03:33.077+0000] {standard_task_runner.py:91} INFO - Job 148: Subtask data_cleaning
[2024-06-16T16:03:33.198+0000] {task_command.py:426} INFO - Running <TaskInstance: Air_pollution_data_pipeline.data_cleaning manual__2024-06-16T16:03:14+00:00 [running]> on host 333385971b19
[2024-06-16T16:03:33.922+0000] {taskinstance.py:2648} INFO - Exporting env vars: AIRFLOW_CTX_DAG_OWNER='khalid' AIRFLOW_CTX_DAG_ID='Air_pollution_data_pipeline' AIRFLOW_CTX_TASK_ID='data_cleaning' AIRFLOW_CTX_EXECUTION_DATE='2024-06-16T16:03:14+00:00' AIRFLOW_CTX_TRY_NUMBER='1' AIRFLOW_CTX_DAG_RUN_ID='manual__2024-06-16T16:03:14+00:00'
[2024-06-16T16:03:33.928+0000] {taskinstance.py:430} INFO - ::endgroup::
[2024-06-16T16:03:33.931+0000] {data_clean.py:14} INFO - starting data cleaning process
[2024-06-16T16:03:34.064+0000] {logging_mixin.py:188} WARNING - /opt/***/dags/dataload/processing/data_clean.py:16 FutureWarning: Passing literal json to 'read_json' is deprecated and will be removed in a future version. To read from a literal string, wrap it in a 'StringIO' object.
[2024-06-16T16:03:34.624+0000] {data_clean.py:39} ERROR - error performing data cleaning operation
[2024-06-16T16:03:34.626+0000] {taskinstance.py:441} INFO - ::group::Post task execution logs
[2024-06-16T16:03:34.627+0000] {taskinstance.py:2905} ERROR - Task failed with exception
Traceback (most recent call last):
  File "/home/airflow/.local/lib/python3.10/site-packages/airflow/models/taskinstance.py", line 465, in _execute_task
    result = _execute_callable(context=context, **execute_callable_kwargs)
  File "/home/airflow/.local/lib/python3.10/site-packages/airflow/models/taskinstance.py", line 432, in _execute_callable
    return execute_callable(context=context, **execute_callable_kwargs)
  File "/home/airflow/.local/lib/python3.10/site-packages/airflow/models/baseoperator.py", line 401, in wrapper
    return func(self, *args, **kwargs)
  File "/home/airflow/.local/lib/python3.10/site-packages/airflow/decorators/base.py", line 265, in execute
    return_value = super().execute(context)
  File "/home/airflow/.local/lib/python3.10/site-packages/airflow/models/baseoperator.py", line 401, in wrapper
    return func(self, *args, **kwargs)
  File "/home/airflow/.local/lib/python3.10/site-packages/airflow/operators/python.py", line 235, in execute
    return_value = self.execute_callable()
  File "/home/airflow/.local/lib/python3.10/site-packages/airflow/operators/python.py", line 252, in execute_callable
    return self.python_callable(*self.op_args, **self.op_kwargs)
  File "/opt/airflow/dags/dataload/processing/data_clean.py", line 27, in data_cleaning
    clean_data = input_data.dropna(input_data.index)
TypeError: DataFrame.dropna() takes 1 positional argument but 2 were given
[2024-06-16T16:03:34.678+0000] {taskinstance.py:1206} INFO - Marking task as UP_FOR_RETRY. dag_id=Air_pollution_data_pipeline, task_id=data_cleaning, run_id=manual__2024-06-16T16:03:14+00:00, execution_date=20240616T160314, start_date=20240616T160332, end_date=20240616T160334
[2024-06-16T16:03:34.745+0000] {standard_task_runner.py:110} ERROR - Failed to execute job 148 for task data_cleaning (DataFrame.dropna() takes 1 positional argument but 2 were given; 970)
[2024-06-16T16:03:34.814+0000] {local_task_job_runner.py:240} INFO - Task exited with return code 1
[2024-06-16T16:03:34.906+0000] {taskinstance.py:3503} INFO - 0 downstream tasks scheduled from follow-on schedule check
[2024-06-16T16:03:34.912+0000] {local_task_job_runner.py:222} INFO - ::endgroup::
