[2024-06-16T16:05:38.505+0000] {local_task_job_runner.py:120} INFO - ::group::Pre task execution logs
[2024-06-16T16:05:38.615+0000] {taskinstance.py:2076} INFO - Dependencies all met for dep_context=non-requeueable deps ti=<TaskInstance: Air_pollution_data_pipeline.data_cleaning manual__2024-06-16T16:03:14+00:00 [queued]>
[2024-06-16T16:05:38.657+0000] {taskinstance.py:2076} INFO - Dependencies all met for dep_context=requeueable deps ti=<TaskInstance: Air_pollution_data_pipeline.data_cleaning manual__2024-06-16T16:03:14+00:00 [queued]>
[2024-06-16T16:05:38.658+0000] {taskinstance.py:2306} INFO - Starting attempt 2 of 6
[2024-06-16T16:05:38.707+0000] {taskinstance.py:2330} INFO - Executing <Task(_PythonDecoratedOperator): data_cleaning> on 2024-06-16 16:03:14+00:00
[2024-06-16T16:05:38.724+0000] {standard_task_runner.py:63} INFO - Started process 1148 to run task
[2024-06-16T16:05:38.739+0000] {standard_task_runner.py:90} INFO - Running: ['***', 'tasks', 'run', 'Air_pollution_data_pipeline', 'data_cleaning', 'manual__2024-06-16T16:03:14+00:00', '--job-id', '181', '--raw', '--subdir', 'DAGS_FOLDER/main.py', '--cfg-path', '/tmp/tmpjcihdzm6']
[2024-06-16T16:05:38.748+0000] {standard_task_runner.py:91} INFO - Job 181: Subtask data_cleaning
[2024-06-16T16:05:38.967+0000] {task_command.py:426} INFO - Running <TaskInstance: Air_pollution_data_pipeline.data_cleaning manual__2024-06-16T16:03:14+00:00 [running]> on host 333385971b19
[2024-06-16T16:05:39.801+0000] {taskinstance.py:2648} INFO - Exporting env vars: AIRFLOW_CTX_DAG_OWNER='khalid' AIRFLOW_CTX_DAG_ID='Air_pollution_data_pipeline' AIRFLOW_CTX_TASK_ID='data_cleaning' AIRFLOW_CTX_EXECUTION_DATE='2024-06-16T16:03:14+00:00' AIRFLOW_CTX_TRY_NUMBER='2' AIRFLOW_CTX_DAG_RUN_ID='manual__2024-06-16T16:03:14+00:00'
[2024-06-16T16:05:39.803+0000] {taskinstance.py:430} INFO - ::endgroup::
[2024-06-16T16:05:39.804+0000] {data_clean.py:14} INFO - starting data cleaning process
[2024-06-16T16:05:39.860+0000] {logging_mixin.py:188} WARNING - /opt/***/dags/dataload/processing/data_clean.py:16 FutureWarning: Passing literal json to 'read_json' is deprecated and will be removed in a future version. To read from a literal string, wrap it in a 'StringIO' object.
[2024-06-16T16:05:40.607+0000] {data_clean.py:30} INFO - saving cleaned data to csv
[2024-06-16T16:05:40.617+0000] {data_clean.py:34} INFO - successfully saved data to csv
[2024-06-16T16:05:40.622+0000] {python.py:237} INFO - Done. Returned value was: {"Entity":{},"Year":{},"Nitrogen_oxide_NOx":{},"Sulphur_dioxide_SO\u00e2\u0082\u0082_emissions":{},"Carbon_monoxide_CO_emissions":{},"Organic_carbon_OC_emissions":{},"Non_methane_volatile_organic_compounds_NMVOC_emissions":{},"Black_carbon_BC_emissions":{},"Ammonia_NH\u00e2\u0082\u0083_emissions":{}}
[2024-06-16T16:05:40.623+0000] {taskinstance.py:441} INFO - ::group::Post task execution logs
[2024-06-16T16:05:40.693+0000] {taskinstance.py:1206} INFO - Marking task as SUCCESS. dag_id=Air_pollution_data_pipeline, task_id=data_cleaning, run_id=manual__2024-06-16T16:03:14+00:00, execution_date=20240616T160314, start_date=20240616T160538, end_date=20240616T160540
[2024-06-16T16:05:40.764+0000] {local_task_job_runner.py:240} INFO - Task exited with return code 0
[2024-06-16T16:05:40.853+0000] {taskinstance.py:3503} INFO - 1 downstream tasks scheduled from follow-on schedule check
[2024-06-16T16:05:40.860+0000] {local_task_job_runner.py:222} INFO - ::endgroup::
