[2024-06-17T04:23:21.091+0000] {local_task_job_runner.py:120} INFO - ::group::Pre task execution logs
[2024-06-17T04:23:21.199+0000] {taskinstance.py:2076} INFO - Dependencies all met for dep_context=non-requeueable deps ti=<TaskInstance: Air_pollution_data_pipeline.avg_emission_by_year manual__2024-06-17T04:12:37+00:00 [queued]>
[2024-06-17T04:23:21.228+0000] {taskinstance.py:2076} INFO - Dependencies all met for dep_context=requeueable deps ti=<TaskInstance: Air_pollution_data_pipeline.avg_emission_by_year manual__2024-06-17T04:12:37+00:00 [queued]>
[2024-06-17T04:23:21.229+0000] {taskinstance.py:2306} INFO - Starting attempt 6 of 6
[2024-06-17T04:23:21.269+0000] {taskinstance.py:2330} INFO - Executing <Task(_PythonDecoratedOperator): avg_emission_by_year> on 2024-06-17 04:12:37+00:00
[2024-06-17T04:23:21.283+0000] {standard_task_runner.py:63} INFO - Started process 1761 to run task
[2024-06-17T04:23:21.292+0000] {standard_task_runner.py:90} INFO - Running: ['***', 'tasks', 'run', 'Air_pollution_data_pipeline', 'avg_emission_by_year', 'manual__2024-06-17T04:12:37+00:00', '--job-id', '328', '--raw', '--subdir', 'DAGS_FOLDER/main.py', '--cfg-path', '/tmp/tmp429hfrwv']
[2024-06-17T04:23:21.302+0000] {standard_task_runner.py:91} INFO - Job 328: Subtask avg_emission_by_year
[2024-06-17T04:23:21.436+0000] {task_command.py:426} INFO - Running <TaskInstance: Air_pollution_data_pipeline.avg_emission_by_year manual__2024-06-17T04:12:37+00:00 [running]> on host fa4d239664b0
[2024-06-17T04:23:21.737+0000] {taskinstance.py:2648} INFO - Exporting env vars: AIRFLOW_CTX_DAG_OWNER='khalid' AIRFLOW_CTX_DAG_ID='Air_pollution_data_pipeline' AIRFLOW_CTX_TASK_ID='avg_emission_by_year' AIRFLOW_CTX_EXECUTION_DATE='2024-06-17T04:12:37+00:00' AIRFLOW_CTX_TRY_NUMBER='6' AIRFLOW_CTX_DAG_RUN_ID='manual__2024-06-17T04:12:37+00:00'
[2024-06-17T04:23:21.741+0000] {taskinstance.py:430} INFO - ::endgroup::
[2024-06-17T04:23:21.743+0000] {summary_analysis.py:33} INFO - starting average pollutants emission calculation
[2024-06-17T04:23:21.759+0000] {logging_mixin.py:188} WARNING - /opt/***/dags/statistical_analysis/summary_analysis.py:36 FutureWarning: Passing literal json to 'read_json' is deprecated and will be removed in a future version. To read from a literal string, wrap it in a 'StringIO' object.
[2024-06-17T04:23:21.760+0000] {summary_analysis.py:45} ERROR - error calculating average emission
Traceback (most recent call last):
  File "/opt/airflow/dags/statistical_analysis/summary_analysis.py", line 36, in avg_emission_by_year
    val_data = pd.read_json(val_data)
  File "/home/airflow/.local/lib/python3.10/site-packages/pandas/io/json/_json.py", line 815, in read_json
    return json_reader.read()
  File "/home/airflow/.local/lib/python3.10/site-packages/pandas/io/json/_json.py", line 1025, in read
    obj = self._get_object_parser(self.data)
  File "/home/airflow/.local/lib/python3.10/site-packages/pandas/io/json/_json.py", line 1051, in _get_object_parser
    obj = FrameParser(json, **kwargs).parse()
  File "/home/airflow/.local/lib/python3.10/site-packages/pandas/io/json/_json.py", line 1187, in parse
    self._parse()
  File "/home/airflow/.local/lib/python3.10/site-packages/pandas/io/json/_json.py", line 1403, in _parse
    ujson_loads(json, precise_float=self.precise_float), dtype=None
ValueError: Expected object or value
[2024-06-17T04:23:21.761+0000] {taskinstance.py:441} INFO - ::group::Post task execution logs
[2024-06-17T04:23:21.762+0000] {taskinstance.py:2905} ERROR - Task failed with exception
Traceback (most recent call last):
  File "/home/airflow/.local/lib/python3.10/site-packages/airflow/models/taskinstance.py", line 465, in _execute_task
    result = _execute_callable(context=context, **execute_callable_kwargs)
  File "/home/airflow/.local/lib/python3.10/site-packages/airflow/models/taskinstance.py", line 432, in _execute_callable
    return execute_callable(context=context, **execute_callable_kwargs)
  File "/home/airflow/.local/lib/python3.10/site-packages/airflow/models/baseoperator.py", line 401, in wrapper
    return func(self, *args, **kwargs)
  File "/home/airflow/.local/lib/python3.10/site-packages/airflow/decorators/base.py", line 265, in execute
    return_value = super().execute(context)
  File "/home/airflow/.local/lib/python3.10/site-packages/airflow/models/baseoperator.py", line 401, in wrapper
    return func(self, *args, **kwargs)
  File "/home/airflow/.local/lib/python3.10/site-packages/airflow/operators/python.py", line 235, in execute
    return_value = self.execute_callable()
  File "/home/airflow/.local/lib/python3.10/site-packages/airflow/operators/python.py", line 252, in execute_callable
    return self.python_callable(*self.op_args, **self.op_kwargs)
  File "/opt/airflow/dags/statistical_analysis/summary_analysis.py", line 36, in avg_emission_by_year
    val_data = pd.read_json(val_data)
  File "/home/airflow/.local/lib/python3.10/site-packages/pandas/io/json/_json.py", line 815, in read_json
    return json_reader.read()
  File "/home/airflow/.local/lib/python3.10/site-packages/pandas/io/json/_json.py", line 1025, in read
    obj = self._get_object_parser(self.data)
  File "/home/airflow/.local/lib/python3.10/site-packages/pandas/io/json/_json.py", line 1051, in _get_object_parser
    obj = FrameParser(json, **kwargs).parse()
  File "/home/airflow/.local/lib/python3.10/site-packages/pandas/io/json/_json.py", line 1187, in parse
    self._parse()
  File "/home/airflow/.local/lib/python3.10/site-packages/pandas/io/json/_json.py", line 1403, in _parse
    ujson_loads(json, precise_float=self.precise_float), dtype=None
ValueError: Expected object or value
[2024-06-17T04:23:21.785+0000] {taskinstance.py:1206} INFO - Marking task as FAILED. dag_id=Air_pollution_data_pipeline, task_id=avg_emission_by_year, run_id=manual__2024-06-17T04:12:37+00:00, execution_date=20240617T041237, start_date=20240617T042321, end_date=20240617T042321
[2024-06-17T04:23:21.810+0000] {standard_task_runner.py:110} ERROR - Failed to execute job 328 for task avg_emission_by_year (Expected object or value; 1761)
[2024-06-17T04:23:21.839+0000] {local_task_job_runner.py:240} INFO - Task exited with return code 1
[2024-06-17T04:23:21.876+0000] {taskinstance.py:3503} INFO - 0 downstream tasks scheduled from follow-on schedule check
[2024-06-17T04:23:21.880+0000] {local_task_job_runner.py:222} INFO - ::endgroup::
