[2024-06-18T19:38:45.753+0000] {local_task_job_runner.py:120} INFO - ::group::Pre task execution logs
[2024-06-18T19:38:46.054+0000] {taskinstance.py:2076} INFO - Dependencies all met for dep_context=non-requeueable deps ti=<TaskInstance: Air_pollution_data_pipeline.create_table manual__2024-06-18T19:38:29+00:00 [queued]>
[2024-06-18T19:38:46.113+0000] {taskinstance.py:2076} INFO - Dependencies all met for dep_context=requeueable deps ti=<TaskInstance: Air_pollution_data_pipeline.create_table manual__2024-06-18T19:38:29+00:00 [queued]>
[2024-06-18T19:38:46.114+0000] {taskinstance.py:2306} INFO - Starting attempt 1 of 6
[2024-06-18T19:38:46.191+0000] {taskinstance.py:2330} INFO - Executing <Task(_PythonDecoratedOperator): create_table> on 2024-06-18 19:38:29+00:00
[2024-06-18T19:38:46.282+0000] {standard_task_runner.py:63} INFO - Started process 9480 to run task
[2024-06-18T19:38:46.361+0000] {standard_task_runner.py:90} INFO - Running: ['***', 'tasks', 'run', 'Air_pollution_data_pipeline', 'create_table', 'manual__2024-06-18T19:38:29+00:00', '--job-id', '181', '--raw', '--subdir', 'DAGS_FOLDER/main.py', '--cfg-path', '/tmp/tmp84akjsdn']
[2024-06-18T19:38:46.380+0000] {standard_task_runner.py:91} INFO - Job 181: Subtask create_table
[2024-06-18T19:38:47.177+0000] {task_command.py:426} INFO - Running <TaskInstance: Air_pollution_data_pipeline.create_table manual__2024-06-18T19:38:29+00:00 [running]> on host dc6d39ed067c
[2024-06-18T19:38:49.031+0000] {taskinstance.py:2648} INFO - Exporting env vars: AIRFLOW_CTX_DAG_OWNER='khalid' AIRFLOW_CTX_DAG_ID='Air_pollution_data_pipeline' AIRFLOW_CTX_TASK_ID='create_table' AIRFLOW_CTX_EXECUTION_DATE='2024-06-18T19:38:29+00:00' AIRFLOW_CTX_TRY_NUMBER='1' AIRFLOW_CTX_DAG_RUN_ID='manual__2024-06-18T19:38:29+00:00'
[2024-06-18T19:38:49.055+0000] {taskinstance.py:430} INFO - ::endgroup::
[2024-06-18T19:38:49.130+0000] {create_table.py:71} INFO - creating table
[2024-06-18T19:38:49.193+0000] {baseoperator.py:400} WARNING - SQLExecuteQueryOperator.execute cannot be called outside TaskInstance!
[2024-06-18T19:38:49.196+0000] {sql.py:276} INFO - Executing: 
        CREATE TABLE IF NOT EXISTS emission (
            Entity VARCHAR(100),
            Code VARCHAR(100),
            Year INT,
            "Nitrogen_oxide_NOx" FLOAT, 
            "Sulphur_dioxide_SO_emissions" FLOAT, 
            "Carbon_monoxide_CO_emissions" FLOAT, 
            "Organic_carbon_OC_emissions" FLOAT, 
            "Non_methane_volatile_organic_compounds_NMVOC_emissions" FLOAT, 
            "Black_carbon_BC_emissions" FLOAT,
            "Ammonia_NH_emissions" FLOAT
        );

[2024-06-18T19:38:49.724+0000] {base.py:84} INFO - Using connection ID 'postgres_localhost' for task execution.
[2024-06-18T19:38:49.983+0000] {base.py:84} INFO - Using connection ID 'postgres_localhost' for task execution.
[2024-06-18T19:38:49.998+0000] {sql.py:487} INFO - Running statement: 
        CREATE TABLE IF NOT EXISTS emission (
            Entity VARCHAR(100),
            Code VARCHAR(100),
            Year INT,
            "Nitrogen_oxide_NOx" FLOAT, 
            "Sulphur_dioxide_SO_emissions" FLOAT, 
            "Carbon_monoxide_CO_emissions" FLOAT, 
            "Organic_carbon_OC_emissions" FLOAT, 
            "Non_methane_volatile_organic_compounds_NMVOC_emissions" FLOAT, 
            "Black_carbon_BC_emissions" FLOAT,
            "Ammonia_NH_emissions" FLOAT
        );
, parameters: None
[2024-06-18T19:38:50.058+0000] {create_table.py:79} INFO - successfully create table
[2024-06-18T19:38:50.059+0000] {create_table.py:71} INFO - creating table
[2024-06-18T19:38:50.060+0000] {baseoperator.py:400} WARNING - SQLExecuteQueryOperator.execute cannot be called outside TaskInstance!
[2024-06-18T19:38:50.061+0000] {sql.py:276} INFO - Executing: 
        CREATE TABLE IF NOT EXISTS avg_emission (
            Year INT,
            "Nitrogen_oxide_NOx" FLOAT, 
            "Sulphur_dioxide_SO_emissions" FLOAT, 
            "Carbon_monoxide_CO_emissions" FLOAT, 
            "Organic_carbon_OC_emissions" FLOAT, 
            "Non_methane_volatile_organic_compounds_NMVOC_emissions" FLOAT, 
            "Black_carbon_BC_emissions" FLOAT,
            "Ammonia_NH_emissions" FLOAT
        );

[2024-06-18T19:38:50.126+0000] {base.py:84} INFO - Using connection ID 'postgres_localhost' for task execution.
[2024-06-18T19:38:50.593+0000] {base.py:84} INFO - Using connection ID 'postgres_localhost' for task execution.
[2024-06-18T19:38:51.143+0000] {sql.py:487} INFO - Running statement: 
        CREATE TABLE IF NOT EXISTS avg_emission (
            Year INT,
            "Nitrogen_oxide_NOx" FLOAT, 
            "Sulphur_dioxide_SO_emissions" FLOAT, 
            "Carbon_monoxide_CO_emissions" FLOAT, 
            "Organic_carbon_OC_emissions" FLOAT, 
            "Non_methane_volatile_organic_compounds_NMVOC_emissions" FLOAT, 
            "Black_carbon_BC_emissions" FLOAT,
            "Ammonia_NH_emissions" FLOAT
        );
, parameters: None
[2024-06-18T19:38:51.146+0000] {create_table.py:79} INFO - successfully create table
[2024-06-18T19:38:51.150+0000] {create_table.py:71} INFO - creating table
[2024-06-18T19:38:51.153+0000] {baseoperator.py:400} WARNING - SQLExecuteQueryOperator.execute cannot be called outside TaskInstance!
[2024-06-18T19:38:51.153+0000] {sql.py:276} INFO - Executing: 
        CREATE TABLE IF NOT EXISTS emission_summary_stats (
            Year INT,
            summary_stats VARCHAR(100),
            "Nitrogen_oxide_NOx" FLOAT, 
            "Sulphur_dioxide_SO_emissions" FLOAT, 
            "Carbon_monoxide_CO_emissions" FLOAT, 
            "Organic_carbon_OC_emissions" FLOAT, 
            "Non_methane_volatile_organic_compounds_NMVOC_emissions" FLOAT, 
            "Black_carbon_BC_emissions" FLOAT,
            "Ammonia_NH_emissions" FLOAT
        );

[2024-06-18T19:38:51.323+0000] {base.py:84} INFO - Using connection ID 'postgres_localhost' for task execution.
[2024-06-18T19:38:51.690+0000] {base.py:84} INFO - Using connection ID 'postgres_localhost' for task execution.
[2024-06-18T19:38:52.154+0000] {sql.py:487} INFO - Running statement: 
        CREATE TABLE IF NOT EXISTS emission_summary_stats (
            Year INT,
            summary_stats VARCHAR(100),
            "Nitrogen_oxide_NOx" FLOAT, 
            "Sulphur_dioxide_SO_emissions" FLOAT, 
            "Carbon_monoxide_CO_emissions" FLOAT, 
            "Organic_carbon_OC_emissions" FLOAT, 
            "Non_methane_volatile_organic_compounds_NMVOC_emissions" FLOAT, 
            "Black_carbon_BC_emissions" FLOAT,
            "Ammonia_NH_emissions" FLOAT
        );
, parameters: None
[2024-06-18T19:38:52.175+0000] {create_table.py:79} INFO - successfully create table
[2024-06-18T19:38:52.208+0000] {python.py:237} INFO - Done. Returned value was: None
[2024-06-18T19:38:52.271+0000] {taskinstance.py:441} INFO - ::group::Post task execution logs
[2024-06-18T19:38:52.714+0000] {taskinstance.py:1206} INFO - Marking task as SUCCESS. dag_id=Air_pollution_data_pipeline, task_id=create_table, run_id=manual__2024-06-18T19:38:29+00:00, execution_date=20240618T193829, start_date=20240618T193846, end_date=20240618T193852
[2024-06-18T19:38:53.544+0000] {local_task_job_runner.py:240} INFO - Task exited with return code 0
[2024-06-18T19:38:53.757+0000] {taskinstance.py:3503} INFO - 0 downstream tasks scheduled from follow-on schedule check
[2024-06-18T19:38:53.778+0000] {local_task_job_runner.py:222} INFO - ::endgroup::
