[2024-06-16T00:59:50.149+0000] {local_task_job_runner.py:120} INFO - ::group::Pre task execution logs
[2024-06-16T00:59:50.233+0000] {taskinstance.py:2076} INFO - Dependencies all met for dep_context=non-requeueable deps ti=<TaskInstance: Air_pollution_data_pipeline.avg_emission_by_year manual__2024-06-16T00:50:59+00:00 [queued]>
[2024-06-16T00:59:50.254+0000] {taskinstance.py:2076} INFO - Dependencies all met for dep_context=requeueable deps ti=<TaskInstance: Air_pollution_data_pipeline.avg_emission_by_year manual__2024-06-16T00:50:59+00:00 [queued]>
[2024-06-16T00:59:50.255+0000] {taskinstance.py:2306} INFO - Starting attempt 5 of 6
[2024-06-16T00:59:50.289+0000] {taskinstance.py:2330} INFO - Executing <Task(_PythonDecoratedOperator): avg_emission_by_year> on 2024-06-16 00:50:59+00:00
[2024-06-16T00:59:50.305+0000] {standard_task_runner.py:63} INFO - Started process 5576 to run task
[2024-06-16T00:59:50.315+0000] {standard_task_runner.py:90} INFO - Running: ['***', 'tasks', 'run', 'Air_pollution_data_pipeline', 'avg_emission_by_year', 'manual__2024-06-16T00:50:59+00:00', '--job-id', '336', '--raw', '--subdir', 'DAGS_FOLDER/main.py', '--cfg-path', '/tmp/tmp11ivd_zo']
[2024-06-16T00:59:50.320+0000] {standard_task_runner.py:91} INFO - Job 336: Subtask avg_emission_by_year
[2024-06-16T00:59:50.454+0000] {task_command.py:426} INFO - Running <TaskInstance: Air_pollution_data_pipeline.avg_emission_by_year manual__2024-06-16T00:50:59+00:00 [running]> on host 6e26965f02f1
[2024-06-16T00:59:50.698+0000] {taskinstance.py:2648} INFO - Exporting env vars: AIRFLOW_CTX_DAG_OWNER='khalid' AIRFLOW_CTX_DAG_ID='Air_pollution_data_pipeline' AIRFLOW_CTX_TASK_ID='avg_emission_by_year' AIRFLOW_CTX_EXECUTION_DATE='2024-06-16T00:50:59+00:00' AIRFLOW_CTX_TRY_NUMBER='5' AIRFLOW_CTX_DAG_RUN_ID='manual__2024-06-16T00:50:59+00:00'
[2024-06-16T00:59:50.700+0000] {taskinstance.py:430} INFO - ::endgroup::
[2024-06-16T00:59:50.702+0000] {summary_analysis.py:33} INFO - starting average pollutants emission calculation
[2024-06-16T00:59:50.705+0000] {summary_analysis.py:45} ERROR - error calculating average emission
Traceback (most recent call last):
  File "/opt/airflow/dags/statistical_analysis/summary_analysis.py", line 36, in avg_emission_by_year
    val_data = pd.read_json(val_data)
  File "/home/airflow/.local/lib/python3.10/site-packages/pandas/io/json/_json.py", line 791, in read_json
    json_reader = JsonReader(
  File "/home/airflow/.local/lib/python3.10/site-packages/pandas/io/json/_json.py", line 904, in __init__
    data = self._get_data_from_filepath(filepath_or_buffer)
  File "/home/airflow/.local/lib/python3.10/site-packages/pandas/io/json/_json.py", line 944, in _get_data_from_filepath
    self.handles = get_handle(
  File "/home/airflow/.local/lib/python3.10/site-packages/pandas/io/common.py", line 728, in get_handle
    ioargs = _get_filepath_or_buffer(
  File "/home/airflow/.local/lib/python3.10/site-packages/pandas/io/common.py", line 472, in _get_filepath_or_buffer
    raise ValueError(msg)
ValueError: Invalid file path or buffer object type: <class 'NoneType'>
[2024-06-16T00:59:50.709+0000] {taskinstance.py:441} INFO - ::group::Post task execution logs
[2024-06-16T00:59:50.710+0000] {taskinstance.py:2905} ERROR - Task failed with exception
Traceback (most recent call last):
  File "/home/airflow/.local/lib/python3.10/site-packages/airflow/models/taskinstance.py", line 465, in _execute_task
    result = _execute_callable(context=context, **execute_callable_kwargs)
  File "/home/airflow/.local/lib/python3.10/site-packages/airflow/models/taskinstance.py", line 432, in _execute_callable
    return execute_callable(context=context, **execute_callable_kwargs)
  File "/home/airflow/.local/lib/python3.10/site-packages/airflow/models/baseoperator.py", line 401, in wrapper
    return func(self, *args, **kwargs)
  File "/home/airflow/.local/lib/python3.10/site-packages/airflow/decorators/base.py", line 265, in execute
    return_value = super().execute(context)
  File "/home/airflow/.local/lib/python3.10/site-packages/airflow/models/baseoperator.py", line 401, in wrapper
    return func(self, *args, **kwargs)
  File "/home/airflow/.local/lib/python3.10/site-packages/airflow/operators/python.py", line 235, in execute
    return_value = self.execute_callable()
  File "/home/airflow/.local/lib/python3.10/site-packages/airflow/operators/python.py", line 252, in execute_callable
    return self.python_callable(*self.op_args, **self.op_kwargs)
  File "/opt/airflow/dags/statistical_analysis/summary_analysis.py", line 36, in avg_emission_by_year
    val_data = pd.read_json(val_data)
  File "/home/airflow/.local/lib/python3.10/site-packages/pandas/io/json/_json.py", line 791, in read_json
    json_reader = JsonReader(
  File "/home/airflow/.local/lib/python3.10/site-packages/pandas/io/json/_json.py", line 904, in __init__
    data = self._get_data_from_filepath(filepath_or_buffer)
  File "/home/airflow/.local/lib/python3.10/site-packages/pandas/io/json/_json.py", line 944, in _get_data_from_filepath
    self.handles = get_handle(
  File "/home/airflow/.local/lib/python3.10/site-packages/pandas/io/common.py", line 728, in get_handle
    ioargs = _get_filepath_or_buffer(
  File "/home/airflow/.local/lib/python3.10/site-packages/pandas/io/common.py", line 472, in _get_filepath_or_buffer
    raise ValueError(msg)
ValueError: Invalid file path or buffer object type: <class 'NoneType'>
[2024-06-16T00:59:50.730+0000] {taskinstance.py:1206} INFO - Marking task as UP_FOR_RETRY. dag_id=Air_pollution_data_pipeline, task_id=avg_emission_by_year, run_id=manual__2024-06-16T00:50:59+00:00, execution_date=20240616T005059, start_date=20240616T005950, end_date=20240616T005950
[2024-06-16T00:59:50.757+0000] {standard_task_runner.py:110} ERROR - Failed to execute job 336 for task avg_emission_by_year (Invalid file path or buffer object type: <class 'NoneType'>; 5576)
[2024-06-16T00:59:50.810+0000] {local_task_job_runner.py:240} INFO - Task exited with return code 1
[2024-06-16T00:59:50.849+0000] {taskinstance.py:3503} INFO - 0 downstream tasks scheduled from follow-on schedule check
[2024-06-16T00:59:50.852+0000] {local_task_job_runner.py:222} INFO - ::endgroup::
