[2024-06-19T00:00:25.113+0000] {local_task_job_runner.py:120} INFO - ::group::Pre task execution logs
[2024-06-19T00:00:25.289+0000] {taskinstance.py:2076} INFO - Dependencies all met for dep_context=non-requeueable deps ti=<TaskInstance: Air_pollution_data_pipeline.visualization scheduled__2024-06-18T00:00:00+00:00 [queued]>
[2024-06-19T00:00:25.350+0000] {taskinstance.py:2076} INFO - Dependencies all met for dep_context=requeueable deps ti=<TaskInstance: Air_pollution_data_pipeline.visualization scheduled__2024-06-18T00:00:00+00:00 [queued]>
[2024-06-19T00:00:25.358+0000] {taskinstance.py:2306} INFO - Starting attempt 1 of 6
[2024-06-19T00:00:25.418+0000] {taskinstance.py:2330} INFO - Executing <Task(_PythonDecoratedOperator): visualization> on 2024-06-18 00:00:00+00:00
[2024-06-19T00:00:25.446+0000] {standard_task_runner.py:63} INFO - Started process 15644 to run task
[2024-06-19T00:00:25.536+0000] {standard_task_runner.py:90} INFO - Running: ['***', 'tasks', 'run', 'Air_pollution_data_pipeline', 'visualization', 'scheduled__2024-06-18T00:00:00+00:00', '--job-id', '213', '--raw', '--subdir', 'DAGS_FOLDER/main.py', '--cfg-path', '/tmp/tmpe_5hdi2u']
[2024-06-19T00:00:25.577+0000] {standard_task_runner.py:91} INFO - Job 213: Subtask visualization
[2024-06-19T00:00:26.039+0000] {task_command.py:426} INFO - Running <TaskInstance: Air_pollution_data_pipeline.visualization scheduled__2024-06-18T00:00:00+00:00 [running]> on host dc6d39ed067c
[2024-06-19T00:00:29.028+0000] {taskinstance.py:2648} INFO - Exporting env vars: AIRFLOW_CTX_DAG_OWNER='khalid' AIRFLOW_CTX_DAG_ID='Air_pollution_data_pipeline' AIRFLOW_CTX_TASK_ID='visualization' AIRFLOW_CTX_EXECUTION_DATE='2024-06-18T00:00:00+00:00' AIRFLOW_CTX_TRY_NUMBER='1' AIRFLOW_CTX_DAG_RUN_ID='scheduled__2024-06-18T00:00:00+00:00'
[2024-06-19T00:00:29.031+0000] {taskinstance.py:430} INFO - ::endgroup::
[2024-06-19T00:00:29.032+0000] {visualization.py:26} INFO - starting data visualization
[2024-06-19T00:00:29.128+0000] {logging_mixin.py:188} WARNING - /opt/***/dags/statistical_analysis/visualization.py:29 FutureWarning: Passing literal json to 'read_json' is deprecated and will be removed in a future version. To read from a literal string, wrap it in a 'StringIO' object.
[2024-06-19T00:00:34.261+0000] {python.py:237} INFO - Done. Returned value was: None
[2024-06-19T00:00:34.261+0000] {taskinstance.py:441} INFO - ::group::Post task execution logs
[2024-06-19T00:00:34.286+0000] {taskinstance.py:1206} INFO - Marking task as SUCCESS. dag_id=Air_pollution_data_pipeline, task_id=visualization, run_id=scheduled__2024-06-18T00:00:00+00:00, execution_date=20240618T000000, start_date=20240619T000025, end_date=20240619T000034
[2024-06-19T00:00:34.341+0000] {local_task_job_runner.py:240} INFO - Task exited with return code 0
[2024-06-19T00:00:34.378+0000] {taskinstance.py:3503} INFO - 0 downstream tasks scheduled from follow-on schedule check
[2024-06-19T00:00:34.384+0000] {local_task_job_runner.py:222} INFO - ::endgroup::
[2024-06-19T20:06:21.091+0000] {local_task_job_runner.py:120} INFO - ::group::Pre task execution logs
[2024-06-19T20:06:21.246+0000] {taskinstance.py:2076} INFO - Dependencies all met for dep_context=non-requeueable deps ti=<TaskInstance: Air_pollution_data_pipeline.visualization scheduled__2024-06-18T00:00:00+00:00 [queued]>
[2024-06-19T20:06:21.293+0000] {taskinstance.py:2076} INFO - Dependencies all met for dep_context=requeueable deps ti=<TaskInstance: Air_pollution_data_pipeline.visualization scheduled__2024-06-18T00:00:00+00:00 [queued]>
[2024-06-19T20:06:21.294+0000] {taskinstance.py:2306} INFO - Starting attempt 1 of 6
[2024-06-19T20:06:21.355+0000] {taskinstance.py:2330} INFO - Executing <Task(_PythonDecoratedOperator): visualization> on 2024-06-18 00:00:00+00:00
[2024-06-19T20:06:21.382+0000] {standard_task_runner.py:63} INFO - Started process 394 to run task
[2024-06-19T20:06:21.399+0000] {standard_task_runner.py:90} INFO - Running: ['***', 'tasks', 'run', 'Air_pollution_data_pipeline', 'visualization', 'scheduled__2024-06-18T00:00:00+00:00', '--job-id', '37', '--raw', '--subdir', 'DAGS_FOLDER/main.py', '--cfg-path', '/tmp/tmptopu8kje']
[2024-06-19T20:06:21.409+0000] {standard_task_runner.py:91} INFO - Job 37: Subtask visualization
[2024-06-19T20:06:21.601+0000] {task_command.py:426} INFO - Running <TaskInstance: Air_pollution_data_pipeline.visualization scheduled__2024-06-18T00:00:00+00:00 [running]> on host 0bfb368fa6be
[2024-06-19T20:06:23.064+0000] {taskinstance.py:2648} INFO - Exporting env vars: AIRFLOW_CTX_DAG_OWNER='khalid' AIRFLOW_CTX_DAG_ID='Air_pollution_data_pipeline' AIRFLOW_CTX_TASK_ID='visualization' AIRFLOW_CTX_EXECUTION_DATE='2024-06-18T00:00:00+00:00' AIRFLOW_CTX_TRY_NUMBER='1' AIRFLOW_CTX_DAG_RUN_ID='scheduled__2024-06-18T00:00:00+00:00'
[2024-06-19T20:06:23.066+0000] {taskinstance.py:430} INFO - ::endgroup::
[2024-06-19T20:06:23.068+0000] {visualization.py:26} INFO - starting data visualization
[2024-06-19T20:06:23.151+0000] {logging_mixin.py:188} WARNING - /opt/***/dags/statistical_analysis/visualization.py:29 FutureWarning: Passing literal json to 'read_json' is deprecated and will be removed in a future version. To read from a literal string, wrap it in a 'StringIO' object.
[2024-06-19T20:06:25.105+0000] {python.py:237} INFO - Done. Returned value was: None
[2024-06-19T20:06:25.106+0000] {taskinstance.py:441} INFO - ::group::Post task execution logs
[2024-06-19T20:06:25.124+0000] {taskinstance.py:1206} INFO - Marking task as SUCCESS. dag_id=Air_pollution_data_pipeline, task_id=visualization, run_id=scheduled__2024-06-18T00:00:00+00:00, execution_date=20240618T000000, start_date=20240619T200621, end_date=20240619T200625
[2024-06-19T20:06:25.206+0000] {local_task_job_runner.py:240} INFO - Task exited with return code 0
[2024-06-19T20:06:25.250+0000] {taskinstance.py:3503} INFO - 0 downstream tasks scheduled from follow-on schedule check
[2024-06-19T20:06:25.254+0000] {local_task_job_runner.py:222} INFO - ::endgroup::
