[2024-06-17T04:07:40.009+0000] {local_task_job_runner.py:120} INFO - ::group::Pre task execution logs
[2024-06-17T04:07:40.084+0000] {taskinstance.py:2076} INFO - Dependencies all met for dep_context=non-requeueable deps ti=<TaskInstance: Air_pollution_data_pipeline.create_table scheduled__2024-06-15T00:00:00+00:00 [queued]>
[2024-06-17T04:07:40.106+0000] {taskinstance.py:2076} INFO - Dependencies all met for dep_context=requeueable deps ti=<TaskInstance: Air_pollution_data_pipeline.create_table scheduled__2024-06-15T00:00:00+00:00 [queued]>
[2024-06-17T04:07:40.107+0000] {taskinstance.py:2306} INFO - Starting attempt 5 of 6
[2024-06-17T04:07:40.142+0000] {taskinstance.py:2330} INFO - Executing <Task(_PythonDecoratedOperator): create_table> on 2024-06-15 00:00:00+00:00
[2024-06-17T04:07:40.152+0000] {standard_task_runner.py:63} INFO - Started process 708 to run task
[2024-06-17T04:07:40.161+0000] {standard_task_runner.py:90} INFO - Running: ['***', 'tasks', 'run', 'Air_pollution_data_pipeline', 'create_table', 'scheduled__2024-06-15T00:00:00+00:00', '--job-id', '98', '--raw', '--subdir', 'DAGS_FOLDER/main.py', '--cfg-path', '/tmp/tmpwrykbfq4']
[2024-06-17T04:07:40.166+0000] {standard_task_runner.py:91} INFO - Job 98: Subtask create_table
[2024-06-17T04:07:40.281+0000] {task_command.py:426} INFO - Running <TaskInstance: Air_pollution_data_pipeline.create_table scheduled__2024-06-15T00:00:00+00:00 [running]> on host fa4d239664b0
[2024-06-17T04:07:40.514+0000] {taskinstance.py:2648} INFO - Exporting env vars: AIRFLOW_CTX_DAG_OWNER='khalid' AIRFLOW_CTX_DAG_ID='Air_pollution_data_pipeline' AIRFLOW_CTX_TASK_ID='create_table' AIRFLOW_CTX_EXECUTION_DATE='2024-06-15T00:00:00+00:00' AIRFLOW_CTX_TRY_NUMBER='5' AIRFLOW_CTX_DAG_RUN_ID='scheduled__2024-06-15T00:00:00+00:00'
[2024-06-17T04:07:40.517+0000] {taskinstance.py:430} INFO - ::endgroup::
[2024-06-17T04:07:40.519+0000] {create_table.py:57} INFO - creating table
[2024-06-17T04:07:40.521+0000] {baseoperator.py:400} WARNING - SQLExecuteQueryOperator.execute cannot be called outside TaskInstance!
[2024-06-17T04:07:40.522+0000] {sql.py:276} INFO - Executing: 
        CREATE TABLE IF NOT EXISTS emission (
            Entity VARCHAR(100),
            Code VARCHAR(100),
            Year INT,
            "Nitrogen oxide (NOx)" DECIMAL(10, 5), 
            "Sulphur dioxide (SO) emissions" DECIMAL(10, 5), 
            "Carbon monoxide (CO) emissions" DECIMAL(10, 5), 
            "Organic carbon (OC) emissions" DECIMAL(10, 5), 
            "Non-methane volatile organic compounds (NMVOC) emissions" DECIMAL(10, 5), 
            "Black carbon (BC) emissions" DECIMAL(10, 5),
            "Ammonia (NH3) emissions" DECIMAL(10, 5)
        );

[2024-06-17T04:07:40.554+0000] {create_table.py:68} ERROR - Error creating table
Traceback (most recent call last):
  File "/opt/airflow/dags/database/create_table.py", line 63, in create_table
    create_table_task.execute(context=None)  # Execute the task
  File "/home/airflow/.local/lib/python3.10/site-packages/airflow/models/baseoperator.py", line 401, in wrapper
    return func(self, *args, **kwargs)
  File "/home/airflow/.local/lib/python3.10/site-packages/airflow/providers/common/sql/operators/sql.py", line 277, in execute
    hook = self.get_db_hook()
  File "/home/airflow/.local/lib/python3.10/site-packages/airflow/providers/common/sql/operators/sql.py", line 188, in get_db_hook
    return self._hook
  File "/usr/local/lib/python3.10/functools.py", line 981, in __get__
    val = self.func(instance)
  File "/home/airflow/.local/lib/python3.10/site-packages/airflow/providers/common/sql/operators/sql.py", line 150, in _hook
    conn = BaseHook.get_connection(conn_id)
  File "/home/airflow/.local/lib/python3.10/site-packages/airflow/hooks/base.py", line 83, in get_connection
    conn = Connection.get_connection_from_secrets(conn_id)
  File "/home/airflow/.local/lib/python3.10/site-packages/airflow/models/connection.py", line 519, in get_connection_from_secrets
    raise AirflowNotFoundException(f"The conn_id `{conn_id}` isn't defined")
airflow.exceptions.AirflowNotFoundException: The conn_id `postgres_localhost` isn't defined
[2024-06-17T04:07:40.560+0000] {taskinstance.py:441} INFO - ::group::Post task execution logs
[2024-06-17T04:07:40.578+0000] {taskinstance.py:2905} ERROR - Task failed with exception
Traceback (most recent call last):
  File "/home/airflow/.local/lib/python3.10/site-packages/airflow/models/taskinstance.py", line 465, in _execute_task
    result = _execute_callable(context=context, **execute_callable_kwargs)
  File "/home/airflow/.local/lib/python3.10/site-packages/airflow/models/taskinstance.py", line 432, in _execute_callable
    return execute_callable(context=context, **execute_callable_kwargs)
  File "/home/airflow/.local/lib/python3.10/site-packages/airflow/models/baseoperator.py", line 401, in wrapper
    return func(self, *args, **kwargs)
  File "/home/airflow/.local/lib/python3.10/site-packages/airflow/decorators/base.py", line 265, in execute
    return_value = super().execute(context)
  File "/home/airflow/.local/lib/python3.10/site-packages/airflow/models/baseoperator.py", line 401, in wrapper
    return func(self, *args, **kwargs)
  File "/home/airflow/.local/lib/python3.10/site-packages/airflow/operators/python.py", line 235, in execute
    return_value = self.execute_callable()
  File "/home/airflow/.local/lib/python3.10/site-packages/airflow/operators/python.py", line 252, in execute_callable
    return self.python_callable(*self.op_args, **self.op_kwargs)
  File "/opt/airflow/dags/database/create_table.py", line 63, in create_table
    create_table_task.execute(context=None)  # Execute the task
  File "/home/airflow/.local/lib/python3.10/site-packages/airflow/models/baseoperator.py", line 401, in wrapper
    return func(self, *args, **kwargs)
  File "/home/airflow/.local/lib/python3.10/site-packages/airflow/providers/common/sql/operators/sql.py", line 277, in execute
    hook = self.get_db_hook()
  File "/home/airflow/.local/lib/python3.10/site-packages/airflow/providers/common/sql/operators/sql.py", line 188, in get_db_hook
    return self._hook
  File "/usr/local/lib/python3.10/functools.py", line 981, in __get__
    val = self.func(instance)
  File "/home/airflow/.local/lib/python3.10/site-packages/airflow/providers/common/sql/operators/sql.py", line 150, in _hook
    conn = BaseHook.get_connection(conn_id)
  File "/home/airflow/.local/lib/python3.10/site-packages/airflow/hooks/base.py", line 83, in get_connection
    conn = Connection.get_connection_from_secrets(conn_id)
  File "/home/airflow/.local/lib/python3.10/site-packages/airflow/models/connection.py", line 519, in get_connection_from_secrets
    raise AirflowNotFoundException(f"The conn_id `{conn_id}` isn't defined")
airflow.exceptions.AirflowNotFoundException: The conn_id `postgres_localhost` isn't defined
[2024-06-17T04:07:40.586+0000] {taskinstance.py:1206} INFO - Marking task as UP_FOR_RETRY. dag_id=Air_pollution_data_pipeline, task_id=create_table, run_id=scheduled__2024-06-15T00:00:00+00:00, execution_date=20240615T000000, start_date=20240617T040740, end_date=20240617T040740
[2024-06-17T04:07:40.613+0000] {standard_task_runner.py:110} ERROR - Failed to execute job 98 for task create_table (The conn_id `postgres_localhost` isn't defined; 708)
[2024-06-17T04:07:40.652+0000] {local_task_job_runner.py:240} INFO - Task exited with return code 1
[2024-06-17T04:07:40.720+0000] {taskinstance.py:3503} INFO - 0 downstream tasks scheduled from follow-on schedule check
[2024-06-17T04:07:40.723+0000] {local_task_job_runner.py:222} INFO - ::endgroup::
[2024-06-19T20:13:40.507+0000] {local_task_job_runner.py:120} INFO - ::group::Pre task execution logs
[2024-06-19T20:13:40.551+0000] {taskinstance.py:2076} INFO - Dependencies all met for dep_context=non-requeueable deps ti=<TaskInstance: Air_pollution_data_pipeline.create_table scheduled__2024-06-15T00:00:00+00:00 [queued]>
[2024-06-19T20:13:40.566+0000] {taskinstance.py:2076} INFO - Dependencies all met for dep_context=requeueable deps ti=<TaskInstance: Air_pollution_data_pipeline.create_table scheduled__2024-06-15T00:00:00+00:00 [queued]>
[2024-06-19T20:13:40.567+0000] {taskinstance.py:2306} INFO - Starting attempt 5 of 6
[2024-06-19T20:13:40.684+0000] {taskinstance.py:2330} INFO - Executing <Task(_PythonDecoratedOperator): create_table> on 2024-06-15 00:00:00+00:00
[2024-06-19T20:13:40.693+0000] {standard_task_runner.py:63} INFO - Started process 678 to run task
[2024-06-19T20:13:40.697+0000] {standard_task_runner.py:90} INFO - Running: ['***', 'tasks', 'run', 'Air_pollution_data_pipeline', 'create_table', 'scheduled__2024-06-15T00:00:00+00:00', '--job-id', '66', '--raw', '--subdir', 'DAGS_FOLDER/main.py', '--cfg-path', '/tmp/tmpihlnc2jd']
[2024-06-19T20:13:40.702+0000] {standard_task_runner.py:91} INFO - Job 66: Subtask create_table
[2024-06-19T20:13:40.785+0000] {task_command.py:426} INFO - Running <TaskInstance: Air_pollution_data_pipeline.create_table scheduled__2024-06-15T00:00:00+00:00 [running]> on host 0bfb368fa6be
[2024-06-19T20:13:40.964+0000] {taskinstance.py:2648} INFO - Exporting env vars: AIRFLOW_CTX_DAG_OWNER='khalid' AIRFLOW_CTX_DAG_ID='Air_pollution_data_pipeline' AIRFLOW_CTX_TASK_ID='create_table' AIRFLOW_CTX_EXECUTION_DATE='2024-06-15T00:00:00+00:00' AIRFLOW_CTX_TRY_NUMBER='5' AIRFLOW_CTX_DAG_RUN_ID='scheduled__2024-06-15T00:00:00+00:00'
[2024-06-19T20:13:40.966+0000] {taskinstance.py:430} INFO - ::endgroup::
[2024-06-19T20:13:40.968+0000] {create_table.py:71} INFO - creating table
[2024-06-19T20:13:40.971+0000] {baseoperator.py:400} WARNING - SQLExecuteQueryOperator.execute cannot be called outside TaskInstance!
[2024-06-19T20:13:40.971+0000] {sql.py:276} INFO - Executing: 
        CREATE TABLE IF NOT EXISTS emission (
            Entity VARCHAR(100),
            Code VARCHAR(100),
            Year INT,
            Nitrogen_oxide_NOx FLOAT, 
            Sulphur_dioxide_SO_emissions FLOAT, 
            Carbon_monoxide_CO_emissions FLOAT, 
            Organic_carbon_OC_emissions FLOAT, 
            Non_methane_volatile_organic_compounds_NMVOC_emissions FLOAT, 
            Black_carbon_BC_emissions FLOAT,
            Ammonia_NH_emissions FLOAT
        );

[2024-06-19T20:13:40.986+0000] {base.py:84} INFO - Using connection ID 'postgres_localhost' for task execution.
[2024-06-19T20:13:41.007+0000] {base.py:84} INFO - Using connection ID 'postgres_localhost' for task execution.
[2024-06-19T20:13:41.013+0000] {sql.py:487} INFO - Running statement: 
        CREATE TABLE IF NOT EXISTS emission (
            Entity VARCHAR(100),
            Code VARCHAR(100),
            Year INT,
            Nitrogen_oxide_NOx FLOAT, 
            Sulphur_dioxide_SO_emissions FLOAT, 
            Carbon_monoxide_CO_emissions FLOAT, 
            Organic_carbon_OC_emissions FLOAT, 
            Non_methane_volatile_organic_compounds_NMVOC_emissions FLOAT, 
            Black_carbon_BC_emissions FLOAT,
            Ammonia_NH_emissions FLOAT
        );
, parameters: None
[2024-06-19T20:13:41.015+0000] {create_table.py:79} INFO - successfully create table
[2024-06-19T20:13:41.016+0000] {create_table.py:71} INFO - creating table
[2024-06-19T20:13:41.017+0000] {baseoperator.py:400} WARNING - SQLExecuteQueryOperator.execute cannot be called outside TaskInstance!
[2024-06-19T20:13:41.017+0000] {sql.py:276} INFO - Executing: 
        CREATE TABLE IF NOT EXISTS avg_emission (
            Year INT,
            Nitrogen_oxide_NOx FLOAT, 
            Sulphur_dioxide_SO_emissions FLOAT, 
            Carbon_monoxide_CO_emissions FLOAT, 
            Organic_carbon_OC_emissions FLOAT, 
            Non_methane_volatile_organic_compounds_NMVOC_emissions FLOAT, 
            Black_carbon_BC_emissions FLOAT,
            Ammonia_NH_emissions FLOAT
        );

[2024-06-19T20:13:41.025+0000] {base.py:84} INFO - Using connection ID 'postgres_localhost' for task execution.
[2024-06-19T20:13:41.036+0000] {base.py:84} INFO - Using connection ID 'postgres_localhost' for task execution.
[2024-06-19T20:13:41.042+0000] {sql.py:487} INFO - Running statement: 
        CREATE TABLE IF NOT EXISTS avg_emission (
            Year INT,
            Nitrogen_oxide_NOx FLOAT, 
            Sulphur_dioxide_SO_emissions FLOAT, 
            Carbon_monoxide_CO_emissions FLOAT, 
            Organic_carbon_OC_emissions FLOAT, 
            Non_methane_volatile_organic_compounds_NMVOC_emissions FLOAT, 
            Black_carbon_BC_emissions FLOAT,
            Ammonia_NH_emissions FLOAT
        );
, parameters: None
[2024-06-19T20:13:41.044+0000] {create_table.py:79} INFO - successfully create table
[2024-06-19T20:13:41.045+0000] {create_table.py:71} INFO - creating table
[2024-06-19T20:13:41.046+0000] {baseoperator.py:400} WARNING - SQLExecuteQueryOperator.execute cannot be called outside TaskInstance!
[2024-06-19T20:13:41.046+0000] {sql.py:276} INFO - Executing: 
        CREATE TABLE IF NOT EXISTS emission_summary_stats (
            Year INT,
            summary_stats VARCHAR(100),
            Nitrogen_oxide_NOx FLOAT, 
            Sulphur_dioxide_SO_emissions FLOAT, 
            Carbon_monoxide_CO_emissions FLOAT, 
            Organic_carbon_OC_emissions FLOAT, 
            Non_methane_volatile_organic_compounds_NMVOC_emissions FLOAT, 
            Black_carbon_BC_emissions FLOAT,
            Ammonia_NH_emissions FLOAT
        );

[2024-06-19T20:13:41.062+0000] {base.py:84} INFO - Using connection ID 'postgres_localhost' for task execution.
[2024-06-19T20:13:41.071+0000] {base.py:84} INFO - Using connection ID 'postgres_localhost' for task execution.
[2024-06-19T20:13:41.077+0000] {sql.py:487} INFO - Running statement: 
        CREATE TABLE IF NOT EXISTS emission_summary_stats (
            Year INT,
            summary_stats VARCHAR(100),
            Nitrogen_oxide_NOx FLOAT, 
            Sulphur_dioxide_SO_emissions FLOAT, 
            Carbon_monoxide_CO_emissions FLOAT, 
            Organic_carbon_OC_emissions FLOAT, 
            Non_methane_volatile_organic_compounds_NMVOC_emissions FLOAT, 
            Black_carbon_BC_emissions FLOAT,
            Ammonia_NH_emissions FLOAT
        );
, parameters: None
[2024-06-19T20:13:41.082+0000] {create_table.py:79} INFO - successfully create table
[2024-06-19T20:13:41.094+0000] {python.py:237} INFO - Done. Returned value was: None
[2024-06-19T20:13:41.095+0000] {taskinstance.py:441} INFO - ::group::Post task execution logs
[2024-06-19T20:13:41.122+0000] {taskinstance.py:1206} INFO - Marking task as SUCCESS. dag_id=Air_pollution_data_pipeline, task_id=create_table, run_id=scheduled__2024-06-15T00:00:00+00:00, execution_date=20240615T000000, start_date=20240619T201340, end_date=20240619T201341
[2024-06-19T20:13:41.193+0000] {local_task_job_runner.py:240} INFO - Task exited with return code 0
[2024-06-19T20:13:41.300+0000] {taskinstance.py:3503} INFO - 3 downstream tasks scheduled from follow-on schedule check
[2024-06-19T20:13:41.305+0000] {local_task_job_runner.py:222} INFO - ::endgroup::
