[2024-06-17T04:03:32.208+0000] {local_task_job_runner.py:120} INFO - ::group::Pre task execution logs
[2024-06-17T04:03:32.317+0000] {taskinstance.py:2076} INFO - Dependencies all met for dep_context=non-requeueable deps ti=<TaskInstance: Air_pollution_data_pipeline.create_table scheduled__2024-06-15T00:00:00+00:00 [queued]>
[2024-06-17T04:03:32.362+0000] {taskinstance.py:2076} INFO - Dependencies all met for dep_context=requeueable deps ti=<TaskInstance: Air_pollution_data_pipeline.create_table scheduled__2024-06-15T00:00:00+00:00 [queued]>
[2024-06-17T04:03:32.363+0000] {taskinstance.py:2306} INFO - Starting attempt 3 of 6
[2024-06-17T04:03:32.435+0000] {taskinstance.py:2330} INFO - Executing <Task(_PythonDecoratedOperator): create_table> on 2024-06-15 00:00:00+00:00
[2024-06-17T04:03:32.453+0000] {standard_task_runner.py:63} INFO - Started process 470 to run task
[2024-06-17T04:03:32.467+0000] {standard_task_runner.py:90} INFO - Running: ['***', 'tasks', 'run', 'Air_pollution_data_pipeline', 'create_table', 'scheduled__2024-06-15T00:00:00+00:00', '--job-id', '51', '--raw', '--subdir', 'DAGS_FOLDER/main.py', '--cfg-path', '/tmp/tmp4o9ioweo']
[2024-06-17T04:03:32.474+0000] {standard_task_runner.py:91} INFO - Job 51: Subtask create_table
[2024-06-17T04:03:32.636+0000] {task_command.py:426} INFO - Running <TaskInstance: Air_pollution_data_pipeline.create_table scheduled__2024-06-15T00:00:00+00:00 [running]> on host fa4d239664b0
[2024-06-17T04:03:32.838+0000] {taskinstance.py:2648} INFO - Exporting env vars: AIRFLOW_CTX_DAG_OWNER='khalid' AIRFLOW_CTX_DAG_ID='Air_pollution_data_pipeline' AIRFLOW_CTX_TASK_ID='create_table' AIRFLOW_CTX_EXECUTION_DATE='2024-06-15T00:00:00+00:00' AIRFLOW_CTX_TRY_NUMBER='3' AIRFLOW_CTX_DAG_RUN_ID='scheduled__2024-06-15T00:00:00+00:00'
[2024-06-17T04:03:32.842+0000] {taskinstance.py:430} INFO - ::endgroup::
[2024-06-17T04:03:32.844+0000] {create_table.py:57} INFO - creating table
[2024-06-17T04:03:32.846+0000] {baseoperator.py:400} WARNING - SQLExecuteQueryOperator.execute cannot be called outside TaskInstance!
[2024-06-17T04:03:32.846+0000] {sql.py:276} INFO - Executing: 
        CREATE TABLE IF NOT EXISTS emission (
            Entity VARCHAR(100),
            Code VARCHAR(100),
            Year INT,
            "Nitrogen oxide (NOx)" DECIMAL(10, 5), 
            "Sulphur dioxide (SO) emissions" DECIMAL(10, 5), 
            "Carbon monoxide (CO) emissions" DECIMAL(10, 5), 
            "Organic carbon (OC) emissions" DECIMAL(10, 5), 
            "Non-methane volatile organic compounds (NMVOC) emissions" DECIMAL(10, 5), 
            "Black carbon (BC) emissions" DECIMAL(10, 5),
            "Ammonia (NH3) emissions" DECIMAL(10, 5)
        );

[2024-06-17T04:03:32.863+0000] {create_table.py:68} ERROR - Error creating table
Traceback (most recent call last):
  File "/opt/airflow/dags/database/create_table.py", line 63, in create_table
    create_table_task.execute(context=None)  # Execute the task
  File "/home/airflow/.local/lib/python3.10/site-packages/airflow/models/baseoperator.py", line 401, in wrapper
    return func(self, *args, **kwargs)
  File "/home/airflow/.local/lib/python3.10/site-packages/airflow/providers/common/sql/operators/sql.py", line 277, in execute
    hook = self.get_db_hook()
  File "/home/airflow/.local/lib/python3.10/site-packages/airflow/providers/common/sql/operators/sql.py", line 188, in get_db_hook
    return self._hook
  File "/usr/local/lib/python3.10/functools.py", line 981, in __get__
    val = self.func(instance)
  File "/home/airflow/.local/lib/python3.10/site-packages/airflow/providers/common/sql/operators/sql.py", line 150, in _hook
    conn = BaseHook.get_connection(conn_id)
  File "/home/airflow/.local/lib/python3.10/site-packages/airflow/hooks/base.py", line 83, in get_connection
    conn = Connection.get_connection_from_secrets(conn_id)
  File "/home/airflow/.local/lib/python3.10/site-packages/airflow/models/connection.py", line 519, in get_connection_from_secrets
    raise AirflowNotFoundException(f"The conn_id `{conn_id}` isn't defined")
airflow.exceptions.AirflowNotFoundException: The conn_id `postgres_localhost` isn't defined
[2024-06-17T04:03:32.868+0000] {taskinstance.py:441} INFO - ::group::Post task execution logs
[2024-06-17T04:03:32.885+0000] {taskinstance.py:2905} ERROR - Task failed with exception
Traceback (most recent call last):
  File "/home/airflow/.local/lib/python3.10/site-packages/airflow/models/taskinstance.py", line 465, in _execute_task
    result = _execute_callable(context=context, **execute_callable_kwargs)
  File "/home/airflow/.local/lib/python3.10/site-packages/airflow/models/taskinstance.py", line 432, in _execute_callable
    return execute_callable(context=context, **execute_callable_kwargs)
  File "/home/airflow/.local/lib/python3.10/site-packages/airflow/models/baseoperator.py", line 401, in wrapper
    return func(self, *args, **kwargs)
  File "/home/airflow/.local/lib/python3.10/site-packages/airflow/decorators/base.py", line 265, in execute
    return_value = super().execute(context)
  File "/home/airflow/.local/lib/python3.10/site-packages/airflow/models/baseoperator.py", line 401, in wrapper
    return func(self, *args, **kwargs)
  File "/home/airflow/.local/lib/python3.10/site-packages/airflow/operators/python.py", line 235, in execute
    return_value = self.execute_callable()
  File "/home/airflow/.local/lib/python3.10/site-packages/airflow/operators/python.py", line 252, in execute_callable
    return self.python_callable(*self.op_args, **self.op_kwargs)
  File "/opt/airflow/dags/database/create_table.py", line 63, in create_table
    create_table_task.execute(context=None)  # Execute the task
  File "/home/airflow/.local/lib/python3.10/site-packages/airflow/models/baseoperator.py", line 401, in wrapper
    return func(self, *args, **kwargs)
  File "/home/airflow/.local/lib/python3.10/site-packages/airflow/providers/common/sql/operators/sql.py", line 277, in execute
    hook = self.get_db_hook()
  File "/home/airflow/.local/lib/python3.10/site-packages/airflow/providers/common/sql/operators/sql.py", line 188, in get_db_hook
    return self._hook
  File "/usr/local/lib/python3.10/functools.py", line 981, in __get__
    val = self.func(instance)
  File "/home/airflow/.local/lib/python3.10/site-packages/airflow/providers/common/sql/operators/sql.py", line 150, in _hook
    conn = BaseHook.get_connection(conn_id)
  File "/home/airflow/.local/lib/python3.10/site-packages/airflow/hooks/base.py", line 83, in get_connection
    conn = Connection.get_connection_from_secrets(conn_id)
  File "/home/airflow/.local/lib/python3.10/site-packages/airflow/models/connection.py", line 519, in get_connection_from_secrets
    raise AirflowNotFoundException(f"The conn_id `{conn_id}` isn't defined")
airflow.exceptions.AirflowNotFoundException: The conn_id `postgres_localhost` isn't defined
[2024-06-17T04:03:32.892+0000] {taskinstance.py:1206} INFO - Marking task as UP_FOR_RETRY. dag_id=Air_pollution_data_pipeline, task_id=create_table, run_id=scheduled__2024-06-15T00:00:00+00:00, execution_date=20240615T000000, start_date=20240617T040332, end_date=20240617T040332
[2024-06-17T04:03:32.914+0000] {standard_task_runner.py:110} ERROR - Failed to execute job 51 for task create_table (The conn_id `postgres_localhost` isn't defined; 470)
[2024-06-17T04:03:32.928+0000] {local_task_job_runner.py:240} INFO - Task exited with return code 1
[2024-06-17T04:03:32.973+0000] {taskinstance.py:3503} INFO - 0 downstream tasks scheduled from follow-on schedule check
[2024-06-17T04:03:32.977+0000] {local_task_job_runner.py:222} INFO - ::endgroup::
[2024-06-18T11:12:22.092+0000] {local_task_job_runner.py:120} INFO - ::group::Pre task execution logs
[2024-06-18T11:12:22.948+0000] {taskinstance.py:2076} INFO - Dependencies all met for dep_context=non-requeueable deps ti=<TaskInstance: Air_pollution_data_pipeline.create_table scheduled__2024-06-15T00:00:00+00:00 [queued]>
[2024-06-18T11:12:22.988+0000] {taskinstance.py:2076} INFO - Dependencies all met for dep_context=requeueable deps ti=<TaskInstance: Air_pollution_data_pipeline.create_table scheduled__2024-06-15T00:00:00+00:00 [queued]>
[2024-06-18T11:12:22.989+0000] {taskinstance.py:2306} INFO - Starting attempt 3 of 6
[2024-06-18T11:12:23.101+0000] {taskinstance.py:2330} INFO - Executing <Task(_PythonDecoratedOperator): create_table> on 2024-06-15 00:00:00+00:00
[2024-06-18T11:12:23.148+0000] {standard_task_runner.py:63} INFO - Started process 307 to run task
[2024-06-18T11:12:23.528+0000] {standard_task_runner.py:90} INFO - Running: ['***', 'tasks', 'run', 'Air_pollution_data_pipeline', 'create_table', 'scheduled__2024-06-15T00:00:00+00:00', '--job-id', '43', '--raw', '--subdir', 'DAGS_FOLDER/main.py', '--cfg-path', '/tmp/tmpmx3zf2up']
[2024-06-18T11:12:23.719+0000] {standard_task_runner.py:91} INFO - Job 43: Subtask create_table
[2024-06-18T11:12:27.017+0000] {task_command.py:426} INFO - Running <TaskInstance: Air_pollution_data_pipeline.create_table scheduled__2024-06-15T00:00:00+00:00 [running]> on host 14ae0373fd5a
[2024-06-18T11:12:32.310+0000] {taskinstance.py:2648} INFO - Exporting env vars: AIRFLOW_CTX_DAG_OWNER='khalid' AIRFLOW_CTX_DAG_ID='Air_pollution_data_pipeline' AIRFLOW_CTX_TASK_ID='create_table' AIRFLOW_CTX_EXECUTION_DATE='2024-06-15T00:00:00+00:00' AIRFLOW_CTX_TRY_NUMBER='3' AIRFLOW_CTX_DAG_RUN_ID='scheduled__2024-06-15T00:00:00+00:00'
[2024-06-18T11:12:32.337+0000] {taskinstance.py:430} INFO - ::endgroup::
[2024-06-18T11:12:32.343+0000] {create_table.py:71} INFO - creating table
[2024-06-18T11:12:32.346+0000] {baseoperator.py:400} WARNING - SQLExecuteQueryOperator.execute cannot be called outside TaskInstance!
[2024-06-18T11:12:32.361+0000] {sql.py:276} INFO - Executing: 
        CREATE TABLE IF NOT EXISTS emission (
            Entity VARCHAR(100),
            Code VARCHAR(100),
            Year INT,
            "Nitrogen_oxide_NOx" FLOAT, 
            "Sulphur_dioxide_SO_emissions" FLOAT, 
            "Carbon_monoxide_CO_emissions" FLOAT, 
            "Organic_carbon_OC_emissions" FLOAT, 
            "Non_methane_volatile_organic_compounds_NMVOC_emissions" FLOAT, 
            "Black_carbon_BC_emissions" FLOAT,
            "Ammonia_NH_emissions" FLOAT
        );

[2024-06-18T11:12:32.790+0000] {base.py:84} INFO - Using connection ID 'postgres_localhost' for task execution.
[2024-06-18T11:12:33.198+0000] {base.py:84} INFO - Using connection ID 'postgres_localhost' for task execution.
[2024-06-18T11:12:33.306+0000] {sql.py:487} INFO - Running statement: 
        CREATE TABLE IF NOT EXISTS emission (
            Entity VARCHAR(100),
            Code VARCHAR(100),
            Year INT,
            "Nitrogen_oxide_NOx" FLOAT, 
            "Sulphur_dioxide_SO_emissions" FLOAT, 
            "Carbon_monoxide_CO_emissions" FLOAT, 
            "Organic_carbon_OC_emissions" FLOAT, 
            "Non_methane_volatile_organic_compounds_NMVOC_emissions" FLOAT, 
            "Black_carbon_BC_emissions" FLOAT,
            "Ammonia_NH_emissions" FLOAT
        );
, parameters: None
[2024-06-18T11:12:33.332+0000] {create_table.py:79} INFO - successfully create table
[2024-06-18T11:12:33.333+0000] {create_table.py:71} INFO - creating table
[2024-06-18T11:12:33.347+0000] {baseoperator.py:400} WARNING - SQLExecuteQueryOperator.execute cannot be called outside TaskInstance!
[2024-06-18T11:12:33.348+0000] {sql.py:276} INFO - Executing: 
        CREATE TABLE IF NOT EXISTS avg_emission (
            Year INT,
            "Nitrogen_oxide_NOx" FLOAT, 
            "Sulphur_dioxide_SO_emissions" FLOAT, 
            "Carbon_monoxide_CO_emissions" FLOAT, 
            "Organic_carbon_OC_emissions" FLOAT, 
            "Non_methane_volatile_organic_compounds_NMVOC_emissions" FLOAT, 
            "Black_carbon_BC_emissions" FLOAT,
            "Ammonia_NH_emissions" FLOAT
        );

[2024-06-18T11:12:33.515+0000] {base.py:84} INFO - Using connection ID 'postgres_localhost' for task execution.
[2024-06-18T11:12:33.664+0000] {base.py:84} INFO - Using connection ID 'postgres_localhost' for task execution.
[2024-06-18T11:12:33.907+0000] {sql.py:487} INFO - Running statement: 
        CREATE TABLE IF NOT EXISTS avg_emission (
            Year INT,
            "Nitrogen_oxide_NOx" FLOAT, 
            "Sulphur_dioxide_SO_emissions" FLOAT, 
            "Carbon_monoxide_CO_emissions" FLOAT, 
            "Organic_carbon_OC_emissions" FLOAT, 
            "Non_methane_volatile_organic_compounds_NMVOC_emissions" FLOAT, 
            "Black_carbon_BC_emissions" FLOAT,
            "Ammonia_NH_emissions" FLOAT
        );
, parameters: None
[2024-06-18T11:12:33.918+0000] {create_table.py:79} INFO - successfully create table
[2024-06-18T11:12:33.932+0000] {create_table.py:71} INFO - creating table
[2024-06-18T11:12:33.934+0000] {baseoperator.py:400} WARNING - SQLExecuteQueryOperator.execute cannot be called outside TaskInstance!
[2024-06-18T11:12:33.935+0000] {sql.py:276} INFO - Executing: 
        CREATE TABLE IF NOT EXISTS emission_summary_stats (
            Year INT,
            summary_stats VARCHAR(100),
            "Nitrogen_oxide_NOx" FLOAT, 
            "Sulphur_dioxide_SO_emissions" FLOAT, 
            "Carbon_monoxide_CO_emissions" FLOAT, 
            "Organic_carbon_OC_emissions" FLOAT, 
            "Non_methane_volatile_organic_compounds_NMVOC_emissions" FLOAT, 
            "Black_carbon_BC_emissions" FLOAT,
            "Ammonia_NH_emissions" FLOAT
        );

[2024-06-18T11:12:34.096+0000] {base.py:84} INFO - Using connection ID 'postgres_localhost' for task execution.
[2024-06-18T11:12:34.262+0000] {base.py:84} INFO - Using connection ID 'postgres_localhost' for task execution.
[2024-06-18T11:12:34.651+0000] {sql.py:487} INFO - Running statement: 
        CREATE TABLE IF NOT EXISTS emission_summary_stats (
            Year INT,
            summary_stats VARCHAR(100),
            "Nitrogen_oxide_NOx" FLOAT, 
            "Sulphur_dioxide_SO_emissions" FLOAT, 
            "Carbon_monoxide_CO_emissions" FLOAT, 
            "Organic_carbon_OC_emissions" FLOAT, 
            "Non_methane_volatile_organic_compounds_NMVOC_emissions" FLOAT, 
            "Black_carbon_BC_emissions" FLOAT,
            "Ammonia_NH_emissions" FLOAT
        );
, parameters: None
[2024-06-18T11:12:34.670+0000] {create_table.py:79} INFO - successfully create table
[2024-06-18T11:12:34.690+0000] {python.py:237} INFO - Done. Returned value was: None
[2024-06-18T11:12:34.695+0000] {taskinstance.py:441} INFO - ::group::Post task execution logs
[2024-06-18T11:12:35.067+0000] {taskinstance.py:1206} INFO - Marking task as SUCCESS. dag_id=Air_pollution_data_pipeline, task_id=create_table, run_id=scheduled__2024-06-15T00:00:00+00:00, execution_date=20240615T000000, start_date=20240618T111222, end_date=20240618T111235
[2024-06-18T11:12:35.715+0000] {local_task_job_runner.py:240} INFO - Task exited with return code 0
[2024-06-18T11:12:36.121+0000] {taskinstance.py:3503} INFO - 1 downstream tasks scheduled from follow-on schedule check
[2024-06-18T11:12:36.271+0000] {local_task_job_runner.py:222} INFO - ::endgroup::
[2024-06-18T11:54:10.524+0000] {local_task_job_runner.py:120} INFO - ::group::Pre task execution logs
[2024-06-18T11:54:10.736+0000] {taskinstance.py:2076} INFO - Dependencies all met for dep_context=non-requeueable deps ti=<TaskInstance: Air_pollution_data_pipeline.create_table scheduled__2024-06-15T00:00:00+00:00 [queued]>
[2024-06-18T11:54:10.843+0000] {taskinstance.py:2076} INFO - Dependencies all met for dep_context=requeueable deps ti=<TaskInstance: Air_pollution_data_pipeline.create_table scheduled__2024-06-15T00:00:00+00:00 [queued]>
[2024-06-18T11:54:10.844+0000] {taskinstance.py:2306} INFO - Starting attempt 3 of 6
[2024-06-18T11:54:11.213+0000] {taskinstance.py:2330} INFO - Executing <Task(_PythonDecoratedOperator): create_table> on 2024-06-15 00:00:00+00:00
[2024-06-18T11:54:11.294+0000] {standard_task_runner.py:63} INFO - Started process 543 to run task
[2024-06-18T11:54:11.317+0000] {standard_task_runner.py:90} INFO - Running: ['***', 'tasks', 'run', 'Air_pollution_data_pipeline', 'create_table', 'scheduled__2024-06-15T00:00:00+00:00', '--job-id', '35', '--raw', '--subdir', 'DAGS_FOLDER/main.py', '--cfg-path', '/tmp/tmpjb2eu_p2']
[2024-06-18T11:54:11.341+0000] {standard_task_runner.py:91} INFO - Job 35: Subtask create_table
[2024-06-18T11:54:11.671+0000] {task_command.py:426} INFO - Running <TaskInstance: Air_pollution_data_pipeline.create_table scheduled__2024-06-15T00:00:00+00:00 [running]> on host dc6d39ed067c
[2024-06-18T11:54:12.363+0000] {taskinstance.py:2648} INFO - Exporting env vars: AIRFLOW_CTX_DAG_OWNER='khalid' AIRFLOW_CTX_DAG_ID='Air_pollution_data_pipeline' AIRFLOW_CTX_TASK_ID='create_table' AIRFLOW_CTX_EXECUTION_DATE='2024-06-15T00:00:00+00:00' AIRFLOW_CTX_TRY_NUMBER='3' AIRFLOW_CTX_DAG_RUN_ID='scheduled__2024-06-15T00:00:00+00:00'
[2024-06-18T11:54:12.367+0000] {taskinstance.py:430} INFO - ::endgroup::
[2024-06-18T11:54:12.368+0000] {create_table.py:71} INFO - creating table
[2024-06-18T11:54:12.387+0000] {baseoperator.py:400} WARNING - SQLExecuteQueryOperator.execute cannot be called outside TaskInstance!
[2024-06-18T11:54:12.387+0000] {sql.py:276} INFO - Executing: 
        CREATE TABLE IF NOT EXISTS emission (
            Entity VARCHAR(100),
            Code VARCHAR(100),
            Year INT,
            "Nitrogen_oxide_NOx" FLOAT, 
            "Sulphur_dioxide_SO_emissions" FLOAT, 
            "Carbon_monoxide_CO_emissions" FLOAT, 
            "Organic_carbon_OC_emissions" FLOAT, 
            "Non_methane_volatile_organic_compounds_NMVOC_emissions" FLOAT, 
            "Black_carbon_BC_emissions" FLOAT,
            "Ammonia_NH_emissions" FLOAT
        );

[2024-06-18T11:54:12.501+0000] {base.py:84} INFO - Using connection ID 'postgres_localhost' for task execution.
[2024-06-18T11:54:12.648+0000] {base.py:84} INFO - Using connection ID 'postgres_localhost' for task execution.
[2024-06-18T11:54:12.718+0000] {sql.py:487} INFO - Running statement: 
        CREATE TABLE IF NOT EXISTS emission (
            Entity VARCHAR(100),
            Code VARCHAR(100),
            Year INT,
            "Nitrogen_oxide_NOx" FLOAT, 
            "Sulphur_dioxide_SO_emissions" FLOAT, 
            "Carbon_monoxide_CO_emissions" FLOAT, 
            "Organic_carbon_OC_emissions" FLOAT, 
            "Non_methane_volatile_organic_compounds_NMVOC_emissions" FLOAT, 
            "Black_carbon_BC_emissions" FLOAT,
            "Ammonia_NH_emissions" FLOAT
        );
, parameters: None
[2024-06-18T11:54:12.866+0000] {create_table.py:82} ERROR - Error creating table
Traceback (most recent call last):
  File "/opt/airflow/dags/database/create_table.py", line 77, in create_table
    create_table_task.execute(context=None)  # Execute the task
  File "/home/airflow/.local/lib/python3.10/site-packages/airflow/models/baseoperator.py", line 401, in wrapper
    return func(self, *args, **kwargs)
  File "/home/airflow/.local/lib/python3.10/site-packages/airflow/providers/common/sql/operators/sql.py", line 282, in execute
    output = hook.run(
  File "/home/airflow/.local/lib/python3.10/site-packages/airflow/providers/common/sql/hooks/sql.py", line 435, in run
    self._run_command(cur, sql_statement, parameters)
  File "/home/airflow/.local/lib/python3.10/site-packages/airflow/providers/common/sql/hooks/sql.py", line 492, in _run_command
    cur.execute(sql_statement)
psycopg2.errors.UniqueViolation: duplicate key value violates unique constraint "pg_type_typname_nsp_index"
DETAIL:  Key (typname, typnamespace)=(emission, 2200) already exists.

[2024-06-18T11:54:12.889+0000] {taskinstance.py:441} INFO - ::group::Post task execution logs
[2024-06-18T11:54:12.901+0000] {taskinstance.py:2905} ERROR - Task failed with exception
Traceback (most recent call last):
  File "/home/airflow/.local/lib/python3.10/site-packages/airflow/models/taskinstance.py", line 465, in _execute_task
    result = _execute_callable(context=context, **execute_callable_kwargs)
  File "/home/airflow/.local/lib/python3.10/site-packages/airflow/models/taskinstance.py", line 432, in _execute_callable
    return execute_callable(context=context, **execute_callable_kwargs)
  File "/home/airflow/.local/lib/python3.10/site-packages/airflow/models/baseoperator.py", line 401, in wrapper
    return func(self, *args, **kwargs)
  File "/home/airflow/.local/lib/python3.10/site-packages/airflow/decorators/base.py", line 265, in execute
    return_value = super().execute(context)
  File "/home/airflow/.local/lib/python3.10/site-packages/airflow/models/baseoperator.py", line 401, in wrapper
    return func(self, *args, **kwargs)
  File "/home/airflow/.local/lib/python3.10/site-packages/airflow/operators/python.py", line 235, in execute
    return_value = self.execute_callable()
  File "/home/airflow/.local/lib/python3.10/site-packages/airflow/operators/python.py", line 252, in execute_callable
    return self.python_callable(*self.op_args, **self.op_kwargs)
  File "/opt/airflow/dags/database/create_table.py", line 77, in create_table
    create_table_task.execute(context=None)  # Execute the task
  File "/home/airflow/.local/lib/python3.10/site-packages/airflow/models/baseoperator.py", line 401, in wrapper
    return func(self, *args, **kwargs)
  File "/home/airflow/.local/lib/python3.10/site-packages/airflow/providers/common/sql/operators/sql.py", line 282, in execute
    output = hook.run(
  File "/home/airflow/.local/lib/python3.10/site-packages/airflow/providers/common/sql/hooks/sql.py", line 435, in run
    self._run_command(cur, sql_statement, parameters)
  File "/home/airflow/.local/lib/python3.10/site-packages/airflow/providers/common/sql/hooks/sql.py", line 492, in _run_command
    cur.execute(sql_statement)
psycopg2.errors.UniqueViolation: duplicate key value violates unique constraint "pg_type_typname_nsp_index"
DETAIL:  Key (typname, typnamespace)=(emission, 2200) already exists.

[2024-06-18T11:54:12.975+0000] {taskinstance.py:1206} INFO - Marking task as UP_FOR_RETRY. dag_id=Air_pollution_data_pipeline, task_id=create_table, run_id=scheduled__2024-06-15T00:00:00+00:00, execution_date=20240615T000000, start_date=20240618T115410, end_date=20240618T115412
[2024-06-18T11:54:13.087+0000] {standard_task_runner.py:110} ERROR - Failed to execute job 35 for task create_table (duplicate key value violates unique constraint "pg_type_typname_nsp_index"
DETAIL:  Key (typname, typnamespace)=(emission, 2200) already exists.
; 543)
[2024-06-18T11:54:13.147+0000] {local_task_job_runner.py:240} INFO - Task exited with return code 1
[2024-06-18T11:54:13.387+0000] {taskinstance.py:3503} INFO - 0 downstream tasks scheduled from follow-on schedule check
[2024-06-18T11:54:13.420+0000] {local_task_job_runner.py:222} INFO - ::endgroup::
[2024-06-19T20:09:35.160+0000] {local_task_job_runner.py:120} INFO - ::group::Pre task execution logs
[2024-06-19T20:09:35.208+0000] {taskinstance.py:2076} INFO - Dependencies all met for dep_context=non-requeueable deps ti=<TaskInstance: Air_pollution_data_pipeline.create_table scheduled__2024-06-15T00:00:00+00:00 [queued]>
[2024-06-19T20:09:35.222+0000] {taskinstance.py:2076} INFO - Dependencies all met for dep_context=requeueable deps ti=<TaskInstance: Air_pollution_data_pipeline.create_table scheduled__2024-06-15T00:00:00+00:00 [queued]>
[2024-06-19T20:09:35.223+0000] {taskinstance.py:2306} INFO - Starting attempt 3 of 6
[2024-06-19T20:09:35.243+0000] {taskinstance.py:2330} INFO - Executing <Task(_PythonDecoratedOperator): create_table> on 2024-06-15 00:00:00+00:00
[2024-06-19T20:09:35.252+0000] {standard_task_runner.py:63} INFO - Started process 537 to run task
[2024-06-19T20:09:35.257+0000] {standard_task_runner.py:90} INFO - Running: ['***', 'tasks', 'run', 'Air_pollution_data_pipeline', 'create_table', 'scheduled__2024-06-15T00:00:00+00:00', '--job-id', '50', '--raw', '--subdir', 'DAGS_FOLDER/main.py', '--cfg-path', '/tmp/tmpogwesovi']
[2024-06-19T20:09:35.260+0000] {standard_task_runner.py:91} INFO - Job 50: Subtask create_table
[2024-06-19T20:09:35.346+0000] {task_command.py:426} INFO - Running <TaskInstance: Air_pollution_data_pipeline.create_table scheduled__2024-06-15T00:00:00+00:00 [running]> on host 0bfb368fa6be
[2024-06-19T20:09:35.544+0000] {taskinstance.py:2648} INFO - Exporting env vars: AIRFLOW_CTX_DAG_OWNER='khalid' AIRFLOW_CTX_DAG_ID='Air_pollution_data_pipeline' AIRFLOW_CTX_TASK_ID='create_table' AIRFLOW_CTX_EXECUTION_DATE='2024-06-15T00:00:00+00:00' AIRFLOW_CTX_TRY_NUMBER='3' AIRFLOW_CTX_DAG_RUN_ID='scheduled__2024-06-15T00:00:00+00:00'
[2024-06-19T20:09:35.549+0000] {taskinstance.py:430} INFO - ::endgroup::
[2024-06-19T20:09:35.550+0000] {create_table.py:71} INFO - creating table
[2024-06-19T20:09:35.554+0000] {baseoperator.py:400} WARNING - SQLExecuteQueryOperator.execute cannot be called outside TaskInstance!
[2024-06-19T20:09:35.555+0000] {sql.py:276} INFO - Executing: 
        CREATE TABLE IF NOT EXISTS emission (
            `Entity` VARCHAR(100),
            `Code` VARCHAR(100),
            `Year` INT,
            `Nitrogen_oxide_NOx` FLOAT, 
            `Sulphur_dioxide_SO_emissions` FLOAT, 
            `Carbon_monoxide_CO_emissions` FLOAT, 
            `Organic_carbon_OC_emissions` FLOAT, 
            `Non_methane_volatile_organic_compounds_NMVOC_emissions` FLOAT, 
            `Black_carbon_BC_emissions` FLOAT,
            `Ammonia_NH_emissions` FLOAT
        );

[2024-06-19T20:09:35.577+0000] {create_table.py:82} ERROR - Error creating table
Traceback (most recent call last):
  File "/opt/airflow/dags/database/create_table.py", line 77, in create_table
    create_table_task.execute(context=None)  # Execute the task
  File "/home/airflow/.local/lib/python3.10/site-packages/airflow/models/baseoperator.py", line 401, in wrapper
    return func(self, *args, **kwargs)
  File "/home/airflow/.local/lib/python3.10/site-packages/airflow/providers/common/sql/operators/sql.py", line 277, in execute
    hook = self.get_db_hook()
  File "/home/airflow/.local/lib/python3.10/site-packages/airflow/providers/common/sql/operators/sql.py", line 188, in get_db_hook
    return self._hook
  File "/usr/local/lib/python3.10/functools.py", line 981, in __get__
    val = self.func(instance)
  File "/home/airflow/.local/lib/python3.10/site-packages/airflow/providers/common/sql/operators/sql.py", line 150, in _hook
    conn = BaseHook.get_connection(conn_id)
  File "/home/airflow/.local/lib/python3.10/site-packages/airflow/hooks/base.py", line 83, in get_connection
    conn = Connection.get_connection_from_secrets(conn_id)
  File "/home/airflow/.local/lib/python3.10/site-packages/airflow/models/connection.py", line 519, in get_connection_from_secrets
    raise AirflowNotFoundException(f"The conn_id `{conn_id}` isn't defined")
airflow.exceptions.AirflowNotFoundException: The conn_id `postgres_localhost` isn't defined
[2024-06-19T20:09:35.581+0000] {taskinstance.py:441} INFO - ::group::Post task execution logs
[2024-06-19T20:09:35.613+0000] {taskinstance.py:2905} ERROR - Task failed with exception
Traceback (most recent call last):
  File "/home/airflow/.local/lib/python3.10/site-packages/airflow/models/taskinstance.py", line 465, in _execute_task
    result = _execute_callable(context=context, **execute_callable_kwargs)
  File "/home/airflow/.local/lib/python3.10/site-packages/airflow/models/taskinstance.py", line 432, in _execute_callable
    return execute_callable(context=context, **execute_callable_kwargs)
  File "/home/airflow/.local/lib/python3.10/site-packages/airflow/models/baseoperator.py", line 401, in wrapper
    return func(self, *args, **kwargs)
  File "/home/airflow/.local/lib/python3.10/site-packages/airflow/decorators/base.py", line 265, in execute
    return_value = super().execute(context)
  File "/home/airflow/.local/lib/python3.10/site-packages/airflow/models/baseoperator.py", line 401, in wrapper
    return func(self, *args, **kwargs)
  File "/home/airflow/.local/lib/python3.10/site-packages/airflow/operators/python.py", line 235, in execute
    return_value = self.execute_callable()
  File "/home/airflow/.local/lib/python3.10/site-packages/airflow/operators/python.py", line 252, in execute_callable
    return self.python_callable(*self.op_args, **self.op_kwargs)
  File "/opt/airflow/dags/database/create_table.py", line 77, in create_table
    create_table_task.execute(context=None)  # Execute the task
  File "/home/airflow/.local/lib/python3.10/site-packages/airflow/models/baseoperator.py", line 401, in wrapper
    return func(self, *args, **kwargs)
  File "/home/airflow/.local/lib/python3.10/site-packages/airflow/providers/common/sql/operators/sql.py", line 277, in execute
    hook = self.get_db_hook()
  File "/home/airflow/.local/lib/python3.10/site-packages/airflow/providers/common/sql/operators/sql.py", line 188, in get_db_hook
    return self._hook
  File "/usr/local/lib/python3.10/functools.py", line 981, in __get__
    val = self.func(instance)
  File "/home/airflow/.local/lib/python3.10/site-packages/airflow/providers/common/sql/operators/sql.py", line 150, in _hook
    conn = BaseHook.get_connection(conn_id)
  File "/home/airflow/.local/lib/python3.10/site-packages/airflow/hooks/base.py", line 83, in get_connection
    conn = Connection.get_connection_from_secrets(conn_id)
  File "/home/airflow/.local/lib/python3.10/site-packages/airflow/models/connection.py", line 519, in get_connection_from_secrets
    raise AirflowNotFoundException(f"The conn_id `{conn_id}` isn't defined")
airflow.exceptions.AirflowNotFoundException: The conn_id `postgres_localhost` isn't defined
[2024-06-19T20:09:35.621+0000] {taskinstance.py:1206} INFO - Marking task as UP_FOR_RETRY. dag_id=Air_pollution_data_pipeline, task_id=create_table, run_id=scheduled__2024-06-15T00:00:00+00:00, execution_date=20240615T000000, start_date=20240619T200935, end_date=20240619T200935
[2024-06-19T20:09:35.679+0000] {standard_task_runner.py:110} ERROR - Failed to execute job 50 for task create_table (The conn_id `postgres_localhost` isn't defined; 537)
[2024-06-19T20:09:35.755+0000] {local_task_job_runner.py:240} INFO - Task exited with return code 1
[2024-06-19T20:09:35.782+0000] {local_task_job_runner.py:222} INFO - ::endgroup::
