[2024-06-19T21:48:41.567+0000] {local_task_job_runner.py:120} INFO - ::group::Pre task execution logs
[2024-06-19T21:48:41.611+0000] {taskinstance.py:2076} INFO - Dependencies all met for dep_context=non-requeueable deps ti=<TaskInstance: Air_pollution_data_pipeline.insert_into_db_table__1 manual__2024-06-19T21:48:12+00:00 [queued]>
[2024-06-19T21:48:41.631+0000] {taskinstance.py:2076} INFO - Dependencies all met for dep_context=requeueable deps ti=<TaskInstance: Air_pollution_data_pipeline.insert_into_db_table__1 manual__2024-06-19T21:48:12+00:00 [queued]>
[2024-06-19T21:48:41.632+0000] {taskinstance.py:2306} INFO - Starting attempt 1 of 6
[2024-06-19T21:48:41.665+0000] {taskinstance.py:2330} INFO - Executing <Task(_PythonDecoratedOperator): insert_into_db_table__1> on 2024-06-19 21:48:12+00:00
[2024-06-19T21:48:41.678+0000] {standard_task_runner.py:63} INFO - Started process 577 to run task
[2024-06-19T21:48:41.688+0000] {standard_task_runner.py:90} INFO - Running: ['***', 'tasks', 'run', 'Air_pollution_data_pipeline', 'insert_into_db_table__1', 'manual__2024-06-19T21:48:12+00:00', '--job-id', '38', '--raw', '--subdir', 'DAGS_FOLDER/main.py', '--cfg-path', '/tmp/tmppifg9hz1']
[2024-06-19T21:48:41.705+0000] {standard_task_runner.py:91} INFO - Job 38: Subtask insert_into_db_table__1
[2024-06-19T21:48:41.927+0000] {task_command.py:426} INFO - Running <TaskInstance: Air_pollution_data_pipeline.insert_into_db_table__1 manual__2024-06-19T21:48:12+00:00 [running]> on host 91bb343a35a4
[2024-06-19T21:48:42.272+0000] {taskinstance.py:2648} INFO - Exporting env vars: AIRFLOW_CTX_DAG_OWNER='khalid' AIRFLOW_CTX_DAG_ID='Air_pollution_data_pipeline' AIRFLOW_CTX_TASK_ID='insert_into_db_table__1' AIRFLOW_CTX_EXECUTION_DATE='2024-06-19T21:48:12+00:00' AIRFLOW_CTX_TRY_NUMBER='1' AIRFLOW_CTX_DAG_RUN_ID='manual__2024-06-19T21:48:12+00:00'
[2024-06-19T21:48:42.276+0000] {taskinstance.py:430} INFO - ::endgroup::
[2024-06-19T21:48:42.281+0000] {taskinstance.py:441} INFO - ::group::Post task execution logs
[2024-06-19T21:48:42.281+0000] {taskinstance.py:2905} ERROR - Task failed with exception
Traceback (most recent call last):
  File "/home/airflow/.local/lib/python3.10/site-packages/airflow/models/taskinstance.py", line 465, in _execute_task
    result = _execute_callable(context=context, **execute_callable_kwargs)
  File "/home/airflow/.local/lib/python3.10/site-packages/airflow/models/taskinstance.py", line 432, in _execute_callable
    return execute_callable(context=context, **execute_callable_kwargs)
  File "/home/airflow/.local/lib/python3.10/site-packages/airflow/models/baseoperator.py", line 401, in wrapper
    return func(self, *args, **kwargs)
  File "/home/airflow/.local/lib/python3.10/site-packages/airflow/decorators/base.py", line 265, in execute
    return_value = super().execute(context)
  File "/home/airflow/.local/lib/python3.10/site-packages/airflow/models/baseoperator.py", line 401, in wrapper
    return func(self, *args, **kwargs)
  File "/home/airflow/.local/lib/python3.10/site-packages/airflow/operators/python.py", line 235, in execute
    return_value = self.execute_callable()
  File "/home/airflow/.local/lib/python3.10/site-packages/airflow/operators/python.py", line 252, in execute_callable
    return self.python_callable(*self.op_args, **self.op_kwargs)
  File "/opt/airflow/dags/database/populate_db.py", line 29, in insert_into_db_table
    data = pd.read_json(input_data)
  File "/home/airflow/.local/lib/python3.10/site-packages/pandas/io/json/_json.py", line 791, in read_json
    json_reader = JsonReader(
  File "/home/airflow/.local/lib/python3.10/site-packages/pandas/io/json/_json.py", line 904, in __init__
    data = self._get_data_from_filepath(filepath_or_buffer)
  File "/home/airflow/.local/lib/python3.10/site-packages/pandas/io/json/_json.py", line 944, in _get_data_from_filepath
    self.handles = get_handle(
  File "/home/airflow/.local/lib/python3.10/site-packages/pandas/io/common.py", line 728, in get_handle
    ioargs = _get_filepath_or_buffer(
  File "/home/airflow/.local/lib/python3.10/site-packages/pandas/io/common.py", line 472, in _get_filepath_or_buffer
    raise ValueError(msg)
ValueError: Invalid file path or buffer object type: <class 'NoneType'>
[2024-06-19T21:48:42.300+0000] {taskinstance.py:1206} INFO - Marking task as UP_FOR_RETRY. dag_id=Air_pollution_data_pipeline, task_id=insert_into_db_table__1, run_id=manual__2024-06-19T21:48:12+00:00, execution_date=20240619T214812, start_date=20240619T214841, end_date=20240619T214842
[2024-06-19T21:48:42.325+0000] {standard_task_runner.py:110} ERROR - Failed to execute job 38 for task insert_into_db_table__1 (Invalid file path or buffer object type: <class 'NoneType'>; 577)
[2024-06-19T21:48:42.355+0000] {local_task_job_runner.py:240} INFO - Task exited with return code 1
[2024-06-19T21:48:42.393+0000] {taskinstance.py:3503} INFO - 0 downstream tasks scheduled from follow-on schedule check
[2024-06-19T21:48:42.397+0000] {local_task_job_runner.py:222} INFO - ::endgroup::
