[2024-06-14T11:46:59.717+0000] {local_task_job_runner.py:120} INFO - ::group::Pre task execution logs
[2024-06-14T11:46:59.868+0000] {taskinstance.py:2076} INFO - Dependencies all met for dep_context=non-requeueable deps ti=<TaskInstance: Air_pollution_data_pipeline.load_data manual__2024-06-14T11:35:18+00:00 [queued]>
[2024-06-14T11:46:59.910+0000] {taskinstance.py:2076} INFO - Dependencies all met for dep_context=requeueable deps ti=<TaskInstance: Air_pollution_data_pipeline.load_data manual__2024-06-14T11:35:18+00:00 [queued]>
[2024-06-14T11:46:59.911+0000] {taskinstance.py:2306} INFO - Starting attempt 6 of 6
[2024-06-14T11:47:00.308+0000] {taskinstance.py:2330} INFO - Executing <Task(_PythonDecoratedOperator): load_data> on 2024-06-14 11:35:18+00:00
[2024-06-14T11:47:00.337+0000] {standard_task_runner.py:63} INFO - Started process 760 to run task
[2024-06-14T11:47:00.365+0000] {standard_task_runner.py:90} INFO - Running: ['***', 'tasks', 'run', 'Air_pollution_data_pipeline', 'load_data', 'manual__2024-06-14T11:35:18+00:00', '--job-id', '92', '--raw', '--subdir', 'DAGS_FOLDER/main.py', '--cfg-path', '/tmp/tmp_a2rz_b4']
[2024-06-14T11:47:00.373+0000] {standard_task_runner.py:91} INFO - Job 92: Subtask load_data
[2024-06-14T11:47:00.716+0000] {task_command.py:426} INFO - Running <TaskInstance: Air_pollution_data_pipeline.load_data manual__2024-06-14T11:35:18+00:00 [running]> on host 077b299c21d5
[2024-06-14T11:47:01.482+0000] {taskinstance.py:2648} INFO - Exporting env vars: AIRFLOW_CTX_DAG_OWNER='khalid' AIRFLOW_CTX_DAG_ID='Air_pollution_data_pipeline' AIRFLOW_CTX_TASK_ID='load_data' AIRFLOW_CTX_EXECUTION_DATE='2024-06-14T11:35:18+00:00' AIRFLOW_CTX_TRY_NUMBER='6' AIRFLOW_CTX_DAG_RUN_ID='manual__2024-06-14T11:35:18+00:00'
[2024-06-14T11:47:01.486+0000] {taskinstance.py:430} INFO - ::endgroup::
[2024-06-14T11:47:01.505+0000] {data_load.py:11} INFO - starting data extration from source
[2024-06-14T11:47:05.956+0000] {data_load.py:20} ERROR - error loading data to local drive
[2024-06-14T11:47:05.958+0000] {taskinstance.py:441} INFO - ::group::Post task execution logs
[2024-06-14T11:47:05.959+0000] {taskinstance.py:2905} ERROR - Task failed with exception
Traceback (most recent call last):
  File "/home/airflow/.local/lib/python3.10/site-packages/airflow/models/taskinstance.py", line 465, in _execute_task
    result = _execute_callable(context=context, **execute_callable_kwargs)
  File "/home/airflow/.local/lib/python3.10/site-packages/airflow/models/taskinstance.py", line 432, in _execute_callable
    return execute_callable(context=context, **execute_callable_kwargs)
  File "/home/airflow/.local/lib/python3.10/site-packages/airflow/models/baseoperator.py", line 401, in wrapper
    return func(self, *args, **kwargs)
  File "/home/airflow/.local/lib/python3.10/site-packages/airflow/decorators/base.py", line 265, in execute
    return_value = super().execute(context)
  File "/home/airflow/.local/lib/python3.10/site-packages/airflow/models/baseoperator.py", line 401, in wrapper
    return func(self, *args, **kwargs)
  File "/home/airflow/.local/lib/python3.10/site-packages/airflow/operators/python.py", line 235, in execute
    return_value = self.execute_callable()
  File "/home/airflow/.local/lib/python3.10/site-packages/airflow/operators/python.py", line 252, in execute_callable
    return self.python_callable(*self.op_args, **self.op_kwargs)
  File "/opt/airflow/dags/dataload/data_load.py", line 14, in load_data
    datadf.to_csv(f'{save_path}/emission_data.csv', index= False)
  File "/home/airflow/.local/lib/python3.10/site-packages/pandas/util/_decorators.py", line 333, in wrapper
    return func(*args, **kwargs)
  File "/home/airflow/.local/lib/python3.10/site-packages/pandas/core/generic.py", line 3967, in to_csv
    return DataFrameRenderer(formatter).to_csv(
  File "/home/airflow/.local/lib/python3.10/site-packages/pandas/io/formats/format.py", line 1014, in to_csv
    csv_formatter.save()
  File "/home/airflow/.local/lib/python3.10/site-packages/pandas/io/formats/csvs.py", line 251, in save
    with get_handle(
  File "/home/airflow/.local/lib/python3.10/site-packages/pandas/io/common.py", line 873, in get_handle
    handle = open(
PermissionError: [Errno 13] Permission denied: '/opt/airflow/save/emission_data.csv'
[2024-06-14T11:47:05.995+0000] {taskinstance.py:1206} INFO - Marking task as FAILED. dag_id=Air_pollution_data_pipeline, task_id=load_data, run_id=manual__2024-06-14T11:35:18+00:00, execution_date=20240614T113518, start_date=20240614T114659, end_date=20240614T114705
[2024-06-14T11:47:06.033+0000] {standard_task_runner.py:110} ERROR - Failed to execute job 92 for task load_data ([Errno 13] Permission denied: '/opt/airflow/save/emission_data.csv'; 760)
[2024-06-14T11:47:06.083+0000] {local_task_job_runner.py:240} INFO - Task exited with return code 1
[2024-06-14T11:47:06.165+0000] {taskinstance.py:3503} INFO - 0 downstream tasks scheduled from follow-on schedule check
[2024-06-14T11:47:06.182+0000] {local_task_job_runner.py:222} INFO - ::endgroup::
