[2024-06-18T10:46:10.970+0000] {local_task_job_runner.py:120} INFO - ::group::Pre task execution logs
[2024-06-18T10:46:11.445+0000] {taskinstance.py:2076} INFO - Dependencies all met for dep_context=non-requeueable deps ti=<TaskInstance: Air_pollution_data_pipeline.create_table scheduled__2024-06-17T00:00:00+00:00 [queued]>
[2024-06-18T10:46:11.516+0000] {taskinstance.py:2076} INFO - Dependencies all met for dep_context=requeueable deps ti=<TaskInstance: Air_pollution_data_pipeline.create_table scheduled__2024-06-17T00:00:00+00:00 [queued]>
[2024-06-18T10:46:11.521+0000] {taskinstance.py:2306} INFO - Starting attempt 1 of 6
[2024-06-18T10:46:11.801+0000] {taskinstance.py:2330} INFO - Executing <Task(_PythonDecoratedOperator): create_table> on 2024-06-17 00:00:00+00:00
[2024-06-18T10:46:11.867+0000] {standard_task_runner.py:63} INFO - Started process 338 to run task
[2024-06-18T10:46:11.922+0000] {standard_task_runner.py:90} INFO - Running: ['***', 'tasks', 'run', 'Air_pollution_data_pipeline', 'create_table', 'scheduled__2024-06-17T00:00:00+00:00', '--job-id', '7', '--raw', '--subdir', 'DAGS_FOLDER/main.py', '--cfg-path', '/tmp/tmp6o589muu']
[2024-06-18T10:46:11.938+0000] {standard_task_runner.py:91} INFO - Job 7: Subtask create_table
[2024-06-18T10:46:12.818+0000] {task_command.py:426} INFO - Running <TaskInstance: Air_pollution_data_pipeline.create_table scheduled__2024-06-17T00:00:00+00:00 [running]> on host 14ae0373fd5a
[2024-06-18T10:46:13.970+0000] {taskinstance.py:2648} INFO - Exporting env vars: AIRFLOW_CTX_DAG_OWNER='khalid' AIRFLOW_CTX_DAG_ID='Air_pollution_data_pipeline' AIRFLOW_CTX_TASK_ID='create_table' AIRFLOW_CTX_EXECUTION_DATE='2024-06-17T00:00:00+00:00' AIRFLOW_CTX_TRY_NUMBER='1' AIRFLOW_CTX_DAG_RUN_ID='scheduled__2024-06-17T00:00:00+00:00'
[2024-06-18T10:46:14.000+0000] {taskinstance.py:430} INFO - ::endgroup::
[2024-06-18T10:46:14.004+0000] {create_table.py:71} INFO - creating table
[2024-06-18T10:46:14.009+0000] {baseoperator.py:400} WARNING - SQLExecuteQueryOperator.execute cannot be called outside TaskInstance!
[2024-06-18T10:46:14.010+0000] {sql.py:276} INFO - Executing: 
        CREATE TABLE IF NOT EXISTS emission (
            Entity VARCHAR(100),
            Code VARCHAR(100),
            Year INT,
            "Nitrogen_oxide_NOx" FLOAT, 
            "Sulphur_dioxide_SO_emissions" FLOAT, 
            "Carbon_monoxide_CO_emissions" FLOAT, 
            "Organic_carbon_OC_emissions" FLOAT, 
            "Non_methane_volatile_organic_compounds_NMVOC_emissions" FLOAT, 
            "Black_carbon_BC_emissions" FLOAT,
            "Ammonia_NH_emissions" FLOAT
        );

[2024-06-18T10:46:14.084+0000] {base.py:84} INFO - Using connection ID 'postgres_localhost' for task execution.
[2024-06-18T10:46:14.181+0000] {base.py:84} INFO - Using connection ID 'postgres_localhost' for task execution.
[2024-06-18T10:46:14.268+0000] {sql.py:487} INFO - Running statement: 
        CREATE TABLE IF NOT EXISTS emission (
            Entity VARCHAR(100),
            Code VARCHAR(100),
            Year INT,
            "Nitrogen_oxide_NOx" FLOAT, 
            "Sulphur_dioxide_SO_emissions" FLOAT, 
            "Carbon_monoxide_CO_emissions" FLOAT, 
            "Organic_carbon_OC_emissions" FLOAT, 
            "Non_methane_volatile_organic_compounds_NMVOC_emissions" FLOAT, 
            "Black_carbon_BC_emissions" FLOAT,
            "Ammonia_NH_emissions" FLOAT
        );
, parameters: None
[2024-06-18T10:46:14.292+0000] {create_table.py:79} INFO - successfully create table
[2024-06-18T10:46:14.293+0000] {create_table.py:71} INFO - creating table
[2024-06-18T10:46:14.308+0000] {baseoperator.py:400} WARNING - SQLExecuteQueryOperator.execute cannot be called outside TaskInstance!
[2024-06-18T10:46:14.309+0000] {sql.py:276} INFO - Executing: 
        CREATE TABLE IF NOT EXISTS avg_emission (
            Year INT,
            "Nitrogen_oxide_NOx" FLOAT, 
            "Sulphur_dioxide_SO_emissions" FLOAT, 
            "Carbon_monoxide_CO_emissions" FLOAT, 
            "Organic_carbon_OC_emissions" FLOAT, 
            "Non_methane_volatile_organic_compounds_NMVOC_emissions" FLOAT, 
            "Black_carbon_BC_emissions" FLOAT,
            "Ammonia_NH_emissions" FLOAT
        );

[2024-06-18T10:46:14.549+0000] {base.py:84} INFO - Using connection ID 'postgres_localhost' for task execution.
[2024-06-18T10:46:14.596+0000] {base.py:84} INFO - Using connection ID 'postgres_localhost' for task execution.
[2024-06-18T10:46:14.639+0000] {sql.py:487} INFO - Running statement: 
        CREATE TABLE IF NOT EXISTS avg_emission (
            Year INT,
            "Nitrogen_oxide_NOx" FLOAT, 
            "Sulphur_dioxide_SO_emissions" FLOAT, 
            "Carbon_monoxide_CO_emissions" FLOAT, 
            "Organic_carbon_OC_emissions" FLOAT, 
            "Non_methane_volatile_organic_compounds_NMVOC_emissions" FLOAT, 
            "Black_carbon_BC_emissions" FLOAT,
            "Ammonia_NH_emissions" FLOAT
        );
, parameters: None
[2024-06-18T10:46:14.642+0000] {create_table.py:79} INFO - successfully create table
[2024-06-18T10:46:14.643+0000] {create_table.py:71} INFO - creating table
[2024-06-18T10:46:14.644+0000] {baseoperator.py:400} WARNING - SQLExecuteQueryOperator.execute cannot be called outside TaskInstance!
[2024-06-18T10:46:14.645+0000] {sql.py:276} INFO - Executing: 
        CREATE TABLE IF NOT EXISTS emission_summary_stats (
            Year INT,
            summary_stats VARCHAR(100),
            "Nitrogen_oxide_NOx" FLOAT, 
            "Sulphur_dioxide_SO_emissions" FLOAT, 
            "Carbon_monoxide_CO_emissions" FLOAT, 
            "Organic_carbon_OC_emissions" FLOAT, 
            "Non_methane_volatile_organic_compounds_NMVOC_emissions" FLOAT, 
            "Black_carbon_BC_emissions" FLOAT,
            "Ammonia_NH_emissions" FLOAT
        );

[2024-06-18T10:46:14.692+0000] {base.py:84} INFO - Using connection ID 'postgres_localhost' for task execution.
[2024-06-18T10:46:14.719+0000] {base.py:84} INFO - Using connection ID 'postgres_localhost' for task execution.
[2024-06-18T10:46:14.729+0000] {sql.py:487} INFO - Running statement: 
        CREATE TABLE IF NOT EXISTS emission_summary_stats (
            Year INT,
            summary_stats VARCHAR(100),
            "Nitrogen_oxide_NOx" FLOAT, 
            "Sulphur_dioxide_SO_emissions" FLOAT, 
            "Carbon_monoxide_CO_emissions" FLOAT, 
            "Organic_carbon_OC_emissions" FLOAT, 
            "Non_methane_volatile_organic_compounds_NMVOC_emissions" FLOAT, 
            "Black_carbon_BC_emissions" FLOAT,
            "Ammonia_NH_emissions" FLOAT
        );
, parameters: None
[2024-06-18T10:46:14.732+0000] {create_table.py:79} INFO - successfully create table
[2024-06-18T10:46:14.734+0000] {python.py:237} INFO - Done. Returned value was: None
[2024-06-18T10:46:14.736+0000] {taskinstance.py:441} INFO - ::group::Post task execution logs
[2024-06-18T10:46:14.765+0000] {taskinstance.py:1206} INFO - Marking task as SUCCESS. dag_id=Air_pollution_data_pipeline, task_id=create_table, run_id=scheduled__2024-06-17T00:00:00+00:00, execution_date=20240617T000000, start_date=20240618T104611, end_date=20240618T104614
[2024-06-18T10:46:14.846+0000] {local_task_job_runner.py:240} INFO - Task exited with return code 0
[2024-06-18T10:46:14.980+0000] {taskinstance.py:3503} INFO - 0 downstream tasks scheduled from follow-on schedule check
[2024-06-18T10:46:14.986+0000] {local_task_job_runner.py:222} INFO - ::endgroup::
[2024-06-18T11:49:48.435+0000] {local_task_job_runner.py:120} INFO - ::group::Pre task execution logs
[2024-06-18T11:49:52.271+0000] {taskinstance.py:2076} INFO - Dependencies all met for dep_context=non-requeueable deps ti=<TaskInstance: Air_pollution_data_pipeline.create_table scheduled__2024-06-17T00:00:00+00:00 [queued]>
[2024-06-18T11:49:52.504+0000] {taskinstance.py:2076} INFO - Dependencies all met for dep_context=requeueable deps ti=<TaskInstance: Air_pollution_data_pipeline.create_table scheduled__2024-06-17T00:00:00+00:00 [queued]>
[2024-06-18T11:49:52.507+0000] {taskinstance.py:2306} INFO - Starting attempt 1 of 6
[2024-06-18T11:49:52.728+0000] {taskinstance.py:2330} INFO - Executing <Task(_PythonDecoratedOperator): create_table> on 2024-06-17 00:00:00+00:00
[2024-06-18T11:49:52.795+0000] {standard_task_runner.py:63} INFO - Started process 345 to run task
[2024-06-18T11:49:52.921+0000] {standard_task_runner.py:90} INFO - Running: ['***', 'tasks', 'run', 'Air_pollution_data_pipeline', 'create_table', 'scheduled__2024-06-17T00:00:00+00:00', '--job-id', '10', '--raw', '--subdir', 'DAGS_FOLDER/main.py', '--cfg-path', '/tmp/tmp501y_0fk']
[2024-06-18T11:49:53.002+0000] {standard_task_runner.py:91} INFO - Job 10: Subtask create_table
[2024-06-18T11:49:53.805+0000] {task_command.py:426} INFO - Running <TaskInstance: Air_pollution_data_pipeline.create_table scheduled__2024-06-17T00:00:00+00:00 [running]> on host dc6d39ed067c
[2024-06-18T11:49:57.190+0000] {taskinstance.py:2648} INFO - Exporting env vars: AIRFLOW_CTX_DAG_OWNER='khalid' AIRFLOW_CTX_DAG_ID='Air_pollution_data_pipeline' AIRFLOW_CTX_TASK_ID='create_table' AIRFLOW_CTX_EXECUTION_DATE='2024-06-17T00:00:00+00:00' AIRFLOW_CTX_TRY_NUMBER='1' AIRFLOW_CTX_DAG_RUN_ID='scheduled__2024-06-17T00:00:00+00:00'
[2024-06-18T11:49:57.329+0000] {taskinstance.py:430} INFO - ::endgroup::
[2024-06-18T11:49:57.331+0000] {create_table.py:71} INFO - creating table
[2024-06-18T11:49:57.344+0000] {baseoperator.py:400} WARNING - SQLExecuteQueryOperator.execute cannot be called outside TaskInstance!
[2024-06-18T11:49:57.345+0000] {sql.py:276} INFO - Executing: 
        CREATE TABLE IF NOT EXISTS emission (
            Entity VARCHAR(100),
            Code VARCHAR(100),
            Year INT,
            "Nitrogen_oxide_NOx" FLOAT, 
            "Sulphur_dioxide_SO_emissions" FLOAT, 
            "Carbon_monoxide_CO_emissions" FLOAT, 
            "Organic_carbon_OC_emissions" FLOAT, 
            "Non_methane_volatile_organic_compounds_NMVOC_emissions" FLOAT, 
            "Black_carbon_BC_emissions" FLOAT,
            "Ammonia_NH_emissions" FLOAT
        );

[2024-06-18T11:49:57.685+0000] {create_table.py:82} ERROR - Error creating table
Traceback (most recent call last):
  File "/opt/airflow/dags/database/create_table.py", line 77, in create_table
    create_table_task.execute(context=None)  # Execute the task
  File "/home/airflow/.local/lib/python3.10/site-packages/airflow/models/baseoperator.py", line 401, in wrapper
    return func(self, *args, **kwargs)
  File "/home/airflow/.local/lib/python3.10/site-packages/airflow/providers/common/sql/operators/sql.py", line 277, in execute
    hook = self.get_db_hook()
  File "/home/airflow/.local/lib/python3.10/site-packages/airflow/providers/common/sql/operators/sql.py", line 188, in get_db_hook
    return self._hook
  File "/usr/local/lib/python3.10/functools.py", line 981, in __get__
    val = self.func(instance)
  File "/home/airflow/.local/lib/python3.10/site-packages/airflow/providers/common/sql/operators/sql.py", line 150, in _hook
    conn = BaseHook.get_connection(conn_id)
  File "/home/airflow/.local/lib/python3.10/site-packages/airflow/hooks/base.py", line 83, in get_connection
    conn = Connection.get_connection_from_secrets(conn_id)
  File "/home/airflow/.local/lib/python3.10/site-packages/airflow/models/connection.py", line 519, in get_connection_from_secrets
    raise AirflowNotFoundException(f"The conn_id `{conn_id}` isn't defined")
airflow.exceptions.AirflowNotFoundException: The conn_id `postgres_localhost` isn't defined
[2024-06-18T11:49:57.704+0000] {taskinstance.py:441} INFO - ::group::Post task execution logs
[2024-06-18T11:49:57.884+0000] {taskinstance.py:2905} ERROR - Task failed with exception
Traceback (most recent call last):
  File "/home/airflow/.local/lib/python3.10/site-packages/airflow/models/taskinstance.py", line 465, in _execute_task
    result = _execute_callable(context=context, **execute_callable_kwargs)
  File "/home/airflow/.local/lib/python3.10/site-packages/airflow/models/taskinstance.py", line 432, in _execute_callable
    return execute_callable(context=context, **execute_callable_kwargs)
  File "/home/airflow/.local/lib/python3.10/site-packages/airflow/models/baseoperator.py", line 401, in wrapper
    return func(self, *args, **kwargs)
  File "/home/airflow/.local/lib/python3.10/site-packages/airflow/decorators/base.py", line 265, in execute
    return_value = super().execute(context)
  File "/home/airflow/.local/lib/python3.10/site-packages/airflow/models/baseoperator.py", line 401, in wrapper
    return func(self, *args, **kwargs)
  File "/home/airflow/.local/lib/python3.10/site-packages/airflow/operators/python.py", line 235, in execute
    return_value = self.execute_callable()
  File "/home/airflow/.local/lib/python3.10/site-packages/airflow/operators/python.py", line 252, in execute_callable
    return self.python_callable(*self.op_args, **self.op_kwargs)
  File "/opt/airflow/dags/database/create_table.py", line 77, in create_table
    create_table_task.execute(context=None)  # Execute the task
  File "/home/airflow/.local/lib/python3.10/site-packages/airflow/models/baseoperator.py", line 401, in wrapper
    return func(self, *args, **kwargs)
  File "/home/airflow/.local/lib/python3.10/site-packages/airflow/providers/common/sql/operators/sql.py", line 277, in execute
    hook = self.get_db_hook()
  File "/home/airflow/.local/lib/python3.10/site-packages/airflow/providers/common/sql/operators/sql.py", line 188, in get_db_hook
    return self._hook
  File "/usr/local/lib/python3.10/functools.py", line 981, in __get__
    val = self.func(instance)
  File "/home/airflow/.local/lib/python3.10/site-packages/airflow/providers/common/sql/operators/sql.py", line 150, in _hook
    conn = BaseHook.get_connection(conn_id)
  File "/home/airflow/.local/lib/python3.10/site-packages/airflow/hooks/base.py", line 83, in get_connection
    conn = Connection.get_connection_from_secrets(conn_id)
  File "/home/airflow/.local/lib/python3.10/site-packages/airflow/models/connection.py", line 519, in get_connection_from_secrets
    raise AirflowNotFoundException(f"The conn_id `{conn_id}` isn't defined")
airflow.exceptions.AirflowNotFoundException: The conn_id `postgres_localhost` isn't defined
[2024-06-18T11:49:57.915+0000] {taskinstance.py:1206} INFO - Marking task as UP_FOR_RETRY. dag_id=Air_pollution_data_pipeline, task_id=create_table, run_id=scheduled__2024-06-17T00:00:00+00:00, execution_date=20240617T000000, start_date=20240618T114952, end_date=20240618T114957
[2024-06-18T11:49:58.068+0000] {standard_task_runner.py:110} ERROR - Failed to execute job 10 for task create_table (The conn_id `postgres_localhost` isn't defined; 345)
[2024-06-18T11:49:58.180+0000] {local_task_job_runner.py:240} INFO - Task exited with return code 1
[2024-06-18T11:49:58.350+0000] {taskinstance.py:3503} INFO - 0 downstream tasks scheduled from follow-on schedule check
[2024-06-18T11:49:58.367+0000] {local_task_job_runner.py:222} INFO - ::endgroup::
[2024-06-19T20:05:27.159+0000] {local_task_job_runner.py:120} INFO - ::group::Pre task execution logs
[2024-06-19T20:05:27.496+0000] {taskinstance.py:2076} INFO - Dependencies all met for dep_context=non-requeueable deps ti=<TaskInstance: Air_pollution_data_pipeline.create_table scheduled__2024-06-17T00:00:00+00:00 [queued]>
[2024-06-19T20:05:27.536+0000] {taskinstance.py:2076} INFO - Dependencies all met for dep_context=requeueable deps ti=<TaskInstance: Air_pollution_data_pipeline.create_table scheduled__2024-06-17T00:00:00+00:00 [queued]>
[2024-06-19T20:05:27.537+0000] {taskinstance.py:2306} INFO - Starting attempt 1 of 6
[2024-06-19T20:05:27.872+0000] {taskinstance.py:2330} INFO - Executing <Task(_PythonDecoratedOperator): create_table> on 2024-06-17 00:00:00+00:00
[2024-06-19T20:05:28.001+0000] {standard_task_runner.py:63} INFO - Started process 278 to run task
[2024-06-19T20:05:28.033+0000] {standard_task_runner.py:90} INFO - Running: ['***', 'tasks', 'run', 'Air_pollution_data_pipeline', 'create_table', 'scheduled__2024-06-17T00:00:00+00:00', '--job-id', '7', '--raw', '--subdir', 'DAGS_FOLDER/main.py', '--cfg-path', '/tmp/tmpp4ju_cd0']
[2024-06-19T20:05:28.049+0000] {standard_task_runner.py:91} INFO - Job 7: Subtask create_table
[2024-06-19T20:05:28.812+0000] {task_command.py:426} INFO - Running <TaskInstance: Air_pollution_data_pipeline.create_table scheduled__2024-06-17T00:00:00+00:00 [running]> on host 0bfb368fa6be
[2024-06-19T20:05:29.277+0000] {taskinstance.py:2648} INFO - Exporting env vars: AIRFLOW_CTX_DAG_OWNER='khalid' AIRFLOW_CTX_DAG_ID='Air_pollution_data_pipeline' AIRFLOW_CTX_TASK_ID='create_table' AIRFLOW_CTX_EXECUTION_DATE='2024-06-17T00:00:00+00:00' AIRFLOW_CTX_TRY_NUMBER='1' AIRFLOW_CTX_DAG_RUN_ID='scheduled__2024-06-17T00:00:00+00:00'
[2024-06-19T20:05:29.280+0000] {taskinstance.py:430} INFO - ::endgroup::
[2024-06-19T20:05:29.282+0000] {create_table.py:71} INFO - creating table
[2024-06-19T20:05:29.311+0000] {baseoperator.py:400} WARNING - SQLExecuteQueryOperator.execute cannot be called outside TaskInstance!
[2024-06-19T20:05:29.312+0000] {sql.py:276} INFO - Executing: 
        CREATE TABLE IF NOT EXISTS emission (
            `Entity` VARCHAR(100),
            `Code` VARCHAR(100),
            `Year` INT,
            `Nitrogen_oxide_NOx` FLOAT, 
            `Sulphur_dioxide_SO_emissions` FLOAT, 
            `Carbon_monoxide_CO_emissions` FLOAT, 
            `Organic_carbon_OC_emissions` FLOAT, 
            `Non_methane_volatile_organic_compounds_NMVOC_emissions` FLOAT, 
            `Black_carbon_BC_emissions` FLOAT,
            `Ammonia_NH_emissions` FLOAT
        );

[2024-06-19T20:05:29.374+0000] {create_table.py:82} ERROR - Error creating table
Traceback (most recent call last):
  File "/opt/airflow/dags/database/create_table.py", line 77, in create_table
    create_table_task.execute(context=None)  # Execute the task
  File "/home/airflow/.local/lib/python3.10/site-packages/airflow/models/baseoperator.py", line 401, in wrapper
    return func(self, *args, **kwargs)
  File "/home/airflow/.local/lib/python3.10/site-packages/airflow/providers/common/sql/operators/sql.py", line 277, in execute
    hook = self.get_db_hook()
  File "/home/airflow/.local/lib/python3.10/site-packages/airflow/providers/common/sql/operators/sql.py", line 188, in get_db_hook
    return self._hook
  File "/usr/local/lib/python3.10/functools.py", line 981, in __get__
    val = self.func(instance)
  File "/home/airflow/.local/lib/python3.10/site-packages/airflow/providers/common/sql/operators/sql.py", line 150, in _hook
    conn = BaseHook.get_connection(conn_id)
  File "/home/airflow/.local/lib/python3.10/site-packages/airflow/hooks/base.py", line 83, in get_connection
    conn = Connection.get_connection_from_secrets(conn_id)
  File "/home/airflow/.local/lib/python3.10/site-packages/airflow/models/connection.py", line 519, in get_connection_from_secrets
    raise AirflowNotFoundException(f"The conn_id `{conn_id}` isn't defined")
airflow.exceptions.AirflowNotFoundException: The conn_id `postgres_localhost` isn't defined
[2024-06-19T20:05:29.396+0000] {taskinstance.py:441} INFO - ::group::Post task execution logs
[2024-06-19T20:05:29.437+0000] {taskinstance.py:2905} ERROR - Task failed with exception
Traceback (most recent call last):
  File "/home/airflow/.local/lib/python3.10/site-packages/airflow/models/taskinstance.py", line 465, in _execute_task
    result = _execute_callable(context=context, **execute_callable_kwargs)
  File "/home/airflow/.local/lib/python3.10/site-packages/airflow/models/taskinstance.py", line 432, in _execute_callable
    return execute_callable(context=context, **execute_callable_kwargs)
  File "/home/airflow/.local/lib/python3.10/site-packages/airflow/models/baseoperator.py", line 401, in wrapper
    return func(self, *args, **kwargs)
  File "/home/airflow/.local/lib/python3.10/site-packages/airflow/decorators/base.py", line 265, in execute
    return_value = super().execute(context)
  File "/home/airflow/.local/lib/python3.10/site-packages/airflow/models/baseoperator.py", line 401, in wrapper
    return func(self, *args, **kwargs)
  File "/home/airflow/.local/lib/python3.10/site-packages/airflow/operators/python.py", line 235, in execute
    return_value = self.execute_callable()
  File "/home/airflow/.local/lib/python3.10/site-packages/airflow/operators/python.py", line 252, in execute_callable
    return self.python_callable(*self.op_args, **self.op_kwargs)
  File "/opt/airflow/dags/database/create_table.py", line 77, in create_table
    create_table_task.execute(context=None)  # Execute the task
  File "/home/airflow/.local/lib/python3.10/site-packages/airflow/models/baseoperator.py", line 401, in wrapper
    return func(self, *args, **kwargs)
  File "/home/airflow/.local/lib/python3.10/site-packages/airflow/providers/common/sql/operators/sql.py", line 277, in execute
    hook = self.get_db_hook()
  File "/home/airflow/.local/lib/python3.10/site-packages/airflow/providers/common/sql/operators/sql.py", line 188, in get_db_hook
    return self._hook
  File "/usr/local/lib/python3.10/functools.py", line 981, in __get__
    val = self.func(instance)
  File "/home/airflow/.local/lib/python3.10/site-packages/airflow/providers/common/sql/operators/sql.py", line 150, in _hook
    conn = BaseHook.get_connection(conn_id)
  File "/home/airflow/.local/lib/python3.10/site-packages/airflow/hooks/base.py", line 83, in get_connection
    conn = Connection.get_connection_from_secrets(conn_id)
  File "/home/airflow/.local/lib/python3.10/site-packages/airflow/models/connection.py", line 519, in get_connection_from_secrets
    raise AirflowNotFoundException(f"The conn_id `{conn_id}` isn't defined")
airflow.exceptions.AirflowNotFoundException: The conn_id `postgres_localhost` isn't defined
[2024-06-19T20:05:29.447+0000] {taskinstance.py:1206} INFO - Marking task as UP_FOR_RETRY. dag_id=Air_pollution_data_pipeline, task_id=create_table, run_id=scheduled__2024-06-17T00:00:00+00:00, execution_date=20240617T000000, start_date=20240619T200527, end_date=20240619T200529
[2024-06-19T20:05:29.496+0000] {standard_task_runner.py:110} ERROR - Failed to execute job 7 for task create_table (The conn_id `postgres_localhost` isn't defined; 278)
[2024-06-19T20:05:29.586+0000] {local_task_job_runner.py:240} INFO - Task exited with return code 1
[2024-06-19T20:05:29.661+0000] {taskinstance.py:3503} INFO - 0 downstream tasks scheduled from follow-on schedule check
[2024-06-19T20:05:29.664+0000] {local_task_job_runner.py:222} INFO - ::endgroup::
