[2024-06-17T15:46:34.486+0000] {local_task_job_runner.py:120} INFO - ::group::Pre task execution logs
[2024-06-17T15:46:34.524+0000] {taskinstance.py:2076} INFO - Dependencies all met for dep_context=non-requeueable deps ti=<TaskInstance: Air_pollution_data_pipeline.create_table manual__2024-06-17T15:46:30+00:00 [queued]>
[2024-06-17T15:46:34.538+0000] {taskinstance.py:2076} INFO - Dependencies all met for dep_context=requeueable deps ti=<TaskInstance: Air_pollution_data_pipeline.create_table manual__2024-06-17T15:46:30+00:00 [queued]>
[2024-06-17T15:46:34.539+0000] {taskinstance.py:2306} INFO - Starting attempt 1 of 6
[2024-06-17T15:46:34.559+0000] {taskinstance.py:2330} INFO - Executing <Task(_PythonDecoratedOperator): create_table> on 2024-06-17 15:46:30+00:00
[2024-06-17T15:46:34.566+0000] {standard_task_runner.py:63} INFO - Started process 4938 to run task
[2024-06-17T15:46:34.571+0000] {standard_task_runner.py:90} INFO - Running: ['***', 'tasks', 'run', 'Air_pollution_data_pipeline', 'create_table', 'manual__2024-06-17T15:46:30+00:00', '--job-id', '1037', '--raw', '--subdir', 'DAGS_FOLDER/main.py', '--cfg-path', '/tmp/tmp1i55hw1b']
[2024-06-17T15:46:34.575+0000] {standard_task_runner.py:91} INFO - Job 1037: Subtask create_table
[2024-06-17T15:46:34.654+0000] {task_command.py:426} INFO - Running <TaskInstance: Air_pollution_data_pipeline.create_table manual__2024-06-17T15:46:30+00:00 [running]> on host fa4d239664b0
[2024-06-17T15:46:34.786+0000] {taskinstance.py:2648} INFO - Exporting env vars: AIRFLOW_CTX_DAG_OWNER='khalid' AIRFLOW_CTX_DAG_ID='Air_pollution_data_pipeline' AIRFLOW_CTX_TASK_ID='create_table' AIRFLOW_CTX_EXECUTION_DATE='2024-06-17T15:46:30+00:00' AIRFLOW_CTX_TRY_NUMBER='1' AIRFLOW_CTX_DAG_RUN_ID='manual__2024-06-17T15:46:30+00:00'
[2024-06-17T15:46:34.788+0000] {taskinstance.py:430} INFO - ::endgroup::
[2024-06-17T15:46:34.789+0000] {create_table.py:57} INFO - creating table
[2024-06-17T15:46:34.791+0000] {baseoperator.py:400} WARNING - SQLExecuteQueryOperator.execute cannot be called outside TaskInstance!
[2024-06-17T15:46:34.791+0000] {sql.py:276} INFO - Executing: 
        CREATE TABLE IF NOT EXISTS emission (
            Entity VARCHAR(100),
            Code VARCHAR(100),
            Year INT,
            "Nitrogen_oxide_NOx" DECIMAL(10, 5), 
            "Sulphur_dioxide_SO_emissions" DECIMAL(10, 5), 
            "Carbon_monoxide_CO_emissions" DECIMAL(10, 5), 
            "Organic_carbon_OC_emissions" DECIMAL(10, 5), 
            "Non_methane_volatile_organic_compounds_NMVOC_emissions" DECIMAL(10, 5), 
            "Black_carbon_BC_emissions" DECIMAL(10, 5),
            "Ammonia_NH_emissions" DECIMAL(10, 5)
        );

[2024-06-17T15:46:34.805+0000] {base.py:84} INFO - Using connection ID 'postgres_localhost' for task execution.
[2024-06-17T15:46:34.816+0000] {base.py:84} INFO - Using connection ID 'postgres_localhost' for task execution.
[2024-06-17T15:46:34.821+0000] {sql.py:487} INFO - Running statement: 
        CREATE TABLE IF NOT EXISTS emission (
            Entity VARCHAR(100),
            Code VARCHAR(100),
            Year INT,
            "Nitrogen_oxide_NOx" DECIMAL(10, 5), 
            "Sulphur_dioxide_SO_emissions" DECIMAL(10, 5), 
            "Carbon_monoxide_CO_emissions" DECIMAL(10, 5), 
            "Organic_carbon_OC_emissions" DECIMAL(10, 5), 
            "Non_methane_volatile_organic_compounds_NMVOC_emissions" DECIMAL(10, 5), 
            "Black_carbon_BC_emissions" DECIMAL(10, 5),
            "Ammonia_NH_emissions" DECIMAL(10, 5)
        );
, parameters: None
[2024-06-17T15:46:34.836+0000] {create_table.py:65} INFO - successfully create table
[2024-06-17T15:46:34.837+0000] {create_table.py:57} INFO - creating table
[2024-06-17T15:46:34.838+0000] {baseoperator.py:400} WARNING - SQLExecuteQueryOperator.execute cannot be called outside TaskInstance!
[2024-06-17T15:46:34.839+0000] {sql.py:276} INFO - Executing: 
        CREATE TABLE IF NOT EXISTS avg_emission (
            Year INT,
            "Nitrogen_oxide_NOx" DECIMAL(10, 5), 
            "Sulphur_dioxide_SO_emissions" DECIMAL(10, 5), 
            "Carbon_monoxide_CO_emissions" DECIMAL(10, 5), 
            "Organic_carbon_OC_emissions" DECIMAL(10, 5), 
            "Non_methane_volatile_organic_compounds_NMVOC_emissions" DECIMAL(10, 5), 
            "Black_carbon_BC_emissions" DECIMAL(10, 5),
            "Ammonia_NH_emissions" DECIMAL(10, 5)
        );

[2024-06-17T15:46:34.848+0000] {base.py:84} INFO - Using connection ID 'postgres_localhost' for task execution.
[2024-06-17T15:46:34.856+0000] {base.py:84} INFO - Using connection ID 'postgres_localhost' for task execution.
[2024-06-17T15:46:34.861+0000] {sql.py:487} INFO - Running statement: 
        CREATE TABLE IF NOT EXISTS avg_emission (
            Year INT,
            "Nitrogen_oxide_NOx" DECIMAL(10, 5), 
            "Sulphur_dioxide_SO_emissions" DECIMAL(10, 5), 
            "Carbon_monoxide_CO_emissions" DECIMAL(10, 5), 
            "Organic_carbon_OC_emissions" DECIMAL(10, 5), 
            "Non_methane_volatile_organic_compounds_NMVOC_emissions" DECIMAL(10, 5), 
            "Black_carbon_BC_emissions" DECIMAL(10, 5),
            "Ammonia_NH_emissions" DECIMAL(10, 5)
        );
, parameters: None
[2024-06-17T15:46:34.866+0000] {create_table.py:65} INFO - successfully create table
[2024-06-17T15:46:34.867+0000] {create_table.py:57} INFO - creating table
[2024-06-17T15:46:34.868+0000] {baseoperator.py:400} WARNING - SQLExecuteQueryOperator.execute cannot be called outside TaskInstance!
[2024-06-17T15:46:34.868+0000] {sql.py:276} INFO - Executing: 
        CREATE TABLE IF NOT EXISTS emission_summary_stats (
            Year INT,
            summary_stats VARCHAR(100),
            "Nitrogen_oxide_NOx" DECIMAL(10, 5), 
            "Sulphur_dioxide_SO_emissions" DECIMAL(10, 5), 
            "Carbon_monoxide_CO_emissions" DECIMAL(10, 5), 
            "Organic_carbon_OC_emissions" DECIMAL(10, 5), 
            "Non_methane_volatile_organic_compounds_NMVOC_emissions" DECIMAL(10, 5), 
            "Black_carbon_BC_emissions" DECIMAL(10, 5),
            "Ammonia_NH_emissions" DECIMAL(10, 5)
        );

[2024-06-17T15:46:34.877+0000] {base.py:84} INFO - Using connection ID 'postgres_localhost' for task execution.
[2024-06-17T15:46:34.887+0000] {base.py:84} INFO - Using connection ID 'postgres_localhost' for task execution.
[2024-06-17T15:46:34.892+0000] {sql.py:487} INFO - Running statement: 
        CREATE TABLE IF NOT EXISTS emission_summary_stats (
            Year INT,
            summary_stats VARCHAR(100),
            "Nitrogen_oxide_NOx" DECIMAL(10, 5), 
            "Sulphur_dioxide_SO_emissions" DECIMAL(10, 5), 
            "Carbon_monoxide_CO_emissions" DECIMAL(10, 5), 
            "Organic_carbon_OC_emissions" DECIMAL(10, 5), 
            "Non_methane_volatile_organic_compounds_NMVOC_emissions" DECIMAL(10, 5), 
            "Black_carbon_BC_emissions" DECIMAL(10, 5),
            "Ammonia_NH_emissions" DECIMAL(10, 5)
        );
, parameters: None
[2024-06-17T15:46:34.897+0000] {create_table.py:65} INFO - successfully create table
[2024-06-17T15:46:34.898+0000] {python.py:237} INFO - Done. Returned value was: None
[2024-06-17T15:46:34.899+0000] {taskinstance.py:441} INFO - ::group::Post task execution logs
[2024-06-17T15:46:34.913+0000] {taskinstance.py:1206} INFO - Marking task as SUCCESS. dag_id=Air_pollution_data_pipeline, task_id=create_table, run_id=manual__2024-06-17T15:46:30+00:00, execution_date=20240617T154630, start_date=20240617T154634, end_date=20240617T154634
[2024-06-17T15:46:34.985+0000] {local_task_job_runner.py:240} INFO - Task exited with return code 0
[2024-06-17T15:46:35.026+0000] {taskinstance.py:3503} INFO - 0 downstream tasks scheduled from follow-on schedule check
[2024-06-17T15:46:35.029+0000] {local_task_job_runner.py:222} INFO - ::endgroup::
