[2024-06-14T16:55:20.263+0000] {local_task_job_runner.py:120} INFO - ::group::Pre task execution logs
[2024-06-14T16:55:20.311+0000] {taskinstance.py:2076} INFO - Dependencies all met for dep_context=non-requeueable deps ti=<TaskInstance: Air_pollution_data_pipeline.insert_into_db_table manual__2024-06-14T16:50:58+00:00 [queued]>
[2024-06-14T16:55:20.325+0000] {taskinstance.py:2076} INFO - Dependencies all met for dep_context=requeueable deps ti=<TaskInstance: Air_pollution_data_pipeline.insert_into_db_table manual__2024-06-14T16:50:58+00:00 [queued]>
[2024-06-14T16:55:20.326+0000] {taskinstance.py:2306} INFO - Starting attempt 3 of 6
[2024-06-14T16:55:20.352+0000] {taskinstance.py:2330} INFO - Executing <Task(_PythonDecoratedOperator): insert_into_db_table> on 2024-06-14 16:50:58+00:00
[2024-06-14T16:55:20.363+0000] {standard_task_runner.py:63} INFO - Started process 2468 to run task
[2024-06-14T16:55:20.368+0000] {standard_task_runner.py:90} INFO - Running: ['***', 'tasks', 'run', 'Air_pollution_data_pipeline', 'insert_into_db_table', 'manual__2024-06-14T16:50:58+00:00', '--job-id', '425', '--raw', '--subdir', 'DAGS_FOLDER/main.py', '--cfg-path', '/tmp/tmpg6q2e56m']
[2024-06-14T16:55:20.371+0000] {standard_task_runner.py:91} INFO - Job 425: Subtask insert_into_db_table
[2024-06-14T16:55:20.464+0000] {task_command.py:426} INFO - Running <TaskInstance: Air_pollution_data_pipeline.insert_into_db_table manual__2024-06-14T16:50:58+00:00 [running]> on host 6078ceb33835
[2024-06-14T16:55:20.681+0000] {taskinstance.py:2648} INFO - Exporting env vars: AIRFLOW_CTX_DAG_OWNER='khalid' AIRFLOW_CTX_DAG_ID='Air_pollution_data_pipeline' AIRFLOW_CTX_TASK_ID='insert_into_db_table' AIRFLOW_CTX_EXECUTION_DATE='2024-06-14T16:50:58+00:00' AIRFLOW_CTX_TRY_NUMBER='3' AIRFLOW_CTX_DAG_RUN_ID='manual__2024-06-14T16:50:58+00:00'
[2024-06-14T16:55:20.684+0000] {taskinstance.py:430} INFO - ::endgroup::
[2024-06-14T16:55:20.704+0000] {logging_mixin.py:188} WARNING - /opt/***/dags/database/populate_db.py:26 FutureWarning: Passing literal json to 'read_json' is deprecated and will be removed in a future version. To read from a literal string, wrap it in a 'StringIO' object.
[2024-06-14T16:55:20.736+0000] {populate_db.py:36} INFO - Inserting data into table
[2024-06-14T16:55:20.745+0000] {baseoperator.py:400} WARNING - SQLExecuteQueryOperator.execute cannot be called outside TaskInstance!
[2024-06-14T16:55:20.746+0000] {sql.py:276} INFO - Executing: 
        INSERT INTO emission (Entity, Code, Year, Nitrogen_oxide_(NOx), Sulphur_dioxide_(SO₂)_emissions, Carbon_monoxide_(CO)_emissions, Organic_carbon_(OC)_emissions, Non_methane_volatile_organic_compounds_(NMVOC)_emissions, Black_carbon_(BC)_emissions, Ammonia_(NH₃)_emissions, Unnamed:_10)
        VALUES (%s,%s,%s,%s,%s,%s,%s,%s,%s,%s,%s)
    
[2024-06-14T16:55:20.767+0000] {base.py:84} INFO - Using connection ID 'postgres_localhost' for task execution.
[2024-06-14T16:55:20.813+0000] {base.py:84} INFO - Using connection ID 'postgres_localhost' for task execution.
[2024-06-14T16:55:20.820+0000] {populate_db.py:48} ERROR - Error inserting data into table
Traceback (most recent call last):
  File "/opt/airflow/dags/database/populate_db.py", line 43, in insert_into_db_table
    insert_data_task.execute(context=None)  # Execute the task
  File "/home/airflow/.local/lib/python3.10/site-packages/airflow/models/baseoperator.py", line 401, in wrapper
    return func(self, *args, **kwargs)
  File "/home/airflow/.local/lib/python3.10/site-packages/airflow/providers/common/sql/operators/sql.py", line 282, in execute
    output = hook.run(
  File "/home/airflow/.local/lib/python3.10/site-packages/airflow/providers/common/sql/hooks/sql.py", line 431, in run
    with self._create_autocommit_connection(autocommit) as conn:
  File "/usr/local/lib/python3.10/contextlib.py", line 135, in __enter__
    return next(self.gen)
  File "/home/airflow/.local/lib/python3.10/site-packages/airflow/providers/common/sql/hooks/sql.py", line 551, in _create_autocommit_connection
    with closing(self.get_conn()) as conn:
  File "/home/airflow/.local/lib/python3.10/site-packages/airflow/providers/postgres/hooks/postgres.py", line 175, in get_conn
    self.conn = psycopg2.connect(**conn_args)
  File "/home/airflow/.local/lib/python3.10/site-packages/psycopg2/__init__.py", line 122, in connect
    conn = _connect(dsn, connection_factory=connection_factory, **kwasync)
psycopg2.OperationalError: connection to server at "postgres" (172.23.0.2), port 5432 failed: FATAL:  database "emission" does not exist

[2024-06-14T16:55:20.831+0000] {taskinstance.py:441} INFO - ::group::Post task execution logs
[2024-06-14T16:55:20.832+0000] {taskinstance.py:2905} ERROR - Task failed with exception
Traceback (most recent call last):
  File "/home/airflow/.local/lib/python3.10/site-packages/airflow/models/taskinstance.py", line 465, in _execute_task
    result = _execute_callable(context=context, **execute_callable_kwargs)
  File "/home/airflow/.local/lib/python3.10/site-packages/airflow/models/taskinstance.py", line 432, in _execute_callable
    return execute_callable(context=context, **execute_callable_kwargs)
  File "/home/airflow/.local/lib/python3.10/site-packages/airflow/models/baseoperator.py", line 401, in wrapper
    return func(self, *args, **kwargs)
  File "/home/airflow/.local/lib/python3.10/site-packages/airflow/decorators/base.py", line 265, in execute
    return_value = super().execute(context)
  File "/home/airflow/.local/lib/python3.10/site-packages/airflow/models/baseoperator.py", line 401, in wrapper
    return func(self, *args, **kwargs)
  File "/home/airflow/.local/lib/python3.10/site-packages/airflow/operators/python.py", line 235, in execute
    return_value = self.execute_callable()
  File "/home/airflow/.local/lib/python3.10/site-packages/airflow/operators/python.py", line 252, in execute_callable
    return self.python_callable(*self.op_args, **self.op_kwargs)
  File "/opt/airflow/dags/database/populate_db.py", line 43, in insert_into_db_table
    insert_data_task.execute(context=None)  # Execute the task
  File "/home/airflow/.local/lib/python3.10/site-packages/airflow/models/baseoperator.py", line 401, in wrapper
    return func(self, *args, **kwargs)
  File "/home/airflow/.local/lib/python3.10/site-packages/airflow/providers/common/sql/operators/sql.py", line 282, in execute
    output = hook.run(
  File "/home/airflow/.local/lib/python3.10/site-packages/airflow/providers/common/sql/hooks/sql.py", line 431, in run
    with self._create_autocommit_connection(autocommit) as conn:
  File "/usr/local/lib/python3.10/contextlib.py", line 135, in __enter__
    return next(self.gen)
  File "/home/airflow/.local/lib/python3.10/site-packages/airflow/providers/common/sql/hooks/sql.py", line 551, in _create_autocommit_connection
    with closing(self.get_conn()) as conn:
  File "/home/airflow/.local/lib/python3.10/site-packages/airflow/providers/postgres/hooks/postgres.py", line 175, in get_conn
    self.conn = psycopg2.connect(**conn_args)
  File "/home/airflow/.local/lib/python3.10/site-packages/psycopg2/__init__.py", line 122, in connect
    conn = _connect(dsn, connection_factory=connection_factory, **kwasync)
psycopg2.OperationalError: connection to server at "postgres" (172.23.0.2), port 5432 failed: FATAL:  database "emission" does not exist

[2024-06-14T16:55:20.874+0000] {taskinstance.py:1206} INFO - Marking task as UP_FOR_RETRY. dag_id=Air_pollution_data_pipeline, task_id=insert_into_db_table, run_id=manual__2024-06-14T16:50:58+00:00, execution_date=20240614T165058, start_date=20240614T165520, end_date=20240614T165520
[2024-06-14T16:55:20.922+0000] {standard_task_runner.py:110} ERROR - Failed to execute job 425 for task insert_into_db_table (connection to server at "postgres" (172.23.0.2), port 5432 failed: FATAL:  database "emission" does not exist
; 2468)
[2024-06-14T16:55:20.984+0000] {local_task_job_runner.py:240} INFO - Task exited with return code 1
[2024-06-14T16:55:21.034+0000] {taskinstance.py:3503} INFO - 0 downstream tasks scheduled from follow-on schedule check
[2024-06-14T16:55:21.040+0000] {local_task_job_runner.py:222} INFO - ::endgroup::
