[2024-06-13T23:32:44.284+0000] {local_task_job_runner.py:120} INFO - ::group::Pre task execution logs
[2024-06-13T23:32:44.462+0000] {taskinstance.py:2076} INFO - Dependencies all met for dep_context=non-requeueable deps ti=<TaskInstance: Air_pollution_data_pipeline.load_data scheduled__2024-06-08T00:00:00+00:00 [queued]>
[2024-06-13T23:32:44.501+0000] {taskinstance.py:2076} INFO - Dependencies all met for dep_context=requeueable deps ti=<TaskInstance: Air_pollution_data_pipeline.load_data scheduled__2024-06-08T00:00:00+00:00 [queued]>
[2024-06-13T23:32:44.502+0000] {taskinstance.py:2306} INFO - Starting attempt 6 of 6
[2024-06-13T23:32:44.564+0000] {taskinstance.py:2330} INFO - Executing <Task(_PythonDecoratedOperator): load_data> on 2024-06-08 00:00:00+00:00
[2024-06-13T23:32:44.594+0000] {standard_task_runner.py:63} INFO - Started process 843 to run task
[2024-06-13T23:32:44.639+0000] {standard_task_runner.py:90} INFO - Running: ['***', 'tasks', 'run', 'Air_pollution_data_pipeline', 'load_data', 'scheduled__2024-06-08T00:00:00+00:00', '--job-id', '79', '--raw', '--subdir', 'DAGS_FOLDER/main.py', '--cfg-path', '/tmp/tmpy5qrl79e']
[2024-06-13T23:32:44.666+0000] {standard_task_runner.py:91} INFO - Job 79: Subtask load_data
[2024-06-14T08:10:37.570+0000] {task_command.py:426} INFO - Running <TaskInstance: Air_pollution_data_pipeline.load_data scheduled__2024-06-08T00:00:00+00:00 [running]> on host 1ebbf628611f
[2024-06-14T08:11:00.079+0000] {taskinstance.py:2648} INFO - Exporting env vars: AIRFLOW_CTX_DAG_OWNER='khalid' AIRFLOW_CTX_DAG_ID='Air_pollution_data_pipeline' AIRFLOW_CTX_TASK_ID='load_data' AIRFLOW_CTX_EXECUTION_DATE='2024-06-08T00:00:00+00:00' AIRFLOW_CTX_TRY_NUMBER='6' AIRFLOW_CTX_DAG_RUN_ID='scheduled__2024-06-08T00:00:00+00:00'
[2024-06-14T08:11:04.281+0000] {taskinstance.py:430} INFO - ::endgroup::
[2024-06-14T08:11:05.420+0000] {data_load.py:11} INFO - starting data extration from source
[2024-06-14T08:11:25.545+0000] {data_load.py:20} ERROR - error loading data to local drive
[2024-06-14T08:11:25.612+0000] {taskinstance.py:441} INFO - ::group::Post task execution logs
[2024-06-14T08:11:25.631+0000] {taskinstance.py:2905} ERROR - Task failed with exception
Traceback (most recent call last):
  File "/home/airflow/.local/lib/python3.10/site-packages/airflow/models/taskinstance.py", line 465, in _execute_task
    result = _execute_callable(context=context, **execute_callable_kwargs)
  File "/home/airflow/.local/lib/python3.10/site-packages/airflow/models/taskinstance.py", line 432, in _execute_callable
    return execute_callable(context=context, **execute_callable_kwargs)
  File "/home/airflow/.local/lib/python3.10/site-packages/airflow/models/baseoperator.py", line 401, in wrapper
    return func(self, *args, **kwargs)
  File "/home/airflow/.local/lib/python3.10/site-packages/airflow/decorators/base.py", line 265, in execute
    return_value = super().execute(context)
  File "/home/airflow/.local/lib/python3.10/site-packages/airflow/models/baseoperator.py", line 401, in wrapper
    return func(self, *args, **kwargs)
  File "/home/airflow/.local/lib/python3.10/site-packages/airflow/operators/python.py", line 235, in execute
    return_value = self.execute_callable()
  File "/home/airflow/.local/lib/python3.10/site-packages/airflow/operators/python.py", line 252, in execute_callable
    return self.python_callable(*self.op_args, **self.op_kwargs)
  File "/opt/airflow/dags/dataload/data_load.py", line 14, in load_data
    datadf.to_csv(f'{save_path}/emission_data.csv', index= False)
  File "/home/airflow/.local/lib/python3.10/site-packages/pandas/util/_decorators.py", line 333, in wrapper
    return func(*args, **kwargs)
  File "/home/airflow/.local/lib/python3.10/site-packages/pandas/core/generic.py", line 3967, in to_csv
    return DataFrameRenderer(formatter).to_csv(
  File "/home/airflow/.local/lib/python3.10/site-packages/pandas/io/formats/format.py", line 1014, in to_csv
    csv_formatter.save()
  File "/home/airflow/.local/lib/python3.10/site-packages/pandas/io/formats/csvs.py", line 251, in save
    with get_handle(
  File "/home/airflow/.local/lib/python3.10/site-packages/pandas/io/common.py", line 873, in get_handle
    handle = open(
PermissionError: [Errno 13] Permission denied: '/opt/airflow/save/emission_data.csv'
[2024-06-14T08:11:26.137+0000] {taskinstance.py:1206} INFO - Marking task as FAILED. dag_id=Air_pollution_data_pipeline, task_id=load_data, run_id=scheduled__2024-06-08T00:00:00+00:00, execution_date=20240608T000000, start_date=20240613T233244, end_date=20240614T081125
[2024-06-14T08:11:27.162+0000] {standard_task_runner.py:110} ERROR - Failed to execute job 79 for task load_data ([Errno 13] Permission denied: '/opt/airflow/save/emission_data.csv'; 843)
[2024-06-14T08:11:27.371+0000] {local_task_job_runner.py:240} INFO - Task exited with return code 1
[2024-06-14T08:11:27.745+0000] {local_task_job_runner.py:222} INFO - ::endgroup::
[2024-06-14T10:13:03.187+0000] {local_task_job_runner.py:120} INFO - ::group::Pre task execution logs
[2024-06-14T10:13:03.281+0000] {taskinstance.py:2076} INFO - Dependencies all met for dep_context=non-requeueable deps ti=<TaskInstance: Air_pollution_data_pipeline.load_data scheduled__2024-06-08T00:00:00+00:00 [queued]>
[2024-06-14T10:13:03.306+0000] {taskinstance.py:2076} INFO - Dependencies all met for dep_context=requeueable deps ti=<TaskInstance: Air_pollution_data_pipeline.load_data scheduled__2024-06-08T00:00:00+00:00 [queued]>
[2024-06-14T10:13:03.307+0000] {taskinstance.py:2306} INFO - Starting attempt 6 of 6
[2024-06-14T10:13:03.350+0000] {taskinstance.py:2330} INFO - Executing <Task(_PythonDecoratedOperator): load_data> on 2024-06-08 00:00:00+00:00
[2024-06-14T10:13:03.366+0000] {standard_task_runner.py:63} INFO - Started process 728 to run task
[2024-06-14T10:13:03.378+0000] {standard_task_runner.py:90} INFO - Running: ['***', 'tasks', 'run', 'Air_pollution_data_pipeline', 'load_data', 'scheduled__2024-06-08T00:00:00+00:00', '--job-id', '90', '--raw', '--subdir', 'DAGS_FOLDER/main.py', '--cfg-path', '/tmp/tmpj4bmw6z9']
[2024-06-14T10:13:03.391+0000] {standard_task_runner.py:91} INFO - Job 90: Subtask load_data
[2024-06-14T10:13:03.580+0000] {task_command.py:426} INFO - Running <TaskInstance: Air_pollution_data_pipeline.load_data scheduled__2024-06-08T00:00:00+00:00 [running]> on host aad58c289bbe
[2024-06-14T10:13:03.795+0000] {taskinstance.py:2648} INFO - Exporting env vars: AIRFLOW_CTX_DAG_OWNER='khalid' AIRFLOW_CTX_DAG_ID='Air_pollution_data_pipeline' AIRFLOW_CTX_TASK_ID='load_data' AIRFLOW_CTX_EXECUTION_DATE='2024-06-08T00:00:00+00:00' AIRFLOW_CTX_TRY_NUMBER='6' AIRFLOW_CTX_DAG_RUN_ID='scheduled__2024-06-08T00:00:00+00:00'
[2024-06-14T10:13:03.798+0000] {taskinstance.py:430} INFO - ::endgroup::
[2024-06-14T10:13:03.799+0000] {data_load.py:11} INFO - starting data extration from source
[2024-06-14T10:13:06.732+0000] {data_load.py:20} ERROR - error loading data to local drive
[2024-06-14T10:13:06.733+0000] {taskinstance.py:441} INFO - ::group::Post task execution logs
[2024-06-14T10:13:06.734+0000] {taskinstance.py:2905} ERROR - Task failed with exception
Traceback (most recent call last):
  File "/home/airflow/.local/lib/python3.10/site-packages/airflow/models/taskinstance.py", line 465, in _execute_task
    result = _execute_callable(context=context, **execute_callable_kwargs)
  File "/home/airflow/.local/lib/python3.10/site-packages/airflow/models/taskinstance.py", line 432, in _execute_callable
    return execute_callable(context=context, **execute_callable_kwargs)
  File "/home/airflow/.local/lib/python3.10/site-packages/airflow/models/baseoperator.py", line 401, in wrapper
    return func(self, *args, **kwargs)
  File "/home/airflow/.local/lib/python3.10/site-packages/airflow/decorators/base.py", line 265, in execute
    return_value = super().execute(context)
  File "/home/airflow/.local/lib/python3.10/site-packages/airflow/models/baseoperator.py", line 401, in wrapper
    return func(self, *args, **kwargs)
  File "/home/airflow/.local/lib/python3.10/site-packages/airflow/operators/python.py", line 235, in execute
    return_value = self.execute_callable()
  File "/home/airflow/.local/lib/python3.10/site-packages/airflow/operators/python.py", line 252, in execute_callable
    return self.python_callable(*self.op_args, **self.op_kwargs)
  File "/opt/airflow/dags/dataload/data_load.py", line 14, in load_data
    datadf.to_csv(f'{save_path}/emission_data.csv', index= False)
  File "/home/airflow/.local/lib/python3.10/site-packages/pandas/util/_decorators.py", line 333, in wrapper
    return func(*args, **kwargs)
  File "/home/airflow/.local/lib/python3.10/site-packages/pandas/core/generic.py", line 3967, in to_csv
    return DataFrameRenderer(formatter).to_csv(
  File "/home/airflow/.local/lib/python3.10/site-packages/pandas/io/formats/format.py", line 1014, in to_csv
    csv_formatter.save()
  File "/home/airflow/.local/lib/python3.10/site-packages/pandas/io/formats/csvs.py", line 251, in save
    with get_handle(
  File "/home/airflow/.local/lib/python3.10/site-packages/pandas/io/common.py", line 873, in get_handle
    handle = open(
PermissionError: [Errno 13] Permission denied: '/opt/airflow/save/emission_data.csv'
[2024-06-14T10:13:06.752+0000] {taskinstance.py:1206} INFO - Marking task as FAILED. dag_id=Air_pollution_data_pipeline, task_id=load_data, run_id=scheduled__2024-06-08T00:00:00+00:00, execution_date=20240608T000000, start_date=20240614T101303, end_date=20240614T101306
[2024-06-14T10:13:06.845+0000] {standard_task_runner.py:110} ERROR - Failed to execute job 90 for task load_data ([Errno 13] Permission denied: '/opt/airflow/save/emission_data.csv'; 728)
[2024-06-14T10:13:06.895+0000] {local_task_job_runner.py:240} INFO - Task exited with return code 1
[2024-06-14T10:13:06.933+0000] {taskinstance.py:3503} INFO - 0 downstream tasks scheduled from follow-on schedule check
[2024-06-14T10:13:06.940+0000] {local_task_job_runner.py:222} INFO - ::endgroup::
[2024-06-14T11:46:55.643+0000] {local_task_job_runner.py:120} INFO - ::group::Pre task execution logs
[2024-06-14T11:46:55.764+0000] {taskinstance.py:2076} INFO - Dependencies all met for dep_context=non-requeueable deps ti=<TaskInstance: Air_pollution_data_pipeline.load_data scheduled__2024-06-08T00:00:00+00:00 [queued]>
[2024-06-14T11:46:55.799+0000] {taskinstance.py:2076} INFO - Dependencies all met for dep_context=requeueable deps ti=<TaskInstance: Air_pollution_data_pipeline.load_data scheduled__2024-06-08T00:00:00+00:00 [queued]>
[2024-06-14T11:46:55.800+0000] {taskinstance.py:2306} INFO - Starting attempt 6 of 6
[2024-06-14T11:46:55.863+0000] {taskinstance.py:2330} INFO - Executing <Task(_PythonDecoratedOperator): load_data> on 2024-06-08 00:00:00+00:00
[2024-06-14T11:46:55.888+0000] {standard_task_runner.py:63} INFO - Started process 743 to run task
[2024-06-14T11:46:55.907+0000] {standard_task_runner.py:90} INFO - Running: ['***', 'tasks', 'run', 'Air_pollution_data_pipeline', 'load_data', 'scheduled__2024-06-08T00:00:00+00:00', '--job-id', '89', '--raw', '--subdir', 'DAGS_FOLDER/main.py', '--cfg-path', '/tmp/tmpnzc0_xyc']
[2024-06-14T11:46:55.923+0000] {standard_task_runner.py:91} INFO - Job 89: Subtask load_data
[2024-06-14T11:46:56.060+0000] {task_command.py:426} INFO - Running <TaskInstance: Air_pollution_data_pipeline.load_data scheduled__2024-06-08T00:00:00+00:00 [running]> on host 077b299c21d5
[2024-06-14T11:46:56.223+0000] {taskinstance.py:2648} INFO - Exporting env vars: AIRFLOW_CTX_DAG_OWNER='khalid' AIRFLOW_CTX_DAG_ID='Air_pollution_data_pipeline' AIRFLOW_CTX_TASK_ID='load_data' AIRFLOW_CTX_EXECUTION_DATE='2024-06-08T00:00:00+00:00' AIRFLOW_CTX_TRY_NUMBER='6' AIRFLOW_CTX_DAG_RUN_ID='scheduled__2024-06-08T00:00:00+00:00'
[2024-06-14T11:46:56.226+0000] {taskinstance.py:430} INFO - ::endgroup::
[2024-06-14T11:46:56.227+0000] {data_load.py:11} INFO - starting data extration from source
[2024-06-14T11:46:58.014+0000] {data_load.py:20} ERROR - error loading data to local drive
[2024-06-14T11:46:58.016+0000] {taskinstance.py:441} INFO - ::group::Post task execution logs
[2024-06-14T11:46:58.016+0000] {taskinstance.py:2905} ERROR - Task failed with exception
Traceback (most recent call last):
  File "/home/airflow/.local/lib/python3.10/site-packages/airflow/models/taskinstance.py", line 465, in _execute_task
    result = _execute_callable(context=context, **execute_callable_kwargs)
  File "/home/airflow/.local/lib/python3.10/site-packages/airflow/models/taskinstance.py", line 432, in _execute_callable
    return execute_callable(context=context, **execute_callable_kwargs)
  File "/home/airflow/.local/lib/python3.10/site-packages/airflow/models/baseoperator.py", line 401, in wrapper
    return func(self, *args, **kwargs)
  File "/home/airflow/.local/lib/python3.10/site-packages/airflow/decorators/base.py", line 265, in execute
    return_value = super().execute(context)
  File "/home/airflow/.local/lib/python3.10/site-packages/airflow/models/baseoperator.py", line 401, in wrapper
    return func(self, *args, **kwargs)
  File "/home/airflow/.local/lib/python3.10/site-packages/airflow/operators/python.py", line 235, in execute
    return_value = self.execute_callable()
  File "/home/airflow/.local/lib/python3.10/site-packages/airflow/operators/python.py", line 252, in execute_callable
    return self.python_callable(*self.op_args, **self.op_kwargs)
  File "/opt/airflow/dags/dataload/data_load.py", line 14, in load_data
    datadf.to_csv(f'{save_path}/emission_data.csv', index= False)
  File "/home/airflow/.local/lib/python3.10/site-packages/pandas/util/_decorators.py", line 333, in wrapper
    return func(*args, **kwargs)
  File "/home/airflow/.local/lib/python3.10/site-packages/pandas/core/generic.py", line 3967, in to_csv
    return DataFrameRenderer(formatter).to_csv(
  File "/home/airflow/.local/lib/python3.10/site-packages/pandas/io/formats/format.py", line 1014, in to_csv
    csv_formatter.save()
  File "/home/airflow/.local/lib/python3.10/site-packages/pandas/io/formats/csvs.py", line 251, in save
    with get_handle(
  File "/home/airflow/.local/lib/python3.10/site-packages/pandas/io/common.py", line 873, in get_handle
    handle = open(
PermissionError: [Errno 13] Permission denied: '/opt/airflow/save/emission_data.csv'
[2024-06-14T11:46:58.087+0000] {taskinstance.py:1206} INFO - Marking task as FAILED. dag_id=Air_pollution_data_pipeline, task_id=load_data, run_id=scheduled__2024-06-08T00:00:00+00:00, execution_date=20240608T000000, start_date=20240614T114655, end_date=20240614T114658
[2024-06-14T11:46:58.144+0000] {standard_task_runner.py:110} ERROR - Failed to execute job 89 for task load_data ([Errno 13] Permission denied: '/opt/airflow/save/emission_data.csv'; 743)
[2024-06-14T11:46:58.206+0000] {local_task_job_runner.py:240} INFO - Task exited with return code 1
[2024-06-14T11:46:58.307+0000] {taskinstance.py:3503} INFO - 0 downstream tasks scheduled from follow-on schedule check
[2024-06-14T11:46:58.323+0000] {local_task_job_runner.py:222} INFO - ::endgroup::
