[2024-06-15T16:28:29.647+0000] {local_task_job_runner.py:120} INFO - ::group::Pre task execution logs
[2024-06-15T16:28:29.798+0000] {taskinstance.py:2076} INFO - Dependencies all met for dep_context=non-requeueable deps ti=<TaskInstance: Air_pollution_data_pipeline.generate_summary manual__2024-06-15T16:27:40+00:00 [queued]>
[2024-06-15T16:28:29.838+0000] {taskinstance.py:2076} INFO - Dependencies all met for dep_context=requeueable deps ti=<TaskInstance: Air_pollution_data_pipeline.generate_summary manual__2024-06-15T16:27:40+00:00 [queued]>
[2024-06-15T16:28:29.840+0000] {taskinstance.py:2306} INFO - Starting attempt 1 of 6
[2024-06-15T16:28:29.908+0000] {taskinstance.py:2330} INFO - Executing <Task(_PythonDecoratedOperator): generate_summary> on 2024-06-15 16:27:40+00:00
[2024-06-15T16:28:29.935+0000] {standard_task_runner.py:63} INFO - Started process 2520 to run task
[2024-06-15T16:28:29.957+0000] {standard_task_runner.py:90} INFO - Running: ['***', 'tasks', 'run', 'Air_pollution_data_pipeline', 'generate_summary', 'manual__2024-06-15T16:27:40+00:00', '--job-id', '33', '--raw', '--subdir', 'DAGS_FOLDER/main.py', '--cfg-path', '/tmp/tmpsji_y_xp']
[2024-06-15T16:28:29.969+0000] {standard_task_runner.py:91} INFO - Job 33: Subtask generate_summary
[2024-06-15T16:28:30.196+0000] {task_command.py:426} INFO - Running <TaskInstance: Air_pollution_data_pipeline.generate_summary manual__2024-06-15T16:27:40+00:00 [running]> on host 6e26965f02f1
[2024-06-15T16:28:31.122+0000] {taskinstance.py:2648} INFO - Exporting env vars: AIRFLOW_CTX_DAG_OWNER='khalid' AIRFLOW_CTX_DAG_ID='Air_pollution_data_pipeline' AIRFLOW_CTX_TASK_ID='generate_summary' AIRFLOW_CTX_EXECUTION_DATE='2024-06-15T16:27:40+00:00' AIRFLOW_CTX_TRY_NUMBER='1' AIRFLOW_CTX_DAG_RUN_ID='manual__2024-06-15T16:27:40+00:00'
[2024-06-15T16:28:31.146+0000] {taskinstance.py:430} INFO - ::endgroup::
[2024-06-15T16:28:31.148+0000] {summary_analysis.py:13} INFO - starting summary statistics of pollutants emission
[2024-06-15T16:28:31.232+0000] {logging_mixin.py:188} WARNING - /opt/***/dags/statistical_analysis/summary_analysis.py:16 FutureWarning: Passing literal json to 'read_json' is deprecated and will be removed in a future version. To read from a literal string, wrap it in a 'StringIO' object.
[2024-06-15T16:28:31.559+0000] {summary_analysis.py:22} INFO - successfully calculated pollutants emission summary statistics
[2024-06-15T16:28:31.561+0000] {summary_analysis.py:26} ERROR - error calculating pollutants summary statistics
Traceback (most recent call last):
  File "/opt/airflow/dags/statistical_analysis/summary_analysis.py", line 23, in generate_summary
    return sum_stat.tojson()
  File "/home/airflow/.local/lib/python3.10/site-packages/pandas/core/generic.py", line 6299, in __getattr__
    return object.__getattribute__(self, name)
AttributeError: 'DataFrame' object has no attribute 'tojson'
[2024-06-15T16:28:31.634+0000] {taskinstance.py:441} INFO - ::group::Post task execution logs
[2024-06-15T16:28:31.639+0000] {taskinstance.py:2905} ERROR - Task failed with exception
Traceback (most recent call last):
  File "/home/airflow/.local/lib/python3.10/site-packages/airflow/models/taskinstance.py", line 465, in _execute_task
    result = _execute_callable(context=context, **execute_callable_kwargs)
  File "/home/airflow/.local/lib/python3.10/site-packages/airflow/models/taskinstance.py", line 432, in _execute_callable
    return execute_callable(context=context, **execute_callable_kwargs)
  File "/home/airflow/.local/lib/python3.10/site-packages/airflow/models/baseoperator.py", line 401, in wrapper
    return func(self, *args, **kwargs)
  File "/home/airflow/.local/lib/python3.10/site-packages/airflow/decorators/base.py", line 265, in execute
    return_value = super().execute(context)
  File "/home/airflow/.local/lib/python3.10/site-packages/airflow/models/baseoperator.py", line 401, in wrapper
    return func(self, *args, **kwargs)
  File "/home/airflow/.local/lib/python3.10/site-packages/airflow/operators/python.py", line 235, in execute
    return_value = self.execute_callable()
  File "/home/airflow/.local/lib/python3.10/site-packages/airflow/operators/python.py", line 252, in execute_callable
    return self.python_callable(*self.op_args, **self.op_kwargs)
  File "/opt/airflow/dags/statistical_analysis/summary_analysis.py", line 23, in generate_summary
    return sum_stat.tojson()
  File "/home/airflow/.local/lib/python3.10/site-packages/pandas/core/generic.py", line 6299, in __getattr__
    return object.__getattribute__(self, name)
AttributeError: 'DataFrame' object has no attribute 'tojson'
[2024-06-15T16:28:31.687+0000] {taskinstance.py:1206} INFO - Marking task as UP_FOR_RETRY. dag_id=Air_pollution_data_pipeline, task_id=generate_summary, run_id=manual__2024-06-15T16:27:40+00:00, execution_date=20240615T162740, start_date=20240615T162829, end_date=20240615T162831
[2024-06-15T16:28:31.776+0000] {standard_task_runner.py:110} ERROR - Failed to execute job 33 for task generate_summary ('DataFrame' object has no attribute 'tojson'; 2520)
[2024-06-15T16:28:31.851+0000] {local_task_job_runner.py:240} INFO - Task exited with return code 1
[2024-06-15T16:28:31.904+0000] {local_task_job_runner.py:222} INFO - ::endgroup::
