[2024-06-17T13:18:20.344+0000] {local_task_job_runner.py:120} INFO - ::group::Pre task execution logs
[2024-06-17T13:18:20.431+0000] {taskinstance.py:2076} INFO - Dependencies all met for dep_context=non-requeueable deps ti=<TaskInstance: Air_pollution_data_pipeline.create_table manual__2024-06-17T13:18:13+00:00 [queued]>
[2024-06-17T13:18:20.453+0000] {taskinstance.py:2076} INFO - Dependencies all met for dep_context=requeueable deps ti=<TaskInstance: Air_pollution_data_pipeline.create_table manual__2024-06-17T13:18:13+00:00 [queued]>
[2024-06-17T13:18:20.454+0000] {taskinstance.py:2306} INFO - Starting attempt 1 of 6
[2024-06-17T13:18:20.494+0000] {taskinstance.py:2330} INFO - Executing <Task(_PythonDecoratedOperator): create_table> on 2024-06-17 13:18:13+00:00
[2024-06-17T13:18:20.508+0000] {standard_task_runner.py:63} INFO - Started process 940 to run task
[2024-06-17T13:18:20.518+0000] {standard_task_runner.py:90} INFO - Running: ['***', 'tasks', 'run', 'Air_pollution_data_pipeline', 'create_table', 'manual__2024-06-17T13:18:13+00:00', '--job-id', '863', '--raw', '--subdir', 'DAGS_FOLDER/main.py', '--cfg-path', '/tmp/tmpcaomti7q']
[2024-06-17T13:18:20.526+0000] {standard_task_runner.py:91} INFO - Job 863: Subtask create_table
[2024-06-17T13:18:20.740+0000] {task_command.py:426} INFO - Running <TaskInstance: Air_pollution_data_pipeline.create_table manual__2024-06-17T13:18:13+00:00 [running]> on host fa4d239664b0
[2024-06-17T13:18:21.119+0000] {taskinstance.py:2648} INFO - Exporting env vars: AIRFLOW_CTX_DAG_OWNER='khalid' AIRFLOW_CTX_DAG_ID='Air_pollution_data_pipeline' AIRFLOW_CTX_TASK_ID='create_table' AIRFLOW_CTX_EXECUTION_DATE='2024-06-17T13:18:13+00:00' AIRFLOW_CTX_TRY_NUMBER='1' AIRFLOW_CTX_DAG_RUN_ID='manual__2024-06-17T13:18:13+00:00'
[2024-06-17T13:18:21.122+0000] {taskinstance.py:430} INFO - ::endgroup::
[2024-06-17T13:18:21.124+0000] {create_table.py:57} INFO - creating table
[2024-06-17T13:18:21.132+0000] {baseoperator.py:400} WARNING - SQLExecuteQueryOperator.execute cannot be called outside TaskInstance!
[2024-06-17T13:18:21.132+0000] {sql.py:276} INFO - Executing: 
        CREATE TABLE IF NOT EXISTS emission (
            Entity VARCHAR(100),
            Code VARCHAR(100),
            Year INT,
            "Nitrogen oxide (NOx)" DECIMAL(10, 5), 
            "Sulphur dioxide (SO) emissions" DECIMAL(10, 5), 
            "Carbon monoxide (CO) emissions" DECIMAL(10, 5), 
            "Organic carbon (OC) emissions" DECIMAL(10, 5), 
            "Non-methane volatile organic compounds (NMVOC) emissions" DECIMAL(10, 5), 
            "Black carbon (BC) emissions" DECIMAL(10, 5),
            "Ammonia (NH3) emissions" DECIMAL(10, 5)
        );

[2024-06-17T13:18:21.158+0000] {base.py:84} INFO - Using connection ID 'postgres_localhost' for task execution.
[2024-06-17T13:18:21.187+0000] {base.py:84} INFO - Using connection ID 'postgres_localhost' for task execution.
[2024-06-17T13:18:21.201+0000] {sql.py:487} INFO - Running statement: 
        CREATE TABLE IF NOT EXISTS emission (
            Entity VARCHAR(100),
            Code VARCHAR(100),
            Year INT,
            "Nitrogen oxide (NOx)" DECIMAL(10, 5), 
            "Sulphur dioxide (SO) emissions" DECIMAL(10, 5), 
            "Carbon monoxide (CO) emissions" DECIMAL(10, 5), 
            "Organic carbon (OC) emissions" DECIMAL(10, 5), 
            "Non-methane volatile organic compounds (NMVOC) emissions" DECIMAL(10, 5), 
            "Black carbon (BC) emissions" DECIMAL(10, 5),
            "Ammonia (NH3) emissions" DECIMAL(10, 5)
        );
, parameters: None
[2024-06-17T13:18:21.209+0000] {create_table.py:65} INFO - successfully create table
[2024-06-17T13:18:21.213+0000] {create_table.py:57} INFO - creating table
[2024-06-17T13:18:21.214+0000] {baseoperator.py:400} WARNING - SQLExecuteQueryOperator.execute cannot be called outside TaskInstance!
[2024-06-17T13:18:21.215+0000] {sql.py:276} INFO - Executing: 
        CREATE TABLE IF NOT EXISTS avg_emission (
            Year INT,
            "Nitrogen oxide (NOx)" DECIMAL(10, 5), 
            "Sulphur dioxide (SO) emissions" DECIMAL(10, 5), 
            "Carbon monoxide (CO) emissions" DECIMAL(10, 5), 
            "Organic carbon (OC) emissions" DECIMAL(10, 5), 
            "Non-methane volatile organic compounds (NMVOC) emissions" DECIMAL(10, 5), 
            "Black carbon (BC) emissions" DECIMAL(10, 5),
            "Ammonia (NH3) emissions" DECIMAL(10, 5)
        );

[2024-06-17T13:18:21.235+0000] {base.py:84} INFO - Using connection ID 'postgres_localhost' for task execution.
[2024-06-17T13:18:21.268+0000] {base.py:84} INFO - Using connection ID 'postgres_localhost' for task execution.
[2024-06-17T13:18:21.286+0000] {sql.py:487} INFO - Running statement: 
        CREATE TABLE IF NOT EXISTS avg_emission (
            Year INT,
            "Nitrogen oxide (NOx)" DECIMAL(10, 5), 
            "Sulphur dioxide (SO) emissions" DECIMAL(10, 5), 
            "Carbon monoxide (CO) emissions" DECIMAL(10, 5), 
            "Organic carbon (OC) emissions" DECIMAL(10, 5), 
            "Non-methane volatile organic compounds (NMVOC) emissions" DECIMAL(10, 5), 
            "Black carbon (BC) emissions" DECIMAL(10, 5),
            "Ammonia (NH3) emissions" DECIMAL(10, 5)
        );
, parameters: None
[2024-06-17T13:18:21.291+0000] {create_table.py:65} INFO - successfully create table
[2024-06-17T13:18:21.292+0000] {create_table.py:57} INFO - creating table
[2024-06-17T13:18:21.298+0000] {baseoperator.py:400} WARNING - SQLExecuteQueryOperator.execute cannot be called outside TaskInstance!
[2024-06-17T13:18:21.298+0000] {sql.py:276} INFO - Executing: 
        CREATE TABLE IF NOT EXISTS emission_summary_stats (
            Year INT,
            summary_stats VARCHAR(100),
            "Nitrogen oxide (NOx)" DECIMAL(10, 5), 
            "Sulphur dioxide (SO) emissions" DECIMAL(10, 5), 
            "Carbon monoxide (CO) emissions" DECIMAL(10, 5), 
            "Organic carbon (OC) emissions" DECIMAL(10, 5), 
            "Non-methane volatile organic compounds (NMVOC) emissions" DECIMAL(10, 5), 
            "Black carbon (BC) emissions" DECIMAL(10, 5),
            "Ammonia (NH3) emissions" DECIMAL(10, 5)
        );

[2024-06-17T13:18:21.318+0000] {base.py:84} INFO - Using connection ID 'postgres_localhost' for task execution.
[2024-06-17T13:18:21.347+0000] {base.py:84} INFO - Using connection ID 'postgres_localhost' for task execution.
[2024-06-17T13:18:21.363+0000] {sql.py:487} INFO - Running statement: 
        CREATE TABLE IF NOT EXISTS emission_summary_stats (
            Year INT,
            summary_stats VARCHAR(100),
            "Nitrogen oxide (NOx)" DECIMAL(10, 5), 
            "Sulphur dioxide (SO) emissions" DECIMAL(10, 5), 
            "Carbon monoxide (CO) emissions" DECIMAL(10, 5), 
            "Organic carbon (OC) emissions" DECIMAL(10, 5), 
            "Non-methane volatile organic compounds (NMVOC) emissions" DECIMAL(10, 5), 
            "Black carbon (BC) emissions" DECIMAL(10, 5),
            "Ammonia (NH3) emissions" DECIMAL(10, 5)
        );
, parameters: None
[2024-06-17T13:18:21.365+0000] {create_table.py:65} INFO - successfully create table
[2024-06-17T13:18:21.372+0000] {python.py:237} INFO - Done. Returned value was: None
[2024-06-17T13:18:21.373+0000] {taskinstance.py:441} INFO - ::group::Post task execution logs
[2024-06-17T13:18:21.397+0000] {taskinstance.py:1206} INFO - Marking task as SUCCESS. dag_id=Air_pollution_data_pipeline, task_id=create_table, run_id=manual__2024-06-17T13:18:13+00:00, execution_date=20240617T131813, start_date=20240617T131820, end_date=20240617T131821
[2024-06-17T13:18:21.483+0000] {local_task_job_runner.py:240} INFO - Task exited with return code 0
[2024-06-17T13:18:21.563+0000] {taskinstance.py:3503} INFO - 0 downstream tasks scheduled from follow-on schedule check
[2024-06-17T13:18:21.566+0000] {local_task_job_runner.py:222} INFO - ::endgroup::
