[2024-06-16T00:00:16.459+0000] {local_task_job_runner.py:120} INFO - ::group::Pre task execution logs
[2024-06-16T00:00:16.582+0000] {taskinstance.py:2076} INFO - Dependencies all met for dep_context=non-requeueable deps ti=<TaskInstance: Air_pollution_data_pipeline.insert_into_db_table scheduled__2024-06-15T00:00:00+00:00 [queued]>
[2024-06-16T00:00:16.607+0000] {taskinstance.py:2076} INFO - Dependencies all met for dep_context=requeueable deps ti=<TaskInstance: Air_pollution_data_pipeline.insert_into_db_table scheduled__2024-06-15T00:00:00+00:00 [queued]>
[2024-06-16T00:00:16.608+0000] {taskinstance.py:2306} INFO - Starting attempt 1 of 6
[2024-06-16T00:00:16.637+0000] {taskinstance.py:2330} INFO - Executing <Task(_PythonDecoratedOperator): insert_into_db_table> on 2024-06-15 00:00:00+00:00
[2024-06-16T00:00:16.649+0000] {standard_task_runner.py:63} INFO - Started process 3376 to run task
[2024-06-16T00:00:16.656+0000] {standard_task_runner.py:90} INFO - Running: ['***', 'tasks', 'run', 'Air_pollution_data_pipeline', 'insert_into_db_table', 'scheduled__2024-06-15T00:00:00+00:00', '--job-id', '68', '--raw', '--subdir', 'DAGS_FOLDER/main.py', '--cfg-path', '/tmp/tmpl6s5vgp2']
[2024-06-16T00:00:16.661+0000] {standard_task_runner.py:91} INFO - Job 68: Subtask insert_into_db_table
[2024-06-16T00:00:16.818+0000] {task_command.py:426} INFO - Running <TaskInstance: Air_pollution_data_pipeline.insert_into_db_table scheduled__2024-06-15T00:00:00+00:00 [running]> on host 6e26965f02f1
[2024-06-16T00:00:17.055+0000] {taskinstance.py:2648} INFO - Exporting env vars: AIRFLOW_CTX_DAG_OWNER='khalid' AIRFLOW_CTX_DAG_ID='Air_pollution_data_pipeline' AIRFLOW_CTX_TASK_ID='insert_into_db_table' AIRFLOW_CTX_EXECUTION_DATE='2024-06-15T00:00:00+00:00' AIRFLOW_CTX_TRY_NUMBER='1' AIRFLOW_CTX_DAG_RUN_ID='scheduled__2024-06-15T00:00:00+00:00'
[2024-06-16T00:00:17.058+0000] {taskinstance.py:430} INFO - ::endgroup::
[2024-06-16T00:00:17.077+0000] {logging_mixin.py:188} WARNING - /opt/***/dags/database/populate_db.py:26 FutureWarning: Passing literal json to 'read_json' is deprecated and will be removed in a future version. To read from a literal string, wrap it in a 'StringIO' object.
[2024-06-16T00:00:17.105+0000] {populate_db.py:36} INFO - Inserting data into table
[2024-06-16T00:00:17.111+0000] {baseoperator.py:400} WARNING - SQLExecuteQueryOperator.execute cannot be called outside TaskInstance!
[2024-06-16T00:00:17.112+0000] {sql.py:276} INFO - Executing: 
        INSERT INTO emission (Entity, Code, Year, Nitrogen_oxide_(NOx), Sulphur_dioxide_(SO₂)_emissions, Carbon_monoxide_(CO)_emissions, Organic_carbon_(OC)_emissions, Non_methane_volatile_organic_compounds_(NMVOC)_emissions, Black_carbon_(BC)_emissions, Ammonia_(NH₃)_emissions, Unnamed:_10)
        VALUES (%s,%s,%s,%s,%s,%s,%s,%s,%s,%s,%s)
    
[2024-06-16T00:00:17.134+0000] {base.py:84} INFO - Using connection ID 'postgres_localhost' for task execution.
[2024-06-16T00:00:17.161+0000] {base.py:84} INFO - Using connection ID 'postgres_localhost' for task execution.
[2024-06-16T00:00:17.171+0000] {sql.py:487} INFO - Running statement: 
        INSERT INTO emission (Entity, Code, Year, Nitrogen_oxide_(NOx), Sulphur_dioxide_(SO₂)_emissions, Carbon_monoxide_(CO)_emissions, Organic_carbon_(OC)_emissions, Non_methane_volatile_organic_compounds_(NMVOC)_emissions, Black_carbon_(BC)_emissions, Ammonia_(NH₃)_emissions, Unnamed:_10)
        VALUES (%s,%s,%s,%s,%s,%s,%s,%s,%s,%s,%s)
    , parameters: None
[2024-06-16T00:00:17.173+0000] {populate_db.py:48} ERROR - Error inserting data into table
Traceback (most recent call last):
  File "/opt/airflow/dags/database/populate_db.py", line 43, in insert_into_db_table
    insert_data_task.execute(context=None)  # Execute the task
  File "/home/airflow/.local/lib/python3.10/site-packages/airflow/models/baseoperator.py", line 401, in wrapper
    return func(self, *args, **kwargs)
  File "/home/airflow/.local/lib/python3.10/site-packages/airflow/providers/common/sql/operators/sql.py", line 282, in execute
    output = hook.run(
  File "/home/airflow/.local/lib/python3.10/site-packages/airflow/providers/common/sql/hooks/sql.py", line 435, in run
    self._run_command(cur, sql_statement, parameters)
  File "/home/airflow/.local/lib/python3.10/site-packages/airflow/providers/common/sql/hooks/sql.py", line 492, in _run_command
    cur.execute(sql_statement)
psycopg2.errors.SyntaxError: syntax error at or near "("
LINE 2: ...INTO emission (Entity, Code, Year, Nitrogen_oxide_(NOx), Sul...
                                                             ^

[2024-06-16T00:00:17.182+0000] {taskinstance.py:441} INFO - ::group::Post task execution logs
[2024-06-16T00:00:17.183+0000] {taskinstance.py:2905} ERROR - Task failed with exception
Traceback (most recent call last):
  File "/home/airflow/.local/lib/python3.10/site-packages/airflow/models/taskinstance.py", line 465, in _execute_task
    result = _execute_callable(context=context, **execute_callable_kwargs)
  File "/home/airflow/.local/lib/python3.10/site-packages/airflow/models/taskinstance.py", line 432, in _execute_callable
    return execute_callable(context=context, **execute_callable_kwargs)
  File "/home/airflow/.local/lib/python3.10/site-packages/airflow/models/baseoperator.py", line 401, in wrapper
    return func(self, *args, **kwargs)
  File "/home/airflow/.local/lib/python3.10/site-packages/airflow/decorators/base.py", line 265, in execute
    return_value = super().execute(context)
  File "/home/airflow/.local/lib/python3.10/site-packages/airflow/models/baseoperator.py", line 401, in wrapper
    return func(self, *args, **kwargs)
  File "/home/airflow/.local/lib/python3.10/site-packages/airflow/operators/python.py", line 235, in execute
    return_value = self.execute_callable()
  File "/home/airflow/.local/lib/python3.10/site-packages/airflow/operators/python.py", line 252, in execute_callable
    return self.python_callable(*self.op_args, **self.op_kwargs)
  File "/opt/airflow/dags/database/populate_db.py", line 43, in insert_into_db_table
    insert_data_task.execute(context=None)  # Execute the task
  File "/home/airflow/.local/lib/python3.10/site-packages/airflow/models/baseoperator.py", line 401, in wrapper
    return func(self, *args, **kwargs)
  File "/home/airflow/.local/lib/python3.10/site-packages/airflow/providers/common/sql/operators/sql.py", line 282, in execute
    output = hook.run(
  File "/home/airflow/.local/lib/python3.10/site-packages/airflow/providers/common/sql/hooks/sql.py", line 435, in run
    self._run_command(cur, sql_statement, parameters)
  File "/home/airflow/.local/lib/python3.10/site-packages/airflow/providers/common/sql/hooks/sql.py", line 492, in _run_command
    cur.execute(sql_statement)
psycopg2.errors.SyntaxError: syntax error at or near "("
LINE 2: ...INTO emission (Entity, Code, Year, Nitrogen_oxide_(NOx), Sul...
                                                             ^

[2024-06-16T00:00:17.206+0000] {taskinstance.py:1206} INFO - Marking task as UP_FOR_RETRY. dag_id=Air_pollution_data_pipeline, task_id=insert_into_db_table, run_id=scheduled__2024-06-15T00:00:00+00:00, execution_date=20240615T000000, start_date=20240616T000016, end_date=20240616T000017
[2024-06-16T00:00:17.284+0000] {standard_task_runner.py:110} ERROR - Failed to execute job 68 for task insert_into_db_table (syntax error at or near "("
LINE 2: ...INTO emission (Entity, Code, Year, Nitrogen_oxide_(NOx), Sul...
                                                             ^
; 3376)
[2024-06-16T00:00:17.312+0000] {local_task_job_runner.py:240} INFO - Task exited with return code 1
[2024-06-16T00:00:17.335+0000] {local_task_job_runner.py:222} INFO - ::endgroup::
[2024-06-16T15:51:44.681+0000] {local_task_job_runner.py:120} INFO - ::group::Pre task execution logs
[2024-06-16T15:51:44.871+0000] {taskinstance.py:2076} INFO - Dependencies all met for dep_context=non-requeueable deps ti=<TaskInstance: Air_pollution_data_pipeline.insert_into_db_table scheduled__2024-06-15T00:00:00+00:00 [queued]>
[2024-06-16T15:51:44.906+0000] {taskinstance.py:2076} INFO - Dependencies all met for dep_context=requeueable deps ti=<TaskInstance: Air_pollution_data_pipeline.insert_into_db_table scheduled__2024-06-15T00:00:00+00:00 [queued]>
[2024-06-16T15:51:44.907+0000] {taskinstance.py:2306} INFO - Starting attempt 1 of 6
[2024-06-16T15:51:44.966+0000] {taskinstance.py:2330} INFO - Executing <Task(_PythonDecoratedOperator): insert_into_db_table> on 2024-06-15 00:00:00+00:00
[2024-06-16T15:51:44.990+0000] {standard_task_runner.py:63} INFO - Started process 304 to run task
[2024-06-16T15:51:45.117+0000] {standard_task_runner.py:90} INFO - Running: ['***', 'tasks', 'run', 'Air_pollution_data_pipeline', 'insert_into_db_table', 'scheduled__2024-06-15T00:00:00+00:00', '--job-id', '14', '--raw', '--subdir', 'DAGS_FOLDER/main.py', '--cfg-path', '/tmp/tmp1wh0v1r1']
[2024-06-16T15:51:45.162+0000] {standard_task_runner.py:91} INFO - Job 14: Subtask insert_into_db_table
[2024-06-16T15:51:45.693+0000] {task_command.py:426} INFO - Running <TaskInstance: Air_pollution_data_pipeline.insert_into_db_table scheduled__2024-06-15T00:00:00+00:00 [running]> on host 333385971b19
[2024-06-16T15:51:46.438+0000] {taskinstance.py:2648} INFO - Exporting env vars: AIRFLOW_CTX_DAG_OWNER='khalid' AIRFLOW_CTX_DAG_ID='Air_pollution_data_pipeline' AIRFLOW_CTX_TASK_ID='insert_into_db_table' AIRFLOW_CTX_EXECUTION_DATE='2024-06-15T00:00:00+00:00' AIRFLOW_CTX_TRY_NUMBER='1' AIRFLOW_CTX_DAG_RUN_ID='scheduled__2024-06-15T00:00:00+00:00'
[2024-06-16T15:51:46.449+0000] {taskinstance.py:430} INFO - ::endgroup::
[2024-06-16T15:51:46.455+0000] {taskinstance.py:441} INFO - ::group::Post task execution logs
[2024-06-16T15:51:46.456+0000] {taskinstance.py:2905} ERROR - Task failed with exception
Traceback (most recent call last):
  File "/home/airflow/.local/lib/python3.10/site-packages/airflow/models/taskinstance.py", line 465, in _execute_task
    result = _execute_callable(context=context, **execute_callable_kwargs)
  File "/home/airflow/.local/lib/python3.10/site-packages/airflow/models/taskinstance.py", line 432, in _execute_callable
    return execute_callable(context=context, **execute_callable_kwargs)
  File "/home/airflow/.local/lib/python3.10/site-packages/airflow/models/baseoperator.py", line 401, in wrapper
    return func(self, *args, **kwargs)
  File "/home/airflow/.local/lib/python3.10/site-packages/airflow/decorators/base.py", line 265, in execute
    return_value = super().execute(context)
  File "/home/airflow/.local/lib/python3.10/site-packages/airflow/models/baseoperator.py", line 401, in wrapper
    return func(self, *args, **kwargs)
  File "/home/airflow/.local/lib/python3.10/site-packages/airflow/operators/python.py", line 235, in execute
    return_value = self.execute_callable()
  File "/home/airflow/.local/lib/python3.10/site-packages/airflow/operators/python.py", line 252, in execute_callable
    return self.python_callable(*self.op_args, **self.op_kwargs)
  File "/opt/airflow/dags/database/populate_db.py", line 26, in insert_into_db_table
    data = pd.read_json(input_clean_data)
  File "/home/airflow/.local/lib/python3.10/site-packages/pandas/io/json/_json.py", line 791, in read_json
    json_reader = JsonReader(
  File "/home/airflow/.local/lib/python3.10/site-packages/pandas/io/json/_json.py", line 904, in __init__
    data = self._get_data_from_filepath(filepath_or_buffer)
  File "/home/airflow/.local/lib/python3.10/site-packages/pandas/io/json/_json.py", line 944, in _get_data_from_filepath
    self.handles = get_handle(
  File "/home/airflow/.local/lib/python3.10/site-packages/pandas/io/common.py", line 728, in get_handle
    ioargs = _get_filepath_or_buffer(
  File "/home/airflow/.local/lib/python3.10/site-packages/pandas/io/common.py", line 472, in _get_filepath_or_buffer
    raise ValueError(msg)
ValueError: Invalid file path or buffer object type: <class 'NoneType'>
[2024-06-16T15:51:46.493+0000] {taskinstance.py:1206} INFO - Marking task as UP_FOR_RETRY. dag_id=Air_pollution_data_pipeline, task_id=insert_into_db_table, run_id=scheduled__2024-06-15T00:00:00+00:00, execution_date=20240615T000000, start_date=20240616T155144, end_date=20240616T155146
[2024-06-16T15:51:46.535+0000] {standard_task_runner.py:110} ERROR - Failed to execute job 14 for task insert_into_db_table (Invalid file path or buffer object type: <class 'NoneType'>; 304)
[2024-06-16T15:51:46.573+0000] {local_task_job_runner.py:240} INFO - Task exited with return code 1
[2024-06-16T15:51:46.643+0000] {taskinstance.py:3503} INFO - 0 downstream tasks scheduled from follow-on schedule check
[2024-06-16T15:51:46.654+0000] {local_task_job_runner.py:222} INFO - ::endgroup::
[2024-06-16T16:48:27.537+0000] {local_task_job_runner.py:120} INFO - ::group::Pre task execution logs
[2024-06-16T16:48:27.891+0000] {taskinstance.py:2076} INFO - Dependencies all met for dep_context=non-requeueable deps ti=<TaskInstance: Air_pollution_data_pipeline.insert_into_db_table scheduled__2024-06-15T00:00:00+00:00 [queued]>
[2024-06-16T16:48:28.016+0000] {taskinstance.py:2076} INFO - Dependencies all met for dep_context=requeueable deps ti=<TaskInstance: Air_pollution_data_pipeline.insert_into_db_table scheduled__2024-06-15T00:00:00+00:00 [queued]>
[2024-06-16T16:48:28.017+0000] {taskinstance.py:2306} INFO - Starting attempt 1 of 6
[2024-06-16T16:48:28.860+0000] {taskinstance.py:2330} INFO - Executing <Task(_PythonDecoratedOperator): insert_into_db_table> on 2024-06-15 00:00:00+00:00
[2024-06-16T16:48:28.897+0000] {standard_task_runner.py:63} INFO - Started process 3623 to run task
[2024-06-16T16:48:29.067+0000] {standard_task_runner.py:90} INFO - Running: ['***', 'tasks', 'run', 'Air_pollution_data_pipeline', 'insert_into_db_table', 'scheduled__2024-06-15T00:00:00+00:00', '--job-id', '403', '--raw', '--subdir', 'DAGS_FOLDER/main.py', '--cfg-path', '/tmp/tmptzve34k4']
[2024-06-16T16:48:29.125+0000] {standard_task_runner.py:91} INFO - Job 403: Subtask insert_into_db_table
[2024-06-16T16:48:30.084+0000] {task_command.py:426} INFO - Running <TaskInstance: Air_pollution_data_pipeline.insert_into_db_table scheduled__2024-06-15T00:00:00+00:00 [running]> on host 333385971b19
[2024-06-16T16:48:36.800+0000] {taskinstance.py:2648} INFO - Exporting env vars: AIRFLOW_CTX_DAG_OWNER='khalid' AIRFLOW_CTX_DAG_ID='Air_pollution_data_pipeline' AIRFLOW_CTX_TASK_ID='insert_into_db_table' AIRFLOW_CTX_EXECUTION_DATE='2024-06-15T00:00:00+00:00' AIRFLOW_CTX_TRY_NUMBER='1' AIRFLOW_CTX_DAG_RUN_ID='scheduled__2024-06-15T00:00:00+00:00'
[2024-06-16T16:48:36.803+0000] {taskinstance.py:430} INFO - ::endgroup::
[2024-06-16T16:48:37.258+0000] {logging_mixin.py:188} WARNING - /opt/***/dags/database/populate_db.py:26 FutureWarning: Passing literal json to 'read_json' is deprecated and will be removed in a future version. To read from a literal string, wrap it in a 'StringIO' object.
[2024-06-16T16:48:47.432+0000] {populate_db.py:36} INFO - Inserting data into table
[2024-06-16T16:48:47.436+0000] {populate_db.py:48} ERROR - Error inserting data into table
Traceback (most recent call last):
  File "/opt/airflow/dags/database/populate_db.py", line 37, in insert_into_db_table
    insert_data_task = SQLExecuteQueryOperator(
  File "/home/airflow/.local/lib/python3.10/site-packages/airflow/models/baseoperator.py", line 455, in apply_defaults
    default_args, merged_params = get_merged_defaults(
  File "/home/airflow/.local/lib/python3.10/site-packages/airflow/models/baseoperator.py", line 176, in get_merged_defaults
    raise TypeError("params must be a mapping")
TypeError: params must be a mapping
[2024-06-16T16:48:47.453+0000] {taskinstance.py:441} INFO - ::group::Post task execution logs
[2024-06-16T16:48:47.455+0000] {taskinstance.py:2905} ERROR - Task failed with exception
Traceback (most recent call last):
  File "/home/airflow/.local/lib/python3.10/site-packages/airflow/models/taskinstance.py", line 465, in _execute_task
    result = _execute_callable(context=context, **execute_callable_kwargs)
  File "/home/airflow/.local/lib/python3.10/site-packages/airflow/models/taskinstance.py", line 432, in _execute_callable
    return execute_callable(context=context, **execute_callable_kwargs)
  File "/home/airflow/.local/lib/python3.10/site-packages/airflow/models/baseoperator.py", line 401, in wrapper
    return func(self, *args, **kwargs)
  File "/home/airflow/.local/lib/python3.10/site-packages/airflow/decorators/base.py", line 265, in execute
    return_value = super().execute(context)
  File "/home/airflow/.local/lib/python3.10/site-packages/airflow/models/baseoperator.py", line 401, in wrapper
    return func(self, *args, **kwargs)
  File "/home/airflow/.local/lib/python3.10/site-packages/airflow/operators/python.py", line 235, in execute
    return_value = self.execute_callable()
  File "/home/airflow/.local/lib/python3.10/site-packages/airflow/operators/python.py", line 252, in execute_callable
    return self.python_callable(*self.op_args, **self.op_kwargs)
  File "/opt/airflow/dags/database/populate_db.py", line 37, in insert_into_db_table
    insert_data_task = SQLExecuteQueryOperator(
  File "/home/airflow/.local/lib/python3.10/site-packages/airflow/models/baseoperator.py", line 455, in apply_defaults
    default_args, merged_params = get_merged_defaults(
  File "/home/airflow/.local/lib/python3.10/site-packages/airflow/models/baseoperator.py", line 176, in get_merged_defaults
    raise TypeError("params must be a mapping")
TypeError: params must be a mapping
[2024-06-16T16:48:47.588+0000] {taskinstance.py:1206} INFO - Marking task as UP_FOR_RETRY. dag_id=Air_pollution_data_pipeline, task_id=insert_into_db_table, run_id=scheduled__2024-06-15T00:00:00+00:00, execution_date=20240615T000000, start_date=20240616T164827, end_date=20240616T164847
[2024-06-16T16:48:47.783+0000] {standard_task_runner.py:110} ERROR - Failed to execute job 403 for task insert_into_db_table (params must be a mapping; 3623)
[2024-06-16T16:48:47.931+0000] {local_task_job_runner.py:240} INFO - Task exited with return code 1
[2024-06-16T16:48:48.181+0000] {local_task_job_runner.py:222} INFO - ::endgroup::
