[2024-06-16T00:02:19.763+0000] {local_task_job_runner.py:120} INFO - ::group::Pre task execution logs
[2024-06-16T00:02:19.820+0000] {taskinstance.py:2076} INFO - Dependencies all met for dep_context=non-requeueable deps ti=<TaskInstance: Air_pollution_data_pipeline.insert_into_db_table scheduled__2024-06-15T00:00:00+00:00 [queued]>
[2024-06-16T00:02:19.834+0000] {taskinstance.py:2076} INFO - Dependencies all met for dep_context=requeueable deps ti=<TaskInstance: Air_pollution_data_pipeline.insert_into_db_table scheduled__2024-06-15T00:00:00+00:00 [queued]>
[2024-06-16T00:02:19.834+0000] {taskinstance.py:2306} INFO - Starting attempt 2 of 6
[2024-06-16T00:02:19.857+0000] {taskinstance.py:2330} INFO - Executing <Task(_PythonDecoratedOperator): insert_into_db_table> on 2024-06-15 00:00:00+00:00
[2024-06-16T00:02:19.867+0000] {standard_task_runner.py:63} INFO - Started process 3451 to run task
[2024-06-16T00:02:19.874+0000] {standard_task_runner.py:90} INFO - Running: ['***', 'tasks', 'run', 'Air_pollution_data_pipeline', 'insert_into_db_table', 'scheduled__2024-06-15T00:00:00+00:00', '--job-id', '76', '--raw', '--subdir', 'DAGS_FOLDER/main.py', '--cfg-path', '/tmp/tmpsqr9bh23']
[2024-06-16T00:02:19.878+0000] {standard_task_runner.py:91} INFO - Job 76: Subtask insert_into_db_table
[2024-06-16T00:02:20.091+0000] {task_command.py:426} INFO - Running <TaskInstance: Air_pollution_data_pipeline.insert_into_db_table scheduled__2024-06-15T00:00:00+00:00 [running]> on host 6e26965f02f1
[2024-06-16T00:02:20.410+0000] {taskinstance.py:2648} INFO - Exporting env vars: AIRFLOW_CTX_DAG_OWNER='khalid' AIRFLOW_CTX_DAG_ID='Air_pollution_data_pipeline' AIRFLOW_CTX_TASK_ID='insert_into_db_table' AIRFLOW_CTX_EXECUTION_DATE='2024-06-15T00:00:00+00:00' AIRFLOW_CTX_TRY_NUMBER='2' AIRFLOW_CTX_DAG_RUN_ID='scheduled__2024-06-15T00:00:00+00:00'
[2024-06-16T00:02:20.411+0000] {taskinstance.py:430} INFO - ::endgroup::
[2024-06-16T00:02:20.422+0000] {logging_mixin.py:188} WARNING - /opt/***/dags/database/populate_db.py:26 FutureWarning: Passing literal json to 'read_json' is deprecated and will be removed in a future version. To read from a literal string, wrap it in a 'StringIO' object.
[2024-06-16T00:02:20.437+0000] {populate_db.py:36} INFO - Inserting data into table
[2024-06-16T00:02:20.439+0000] {baseoperator.py:400} WARNING - SQLExecuteQueryOperator.execute cannot be called outside TaskInstance!
[2024-06-16T00:02:20.440+0000] {sql.py:276} INFO - Executing: 
        INSERT INTO emission (Entity, Code, Year, Nitrogen_oxide_(NOx), Sulphur_dioxide_(SO₂)_emissions, Carbon_monoxide_(CO)_emissions, Organic_carbon_(OC)_emissions, Non_methane_volatile_organic_compounds_(NMVOC)_emissions, Black_carbon_(BC)_emissions, Ammonia_(NH₃)_emissions, Unnamed:_10)
        VALUES (%s,%s,%s,%s,%s,%s,%s,%s,%s,%s,%s)
    
[2024-06-16T00:02:20.452+0000] {base.py:84} INFO - Using connection ID 'postgres_localhost' for task execution.
[2024-06-16T00:02:20.468+0000] {base.py:84} INFO - Using connection ID 'postgres_localhost' for task execution.
[2024-06-16T00:02:20.474+0000] {sql.py:487} INFO - Running statement: 
        INSERT INTO emission (Entity, Code, Year, Nitrogen_oxide_(NOx), Sulphur_dioxide_(SO₂)_emissions, Carbon_monoxide_(CO)_emissions, Organic_carbon_(OC)_emissions, Non_methane_volatile_organic_compounds_(NMVOC)_emissions, Black_carbon_(BC)_emissions, Ammonia_(NH₃)_emissions, Unnamed:_10)
        VALUES (%s,%s,%s,%s,%s,%s,%s,%s,%s,%s,%s)
    , parameters: None
[2024-06-16T00:02:20.476+0000] {populate_db.py:48} ERROR - Error inserting data into table
Traceback (most recent call last):
  File "/opt/airflow/dags/database/populate_db.py", line 43, in insert_into_db_table
    insert_data_task.execute(context=None)  # Execute the task
  File "/home/airflow/.local/lib/python3.10/site-packages/airflow/models/baseoperator.py", line 401, in wrapper
    return func(self, *args, **kwargs)
  File "/home/airflow/.local/lib/python3.10/site-packages/airflow/providers/common/sql/operators/sql.py", line 282, in execute
    output = hook.run(
  File "/home/airflow/.local/lib/python3.10/site-packages/airflow/providers/common/sql/hooks/sql.py", line 435, in run
    self._run_command(cur, sql_statement, parameters)
  File "/home/airflow/.local/lib/python3.10/site-packages/airflow/providers/common/sql/hooks/sql.py", line 492, in _run_command
    cur.execute(sql_statement)
psycopg2.errors.SyntaxError: syntax error at or near "("
LINE 2: ...INTO emission (Entity, Code, Year, Nitrogen_oxide_(NOx), Sul...
                                                             ^

[2024-06-16T00:02:20.478+0000] {taskinstance.py:441} INFO - ::group::Post task execution logs
[2024-06-16T00:02:20.479+0000] {taskinstance.py:2905} ERROR - Task failed with exception
Traceback (most recent call last):
  File "/home/airflow/.local/lib/python3.10/site-packages/airflow/models/taskinstance.py", line 465, in _execute_task
    result = _execute_callable(context=context, **execute_callable_kwargs)
  File "/home/airflow/.local/lib/python3.10/site-packages/airflow/models/taskinstance.py", line 432, in _execute_callable
    return execute_callable(context=context, **execute_callable_kwargs)
  File "/home/airflow/.local/lib/python3.10/site-packages/airflow/models/baseoperator.py", line 401, in wrapper
    return func(self, *args, **kwargs)
  File "/home/airflow/.local/lib/python3.10/site-packages/airflow/decorators/base.py", line 265, in execute
    return_value = super().execute(context)
  File "/home/airflow/.local/lib/python3.10/site-packages/airflow/models/baseoperator.py", line 401, in wrapper
    return func(self, *args, **kwargs)
  File "/home/airflow/.local/lib/python3.10/site-packages/airflow/operators/python.py", line 235, in execute
    return_value = self.execute_callable()
  File "/home/airflow/.local/lib/python3.10/site-packages/airflow/operators/python.py", line 252, in execute_callable
    return self.python_callable(*self.op_args, **self.op_kwargs)
  File "/opt/airflow/dags/database/populate_db.py", line 43, in insert_into_db_table
    insert_data_task.execute(context=None)  # Execute the task
  File "/home/airflow/.local/lib/python3.10/site-packages/airflow/models/baseoperator.py", line 401, in wrapper
    return func(self, *args, **kwargs)
  File "/home/airflow/.local/lib/python3.10/site-packages/airflow/providers/common/sql/operators/sql.py", line 282, in execute
    output = hook.run(
  File "/home/airflow/.local/lib/python3.10/site-packages/airflow/providers/common/sql/hooks/sql.py", line 435, in run
    self._run_command(cur, sql_statement, parameters)
  File "/home/airflow/.local/lib/python3.10/site-packages/airflow/providers/common/sql/hooks/sql.py", line 492, in _run_command
    cur.execute(sql_statement)
psycopg2.errors.SyntaxError: syntax error at or near "("
LINE 2: ...INTO emission (Entity, Code, Year, Nitrogen_oxide_(NOx), Sul...
                                                             ^

[2024-06-16T00:02:20.491+0000] {taskinstance.py:1206} INFO - Marking task as UP_FOR_RETRY. dag_id=Air_pollution_data_pipeline, task_id=insert_into_db_table, run_id=scheduled__2024-06-15T00:00:00+00:00, execution_date=20240615T000000, start_date=20240616T000219, end_date=20240616T000220
[2024-06-16T00:02:20.509+0000] {standard_task_runner.py:110} ERROR - Failed to execute job 76 for task insert_into_db_table (syntax error at or near "("
LINE 2: ...INTO emission (Entity, Code, Year, Nitrogen_oxide_(NOx), Sul...
                                                             ^
; 3451)
[2024-06-16T00:02:20.530+0000] {local_task_job_runner.py:240} INFO - Task exited with return code 1
[2024-06-16T00:02:20.575+0000] {taskinstance.py:3503} INFO - 0 downstream tasks scheduled from follow-on schedule check
[2024-06-16T00:02:20.581+0000] {local_task_job_runner.py:222} INFO - ::endgroup::
[2024-06-16T15:53:50.415+0000] {local_task_job_runner.py:120} INFO - ::group::Pre task execution logs
[2024-06-16T15:53:50.503+0000] {taskinstance.py:2076} INFO - Dependencies all met for dep_context=non-requeueable deps ti=<TaskInstance: Air_pollution_data_pipeline.insert_into_db_table scheduled__2024-06-15T00:00:00+00:00 [queued]>
[2024-06-16T15:53:50.527+0000] {taskinstance.py:2076} INFO - Dependencies all met for dep_context=requeueable deps ti=<TaskInstance: Air_pollution_data_pipeline.insert_into_db_table scheduled__2024-06-15T00:00:00+00:00 [queued]>
[2024-06-16T15:53:50.528+0000] {taskinstance.py:2306} INFO - Starting attempt 2 of 6
[2024-06-16T15:53:50.563+0000] {taskinstance.py:2330} INFO - Executing <Task(_PythonDecoratedOperator): insert_into_db_table> on 2024-06-15 00:00:00+00:00
[2024-06-16T15:53:50.579+0000] {standard_task_runner.py:63} INFO - Started process 374 to run task
[2024-06-16T15:53:50.595+0000] {standard_task_runner.py:90} INFO - Running: ['***', 'tasks', 'run', 'Air_pollution_data_pipeline', 'insert_into_db_table', 'scheduled__2024-06-15T00:00:00+00:00', '--job-id', '21', '--raw', '--subdir', 'DAGS_FOLDER/main.py', '--cfg-path', '/tmp/tmpad1g2gq6']
[2024-06-16T15:53:50.601+0000] {standard_task_runner.py:91} INFO - Job 21: Subtask insert_into_db_table
[2024-06-16T15:53:50.856+0000] {task_command.py:426} INFO - Running <TaskInstance: Air_pollution_data_pipeline.insert_into_db_table scheduled__2024-06-15T00:00:00+00:00 [running]> on host 333385971b19
[2024-06-16T15:53:51.459+0000] {taskinstance.py:2648} INFO - Exporting env vars: AIRFLOW_CTX_DAG_OWNER='khalid' AIRFLOW_CTX_DAG_ID='Air_pollution_data_pipeline' AIRFLOW_CTX_TASK_ID='insert_into_db_table' AIRFLOW_CTX_EXECUTION_DATE='2024-06-15T00:00:00+00:00' AIRFLOW_CTX_TRY_NUMBER='2' AIRFLOW_CTX_DAG_RUN_ID='scheduled__2024-06-15T00:00:00+00:00'
[2024-06-16T15:53:51.462+0000] {taskinstance.py:430} INFO - ::endgroup::
[2024-06-16T15:53:51.468+0000] {taskinstance.py:441} INFO - ::group::Post task execution logs
[2024-06-16T15:53:51.474+0000] {taskinstance.py:2905} ERROR - Task failed with exception
Traceback (most recent call last):
  File "/home/airflow/.local/lib/python3.10/site-packages/airflow/models/taskinstance.py", line 465, in _execute_task
    result = _execute_callable(context=context, **execute_callable_kwargs)
  File "/home/airflow/.local/lib/python3.10/site-packages/airflow/models/taskinstance.py", line 432, in _execute_callable
    return execute_callable(context=context, **execute_callable_kwargs)
  File "/home/airflow/.local/lib/python3.10/site-packages/airflow/models/baseoperator.py", line 401, in wrapper
    return func(self, *args, **kwargs)
  File "/home/airflow/.local/lib/python3.10/site-packages/airflow/decorators/base.py", line 265, in execute
    return_value = super().execute(context)
  File "/home/airflow/.local/lib/python3.10/site-packages/airflow/models/baseoperator.py", line 401, in wrapper
    return func(self, *args, **kwargs)
  File "/home/airflow/.local/lib/python3.10/site-packages/airflow/operators/python.py", line 235, in execute
    return_value = self.execute_callable()
  File "/home/airflow/.local/lib/python3.10/site-packages/airflow/operators/python.py", line 252, in execute_callable
    return self.python_callable(*self.op_args, **self.op_kwargs)
  File "/opt/airflow/dags/database/populate_db.py", line 26, in insert_into_db_table
    data = pd.read_json(input_clean_data)
  File "/home/airflow/.local/lib/python3.10/site-packages/pandas/io/json/_json.py", line 791, in read_json
    json_reader = JsonReader(
  File "/home/airflow/.local/lib/python3.10/site-packages/pandas/io/json/_json.py", line 904, in __init__
    data = self._get_data_from_filepath(filepath_or_buffer)
  File "/home/airflow/.local/lib/python3.10/site-packages/pandas/io/json/_json.py", line 944, in _get_data_from_filepath
    self.handles = get_handle(
  File "/home/airflow/.local/lib/python3.10/site-packages/pandas/io/common.py", line 728, in get_handle
    ioargs = _get_filepath_or_buffer(
  File "/home/airflow/.local/lib/python3.10/site-packages/pandas/io/common.py", line 472, in _get_filepath_or_buffer
    raise ValueError(msg)
ValueError: Invalid file path or buffer object type: <class 'NoneType'>
[2024-06-16T15:53:51.513+0000] {taskinstance.py:1206} INFO - Marking task as UP_FOR_RETRY. dag_id=Air_pollution_data_pipeline, task_id=insert_into_db_table, run_id=scheduled__2024-06-15T00:00:00+00:00, execution_date=20240615T000000, start_date=20240616T155350, end_date=20240616T155351
[2024-06-16T15:53:51.557+0000] {standard_task_runner.py:110} ERROR - Failed to execute job 21 for task insert_into_db_table (Invalid file path or buffer object type: <class 'NoneType'>; 374)
[2024-06-16T15:53:51.667+0000] {local_task_job_runner.py:240} INFO - Task exited with return code 1
[2024-06-16T15:53:51.755+0000] {taskinstance.py:3503} INFO - 0 downstream tasks scheduled from follow-on schedule check
[2024-06-16T15:53:51.759+0000] {local_task_job_runner.py:222} INFO - ::endgroup::
[2024-06-16T16:50:50.799+0000] {local_task_job_runner.py:120} INFO - ::group::Pre task execution logs
[2024-06-16T16:50:50.905+0000] {taskinstance.py:2076} INFO - Dependencies all met for dep_context=non-requeueable deps ti=<TaskInstance: Air_pollution_data_pipeline.insert_into_db_table scheduled__2024-06-15T00:00:00+00:00 [queued]>
[2024-06-16T16:50:50.931+0000] {taskinstance.py:2076} INFO - Dependencies all met for dep_context=requeueable deps ti=<TaskInstance: Air_pollution_data_pipeline.insert_into_db_table scheduled__2024-06-15T00:00:00+00:00 [queued]>
[2024-06-16T16:50:50.932+0000] {taskinstance.py:2306} INFO - Starting attempt 2 of 6
[2024-06-16T16:50:51.003+0000] {taskinstance.py:2330} INFO - Executing <Task(_PythonDecoratedOperator): insert_into_db_table> on 2024-06-15 00:00:00+00:00
[2024-06-16T16:50:51.018+0000] {standard_task_runner.py:63} INFO - Started process 3702 to run task
[2024-06-16T16:50:51.026+0000] {standard_task_runner.py:90} INFO - Running: ['***', 'tasks', 'run', 'Air_pollution_data_pipeline', 'insert_into_db_table', 'scheduled__2024-06-15T00:00:00+00:00', '--job-id', '417', '--raw', '--subdir', 'DAGS_FOLDER/main.py', '--cfg-path', '/tmp/tmpp_8f7ng6']
[2024-06-16T16:50:51.033+0000] {standard_task_runner.py:91} INFO - Job 417: Subtask insert_into_db_table
[2024-06-16T16:50:51.196+0000] {task_command.py:426} INFO - Running <TaskInstance: Air_pollution_data_pipeline.insert_into_db_table scheduled__2024-06-15T00:00:00+00:00 [running]> on host 333385971b19
[2024-06-16T16:50:51.971+0000] {taskinstance.py:2648} INFO - Exporting env vars: AIRFLOW_CTX_DAG_OWNER='khalid' AIRFLOW_CTX_DAG_ID='Air_pollution_data_pipeline' AIRFLOW_CTX_TASK_ID='insert_into_db_table' AIRFLOW_CTX_EXECUTION_DATE='2024-06-15T00:00:00+00:00' AIRFLOW_CTX_TRY_NUMBER='2' AIRFLOW_CTX_DAG_RUN_ID='scheduled__2024-06-15T00:00:00+00:00'
[2024-06-16T16:50:51.974+0000] {taskinstance.py:430} INFO - ::endgroup::
[2024-06-16T16:50:52.053+0000] {logging_mixin.py:188} WARNING - /opt/***/dags/database/populate_db.py:26 FutureWarning: Passing literal json to 'read_json' is deprecated and will be removed in a future version. To read from a literal string, wrap it in a 'StringIO' object.
[2024-06-16T16:50:53.323+0000] {populate_db.py:36} INFO - Inserting data into table
[2024-06-16T16:50:53.333+0000] {populate_db.py:48} ERROR - Error inserting data into table
Traceback (most recent call last):
  File "/opt/airflow/dags/database/populate_db.py", line 37, in insert_into_db_table
    insert_data_task = SQLExecuteQueryOperator(
  File "/home/airflow/.local/lib/python3.10/site-packages/airflow/models/baseoperator.py", line 455, in apply_defaults
    default_args, merged_params = get_merged_defaults(
  File "/home/airflow/.local/lib/python3.10/site-packages/airflow/models/baseoperator.py", line 176, in get_merged_defaults
    raise TypeError("params must be a mapping")
TypeError: params must be a mapping
[2024-06-16T16:50:53.341+0000] {taskinstance.py:441} INFO - ::group::Post task execution logs
[2024-06-16T16:50:53.343+0000] {taskinstance.py:2905} ERROR - Task failed with exception
Traceback (most recent call last):
  File "/home/airflow/.local/lib/python3.10/site-packages/airflow/models/taskinstance.py", line 465, in _execute_task
    result = _execute_callable(context=context, **execute_callable_kwargs)
  File "/home/airflow/.local/lib/python3.10/site-packages/airflow/models/taskinstance.py", line 432, in _execute_callable
    return execute_callable(context=context, **execute_callable_kwargs)
  File "/home/airflow/.local/lib/python3.10/site-packages/airflow/models/baseoperator.py", line 401, in wrapper
    return func(self, *args, **kwargs)
  File "/home/airflow/.local/lib/python3.10/site-packages/airflow/decorators/base.py", line 265, in execute
    return_value = super().execute(context)
  File "/home/airflow/.local/lib/python3.10/site-packages/airflow/models/baseoperator.py", line 401, in wrapper
    return func(self, *args, **kwargs)
  File "/home/airflow/.local/lib/python3.10/site-packages/airflow/operators/python.py", line 235, in execute
    return_value = self.execute_callable()
  File "/home/airflow/.local/lib/python3.10/site-packages/airflow/operators/python.py", line 252, in execute_callable
    return self.python_callable(*self.op_args, **self.op_kwargs)
  File "/opt/airflow/dags/database/populate_db.py", line 37, in insert_into_db_table
    insert_data_task = SQLExecuteQueryOperator(
  File "/home/airflow/.local/lib/python3.10/site-packages/airflow/models/baseoperator.py", line 455, in apply_defaults
    default_args, merged_params = get_merged_defaults(
  File "/home/airflow/.local/lib/python3.10/site-packages/airflow/models/baseoperator.py", line 176, in get_merged_defaults
    raise TypeError("params must be a mapping")
TypeError: params must be a mapping
[2024-06-16T16:50:53.381+0000] {taskinstance.py:1206} INFO - Marking task as UP_FOR_RETRY. dag_id=Air_pollution_data_pipeline, task_id=insert_into_db_table, run_id=scheduled__2024-06-15T00:00:00+00:00, execution_date=20240615T000000, start_date=20240616T165050, end_date=20240616T165053
[2024-06-16T16:50:53.531+0000] {standard_task_runner.py:110} ERROR - Failed to execute job 417 for task insert_into_db_table (params must be a mapping; 3702)
[2024-06-16T16:50:53.626+0000] {local_task_job_runner.py:240} INFO - Task exited with return code 1
[2024-06-16T16:50:53.676+0000] {taskinstance.py:3503} INFO - 0 downstream tasks scheduled from follow-on schedule check
[2024-06-16T16:50:53.682+0000] {local_task_job_runner.py:222} INFO - ::endgroup::
