[2024-06-16T16:33:50.486+0000] {local_task_job_runner.py:120} INFO - ::group::Pre task execution logs
[2024-06-16T16:33:50.542+0000] {taskinstance.py:2076} INFO - Dependencies all met for dep_context=non-requeueable deps ti=<TaskInstance: Air_pollution_data_pipeline.visualization manual__2024-06-16T16:33:29+00:00 [queued]>
[2024-06-16T16:33:50.559+0000] {taskinstance.py:2076} INFO - Dependencies all met for dep_context=requeueable deps ti=<TaskInstance: Air_pollution_data_pipeline.visualization manual__2024-06-16T16:33:29+00:00 [queued]>
[2024-06-16T16:33:50.560+0000] {taskinstance.py:2306} INFO - Starting attempt 1 of 6
[2024-06-16T16:33:50.587+0000] {taskinstance.py:2330} INFO - Executing <Task(_PythonDecoratedOperator): visualization> on 2024-06-16 16:33:29+00:00
[2024-06-16T16:33:50.595+0000] {standard_task_runner.py:63} INFO - Started process 2421 to run task
[2024-06-16T16:33:50.603+0000] {standard_task_runner.py:90} INFO - Running: ['***', 'tasks', 'run', 'Air_pollution_data_pipeline', 'visualization', 'manual__2024-06-16T16:33:29+00:00', '--job-id', '278', '--raw', '--subdir', 'DAGS_FOLDER/main.py', '--cfg-path', '/tmp/tmpxxejp9ci']
[2024-06-16T16:33:50.608+0000] {standard_task_runner.py:91} INFO - Job 278: Subtask visualization
[2024-06-16T16:33:50.743+0000] {task_command.py:426} INFO - Running <TaskInstance: Air_pollution_data_pipeline.visualization manual__2024-06-16T16:33:29+00:00 [running]> on host 333385971b19
[2024-06-16T16:33:51.092+0000] {taskinstance.py:2648} INFO - Exporting env vars: AIRFLOW_CTX_DAG_OWNER='khalid' AIRFLOW_CTX_DAG_ID='Air_pollution_data_pipeline' AIRFLOW_CTX_TASK_ID='visualization' AIRFLOW_CTX_EXECUTION_DATE='2024-06-16T16:33:29+00:00' AIRFLOW_CTX_TRY_NUMBER='1' AIRFLOW_CTX_DAG_RUN_ID='manual__2024-06-16T16:33:29+00:00'
[2024-06-16T16:33:51.097+0000] {taskinstance.py:430} INFO - ::endgroup::
[2024-06-16T16:33:51.098+0000] {visualization.py:12} INFO - starting data visualization
[2024-06-16T16:33:51.103+0000] {visualization.py:31} ERROR - error visualizing data
Traceback (most recent call last):
  File "/opt/airflow/dags/statistical_analysis/visualization.py", line 15, in visualization
    val_data = pd.read_json(val_data)
  File "/home/airflow/.local/lib/python3.10/site-packages/pandas/io/json/_json.py", line 791, in read_json
    json_reader = JsonReader(
  File "/home/airflow/.local/lib/python3.10/site-packages/pandas/io/json/_json.py", line 904, in __init__
    data = self._get_data_from_filepath(filepath_or_buffer)
  File "/home/airflow/.local/lib/python3.10/site-packages/pandas/io/json/_json.py", line 944, in _get_data_from_filepath
    self.handles = get_handle(
  File "/home/airflow/.local/lib/python3.10/site-packages/pandas/io/common.py", line 719, in get_handle
    if _is_binary_mode(path_or_buf, mode) and "b" not in mode:
  File "/home/airflow/.local/lib/python3.10/site-packages/pandas/io/common.py", line 1181, in _is_binary_mode
    return isinstance(handle, _get_binary_io_classes()) or "b" in getattr(
TypeError: argument of type 'method' is not iterable
[2024-06-16T16:33:51.105+0000] {python.py:237} INFO - Done. Returned value was: None
[2024-06-16T16:33:51.106+0000] {taskinstance.py:441} INFO - ::group::Post task execution logs
[2024-06-16T16:33:51.127+0000] {taskinstance.py:1206} INFO - Marking task as SUCCESS. dag_id=Air_pollution_data_pipeline, task_id=visualization, run_id=manual__2024-06-16T16:33:29+00:00, execution_date=20240616T163329, start_date=20240616T163350, end_date=20240616T163351
[2024-06-16T16:33:51.264+0000] {local_task_job_runner.py:240} INFO - Task exited with return code 0
[2024-06-16T16:33:51.392+0000] {taskinstance.py:3503} INFO - 0 downstream tasks scheduled from follow-on schedule check
[2024-06-16T16:33:51.401+0000] {local_task_job_runner.py:222} INFO - ::endgroup::
